Calling target program-options parser
[21:04:35.889] [bmv2] [D] [thread 10288] Set default default entry for table 'MyIngress.ipv4_lpm': MyIngress.drop - 
[21:04:35.890] [bmv2] [D] [thread 10288] Set default default entry for table 'MyEgress.NAT_match_action_table': NoAction - 
Adding interface s4-eth1 as port 1
[21:04:35.890] [bmv2] [D] [thread 10288] Adding interface s4-eth1 as port 1
Adding interface s4-eth2 as port 2
[21:04:35.959] [bmv2] [D] [thread 10288] Adding interface s4-eth2 as port 2
Adding interface s4-eth3 as port 3
[21:04:36.008] [bmv2] [D] [thread 10288] Adding interface s4-eth3 as port 3
Server listening on 0.0.0.0:50054
[21:04:36.039] [bmv2] [I] [thread 10288] Starting Thrift server on port 9093
[21:04:36.040] [bmv2] [I] [thread 10288] Thrift server was started
[21:04:36.040] [bmv2] [D] [thread 10298] [0.0] [cxt 0] Processing packet received on port 1
[21:04:36.040] [bmv2] [D] [thread 10298] [0.0] [cxt 0] Parser 'parser': start
[21:04:36.040] [bmv2] [D] [thread 10298] [0.0] [cxt 0] Parser 'parser' entering state 'start'
[21:04:36.040] [bmv2] [D] [thread 10298] [0.0] [cxt 0] Extracting header 'ethernet'
[21:04:36.040] [bmv2] [D] [thread 10298] [0.0] [cxt 0] Parser state 'start': key is 86dd
[21:04:36.040] [bmv2] [T] [thread 10298] [0.0] [cxt 0] Bytes parsed: 14
[21:04:36.040] [bmv2] [D] [thread 10298] [0.0] [cxt 0] Parser 'parser': end
[21:04:36.040] [bmv2] [D] [thread 10298] [0.0] [cxt 0] Pipeline 'ingress': start
[21:04:36.041] [bmv2] [T] [thread 10298] [0.0] [cxt 0] streaming.p4(181) Condition "hdr.ipv4.isValid()" (node_2) is false
[21:04:36.041] [bmv2] [D] [thread 10298] [0.0] [cxt 0] Pipeline 'ingress': end
[21:04:36.041] [bmv2] [D] [thread 10298] [0.0] [cxt 0] Egress port is 0
[21:04:36.041] [bmv2] [D] [thread 10298] [1.0] [cxt 0] Processing packet received on port 2
[21:04:36.041] [bmv2] [D] [thread 10298] [1.0] [cxt 0] Parser 'parser': start
[21:04:36.041] [bmv2] [D] [thread 10298] [1.0] [cxt 0] Parser 'parser' entering state 'start'
[21:04:36.041] [bmv2] [D] [thread 10298] [1.0] [cxt 0] Extracting header 'ethernet'
[21:04:36.041] [bmv2] [D] [thread 10298] [1.0] [cxt 0] Parser state 'start': key is 86dd
[21:04:36.041] [bmv2] [T] [thread 10298] [1.0] [cxt 0] Bytes parsed: 14
[21:04:36.041] [bmv2] [D] [thread 10298] [1.0] [cxt 0] Parser 'parser': end
[21:04:36.041] [bmv2] [D] [thread 10298] [1.0] [cxt 0] Pipeline 'ingress': start
[21:04:36.041] [bmv2] [T] [thread 10298] [1.0] [cxt 0] streaming.p4(181) Condition "hdr.ipv4.isValid()" (node_2) is false
[21:04:36.041] [bmv2] [D] [thread 10298] [1.0] [cxt 0] Pipeline 'ingress': end
[21:04:36.041] [bmv2] [D] [thread 10298] [1.0] [cxt 0] Egress port is 0
[21:04:36.041] [bmv2] [D] [thread 10298] [2.0] [cxt 0] Processing packet received on port 2
[21:04:36.041] [bmv2] [D] [thread 10298] [2.0] [cxt 0] Parser 'parser': start
[21:04:36.041] [bmv2] [D] [thread 10298] [2.0] [cxt 0] Parser 'parser' entering state 'start'
[21:04:36.041] [bmv2] [D] [thread 10298] [2.0] [cxt 0] Extracting header 'ethernet'
[21:04:36.041] [bmv2] [D] [thread 10298] [2.0] [cxt 0] Parser state 'start': key is 86dd
[21:04:36.041] [bmv2] [T] [thread 10298] [2.0] [cxt 0] Bytes parsed: 14
[21:04:36.041] [bmv2] [D] [thread 10298] [2.0] [cxt 0] Parser 'parser': end
[21:04:36.041] [bmv2] [D] [thread 10298] [2.0] [cxt 0] Pipeline 'ingress': start
[21:04:36.041] [bmv2] [T] [thread 10298] [2.0] [cxt 0] streaming.p4(181) Condition "hdr.ipv4.isValid()" (node_2) is false
[21:04:36.041] [bmv2] [D] [thread 10298] [2.0] [cxt 0] Pipeline 'ingress': end
[21:04:36.041] [bmv2] [D] [thread 10298] [2.0] [cxt 0] Egress port is 0
[21:04:36.041] [bmv2] [D] [thread 10299] [0.0] [cxt 0] Pipeline 'egress': start
[21:04:36.041] [bmv2] [T] [thread 10299] [0.0] [cxt 0] streaming.p4(241) Condition "hdr.udp.isValid()" (node_6) is false
[21:04:36.042] [bmv2] [D] [thread 10299] [0.0] [cxt 0] Pipeline 'egress': end
[21:04:36.042] [bmv2] [D] [thread 10299] [0.0] [cxt 0] Deparser 'deparser': start
[21:04:36.042] [bmv2] [T] [thread 10299] [0.0] [cxt 0] Skipping checksum 'cksum' update because condition not met
[21:04:36.042] [bmv2] [T] [thread 10299] [0.0] [cxt 0] Skipping checksum 'cksum_0' update because condition not met
[21:04:36.042] [bmv2] [D] [thread 10299] [0.0] [cxt 0] Deparsing header 'ethernet'
[21:04:36.042] [bmv2] [D] [thread 10299] [0.0] [cxt 0] Deparser 'deparser': end
[21:04:36.042] [bmv2] [D] [thread 10299] [1.0] [cxt 0] Pipeline 'egress': start
[21:04:36.042] [bmv2] [T] [thread 10299] [1.0] [cxt 0] streaming.p4(241) Condition "hdr.udp.isValid()" (node_6) is false
[21:04:36.042] [bmv2] [D] [thread 10299] [1.0] [cxt 0] Pipeline 'egress': end
[21:04:36.042] [bmv2] [D] [thread 10299] [1.0] [cxt 0] Deparser 'deparser': start
[21:04:36.042] [bmv2] [T] [thread 10299] [1.0] [cxt 0] Skipping checksum 'cksum' update because condition not met
[21:04:36.042] [bmv2] [T] [thread 10299] [1.0] [cxt 0] Skipping checksum 'cksum_0' update because condition not met
[21:04:36.042] [bmv2] [D] [thread 10299] [1.0] [cxt 0] Deparsing header 'ethernet'
[21:04:36.042] [bmv2] [D] [thread 10299] [1.0] [cxt 0] Deparser 'deparser': end
[21:04:36.042] [bmv2] [D] [thread 10303] [0.0] [cxt 0] Transmitting packet of size 219 out of port 0
[21:04:36.042] [bmv2] [D] [thread 10303] [1.0] [cxt 0] Transmitting packet of size 90 out of port 0
[21:04:36.042] [bmv2] [D] [thread 10299] [2.0] [cxt 0] Pipeline 'egress': start
[21:04:36.042] [bmv2] [T] [thread 10299] [2.0] [cxt 0] streaming.p4(241) Condition "hdr.udp.isValid()" (node_6) is false
[21:04:36.043] [bmv2] [D] [thread 10299] [2.0] [cxt 0] Pipeline 'egress': end
[21:04:36.043] [bmv2] [D] [thread 10299] [2.0] [cxt 0] Deparser 'deparser': start
[21:04:36.043] [bmv2] [T] [thread 10299] [2.0] [cxt 0] Skipping checksum 'cksum' update because condition not met
[21:04:36.043] [bmv2] [T] [thread 10299] [2.0] [cxt 0] Skipping checksum 'cksum_0' update because condition not met
[21:04:36.043] [bmv2] [D] [thread 10299] [2.0] [cxt 0] Deparsing header 'ethernet'
[21:04:36.043] [bmv2] [D] [thread 10299] [2.0] [cxt 0] Deparser 'deparser': end
[21:04:36.043] [bmv2] [D] [thread 10303] [2.0] [cxt 0] Transmitting packet of size 70 out of port 0
[21:04:36.051] [bmv2] [D] [thread 10298] [3.0] [cxt 0] Processing packet received on port 2
[21:04:36.051] [bmv2] [D] [thread 10298] [3.0] [cxt 0] Parser 'parser': start
[21:04:36.051] [bmv2] [D] [thread 10298] [3.0] [cxt 0] Parser 'parser' entering state 'start'
[21:04:36.051] [bmv2] [D] [thread 10298] [3.0] [cxt 0] Extracting header 'ethernet'
[21:04:36.051] [bmv2] [D] [thread 10298] [3.0] [cxt 0] Parser state 'start': key is 86dd
[21:04:36.051] [bmv2] [T] [thread 10298] [3.0] [cxt 0] Bytes parsed: 14
[21:04:36.051] [bmv2] [D] [thread 10298] [3.0] [cxt 0] Parser 'parser': end
[21:04:36.051] [bmv2] [D] [thread 10298] [3.0] [cxt 0] Pipeline 'ingress': start
[21:04:36.051] [bmv2] [T] [thread 10298] [3.0] [cxt 0] streaming.p4(181) Condition "hdr.ipv4.isValid()" (node_2) is false
[21:04:36.051] [bmv2] [D] [thread 10298] [3.0] [cxt 0] Pipeline 'ingress': end
[21:04:36.051] [bmv2] [D] [thread 10298] [3.0] [cxt 0] Egress port is 0
[21:04:36.051] [bmv2] [D] [thread 10299] [3.0] [cxt 0] Pipeline 'egress': start
[21:04:36.051] [bmv2] [T] [thread 10299] [3.0] [cxt 0] streaming.p4(241) Condition "hdr.udp.isValid()" (node_6) is false
[21:04:36.051] [bmv2] [D] [thread 10299] [3.0] [cxt 0] Pipeline 'egress': end
[21:04:36.051] [bmv2] [D] [thread 10299] [3.0] [cxt 0] Deparser 'deparser': start
[21:04:36.051] [bmv2] [T] [thread 10299] [3.0] [cxt 0] Skipping checksum 'cksum' update because condition not met
[21:04:36.051] [bmv2] [T] [thread 10299] [3.0] [cxt 0] Skipping checksum 'cksum_0' update because condition not met
[21:04:36.051] [bmv2] [D] [thread 10299] [3.0] [cxt 0] Deparsing header 'ethernet'
[21:04:36.051] [bmv2] [D] [thread 10299] [3.0] [cxt 0] Deparser 'deparser': end
[21:04:36.051] [bmv2] [D] [thread 10303] [3.0] [cxt 0] Transmitting packet of size 90 out of port 0
[21:04:36.080] [bmv2] [D] [thread 10298] [4.0] [cxt 0] Processing packet received on port 3
[21:04:36.080] [bmv2] [D] [thread 10298] [4.0] [cxt 0] Parser 'parser': start
[21:04:36.080] [bmv2] [D] [thread 10298] [4.0] [cxt 0] Parser 'parser' entering state 'start'
[21:04:36.080] [bmv2] [D] [thread 10298] [4.0] [cxt 0] Extracting header 'ethernet'
[21:04:36.080] [bmv2] [D] [thread 10298] [4.0] [cxt 0] Parser state 'start': key is 86dd
[21:04:36.080] [bmv2] [T] [thread 10298] [4.0] [cxt 0] Bytes parsed: 14
[21:04:36.080] [bmv2] [D] [thread 10298] [4.0] [cxt 0] Parser 'parser': end
[21:04:36.080] [bmv2] [D] [thread 10298] [4.0] [cxt 0] Pipeline 'ingress': start
[21:04:36.080] [bmv2] [T] [thread 10298] [4.0] [cxt 0] streaming.p4(181) Condition "hdr.ipv4.isValid()" (node_2) is false
[21:04:36.080] [bmv2] [D] [thread 10298] [4.0] [cxt 0] Pipeline 'ingress': end
[21:04:36.080] [bmv2] [D] [thread 10298] [4.0] [cxt 0] Egress port is 0
[21:04:36.080] [bmv2] [D] [thread 10299] [4.0] [cxt 0] Pipeline 'egress': start
[21:04:36.081] [bmv2] [T] [thread 10299] [4.0] [cxt 0] streaming.p4(241) Condition "hdr.udp.isValid()" (node_6) is false
[21:04:36.081] [bmv2] [D] [thread 10299] [4.0] [cxt 0] Pipeline 'egress': end
[21:04:36.081] [bmv2] [D] [thread 10299] [4.0] [cxt 0] Deparser 'deparser': start
[21:04:36.081] [bmv2] [T] [thread 10299] [4.0] [cxt 0] Skipping checksum 'cksum' update because condition not met
[21:04:36.081] [bmv2] [T] [thread 10299] [4.0] [cxt 0] Skipping checksum 'cksum_0' update because condition not met
[21:04:36.081] [bmv2] [D] [thread 10299] [4.0] [cxt 0] Deparsing header 'ethernet'
[21:04:36.081] [bmv2] [D] [thread 10299] [4.0] [cxt 0] Deparser 'deparser': end
[21:04:36.081] [bmv2] [D] [thread 10303] [4.0] [cxt 0] Transmitting packet of size 219 out of port 0
[21:04:36.160] [bmv2] [D] [thread 10298] [5.0] [cxt 0] Processing packet received on port 1
[21:04:36.160] [bmv2] [D] [thread 10298] [5.0] [cxt 0] Parser 'parser': start
[21:04:36.160] [bmv2] [D] [thread 10298] [5.0] [cxt 0] Parser 'parser' entering state 'start'
[21:04:36.160] [bmv2] [D] [thread 10298] [5.0] [cxt 0] Extracting header 'ethernet'
[21:04:36.160] [bmv2] [D] [thread 10298] [5.0] [cxt 0] Parser state 'start': key is 86dd
[21:04:36.161] [bmv2] [T] [thread 10298] [5.0] [cxt 0] Bytes parsed: 14
[21:04:36.161] [bmv2] [D] [thread 10298] [5.0] [cxt 0] Parser 'parser': end
[21:04:36.161] [bmv2] [D] [thread 10298] [5.0] [cxt 0] Pipeline 'ingress': start
[21:04:36.161] [bmv2] [T] [thread 10298] [5.0] [cxt 0] streaming.p4(181) Condition "hdr.ipv4.isValid()" (node_2) is false
[21:04:36.161] [bmv2] [D] [thread 10298] [5.0] [cxt 0] Pipeline 'ingress': end
[21:04:36.161] [bmv2] [D] [thread 10298] [5.0] [cxt 0] Egress port is 0
[21:04:36.161] [bmv2] [D] [thread 10299] [5.0] [cxt 0] Pipeline 'egress': start
[21:04:36.161] [bmv2] [T] [thread 10299] [5.0] [cxt 0] streaming.p4(241) Condition "hdr.udp.isValid()" (node_6) is false
[21:04:36.161] [bmv2] [D] [thread 10299] [5.0] [cxt 0] Pipeline 'egress': end
[21:04:36.161] [bmv2] [D] [thread 10299] [5.0] [cxt 0] Deparser 'deparser': start
[21:04:36.161] [bmv2] [T] [thread 10299] [5.0] [cxt 0] Skipping checksum 'cksum' update because condition not met
[21:04:36.161] [bmv2] [T] [thread 10299] [5.0] [cxt 0] Skipping checksum 'cksum_0' update because condition not met
[21:04:36.162] [bmv2] [D] [thread 10299] [5.0] [cxt 0] Deparsing header 'ethernet'
[21:04:36.162] [bmv2] [D] [thread 10299] [5.0] [cxt 0] Deparser 'deparser': end
[21:04:36.162] [bmv2] [D] [thread 10303] [5.0] [cxt 0] Transmitting packet of size 219 out of port 0
[21:04:36.163] [bmv2] [D] [thread 10298] [6.0] [cxt 0] Processing packet received on port 2
[21:04:36.163] [bmv2] [D] [thread 10298] [6.0] [cxt 0] Parser 'parser': start
[21:04:36.163] [bmv2] [D] [thread 10298] [6.0] [cxt 0] Parser 'parser' entering state 'start'
[21:04:36.163] [bmv2] [D] [thread 10298] [6.0] [cxt 0] Extracting header 'ethernet'
[21:04:36.163] [bmv2] [D] [thread 10298] [6.0] [cxt 0] Parser state 'start': key is 86dd
[21:04:36.163] [bmv2] [T] [thread 10298] [6.0] [cxt 0] Bytes parsed: 14
[21:04:36.163] [bmv2] [D] [thread 10298] [6.0] [cxt 0] Parser 'parser': end
[21:04:36.163] [bmv2] [D] [thread 10298] [6.0] [cxt 0] Pipeline 'ingress': start
[21:04:36.163] [bmv2] [T] [thread 10298] [6.0] [cxt 0] streaming.p4(181) Condition "hdr.ipv4.isValid()" (node_2) is false
[21:04:36.163] [bmv2] [D] [thread 10298] [6.0] [cxt 0] Pipeline 'ingress': end
[21:04:36.163] [bmv2] [D] [thread 10298] [6.0] [cxt 0] Egress port is 0
[21:04:36.163] [bmv2] [D] [thread 10299] [6.0] [cxt 0] Pipeline 'egress': start
[21:04:36.163] [bmv2] [T] [thread 10299] [6.0] [cxt 0] streaming.p4(241) Condition "hdr.udp.isValid()" (node_6) is false
[21:04:36.165] [bmv2] [D] [thread 10299] [6.0] [cxt 0] Pipeline 'egress': end
[21:04:36.165] [bmv2] [D] [thread 10299] [6.0] [cxt 0] Deparser 'deparser': start
[21:04:36.165] [bmv2] [T] [thread 10299] [6.0] [cxt 0] Skipping checksum 'cksum' update because condition not met
[21:04:36.165] [bmv2] [T] [thread 10299] [6.0] [cxt 0] Skipping checksum 'cksum_0' update because condition not met
[21:04:36.165] [bmv2] [D] [thread 10299] [6.0] [cxt 0] Deparsing header 'ethernet'
[21:04:36.165] [bmv2] [D] [thread 10299] [6.0] [cxt 0] Deparser 'deparser': end
[21:04:36.165] [bmv2] [D] [thread 10303] [6.0] [cxt 0] Transmitting packet of size 219 out of port 0
[21:04:36.196] [bmv2] [D] [thread 10298] [7.0] [cxt 0] Processing packet received on port 3
[21:04:36.196] [bmv2] [D] [thread 10298] [7.0] [cxt 0] Parser 'parser': start
[21:04:36.196] [bmv2] [D] [thread 10298] [7.0] [cxt 0] Parser 'parser' entering state 'start'
[21:04:36.196] [bmv2] [D] [thread 10298] [7.0] [cxt 0] Extracting header 'ethernet'
[21:04:36.196] [bmv2] [D] [thread 10298] [7.0] [cxt 0] Parser state 'start': key is 86dd
[21:04:36.197] [bmv2] [T] [thread 10298] [7.0] [cxt 0] Bytes parsed: 14
[21:04:36.197] [bmv2] [D] [thread 10298] [7.0] [cxt 0] Parser 'parser': end
[21:04:36.197] [bmv2] [D] [thread 10298] [7.0] [cxt 0] Pipeline 'ingress': start
[21:04:36.197] [bmv2] [T] [thread 10298] [7.0] [cxt 0] streaming.p4(181) Condition "hdr.ipv4.isValid()" (node_2) is false
[21:04:36.197] [bmv2] [D] [thread 10298] [7.0] [cxt 0] Pipeline 'ingress': end
[21:04:36.197] [bmv2] [D] [thread 10298] [7.0] [cxt 0] Egress port is 0
[21:04:36.197] [bmv2] [D] [thread 10299] [7.0] [cxt 0] Pipeline 'egress': start
[21:04:36.197] [bmv2] [T] [thread 10299] [7.0] [cxt 0] streaming.p4(241) Condition "hdr.udp.isValid()" (node_6) is false
[21:04:36.197] [bmv2] [D] [thread 10299] [7.0] [cxt 0] Pipeline 'egress': end
[21:04:36.197] [bmv2] [D] [thread 10299] [7.0] [cxt 0] Deparser 'deparser': start
[21:04:36.197] [bmv2] [T] [thread 10299] [7.0] [cxt 0] Skipping checksum 'cksum' update because condition not met
[21:04:36.197] [bmv2] [T] [thread 10299] [7.0] [cxt 0] Skipping checksum 'cksum_0' update because condition not met
[21:04:36.197] [bmv2] [D] [thread 10299] [7.0] [cxt 0] Deparsing header 'ethernet'
[21:04:36.197] [bmv2] [D] [thread 10299] [7.0] [cxt 0] Deparser 'deparser': end
[21:04:36.197] [bmv2] [D] [thread 10303] [7.0] [cxt 0] Transmitting packet of size 110 out of port 0
[21:04:36.226] [bmv2] [D] [thread 10298] [8.0] [cxt 0] Processing packet received on port 3
[21:04:36.226] [bmv2] [D] [thread 10298] [8.0] [cxt 0] Parser 'parser': start
[21:04:36.226] [bmv2] [D] [thread 10298] [8.0] [cxt 0] Parser 'parser' entering state 'start'
[21:04:36.226] [bmv2] [D] [thread 10298] [8.0] [cxt 0] Extracting header 'ethernet'
[21:04:36.226] [bmv2] [D] [thread 10298] [8.0] [cxt 0] Parser state 'start': key is 86dd
[21:04:36.226] [bmv2] [T] [thread 10298] [8.0] [cxt 0] Bytes parsed: 14
[21:04:36.226] [bmv2] [D] [thread 10298] [8.0] [cxt 0] Parser 'parser': end
[21:04:36.226] [bmv2] [D] [thread 10298] [8.0] [cxt 0] Pipeline 'ingress': start
[21:04:36.227] [bmv2] [T] [thread 10298] [8.0] [cxt 0] streaming.p4(181) Condition "hdr.ipv4.isValid()" (node_2) is false
[21:04:36.227] [bmv2] [D] [thread 10298] [8.0] [cxt 0] Pipeline 'ingress': end
[21:04:36.227] [bmv2] [D] [thread 10298] [8.0] [cxt 0] Egress port is 0
[21:04:36.227] [bmv2] [D] [thread 10299] [8.0] [cxt 0] Pipeline 'egress': start
[21:04:36.227] [bmv2] [T] [thread 10299] [8.0] [cxt 0] streaming.p4(241) Condition "hdr.udp.isValid()" (node_6) is false
[21:04:36.227] [bmv2] [D] [thread 10299] [8.0] [cxt 0] Pipeline 'egress': end
[21:04:36.227] [bmv2] [D] [thread 10299] [8.0] [cxt 0] Deparser 'deparser': start
[21:04:36.227] [bmv2] [T] [thread 10299] [8.0] [cxt 0] Skipping checksum 'cksum' update because condition not met
[21:04:36.227] [bmv2] [T] [thread 10299] [8.0] [cxt 0] Skipping checksum 'cksum_0' update because condition not met
[21:04:36.227] [bmv2] [D] [thread 10299] [8.0] [cxt 0] Deparsing header 'ethernet'
[21:04:36.227] [bmv2] [D] [thread 10299] [8.0] [cxt 0] Deparser 'deparser': end
[21:04:36.227] [bmv2] [D] [thread 10303] [8.0] [cxt 0] Transmitting packet of size 219 out of port 0
[21:04:36.228] [bmv2] [D] [thread 10298] [9.0] [cxt 0] Processing packet received on port 2
[21:04:36.228] [bmv2] [D] [thread 10298] [9.0] [cxt 0] Parser 'parser': start
[21:04:36.228] [bmv2] [D] [thread 10298] [9.0] [cxt 0] Parser 'parser' entering state 'start'
[21:04:36.228] [bmv2] [D] [thread 10298] [9.0] [cxt 0] Extracting header 'ethernet'
[21:04:36.228] [bmv2] [D] [thread 10298] [9.0] [cxt 0] Parser state 'start': key is 86dd
[21:04:36.228] [bmv2] [T] [thread 10298] [9.0] [cxt 0] Bytes parsed: 14
[21:04:36.228] [bmv2] [D] [thread 10298] [9.0] [cxt 0] Parser 'parser': end
[21:04:36.228] [bmv2] [D] [thread 10298] [9.0] [cxt 0] Pipeline 'ingress': start
[21:04:36.228] [bmv2] [T] [thread 10298] [9.0] [cxt 0] streaming.p4(181) Condition "hdr.ipv4.isValid()" (node_2) is false
[21:04:36.228] [bmv2] [D] [thread 10298] [9.0] [cxt 0] Pipeline 'ingress': end
[21:04:36.228] [bmv2] [D] [thread 10298] [9.0] [cxt 0] Egress port is 0
[21:04:36.228] [bmv2] [D] [thread 10299] [9.0] [cxt 0] Pipeline 'egress': start
[21:04:36.228] [bmv2] [T] [thread 10299] [9.0] [cxt 0] streaming.p4(241) Condition "hdr.udp.isValid()" (node_6) is false
[21:04:36.229] [bmv2] [D] [thread 10299] [9.0] [cxt 0] Pipeline 'egress': end
[21:04:36.229] [bmv2] [D] [thread 10299] [9.0] [cxt 0] Deparser 'deparser': start
[21:04:36.229] [bmv2] [T] [thread 10299] [9.0] [cxt 0] Skipping checksum 'cksum' update because condition not met
[21:04:36.229] [bmv2] [T] [thread 10299] [9.0] [cxt 0] Skipping checksum 'cksum_0' update because condition not met
[21:04:36.229] [bmv2] [D] [thread 10299] [9.0] [cxt 0] Deparsing header 'ethernet'
[21:04:36.229] [bmv2] [D] [thread 10299] [9.0] [cxt 0] Deparser 'deparser': end
[21:04:36.229] [bmv2] [D] [thread 10303] [9.0] [cxt 0] Transmitting packet of size 110 out of port 0
[21:04:36.234] [bmv2] [D] [thread 10298] [10.0] [cxt 0] Processing packet received on port 1
[21:04:36.234] [bmv2] [D] [thread 10298] [10.0] [cxt 0] Parser 'parser': start
[21:04:36.234] [bmv2] [D] [thread 10298] [10.0] [cxt 0] Parser 'parser' entering state 'start'
[21:04:36.234] [bmv2] [D] [thread 10298] [10.0] [cxt 0] Extracting header 'ethernet'
[21:04:36.234] [bmv2] [D] [thread 10298] [10.0] [cxt 0] Parser state 'start': key is 86dd
[21:04:36.234] [bmv2] [T] [thread 10298] [10.0] [cxt 0] Bytes parsed: 14
[21:04:36.234] [bmv2] [D] [thread 10298] [10.0] [cxt 0] Parser 'parser': end
[21:04:36.235] [bmv2] [D] [thread 10298] [10.0] [cxt 0] Pipeline 'ingress': start
[21:04:36.235] [bmv2] [T] [thread 10298] [10.0] [cxt 0] streaming.p4(181) Condition "hdr.ipv4.isValid()" (node_2) is false
[21:04:36.235] [bmv2] [D] [thread 10298] [10.0] [cxt 0] Pipeline 'ingress': end
[21:04:36.235] [bmv2] [D] [thread 10298] [10.0] [cxt 0] Egress port is 0
[21:04:36.235] [bmv2] [D] [thread 10299] [10.0] [cxt 0] Pipeline 'egress': start
[21:04:36.235] [bmv2] [T] [thread 10299] [10.0] [cxt 0] streaming.p4(241) Condition "hdr.udp.isValid()" (node_6) is false
[21:04:36.235] [bmv2] [D] [thread 10299] [10.0] [cxt 0] Pipeline 'egress': end
[21:04:36.235] [bmv2] [D] [thread 10299] [10.0] [cxt 0] Deparser 'deparser': start
[21:04:36.235] [bmv2] [T] [thread 10299] [10.0] [cxt 0] Skipping checksum 'cksum' update because condition not met
[21:04:36.235] [bmv2] [T] [thread 10299] [10.0] [cxt 0] Skipping checksum 'cksum_0' update because condition not met
[21:04:36.235] [bmv2] [D] [thread 10299] [10.0] [cxt 0] Deparsing header 'ethernet'
[21:04:36.235] [bmv2] [D] [thread 10299] [10.0] [cxt 0] Deparser 'deparser': end
[21:04:36.235] [bmv2] [D] [thread 10303] [10.0] [cxt 0] Transmitting packet of size 219 out of port 0
[21:04:36.258] [bmv2] [D] [thread 10298] [11.0] [cxt 0] Processing packet received on port 2
[21:04:36.258] [bmv2] [D] [thread 10298] [11.0] [cxt 0] Parser 'parser': start
[21:04:36.258] [bmv2] [D] [thread 10298] [11.0] [cxt 0] Parser 'parser' entering state 'start'
[21:04:36.258] [bmv2] [D] [thread 10298] [11.0] [cxt 0] Extracting header 'ethernet'
[21:04:36.258] [bmv2] [D] [thread 10298] [11.0] [cxt 0] Parser state 'start': key is 86dd
[21:04:36.258] [bmv2] [T] [thread 10298] [11.0] [cxt 0] Bytes parsed: 14
[21:04:36.258] [bmv2] [D] [thread 10298] [11.0] [cxt 0] Parser 'parser': end
[21:04:36.258] [bmv2] [D] [thread 10298] [11.0] [cxt 0] Pipeline 'ingress': start
[21:04:36.258] [bmv2] [T] [thread 10298] [11.0] [cxt 0] streaming.p4(181) Condition "hdr.ipv4.isValid()" (node_2) is false
[21:04:36.258] [bmv2] [D] [thread 10298] [11.0] [cxt 0] Pipeline 'ingress': end
[21:04:36.258] [bmv2] [D] [thread 10298] [11.0] [cxt 0] Egress port is 0
[21:04:36.258] [bmv2] [D] [thread 10299] [11.0] [cxt 0] Pipeline 'egress': start
[21:04:36.258] [bmv2] [T] [thread 10299] [11.0] [cxt 0] streaming.p4(241) Condition "hdr.udp.isValid()" (node_6) is false
[21:04:36.258] [bmv2] [D] [thread 10299] [11.0] [cxt 0] Pipeline 'egress': end
[21:04:36.258] [bmv2] [D] [thread 10299] [11.0] [cxt 0] Deparser 'deparser': start
[21:04:36.258] [bmv2] [T] [thread 10299] [11.0] [cxt 0] Skipping checksum 'cksum' update because condition not met
[21:04:36.258] [bmv2] [T] [thread 10299] [11.0] [cxt 0] Skipping checksum 'cksum_0' update because condition not met
[21:04:36.258] [bmv2] [D] [thread 10299] [11.0] [cxt 0] Deparsing header 'ethernet'
[21:04:36.259] [bmv2] [D] [thread 10299] [11.0] [cxt 0] Deparser 'deparser': end
[21:04:36.259] [bmv2] [D] [thread 10303] [11.0] [cxt 0] Transmitting packet of size 219 out of port 0
[21:04:36.280] [bmv2] [D] [thread 10298] [12.0] [cxt 0] Processing packet received on port 3
[21:04:36.280] [bmv2] [D] [thread 10298] [12.0] [cxt 0] Parser 'parser': start
[21:04:36.280] [bmv2] [D] [thread 10298] [12.0] [cxt 0] Parser 'parser' entering state 'start'
[21:04:36.280] [bmv2] [D] [thread 10298] [12.0] [cxt 0] Extracting header 'ethernet'
[21:04:36.280] [bmv2] [D] [thread 10298] [12.0] [cxt 0] Parser state 'start': key is 86dd
[21:04:36.280] [bmv2] [T] [thread 10298] [12.0] [cxt 0] Bytes parsed: 14
[21:04:36.280] [bmv2] [D] [thread 10298] [12.0] [cxt 0] Parser 'parser': end
[21:04:36.280] [bmv2] [D] [thread 10298] [12.0] [cxt 0] Pipeline 'ingress': start
[21:04:36.280] [bmv2] [T] [thread 10298] [12.0] [cxt 0] streaming.p4(181) Condition "hdr.ipv4.isValid()" (node_2) is false
[21:04:36.280] [bmv2] [D] [thread 10298] [12.0] [cxt 0] Pipeline 'ingress': end
[21:04:36.281] [bmv2] [D] [thread 10298] [12.0] [cxt 0] Egress port is 0
[21:04:36.281] [bmv2] [D] [thread 10299] [12.0] [cxt 0] Pipeline 'egress': start
[21:04:36.281] [bmv2] [T] [thread 10299] [12.0] [cxt 0] streaming.p4(241) Condition "hdr.udp.isValid()" (node_6) is false
[21:04:36.281] [bmv2] [D] [thread 10299] [12.0] [cxt 0] Pipeline 'egress': end
[21:04:36.281] [bmv2] [D] [thread 10299] [12.0] [cxt 0] Deparser 'deparser': start
[21:04:36.281] [bmv2] [T] [thread 10299] [12.0] [cxt 0] Skipping checksum 'cksum' update because condition not met
[21:04:36.281] [bmv2] [T] [thread 10299] [12.0] [cxt 0] Skipping checksum 'cksum_0' update because condition not met
[21:04:36.281] [bmv2] [D] [thread 10299] [12.0] [cxt 0] Deparsing header 'ethernet'
[21:04:36.281] [bmv2] [D] [thread 10299] [12.0] [cxt 0] Deparser 'deparser': end
[21:04:36.281] [bmv2] [D] [thread 10303] [12.0] [cxt 0] Transmitting packet of size 207 out of port 0
[21:04:36.327] [bmv2] [D] [thread 10298] [13.0] [cxt 0] Processing packet received on port 1
[21:04:36.327] [bmv2] [D] [thread 10298] [13.0] [cxt 0] Parser 'parser': start
[21:04:36.327] [bmv2] [D] [thread 10298] [13.0] [cxt 0] Parser 'parser' entering state 'start'
[21:04:36.327] [bmv2] [D] [thread 10298] [13.0] [cxt 0] Extracting header 'ethernet'
[21:04:36.327] [bmv2] [D] [thread 10298] [13.0] [cxt 0] Parser state 'start': key is 86dd
[21:04:36.327] [bmv2] [T] [thread 10298] [13.0] [cxt 0] Bytes parsed: 14
[21:04:36.327] [bmv2] [D] [thread 10298] [13.0] [cxt 0] Parser 'parser': end
[21:04:36.327] [bmv2] [D] [thread 10298] [13.0] [cxt 0] Pipeline 'ingress': start
[21:04:36.328] [bmv2] [T] [thread 10298] [13.0] [cxt 0] streaming.p4(181) Condition "hdr.ipv4.isValid()" (node_2) is false
[21:04:36.328] [bmv2] [D] [thread 10298] [13.0] [cxt 0] Pipeline 'ingress': end
[21:04:36.328] [bmv2] [D] [thread 10298] [13.0] [cxt 0] Egress port is 0
[21:04:36.328] [bmv2] [D] [thread 10299] [13.0] [cxt 0] Pipeline 'egress': start
[21:04:36.328] [bmv2] [T] [thread 10299] [13.0] [cxt 0] streaming.p4(241) Condition "hdr.udp.isValid()" (node_6) is false
[21:04:36.328] [bmv2] [D] [thread 10299] [13.0] [cxt 0] Pipeline 'egress': end
[21:04:36.328] [bmv2] [D] [thread 10299] [13.0] [cxt 0] Deparser 'deparser': start
[21:04:36.328] [bmv2] [T] [thread 10299] [13.0] [cxt 0] Skipping checksum 'cksum' update because condition not met
[21:04:36.328] [bmv2] [T] [thread 10299] [13.0] [cxt 0] Skipping checksum 'cksum_0' update because condition not met
[21:04:36.328] [bmv2] [D] [thread 10299] [13.0] [cxt 0] Deparsing header 'ethernet'
[21:04:36.328] [bmv2] [D] [thread 10299] [13.0] [cxt 0] Deparser 'deparser': end
[21:04:36.328] [bmv2] [D] [thread 10303] [13.0] [cxt 0] Transmitting packet of size 90 out of port 0
[21:04:36.380] [bmv2] [D] [thread 10298] [14.0] [cxt 0] Processing packet received on port 1
[21:04:36.380] [bmv2] [D] [thread 10298] [14.0] [cxt 0] Parser 'parser': start
[21:04:36.380] [bmv2] [D] [thread 10298] [14.0] [cxt 0] Parser 'parser' entering state 'start'
[21:04:36.380] [bmv2] [D] [thread 10298] [14.0] [cxt 0] Extracting header 'ethernet'
[21:04:36.380] [bmv2] [D] [thread 10298] [14.0] [cxt 0] Parser state 'start': key is 86dd
[21:04:36.380] [bmv2] [T] [thread 10298] [14.0] [cxt 0] Bytes parsed: 14
[21:04:36.380] [bmv2] [D] [thread 10298] [14.0] [cxt 0] Parser 'parser': end
[21:04:36.381] [bmv2] [D] [thread 10298] [14.0] [cxt 0] Pipeline 'ingress': start
[21:04:36.381] [bmv2] [T] [thread 10298] [14.0] [cxt 0] streaming.p4(181) Condition "hdr.ipv4.isValid()" (node_2) is false
[21:04:36.381] [bmv2] [D] [thread 10298] [14.0] [cxt 0] Pipeline 'ingress': end
[21:04:36.381] [bmv2] [D] [thread 10298] [14.0] [cxt 0] Egress port is 0
[21:04:36.381] [bmv2] [D] [thread 10298] [15.0] [cxt 0] Processing packet received on port 2
[21:04:36.381] [bmv2] [D] [thread 10298] [15.0] [cxt 0] Parser 'parser': start
[21:04:36.381] [bmv2] [D] [thread 10298] [15.0] [cxt 0] Parser 'parser' entering state 'start'
[21:04:36.381] [bmv2] [D] [thread 10298] [15.0] [cxt 0] Extracting header 'ethernet'
[21:04:36.381] [bmv2] [D] [thread 10298] [15.0] [cxt 0] Parser state 'start': key is 86dd
[21:04:36.381] [bmv2] [T] [thread 10298] [15.0] [cxt 0] Bytes parsed: 14
[21:04:36.381] [bmv2] [D] [thread 10298] [15.0] [cxt 0] Parser 'parser': end
[21:04:36.381] [bmv2] [D] [thread 10298] [15.0] [cxt 0] Pipeline 'ingress': start
[21:04:36.381] [bmv2] [T] [thread 10298] [15.0] [cxt 0] streaming.p4(181) Condition "hdr.ipv4.isValid()" (node_2) is false
[21:04:36.381] [bmv2] [D] [thread 10298] [15.0] [cxt 0] Pipeline 'ingress': end
[21:04:36.381] [bmv2] [D] [thread 10298] [15.0] [cxt 0] Egress port is 0
[21:04:36.381] [bmv2] [D] [thread 10299] [14.0] [cxt 0] Pipeline 'egress': start
[21:04:36.381] [bmv2] [T] [thread 10299] [14.0] [cxt 0] streaming.p4(241) Condition "hdr.udp.isValid()" (node_6) is false
[21:04:36.381] [bmv2] [D] [thread 10299] [14.0] [cxt 0] Pipeline 'egress': end
[21:04:36.381] [bmv2] [D] [thread 10299] [14.0] [cxt 0] Deparser 'deparser': start
[21:04:36.381] [bmv2] [T] [thread 10299] [14.0] [cxt 0] Skipping checksum 'cksum' update because condition not met
[21:04:36.381] [bmv2] [T] [thread 10299] [14.0] [cxt 0] Skipping checksum 'cksum_0' update because condition not met
[21:04:36.382] [bmv2] [D] [thread 10299] [14.0] [cxt 0] Deparsing header 'ethernet'
[21:04:36.382] [bmv2] [D] [thread 10299] [14.0] [cxt 0] Deparser 'deparser': end
[21:04:36.382] [bmv2] [D] [thread 10299] [15.0] [cxt 0] Pipeline 'egress': start
[21:04:36.382] [bmv2] [T] [thread 10299] [15.0] [cxt 0] streaming.p4(241) Condition "hdr.udp.isValid()" (node_6) is false
[21:04:36.382] [bmv2] [D] [thread 10299] [15.0] [cxt 0] Pipeline 'egress': end
[21:04:36.382] [bmv2] [D] [thread 10299] [15.0] [cxt 0] Deparser 'deparser': start
[21:04:36.382] [bmv2] [T] [thread 10299] [15.0] [cxt 0] Skipping checksum 'cksum' update because condition not met
[21:04:36.382] [bmv2] [T] [thread 10299] [15.0] [cxt 0] Skipping checksum 'cksum_0' update because condition not met
[21:04:36.382] [bmv2] [D] [thread 10299] [15.0] [cxt 0] Deparsing header 'ethernet'
[21:04:36.382] [bmv2] [D] [thread 10299] [15.0] [cxt 0] Deparser 'deparser': end
[21:04:36.382] [bmv2] [D] [thread 10303] [14.0] [cxt 0] Transmitting packet of size 219 out of port 0
[21:04:36.382] [bmv2] [D] [thread 10303] [15.0] [cxt 0] Transmitting packet of size 219 out of port 0
[21:04:36.441] [bmv2] [D] [thread 10298] [16.0] [cxt 0] Processing packet received on port 1
[21:04:36.441] [bmv2] [D] [thread 10298] [16.0] [cxt 0] Parser 'parser': start
[21:04:36.441] [bmv2] [D] [thread 10298] [16.0] [cxt 0] Parser 'parser' entering state 'start'
[21:04:36.441] [bmv2] [D] [thread 10298] [16.0] [cxt 0] Extracting header 'ethernet'
[21:04:36.441] [bmv2] [D] [thread 10298] [16.0] [cxt 0] Parser state 'start': key is 86dd
[21:04:36.441] [bmv2] [T] [thread 10298] [16.0] [cxt 0] Bytes parsed: 14
[21:04:36.441] [bmv2] [D] [thread 10298] [16.0] [cxt 0] Parser 'parser': end
[21:04:36.441] [bmv2] [D] [thread 10298] [16.0] [cxt 0] Pipeline 'ingress': start
[21:04:36.441] [bmv2] [T] [thread 10298] [16.0] [cxt 0] streaming.p4(181) Condition "hdr.ipv4.isValid()" (node_2) is false
[21:04:36.442] [bmv2] [D] [thread 10298] [16.0] [cxt 0] Pipeline 'ingress': end
[21:04:36.442] [bmv2] [D] [thread 10298] [16.0] [cxt 0] Egress port is 0
[21:04:36.442] [bmv2] [D] [thread 10299] [16.0] [cxt 0] Pipeline 'egress': start
[21:04:36.442] [bmv2] [T] [thread 10299] [16.0] [cxt 0] streaming.p4(241) Condition "hdr.udp.isValid()" (node_6) is false
[21:04:36.442] [bmv2] [D] [thread 10299] [16.0] [cxt 0] Pipeline 'egress': end
[21:04:36.442] [bmv2] [D] [thread 10299] [16.0] [cxt 0] Deparser 'deparser': start
[21:04:36.442] [bmv2] [T] [thread 10299] [16.0] [cxt 0] Skipping checksum 'cksum' update because condition not met
[21:04:36.442] [bmv2] [T] [thread 10299] [16.0] [cxt 0] Skipping checksum 'cksum_0' update because condition not met
[21:04:36.442] [bmv2] [D] [thread 10299] [16.0] [cxt 0] Deparsing header 'ethernet'
[21:04:36.442] [bmv2] [D] [thread 10299] [16.0] [cxt 0] Deparser 'deparser': end
[21:04:36.442] [bmv2] [D] [thread 10303] [16.0] [cxt 0] Transmitting packet of size 207 out of port 0
[21:04:36.477] [bmv2] [D] [thread 10298] [17.0] [cxt 0] Processing packet received on port 3
[21:04:36.477] [bmv2] [D] [thread 10298] [17.0] [cxt 0] Parser 'parser': start
[21:04:36.477] [bmv2] [D] [thread 10298] [17.0] [cxt 0] Parser 'parser' entering state 'start'
[21:04:36.477] [bmv2] [D] [thread 10298] [17.0] [cxt 0] Extracting header 'ethernet'
[21:04:36.477] [bmv2] [D] [thread 10298] [17.0] [cxt 0] Parser state 'start': key is 86dd
[21:04:36.477] [bmv2] [T] [thread 10298] [17.0] [cxt 0] Bytes parsed: 14
[21:04:36.478] [bmv2] [D] [thread 10298] [17.0] [cxt 0] Parser 'parser': end
[21:04:36.478] [bmv2] [D] [thread 10298] [17.0] [cxt 0] Pipeline 'ingress': start
[21:04:36.478] [bmv2] [T] [thread 10298] [17.0] [cxt 0] streaming.p4(181) Condition "hdr.ipv4.isValid()" (node_2) is false
[21:04:36.478] [bmv2] [D] [thread 10298] [17.0] [cxt 0] Pipeline 'ingress': end
[21:04:36.478] [bmv2] [D] [thread 10298] [17.0] [cxt 0] Egress port is 0
[21:04:36.478] [bmv2] [D] [thread 10299] [17.0] [cxt 0] Pipeline 'egress': start
[21:04:36.478] [bmv2] [T] [thread 10299] [17.0] [cxt 0] streaming.p4(241) Condition "hdr.udp.isValid()" (node_6) is false
[21:04:36.478] [bmv2] [D] [thread 10299] [17.0] [cxt 0] Pipeline 'egress': end
[21:04:36.478] [bmv2] [D] [thread 10299] [17.0] [cxt 0] Deparser 'deparser': start
[21:04:36.478] [bmv2] [T] [thread 10299] [17.0] [cxt 0] Skipping checksum 'cksum' update because condition not met
[21:04:36.478] [bmv2] [T] [thread 10299] [17.0] [cxt 0] Skipping checksum 'cksum_0' update because condition not met
[21:04:36.478] [bmv2] [D] [thread 10299] [17.0] [cxt 0] Deparsing header 'ethernet'
[21:04:36.478] [bmv2] [D] [thread 10299] [17.0] [cxt 0] Deparser 'deparser': end
[21:04:36.478] [bmv2] [D] [thread 10303] [17.0] [cxt 0] Transmitting packet of size 219 out of port 0
[21:04:36.486] [bmv2] [D] [thread 10298] [18.0] [cxt 0] Processing packet received on port 2
[21:04:36.486] [bmv2] [D] [thread 10298] [18.0] [cxt 0] Parser 'parser': start
[21:04:36.486] [bmv2] [D] [thread 10298] [18.0] [cxt 0] Parser 'parser' entering state 'start'
[21:04:36.486] [bmv2] [D] [thread 10298] [18.0] [cxt 0] Extracting header 'ethernet'
[21:04:36.486] [bmv2] [D] [thread 10298] [18.0] [cxt 0] Parser state 'start': key is 86dd
[21:04:36.486] [bmv2] [T] [thread 10298] [18.0] [cxt 0] Bytes parsed: 14
[21:04:36.486] [bmv2] [D] [thread 10298] [18.0] [cxt 0] Parser 'parser': end
[21:04:36.486] [bmv2] [D] [thread 10298] [18.0] [cxt 0] Pipeline 'ingress': start
[21:04:36.486] [bmv2] [T] [thread 10298] [18.0] [cxt 0] streaming.p4(181) Condition "hdr.ipv4.isValid()" (node_2) is false
[21:04:36.486] [bmv2] [D] [thread 10298] [18.0] [cxt 0] Pipeline 'ingress': end
[21:04:36.486] [bmv2] [D] [thread 10298] [18.0] [cxt 0] Egress port is 0
[21:04:36.486] [bmv2] [D] [thread 10299] [18.0] [cxt 0] Pipeline 'egress': start
[21:04:36.486] [bmv2] [T] [thread 10299] [18.0] [cxt 0] streaming.p4(241) Condition "hdr.udp.isValid()" (node_6) is false
[21:04:36.487] [bmv2] [D] [thread 10299] [18.0] [cxt 0] Pipeline 'egress': end
[21:04:36.487] [bmv2] [D] [thread 10299] [18.0] [cxt 0] Deparser 'deparser': start
[21:04:36.487] [bmv2] [T] [thread 10299] [18.0] [cxt 0] Skipping checksum 'cksum' update because condition not met
[21:04:36.487] [bmv2] [T] [thread 10299] [18.0] [cxt 0] Skipping checksum 'cksum_0' update because condition not met
[21:04:36.487] [bmv2] [D] [thread 10299] [18.0] [cxt 0] Deparsing header 'ethernet'
[21:04:36.487] [bmv2] [D] [thread 10299] [18.0] [cxt 0] Deparser 'deparser': end
[21:04:36.487] [bmv2] [D] [thread 10303] [18.0] [cxt 0] Transmitting packet of size 110 out of port 0
[21:04:36.490] [bmv2] [D] [thread 10298] [19.0] [cxt 0] Processing packet received on port 1
[21:04:36.490] [bmv2] [D] [thread 10298] [19.0] [cxt 0] Parser 'parser': start
[21:04:36.490] [bmv2] [D] [thread 10298] [19.0] [cxt 0] Parser 'parser' entering state 'start'
[21:04:36.490] [bmv2] [D] [thread 10298] [19.0] [cxt 0] Extracting header 'ethernet'
[21:04:36.490] [bmv2] [D] [thread 10298] [19.0] [cxt 0] Parser state 'start': key is 86dd
[21:04:36.490] [bmv2] [T] [thread 10298] [19.0] [cxt 0] Bytes parsed: 14
[21:04:36.490] [bmv2] [D] [thread 10298] [19.0] [cxt 0] Parser 'parser': end
[21:04:36.490] [bmv2] [D] [thread 10298] [19.0] [cxt 0] Pipeline 'ingress': start
[21:04:36.490] [bmv2] [T] [thread 10298] [19.0] [cxt 0] streaming.p4(181) Condition "hdr.ipv4.isValid()" (node_2) is false
[21:04:36.490] [bmv2] [D] [thread 10298] [19.0] [cxt 0] Pipeline 'ingress': end
[21:04:36.490] [bmv2] [D] [thread 10298] [19.0] [cxt 0] Egress port is 0
[21:04:36.491] [bmv2] [D] [thread 10299] [19.0] [cxt 0] Pipeline 'egress': start
[21:04:36.491] [bmv2] [T] [thread 10299] [19.0] [cxt 0] streaming.p4(241) Condition "hdr.udp.isValid()" (node_6) is false
[21:04:36.491] [bmv2] [D] [thread 10299] [19.0] [cxt 0] Pipeline 'egress': end
[21:04:36.491] [bmv2] [D] [thread 10299] [19.0] [cxt 0] Deparser 'deparser': start
[21:04:36.491] [bmv2] [T] [thread 10299] [19.0] [cxt 0] Skipping checksum 'cksum' update because condition not met
[21:04:36.491] [bmv2] [T] [thread 10299] [19.0] [cxt 0] Skipping checksum 'cksum_0' update because condition not met
[21:04:36.491] [bmv2] [D] [thread 10299] [19.0] [cxt 0] Deparsing header 'ethernet'
[21:04:36.491] [bmv2] [D] [thread 10299] [19.0] [cxt 0] Deparser 'deparser': end
[21:04:36.491] [bmv2] [D] [thread 10303] [19.0] [cxt 0] Transmitting packet of size 110 out of port 0
[21:04:36.509] [bmv2] [D] [thread 10298] [20.0] [cxt 0] Processing packet received on port 2
[21:04:36.509] [bmv2] [D] [thread 10298] [20.0] [cxt 0] Parser 'parser': start
[21:04:36.509] [bmv2] [D] [thread 10298] [20.0] [cxt 0] Parser 'parser' entering state 'start'
[21:04:36.510] [bmv2] [D] [thread 10298] [20.0] [cxt 0] Extracting header 'ethernet'
[21:04:36.510] [bmv2] [D] [thread 10298] [20.0] [cxt 0] Parser state 'start': key is 86dd
[21:04:36.510] [bmv2] [T] [thread 10298] [20.0] [cxt 0] Bytes parsed: 14
[21:04:36.510] [bmv2] [D] [thread 10298] [20.0] [cxt 0] Parser 'parser': end
[21:04:36.510] [bmv2] [D] [thread 10298] [20.0] [cxt 0] Pipeline 'ingress': start
[21:04:36.510] [bmv2] [T] [thread 10298] [20.0] [cxt 0] streaming.p4(181) Condition "hdr.ipv4.isValid()" (node_2) is false
[21:04:36.510] [bmv2] [D] [thread 10298] [20.0] [cxt 0] Pipeline 'ingress': end
[21:04:36.510] [bmv2] [D] [thread 10298] [20.0] [cxt 0] Egress port is 0
[21:04:36.510] [bmv2] [D] [thread 10299] [20.0] [cxt 0] Pipeline 'egress': start
[21:04:36.510] [bmv2] [T] [thread 10299] [20.0] [cxt 0] streaming.p4(241) Condition "hdr.udp.isValid()" (node_6) is false
[21:04:36.510] [bmv2] [D] [thread 10299] [20.0] [cxt 0] Pipeline 'egress': end
[21:04:36.510] [bmv2] [D] [thread 10299] [20.0] [cxt 0] Deparser 'deparser': start
[21:04:36.510] [bmv2] [T] [thread 10299] [20.0] [cxt 0] Skipping checksum 'cksum' update because condition not met
[21:04:36.510] [bmv2] [T] [thread 10299] [20.0] [cxt 0] Skipping checksum 'cksum_0' update because condition not met
[21:04:36.510] [bmv2] [D] [thread 10299] [20.0] [cxt 0] Deparsing header 'ethernet'
[21:04:36.510] [bmv2] [D] [thread 10299] [20.0] [cxt 0] Deparser 'deparser': end
[21:04:36.510] [bmv2] [D] [thread 10303] [20.0] [cxt 0] Transmitting packet of size 219 out of port 0
[21:04:36.549] [bmv2] [D] [thread 10298] [21.0] [cxt 0] Processing packet received on port 2
[21:04:36.549] [bmv2] [D] [thread 10298] [21.0] [cxt 0] Parser 'parser': start
[21:04:36.549] [bmv2] [D] [thread 10298] [21.0] [cxt 0] Parser 'parser' entering state 'start'
[21:04:36.549] [bmv2] [D] [thread 10298] [21.0] [cxt 0] Extracting header 'ethernet'
[21:04:36.549] [bmv2] [D] [thread 10298] [21.0] [cxt 0] Parser state 'start': key is 86dd
[21:04:36.549] [bmv2] [T] [thread 10298] [21.0] [cxt 0] Bytes parsed: 14
[21:04:36.549] [bmv2] [D] [thread 10298] [21.0] [cxt 0] Parser 'parser': end
[21:04:36.549] [bmv2] [D] [thread 10298] [21.0] [cxt 0] Pipeline 'ingress': start
[21:04:36.549] [bmv2] [T] [thread 10298] [21.0] [cxt 0] streaming.p4(181) Condition "hdr.ipv4.isValid()" (node_2) is false
[21:04:36.549] [bmv2] [D] [thread 10298] [21.0] [cxt 0] Pipeline 'ingress': end
[21:04:36.549] [bmv2] [D] [thread 10298] [21.0] [cxt 0] Egress port is 0
[21:04:36.549] [bmv2] [D] [thread 10299] [21.0] [cxt 0] Pipeline 'egress': start
[21:04:36.549] [bmv2] [T] [thread 10299] [21.0] [cxt 0] streaming.p4(241) Condition "hdr.udp.isValid()" (node_6) is false
[21:04:36.549] [bmv2] [D] [thread 10299] [21.0] [cxt 0] Pipeline 'egress': end
[21:04:36.549] [bmv2] [D] [thread 10299] [21.0] [cxt 0] Deparser 'deparser': start
[21:04:36.549] [bmv2] [T] [thread 10299] [21.0] [cxt 0] Skipping checksum 'cksum' update because condition not met
[21:04:36.549] [bmv2] [T] [thread 10299] [21.0] [cxt 0] Skipping checksum 'cksum_0' update because condition not met
[21:04:36.550] [bmv2] [D] [thread 10299] [21.0] [cxt 0] Deparsing header 'ethernet'
[21:04:36.550] [bmv2] [D] [thread 10299] [21.0] [cxt 0] Deparser 'deparser': end
[21:04:36.550] [bmv2] [D] [thread 10303] [21.0] [cxt 0] Transmitting packet of size 90 out of port 0
[21:04:36.578] [bmv2] [D] [thread 10298] [22.0] [cxt 0] Processing packet received on port 1
[21:04:36.578] [bmv2] [D] [thread 10298] [22.0] [cxt 0] Parser 'parser': start
[21:04:36.578] [bmv2] [D] [thread 10298] [22.0] [cxt 0] Parser 'parser' entering state 'start'
[21:04:36.578] [bmv2] [D] [thread 10298] [22.0] [cxt 0] Extracting header 'ethernet'
[21:04:36.578] [bmv2] [D] [thread 10298] [22.0] [cxt 0] Parser state 'start': key is 86dd
[21:04:36.578] [bmv2] [T] [thread 10298] [22.0] [cxt 0] Bytes parsed: 14
[21:04:36.578] [bmv2] [D] [thread 10298] [22.0] [cxt 0] Parser 'parser': end
[21:04:36.578] [bmv2] [D] [thread 10298] [22.0] [cxt 0] Pipeline 'ingress': start
[21:04:36.578] [bmv2] [T] [thread 10298] [22.0] [cxt 0] streaming.p4(181) Condition "hdr.ipv4.isValid()" (node_2) is false
[21:04:36.578] [bmv2] [D] [thread 10298] [22.0] [cxt 0] Pipeline 'ingress': end
[21:04:36.578] [bmv2] [D] [thread 10298] [22.0] [cxt 0] Egress port is 0
[21:04:36.578] [bmv2] [D] [thread 10298] [23.0] [cxt 0] Processing packet received on port 2
[21:04:36.579] [bmv2] [D] [thread 10298] [23.0] [cxt 0] Parser 'parser': start
[21:04:36.579] [bmv2] [D] [thread 10298] [23.0] [cxt 0] Parser 'parser' entering state 'start'
[21:04:36.579] [bmv2] [D] [thread 10298] [23.0] [cxt 0] Extracting header 'ethernet'
[21:04:36.579] [bmv2] [D] [thread 10298] [23.0] [cxt 0] Parser state 'start': key is 86dd
[21:04:36.579] [bmv2] [T] [thread 10298] [23.0] [cxt 0] Bytes parsed: 14
[21:04:36.579] [bmv2] [D] [thread 10298] [23.0] [cxt 0] Parser 'parser': end
[21:04:36.579] [bmv2] [D] [thread 10298] [23.0] [cxt 0] Pipeline 'ingress': start
[21:04:36.579] [bmv2] [T] [thread 10298] [23.0] [cxt 0] streaming.p4(181) Condition "hdr.ipv4.isValid()" (node_2) is false
[21:04:36.579] [bmv2] [D] [thread 10298] [23.0] [cxt 0] Pipeline 'ingress': end
[21:04:36.579] [bmv2] [D] [thread 10298] [23.0] [cxt 0] Egress port is 0
[21:04:36.579] [bmv2] [D] [thread 10299] [22.0] [cxt 0] Pipeline 'egress': start
[21:04:36.579] [bmv2] [T] [thread 10299] [22.0] [cxt 0] streaming.p4(241) Condition "hdr.udp.isValid()" (node_6) is false
[21:04:36.579] [bmv2] [D] [thread 10299] [22.0] [cxt 0] Pipeline 'egress': end
[21:04:36.580] [bmv2] [D] [thread 10299] [22.0] [cxt 0] Deparser 'deparser': start
[21:04:36.580] [bmv2] [T] [thread 10299] [22.0] [cxt 0] Skipping checksum 'cksum' update because condition not met
[21:04:36.580] [bmv2] [T] [thread 10299] [22.0] [cxt 0] Skipping checksum 'cksum_0' update because condition not met
[21:04:36.580] [bmv2] [D] [thread 10299] [22.0] [cxt 0] Deparsing header 'ethernet'
[21:04:36.580] [bmv2] [D] [thread 10299] [22.0] [cxt 0] Deparser 'deparser': end
[21:04:36.580] [bmv2] [D] [thread 10299] [23.0] [cxt 0] Pipeline 'egress': start
[21:04:36.580] [bmv2] [T] [thread 10299] [23.0] [cxt 0] streaming.p4(241) Condition "hdr.udp.isValid()" (node_6) is false
[21:04:36.580] [bmv2] [D] [thread 10299] [23.0] [cxt 0] Pipeline 'egress': end
[21:04:36.580] [bmv2] [D] [thread 10299] [23.0] [cxt 0] Deparser 'deparser': start
[21:04:36.580] [bmv2] [T] [thread 10299] [23.0] [cxt 0] Skipping checksum 'cksum' update because condition not met
[21:04:36.580] [bmv2] [T] [thread 10299] [23.0] [cxt 0] Skipping checksum 'cksum_0' update because condition not met
[21:04:36.580] [bmv2] [D] [thread 10299] [23.0] [cxt 0] Deparsing header 'ethernet'
[21:04:36.580] [bmv2] [D] [thread 10299] [23.0] [cxt 0] Deparser 'deparser': end
[21:04:36.580] [bmv2] [D] [thread 10303] [22.0] [cxt 0] Transmitting packet of size 207 out of port 0
[21:04:36.580] [bmv2] [D] [thread 10303] [23.0] [cxt 0] Transmitting packet of size 207 out of port 0
[21:04:36.730] [bmv2] [D] [thread 10298] [24.0] [cxt 0] Processing packet received on port 3
[21:04:36.730] [bmv2] [D] [thread 10298] [24.0] [cxt 0] Parser 'parser': start
[21:04:36.730] [bmv2] [D] [thread 10298] [24.0] [cxt 0] Parser 'parser' entering state 'start'
[21:04:36.730] [bmv2] [D] [thread 10298] [24.0] [cxt 0] Extracting header 'ethernet'
[21:04:36.730] [bmv2] [D] [thread 10298] [24.0] [cxt 0] Parser state 'start': key is 86dd
[21:04:36.730] [bmv2] [T] [thread 10298] [24.0] [cxt 0] Bytes parsed: 14
[21:04:36.730] [bmv2] [D] [thread 10298] [24.0] [cxt 0] Parser 'parser': end
[21:04:36.731] [bmv2] [D] [thread 10298] [24.0] [cxt 0] Pipeline 'ingress': start
[21:04:36.731] [bmv2] [T] [thread 10298] [24.0] [cxt 0] streaming.p4(181) Condition "hdr.ipv4.isValid()" (node_2) is false
[21:04:36.731] [bmv2] [D] [thread 10298] [24.0] [cxt 0] Pipeline 'ingress': end
[21:04:36.731] [bmv2] [D] [thread 10298] [24.0] [cxt 0] Egress port is 0
[21:04:36.731] [bmv2] [D] [thread 10299] [24.0] [cxt 0] Pipeline 'egress': start
[21:04:36.731] [bmv2] [T] [thread 10299] [24.0] [cxt 0] streaming.p4(241) Condition "hdr.udp.isValid()" (node_6) is false
[21:04:36.731] [bmv2] [D] [thread 10299] [24.0] [cxt 0] Pipeline 'egress': end
[21:04:36.731] [bmv2] [D] [thread 10299] [24.0] [cxt 0] Deparser 'deparser': start
[21:04:36.731] [bmv2] [T] [thread 10299] [24.0] [cxt 0] Skipping checksum 'cksum' update because condition not met
[21:04:36.731] [bmv2] [T] [thread 10299] [24.0] [cxt 0] Skipping checksum 'cksum_0' update because condition not met
[21:04:36.731] [bmv2] [D] [thread 10299] [24.0] [cxt 0] Deparsing header 'ethernet'
[21:04:36.731] [bmv2] [D] [thread 10299] [24.0] [cxt 0] Deparser 'deparser': end
[21:04:36.731] [bmv2] [D] [thread 10303] [24.0] [cxt 0] Transmitting packet of size 219 out of port 0
[21:04:36.798] [bmv2] [D] [thread 10298] [25.0] [cxt 0] Processing packet received on port 2
[21:04:36.798] [bmv2] [D] [thread 10298] [25.0] [cxt 0] Parser 'parser': start
[21:04:36.798] [bmv2] [D] [thread 10298] [25.0] [cxt 0] Parser 'parser' entering state 'start'
[21:04:36.798] [bmv2] [D] [thread 10298] [25.0] [cxt 0] Extracting header 'ethernet'
[21:04:36.798] [bmv2] [D] [thread 10298] [25.0] [cxt 0] Parser state 'start': key is 86dd
[21:04:36.798] [bmv2] [T] [thread 10298] [25.0] [cxt 0] Bytes parsed: 14
[21:04:36.798] [bmv2] [D] [thread 10298] [25.0] [cxt 0] Parser 'parser': end
[21:04:36.798] [bmv2] [D] [thread 10298] [25.0] [cxt 0] Pipeline 'ingress': start
[21:04:36.798] [bmv2] [T] [thread 10298] [25.0] [cxt 0] streaming.p4(181) Condition "hdr.ipv4.isValid()" (node_2) is false
[21:04:36.798] [bmv2] [D] [thread 10298] [25.0] [cxt 0] Pipeline 'ingress': end
[21:04:36.798] [bmv2] [D] [thread 10298] [25.0] [cxt 0] Egress port is 0
[21:04:36.798] [bmv2] [D] [thread 10299] [25.0] [cxt 0] Pipeline 'egress': start
[21:04:36.798] [bmv2] [T] [thread 10299] [25.0] [cxt 0] streaming.p4(241) Condition "hdr.udp.isValid()" (node_6) is false
[21:04:36.798] [bmv2] [D] [thread 10299] [25.0] [cxt 0] Pipeline 'egress': end
[21:04:36.798] [bmv2] [D] [thread 10299] [25.0] [cxt 0] Deparser 'deparser': start
[21:04:36.798] [bmv2] [T] [thread 10299] [25.0] [cxt 0] Skipping checksum 'cksum' update because condition not met
[21:04:36.798] [bmv2] [T] [thread 10299] [25.0] [cxt 0] Skipping checksum 'cksum_0' update because condition not met
[21:04:36.798] [bmv2] [D] [thread 10299] [25.0] [cxt 0] Deparsing header 'ethernet'
[21:04:36.798] [bmv2] [D] [thread 10299] [25.0] [cxt 0] Deparser 'deparser': end
[21:04:36.798] [bmv2] [D] [thread 10303] [25.0] [cxt 0] Transmitting packet of size 219 out of port 0
[21:04:36.906] [bmv2] [D] [thread 10298] [26.0] [cxt 0] Processing packet received on port 2
[21:04:36.906] [bmv2] [D] [thread 10298] [26.0] [cxt 0] Parser 'parser': start
[21:04:36.906] [bmv2] [D] [thread 10298] [26.0] [cxt 0] Parser 'parser' entering state 'start'
[21:04:36.906] [bmv2] [D] [thread 10298] [26.0] [cxt 0] Extracting header 'ethernet'
[21:04:36.906] [bmv2] [D] [thread 10298] [26.0] [cxt 0] Parser state 'start': key is 86dd
[21:04:36.907] [bmv2] [T] [thread 10298] [26.0] [cxt 0] Bytes parsed: 14
[21:04:36.907] [bmv2] [D] [thread 10298] [26.0] [cxt 0] Parser 'parser': end
[21:04:36.907] [bmv2] [D] [thread 10298] [26.0] [cxt 0] Pipeline 'ingress': start
[21:04:36.907] [bmv2] [T] [thread 10298] [26.0] [cxt 0] streaming.p4(181) Condition "hdr.ipv4.isValid()" (node_2) is false
[21:04:36.907] [bmv2] [D] [thread 10298] [26.0] [cxt 0] Pipeline 'ingress': end
[21:04:36.907] [bmv2] [D] [thread 10298] [26.0] [cxt 0] Egress port is 0
[21:04:36.907] [bmv2] [D] [thread 10298] [27.0] [cxt 0] Processing packet received on port 3
[21:04:36.907] [bmv2] [D] [thread 10298] [27.0] [cxt 0] Parser 'parser': start
[21:04:36.907] [bmv2] [D] [thread 10298] [27.0] [cxt 0] Parser 'parser' entering state 'start'
[21:04:36.907] [bmv2] [D] [thread 10298] [27.0] [cxt 0] Extracting header 'ethernet'
[21:04:36.907] [bmv2] [D] [thread 10298] [27.0] [cxt 0] Parser state 'start': key is 86dd
[21:04:36.907] [bmv2] [T] [thread 10298] [27.0] [cxt 0] Bytes parsed: 14
[21:04:36.908] [bmv2] [D] [thread 10298] [27.0] [cxt 0] Parser 'parser': end
[21:04:36.908] [bmv2] [D] [thread 10298] [27.0] [cxt 0] Pipeline 'ingress': start
[21:04:36.908] [bmv2] [T] [thread 10298] [27.0] [cxt 0] streaming.p4(181) Condition "hdr.ipv4.isValid()" (node_2) is false
[21:04:36.908] [bmv2] [D] [thread 10298] [27.0] [cxt 0] Pipeline 'ingress': end
[21:04:36.908] [bmv2] [D] [thread 10298] [27.0] [cxt 0] Egress port is 0
[21:04:36.907] [bmv2] [D] [thread 10299] [26.0] [cxt 0] Pipeline 'egress': start
[21:04:36.908] [bmv2] [T] [thread 10299] [26.0] [cxt 0] streaming.p4(241) Condition "hdr.udp.isValid()" (node_6) is false
[21:04:36.908] [bmv2] [D] [thread 10299] [26.0] [cxt 0] Pipeline 'egress': end
[21:04:36.908] [bmv2] [D] [thread 10299] [26.0] [cxt 0] Deparser 'deparser': start
[21:04:36.908] [bmv2] [T] [thread 10299] [26.0] [cxt 0] Skipping checksum 'cksum' update because condition not met
[21:04:36.908] [bmv2] [T] [thread 10299] [26.0] [cxt 0] Skipping checksum 'cksum_0' update because condition not met
[21:04:36.908] [bmv2] [D] [thread 10299] [26.0] [cxt 0] Deparsing header 'ethernet'
[21:04:36.908] [bmv2] [D] [thread 10299] [26.0] [cxt 0] Deparser 'deparser': end
[21:04:36.908] [bmv2] [D] [thread 10299] [27.0] [cxt 0] Pipeline 'egress': start
[21:04:36.908] [bmv2] [T] [thread 10299] [27.0] [cxt 0] streaming.p4(241) Condition "hdr.udp.isValid()" (node_6) is false
[21:04:36.908] [bmv2] [D] [thread 10299] [27.0] [cxt 0] Pipeline 'egress': end
[21:04:36.908] [bmv2] [D] [thread 10299] [27.0] [cxt 0] Deparser 'deparser': start
[21:04:36.908] [bmv2] [T] [thread 10299] [27.0] [cxt 0] Skipping checksum 'cksum' update because condition not met
[21:04:36.908] [bmv2] [T] [thread 10299] [27.0] [cxt 0] Skipping checksum 'cksum_0' update because condition not met
[21:04:36.908] [bmv2] [D] [thread 10303] [26.0] [cxt 0] Transmitting packet of size 90 out of port 0
[21:04:36.908] [bmv2] [D] [thread 10299] [27.0] [cxt 0] Deparsing header 'ethernet'
[21:04:36.909] [bmv2] [D] [thread 10299] [27.0] [cxt 0] Deparser 'deparser': end
[21:04:36.909] [bmv2] [D] [thread 10303] [27.0] [cxt 0] Transmitting packet of size 90 out of port 0
[21:04:36.928] [bmv2] [D] [thread 10298] [28.0] [cxt 0] Processing packet received on port 3
[21:04:36.928] [bmv2] [D] [thread 10298] [28.0] [cxt 0] Parser 'parser': start
[21:04:36.929] [bmv2] [D] [thread 10298] [28.0] [cxt 0] Parser 'parser' entering state 'start'
[21:04:36.929] [bmv2] [D] [thread 10298] [28.0] [cxt 0] Extracting header 'ethernet'
[21:04:36.929] [bmv2] [D] [thread 10298] [28.0] [cxt 0] Parser state 'start': key is 86dd
[21:04:36.929] [bmv2] [T] [thread 10298] [28.0] [cxt 0] Bytes parsed: 14
[21:04:36.929] [bmv2] [D] [thread 10298] [28.0] [cxt 0] Parser 'parser': end
[21:04:36.929] [bmv2] [D] [thread 10298] [28.0] [cxt 0] Pipeline 'ingress': start
[21:04:36.929] [bmv2] [T] [thread 10298] [28.0] [cxt 0] streaming.p4(181) Condition "hdr.ipv4.isValid()" (node_2) is false
[21:04:36.929] [bmv2] [D] [thread 10298] [28.0] [cxt 0] Pipeline 'ingress': end
[21:04:36.929] [bmv2] [D] [thread 10298] [28.0] [cxt 0] Egress port is 0
[21:04:36.929] [bmv2] [D] [thread 10299] [28.0] [cxt 0] Pipeline 'egress': start
[21:04:36.929] [bmv2] [T] [thread 10299] [28.0] [cxt 0] streaming.p4(241) Condition "hdr.udp.isValid()" (node_6) is false
[21:04:36.929] [bmv2] [D] [thread 10299] [28.0] [cxt 0] Pipeline 'egress': end
[21:04:36.929] [bmv2] [D] [thread 10299] [28.0] [cxt 0] Deparser 'deparser': start
[21:04:36.929] [bmv2] [T] [thread 10299] [28.0] [cxt 0] Skipping checksum 'cksum' update because condition not met
[21:04:36.930] [bmv2] [T] [thread 10299] [28.0] [cxt 0] Skipping checksum 'cksum_0' update because condition not met
[21:04:36.930] [bmv2] [D] [thread 10299] [28.0] [cxt 0] Deparsing header 'ethernet'
[21:04:36.930] [bmv2] [D] [thread 10299] [28.0] [cxt 0] Deparser 'deparser': end
[21:04:36.930] [bmv2] [D] [thread 10303] [28.0] [cxt 0] Transmitting packet of size 207 out of port 0
[21:04:36.959] [bmv2] [D] [thread 10298] [29.0] [cxt 0] Processing packet received on port 2
[21:04:36.959] [bmv2] [D] [thread 10298] [29.0] [cxt 0] Parser 'parser': start
[21:04:36.959] [bmv2] [D] [thread 10298] [29.0] [cxt 0] Parser 'parser' entering state 'start'
[21:04:36.959] [bmv2] [D] [thread 10298] [29.0] [cxt 0] Extracting header 'ethernet'
[21:04:36.959] [bmv2] [D] [thread 10298] [29.0] [cxt 0] Parser state 'start': key is 86dd
[21:04:36.959] [bmv2] [T] [thread 10298] [29.0] [cxt 0] Bytes parsed: 14
[21:04:36.959] [bmv2] [D] [thread 10298] [29.0] [cxt 0] Parser 'parser': end
[21:04:36.959] [bmv2] [D] [thread 10298] [29.0] [cxt 0] Pipeline 'ingress': start
[21:04:36.959] [bmv2] [T] [thread 10298] [29.0] [cxt 0] streaming.p4(181) Condition "hdr.ipv4.isValid()" (node_2) is false
[21:04:36.959] [bmv2] [D] [thread 10298] [29.0] [cxt 0] Pipeline 'ingress': end
[21:04:36.959] [bmv2] [D] [thread 10298] [29.0] [cxt 0] Egress port is 0
[21:04:36.959] [bmv2] [D] [thread 10299] [29.0] [cxt 0] Pipeline 'egress': start
[21:04:36.959] [bmv2] [T] [thread 10299] [29.0] [cxt 0] streaming.p4(241) Condition "hdr.udp.isValid()" (node_6) is false
[21:04:36.959] [bmv2] [D] [thread 10299] [29.0] [cxt 0] Pipeline 'egress': end
[21:04:36.959] [bmv2] [D] [thread 10299] [29.0] [cxt 0] Deparser 'deparser': start
[21:04:36.959] [bmv2] [T] [thread 10299] [29.0] [cxt 0] Skipping checksum 'cksum' update because condition not met
[21:04:36.960] [bmv2] [T] [thread 10299] [29.0] [cxt 0] Skipping checksum 'cksum_0' update because condition not met
[21:04:36.960] [bmv2] [D] [thread 10299] [29.0] [cxt 0] Deparsing header 'ethernet'
[21:04:36.960] [bmv2] [D] [thread 10299] [29.0] [cxt 0] Deparser 'deparser': end
[21:04:36.960] [bmv2] [D] [thread 10303] [29.0] [cxt 0] Transmitting packet of size 207 out of port 0
[21:04:37.450] [bmv2] [D] [thread 10298] [30.0] [cxt 0] Processing packet received on port 3
[21:04:37.451] [bmv2] [D] [thread 10298] [30.0] [cxt 0] Parser 'parser': start
[21:04:37.451] [bmv2] [D] [thread 10298] [30.0] [cxt 0] Parser 'parser' entering state 'start'
[21:04:37.451] [bmv2] [D] [thread 10298] [30.0] [cxt 0] Extracting header 'ethernet'
[21:04:37.451] [bmv2] [D] [thread 10298] [30.0] [cxt 0] Parser state 'start': key is 86dd
[21:04:37.451] [bmv2] [T] [thread 10298] [30.0] [cxt 0] Bytes parsed: 14
[21:04:37.452] [bmv2] [D] [thread 10298] [30.0] [cxt 0] Parser 'parser': end
[21:04:37.452] [bmv2] [D] [thread 10298] [30.0] [cxt 0] Pipeline 'ingress': start
[21:04:37.452] [bmv2] [T] [thread 10298] [30.0] [cxt 0] streaming.p4(181) Condition "hdr.ipv4.isValid()" (node_2) is false
[21:04:37.452] [bmv2] [D] [thread 10298] [30.0] [cxt 0] Pipeline 'ingress': end
[21:04:37.452] [bmv2] [D] [thread 10298] [30.0] [cxt 0] Egress port is 0
[21:04:37.452] [bmv2] [D] [thread 10299] [30.0] [cxt 0] Pipeline 'egress': start
[21:04:37.452] [bmv2] [T] [thread 10299] [30.0] [cxt 0] streaming.p4(241) Condition "hdr.udp.isValid()" (node_6) is false
[21:04:37.452] [bmv2] [D] [thread 10299] [30.0] [cxt 0] Pipeline 'egress': end
[21:04:37.452] [bmv2] [D] [thread 10299] [30.0] [cxt 0] Deparser 'deparser': start
[21:04:37.452] [bmv2] [T] [thread 10299] [30.0] [cxt 0] Skipping checksum 'cksum' update because condition not met
[21:04:37.452] [bmv2] [T] [thread 10299] [30.0] [cxt 0] Skipping checksum 'cksum_0' update because condition not met
[21:04:37.452] [bmv2] [D] [thread 10299] [30.0] [cxt 0] Deparsing header 'ethernet'
[21:04:37.452] [bmv2] [D] [thread 10299] [30.0] [cxt 0] Deparser 'deparser': end
[21:04:37.452] [bmv2] [D] [thread 10303] [30.0] [cxt 0] Transmitting packet of size 207 out of port 0
[21:04:37.611] [bmv2] [D] [thread 10298] [31.0] [cxt 0] Processing packet received on port 1
[21:04:37.611] [bmv2] [D] [thread 10298] [31.0] [cxt 0] Parser 'parser': start
[21:04:37.611] [bmv2] [D] [thread 10298] [31.0] [cxt 0] Parser 'parser' entering state 'start'
[21:04:37.611] [bmv2] [D] [thread 10298] [31.0] [cxt 0] Extracting header 'ethernet'
[21:04:37.611] [bmv2] [D] [thread 10298] [31.0] [cxt 0] Parser state 'start': key is 86dd
[21:04:37.611] [bmv2] [T] [thread 10298] [31.0] [cxt 0] Bytes parsed: 14
[21:04:37.611] [bmv2] [D] [thread 10298] [31.0] [cxt 0] Parser 'parser': end
[21:04:37.611] [bmv2] [D] [thread 10298] [31.0] [cxt 0] Pipeline 'ingress': start
[21:04:37.611] [bmv2] [T] [thread 10298] [31.0] [cxt 0] streaming.p4(181) Condition "hdr.ipv4.isValid()" (node_2) is false
[21:04:37.611] [bmv2] [D] [thread 10298] [31.0] [cxt 0] Pipeline 'ingress': end
[21:04:37.611] [bmv2] [D] [thread 10298] [31.0] [cxt 0] Egress port is 0
[21:04:37.611] [bmv2] [D] [thread 10299] [31.0] [cxt 0] Pipeline 'egress': start
[21:04:37.611] [bmv2] [T] [thread 10299] [31.0] [cxt 0] streaming.p4(241) Condition "hdr.udp.isValid()" (node_6) is false
[21:04:37.611] [bmv2] [D] [thread 10299] [31.0] [cxt 0] Pipeline 'egress': end
[21:04:37.611] [bmv2] [D] [thread 10299] [31.0] [cxt 0] Deparser 'deparser': start
[21:04:37.611] [bmv2] [T] [thread 10299] [31.0] [cxt 0] Skipping checksum 'cksum' update because condition not met
[21:04:37.611] [bmv2] [T] [thread 10299] [31.0] [cxt 0] Skipping checksum 'cksum_0' update because condition not met
[21:04:37.611] [bmv2] [D] [thread 10299] [31.0] [cxt 0] Deparsing header 'ethernet'
[21:04:37.612] [bmv2] [D] [thread 10299] [31.0] [cxt 0] Deparser 'deparser': end
[21:04:37.612] [bmv2] [D] [thread 10303] [31.0] [cxt 0] Transmitting packet of size 207 out of port 0
[21:04:37.759] [bmv2] [D] [thread 10298] [32.0] [cxt 0] Processing packet received on port 1
[21:04:37.759] [bmv2] [D] [thread 10298] [32.0] [cxt 0] Parser 'parser': start
[21:04:37.759] [bmv2] [D] [thread 10298] [32.0] [cxt 0] Parser 'parser' entering state 'start'
[21:04:37.759] [bmv2] [D] [thread 10298] [32.0] [cxt 0] Extracting header 'ethernet'
[21:04:37.759] [bmv2] [D] [thread 10298] [32.0] [cxt 0] Parser state 'start': key is 86dd
[21:04:37.759] [bmv2] [T] [thread 10298] [32.0] [cxt 0] Bytes parsed: 14
[21:04:37.759] [bmv2] [D] [thread 10298] [32.0] [cxt 0] Parser 'parser': end
[21:04:37.759] [bmv2] [D] [thread 10298] [32.0] [cxt 0] Pipeline 'ingress': start
[21:04:37.760] [bmv2] [T] [thread 10298] [32.0] [cxt 0] streaming.p4(181) Condition "hdr.ipv4.isValid()" (node_2) is false
[21:04:37.760] [bmv2] [D] [thread 10298] [32.0] [cxt 0] Pipeline 'ingress': end
[21:04:37.760] [bmv2] [D] [thread 10298] [32.0] [cxt 0] Egress port is 0
[21:04:37.760] [bmv2] [D] [thread 10298] [33.0] [cxt 0] Processing packet received on port 2
[21:04:37.760] [bmv2] [D] [thread 10298] [33.0] [cxt 0] Parser 'parser': start
[21:04:37.760] [bmv2] [D] [thread 10298] [33.0] [cxt 0] Parser 'parser' entering state 'start'
[21:04:37.760] [bmv2] [D] [thread 10298] [33.0] [cxt 0] Extracting header 'ethernet'
[21:04:37.760] [bmv2] [D] [thread 10298] [33.0] [cxt 0] Parser state 'start': key is 86dd
[21:04:37.760] [bmv2] [T] [thread 10298] [33.0] [cxt 0] Bytes parsed: 14
[21:04:37.760] [bmv2] [D] [thread 10298] [33.0] [cxt 0] Parser 'parser': end
[21:04:37.760] [bmv2] [D] [thread 10298] [33.0] [cxt 0] Pipeline 'ingress': start
[21:04:37.760] [bmv2] [T] [thread 10298] [33.0] [cxt 0] streaming.p4(181) Condition "hdr.ipv4.isValid()" (node_2) is false
[21:04:37.760] [bmv2] [D] [thread 10298] [33.0] [cxt 0] Pipeline 'ingress': end
[21:04:37.760] [bmv2] [D] [thread 10298] [33.0] [cxt 0] Egress port is 0
[21:04:37.760] [bmv2] [D] [thread 10299] [32.0] [cxt 0] Pipeline 'egress': start
[21:04:37.760] [bmv2] [T] [thread 10299] [32.0] [cxt 0] streaming.p4(241) Condition "hdr.udp.isValid()" (node_6) is false
[21:04:37.760] [bmv2] [D] [thread 10299] [32.0] [cxt 0] Pipeline 'egress': end
[21:04:37.760] [bmv2] [D] [thread 10299] [32.0] [cxt 0] Deparser 'deparser': start
[21:04:37.761] [bmv2] [T] [thread 10299] [32.0] [cxt 0] Skipping checksum 'cksum' update because condition not met
[21:04:37.761] [bmv2] [T] [thread 10299] [32.0] [cxt 0] Skipping checksum 'cksum_0' update because condition not met
[21:04:37.761] [bmv2] [D] [thread 10299] [32.0] [cxt 0] Deparsing header 'ethernet'
[21:04:37.761] [bmv2] [D] [thread 10299] [32.0] [cxt 0] Deparser 'deparser': end
[21:04:37.761] [bmv2] [D] [thread 10299] [33.0] [cxt 0] Pipeline 'egress': start
[21:04:37.761] [bmv2] [T] [thread 10299] [33.0] [cxt 0] streaming.p4(241) Condition "hdr.udp.isValid()" (node_6) is false
[21:04:37.761] [bmv2] [D] [thread 10299] [33.0] [cxt 0] Pipeline 'egress': end
[21:04:37.761] [bmv2] [D] [thread 10299] [33.0] [cxt 0] Deparser 'deparser': start
[21:04:37.761] [bmv2] [T] [thread 10299] [33.0] [cxt 0] Skipping checksum 'cksum' update because condition not met
[21:04:37.761] [bmv2] [T] [thread 10299] [33.0] [cxt 0] Skipping checksum 'cksum_0' update because condition not met
[21:04:37.761] [bmv2] [D] [thread 10299] [33.0] [cxt 0] Deparsing header 'ethernet'
[21:04:37.761] [bmv2] [D] [thread 10299] [33.0] [cxt 0] Deparser 'deparser': end
[21:04:37.761] [bmv2] [D] [thread 10303] [32.0] [cxt 0] Transmitting packet of size 207 out of port 0
[21:04:37.761] [bmv2] [D] [thread 10303] [33.0] [cxt 0] Transmitting packet of size 207 out of port 0
[21:04:38.143] [bmv2] [D] [thread 10298] [34.0] [cxt 0] Processing packet received on port 2
[21:04:38.143] [bmv2] [D] [thread 10298] [34.0] [cxt 0] Parser 'parser': start
[21:04:38.143] [bmv2] [D] [thread 10298] [34.0] [cxt 0] Parser 'parser' entering state 'start'
[21:04:38.143] [bmv2] [D] [thread 10298] [34.0] [cxt 0] Extracting header 'ethernet'
[21:04:38.143] [bmv2] [D] [thread 10298] [34.0] [cxt 0] Parser state 'start': key is 86dd
[21:04:38.143] [bmv2] [T] [thread 10298] [34.0] [cxt 0] Bytes parsed: 14
[21:04:38.143] [bmv2] [D] [thread 10298] [34.0] [cxt 0] Parser 'parser': end
[21:04:38.143] [bmv2] [D] [thread 10298] [34.0] [cxt 0] Pipeline 'ingress': start
[21:04:38.143] [bmv2] [T] [thread 10298] [34.0] [cxt 0] streaming.p4(181) Condition "hdr.ipv4.isValid()" (node_2) is false
[21:04:38.143] [bmv2] [D] [thread 10298] [34.0] [cxt 0] Pipeline 'ingress': end
[21:04:38.143] [bmv2] [D] [thread 10298] [34.0] [cxt 0] Egress port is 0
[21:04:38.143] [bmv2] [D] [thread 10298] [35.0] [cxt 0] Processing packet received on port 3
[21:04:38.143] [bmv2] [D] [thread 10299] [34.0] [cxt 0] Pipeline 'egress': start
[21:04:38.143] [bmv2] [T] [thread 10299] [34.0] [cxt 0] streaming.p4(241) Condition "hdr.udp.isValid()" (node_6) is false
[21:04:38.143] [bmv2] [D] [thread 10298] [35.0] [cxt 0] Parser 'parser': start
[21:04:38.144] [bmv2] [D] [thread 10298] [35.0] [cxt 0] Parser 'parser' entering state 'start'
[21:04:38.143] [bmv2] [D] [thread 10299] [34.0] [cxt 0] Pipeline 'egress': end
[21:04:38.144] [bmv2] [D] [thread 10299] [34.0] [cxt 0] Deparser 'deparser': start
[21:04:38.144] [bmv2] [T] [thread 10299] [34.0] [cxt 0] Skipping checksum 'cksum' update because condition not met
[21:04:38.144] [bmv2] [T] [thread 10299] [34.0] [cxt 0] Skipping checksum 'cksum_0' update because condition not met
[21:04:38.144] [bmv2] [D] [thread 10299] [34.0] [cxt 0] Deparsing header 'ethernet'
[21:04:38.144] [bmv2] [D] [thread 10299] [34.0] [cxt 0] Deparser 'deparser': end
[21:04:38.144] [bmv2] [D] [thread 10303] [34.0] [cxt 0] Transmitting packet of size 207 out of port 0
[21:04:38.144] [bmv2] [D] [thread 10298] [35.0] [cxt 0] Extracting header 'ethernet'
[21:04:38.144] [bmv2] [D] [thread 10298] [35.0] [cxt 0] Parser state 'start': key is 86dd
[21:04:38.144] [bmv2] [T] [thread 10298] [35.0] [cxt 0] Bytes parsed: 14
[21:04:38.144] [bmv2] [D] [thread 10298] [35.0] [cxt 0] Parser 'parser': end
[21:04:38.144] [bmv2] [D] [thread 10298] [35.0] [cxt 0] Pipeline 'ingress': start
[21:04:38.144] [bmv2] [T] [thread 10298] [35.0] [cxt 0] streaming.p4(181) Condition "hdr.ipv4.isValid()" (node_2) is false
[21:04:38.145] [bmv2] [D] [thread 10298] [35.0] [cxt 0] Pipeline 'ingress': end
[21:04:38.145] [bmv2] [D] [thread 10298] [35.0] [cxt 0] Egress port is 0
[21:04:38.145] [bmv2] [D] [thread 10299] [35.0] [cxt 0] Pipeline 'egress': start
[21:04:38.145] [bmv2] [T] [thread 10299] [35.0] [cxt 0] streaming.p4(241) Condition "hdr.udp.isValid()" (node_6) is false
[21:04:38.145] [bmv2] [D] [thread 10299] [35.0] [cxt 0] Pipeline 'egress': end
[21:04:38.145] [bmv2] [D] [thread 10299] [35.0] [cxt 0] Deparser 'deparser': start
[21:04:38.145] [bmv2] [T] [thread 10299] [35.0] [cxt 0] Skipping checksum 'cksum' update because condition not met
[21:04:38.145] [bmv2] [T] [thread 10299] [35.0] [cxt 0] Skipping checksum 'cksum_0' update because condition not met
[21:04:38.145] [bmv2] [D] [thread 10299] [35.0] [cxt 0] Deparsing header 'ethernet'
[21:04:38.145] [bmv2] [D] [thread 10299] [35.0] [cxt 0] Deparser 'deparser': end
[21:04:38.145] [bmv2] [D] [thread 10303] [35.0] [cxt 0] Transmitting packet of size 207 out of port 0
[21:04:39.051] [bmv2] [D] [thread 10298] [36.0] [cxt 0] Processing packet received on port 3
[21:04:39.051] [bmv2] [D] [thread 10298] [36.0] [cxt 0] Parser 'parser': start
[21:04:39.051] [bmv2] [D] [thread 10298] [36.0] [cxt 0] Parser 'parser' entering state 'start'
[21:04:39.051] [bmv2] [D] [thread 10298] [36.0] [cxt 0] Extracting header 'ethernet'
[21:04:39.051] [bmv2] [D] [thread 10298] [36.0] [cxt 0] Parser state 'start': key is 86dd
[21:04:39.051] [bmv2] [T] [thread 10298] [36.0] [cxt 0] Bytes parsed: 14
[21:04:39.051] [bmv2] [D] [thread 10298] [36.0] [cxt 0] Parser 'parser': end
[21:04:39.051] [bmv2] [D] [thread 10298] [36.0] [cxt 0] Pipeline 'ingress': start
[21:04:39.052] [bmv2] [T] [thread 10298] [36.0] [cxt 0] streaming.p4(181) Condition "hdr.ipv4.isValid()" (node_2) is false
[21:04:39.052] [bmv2] [D] [thread 10298] [36.0] [cxt 0] Pipeline 'ingress': end
[21:04:39.052] [bmv2] [D] [thread 10298] [36.0] [cxt 0] Egress port is 0
[21:04:39.052] [bmv2] [D] [thread 10299] [36.0] [cxt 0] Pipeline 'egress': start
[21:04:39.052] [bmv2] [T] [thread 10299] [36.0] [cxt 0] streaming.p4(241) Condition "hdr.udp.isValid()" (node_6) is false
[21:04:39.052] [bmv2] [D] [thread 10299] [36.0] [cxt 0] Pipeline 'egress': end
[21:04:39.052] [bmv2] [D] [thread 10299] [36.0] [cxt 0] Deparser 'deparser': start
[21:04:39.052] [bmv2] [T] [thread 10299] [36.0] [cxt 0] Skipping checksum 'cksum' update because condition not met
[21:04:39.052] [bmv2] [T] [thread 10299] [36.0] [cxt 0] Skipping checksum 'cksum_0' update because condition not met
[21:04:39.052] [bmv2] [D] [thread 10299] [36.0] [cxt 0] Deparsing header 'ethernet'
[21:04:39.052] [bmv2] [D] [thread 10299] [36.0] [cxt 0] Deparser 'deparser': end
[21:04:39.052] [bmv2] [D] [thread 10303] [36.0] [cxt 0] Transmitting packet of size 70 out of port 0
New connection
P4Runtime SetForwardingPipelineConfig
[21:04:39.310] [bmv2] [W] [thread 10420] [P4Runtime] p4::tmp::P4DeviceConfig is deprecated
[21:04:39.311] [bmv2] [D] [thread 10420] Set default default entry for table 'MyIngress.ipv4_lpm': MyIngress.drop - 
[21:04:39.311] [bmv2] [D] [thread 10420] Set default default entry for table 'MyEgress.NAT_match_action_table': NoAction - 
[21:04:39.312] [bmv2] [D] [thread 10420] simple_switch target has been notified of a config swap
Connection removed
[21:04:39.557] [bmv2] [D] [thread 10298] [37.0] [cxt 0] Processing packet received on port 2
[21:04:39.557] [bmv2] [D] [thread 10298] [37.0] [cxt 0] Parser 'parser': start
[21:04:39.557] [bmv2] [D] [thread 10298] [37.0] [cxt 0] Parser 'parser' entering state 'start'
[21:04:39.557] [bmv2] [D] [thread 10298] [37.0] [cxt 0] Extracting header 'ethernet'
[21:04:39.557] [bmv2] [D] [thread 10298] [37.0] [cxt 0] Parser state 'start': key is 86dd
[21:04:39.557] [bmv2] [T] [thread 10298] [37.0] [cxt 0] Bytes parsed: 14
[21:04:39.557] [bmv2] [D] [thread 10298] [37.0] [cxt 0] Parser 'parser': end
[21:04:39.557] [bmv2] [D] [thread 10298] [37.0] [cxt 0] Pipeline 'ingress': start
[21:04:39.557] [bmv2] [T] [thread 10298] [37.0] [cxt 0] streaming.p4(181) Condition "hdr.ipv4.isValid()" (node_2) is false
[21:04:39.557] [bmv2] [D] [thread 10298] [37.0] [cxt 0] Pipeline 'ingress': end
[21:04:39.558] [bmv2] [D] [thread 10298] [37.0] [cxt 0] Egress port is 0
[21:04:39.558] [bmv2] [D] [thread 10299] [37.0] [cxt 0] Pipeline 'egress': start
[21:04:39.559] [bmv2] [T] [thread 10299] [37.0] [cxt 0] streaming.p4(241) Condition "hdr.udp.isValid()" (node_6) is false
[21:04:39.559] [bmv2] [D] [thread 10299] [37.0] [cxt 0] Pipeline 'egress': end
[21:04:39.559] [bmv2] [D] [thread 10299] [37.0] [cxt 0] Deparser 'deparser': start
[21:04:39.559] [bmv2] [T] [thread 10299] [37.0] [cxt 0] Skipping checksum 'cksum' update because condition not met
[21:04:39.560] [bmv2] [T] [thread 10299] [37.0] [cxt 0] Skipping checksum 'cksum_0' update because condition not met
[21:04:39.560] [bmv2] [D] [thread 10299] [37.0] [cxt 0] Deparsing header 'ethernet'
[21:04:39.560] [bmv2] [D] [thread 10299] [37.0] [cxt 0] Deparser 'deparser': end
[21:04:39.560] [bmv2] [D] [thread 10303] [37.0] [cxt 0] Transmitting packet of size 70 out of port 0
[21:04:39.619] [bmv2] [D] [thread 10298] [38.0] [cxt 0] Processing packet received on port 3
[21:04:39.619] [bmv2] [D] [thread 10298] [38.0] [cxt 0] Parser 'parser': start
[21:04:39.619] [bmv2] [D] [thread 10298] [38.0] [cxt 0] Parser 'parser' entering state 'start'
[21:04:39.619] [bmv2] [D] [thread 10298] [38.0] [cxt 0] Extracting header 'ethernet'
[21:04:39.619] [bmv2] [D] [thread 10298] [38.0] [cxt 0] Parser state 'start': key is 86dd
[21:04:39.619] [bmv2] [T] [thread 10298] [38.0] [cxt 0] Bytes parsed: 14
[21:04:39.619] [bmv2] [D] [thread 10298] [38.0] [cxt 0] Parser 'parser': end
[21:04:39.619] [bmv2] [D] [thread 10298] [38.0] [cxt 0] Pipeline 'ingress': start
[21:04:39.619] [bmv2] [T] [thread 10298] [38.0] [cxt 0] streaming.p4(181) Condition "hdr.ipv4.isValid()" (node_2) is false
[21:04:39.619] [bmv2] [D] [thread 10298] [38.0] [cxt 0] Pipeline 'ingress': end
[21:04:39.619] [bmv2] [D] [thread 10298] [38.0] [cxt 0] Egress port is 0
[21:04:39.619] [bmv2] [D] [thread 10299] [38.0] [cxt 0] Pipeline 'egress': start
[21:04:39.619] [bmv2] [T] [thread 10299] [38.0] [cxt 0] streaming.p4(241) Condition "hdr.udp.isValid()" (node_6) is false
[21:04:39.619] [bmv2] [D] [thread 10299] [38.0] [cxt 0] Pipeline 'egress': end
[21:04:39.619] [bmv2] [D] [thread 10299] [38.0] [cxt 0] Deparser 'deparser': start
[21:04:39.619] [bmv2] [T] [thread 10299] [38.0] [cxt 0] Skipping checksum 'cksum' update because condition not met
[21:04:39.619] [bmv2] [T] [thread 10299] [38.0] [cxt 0] Skipping checksum 'cksum_0' update because condition not met
[21:04:39.619] [bmv2] [D] [thread 10299] [38.0] [cxt 0] Deparsing header 'ethernet'
[21:04:39.620] [bmv2] [D] [thread 10299] [38.0] [cxt 0] Deparser 'deparser': end
[21:04:39.620] [bmv2] [D] [thread 10303] [38.0] [cxt 0] Transmitting packet of size 207 out of port 0
[21:04:39.779] [bmv2] [D] [thread 10298] [39.0] [cxt 0] Processing packet received on port 1
[21:04:39.780] [bmv2] [D] [thread 10298] [39.0] [cxt 0] Parser 'parser': start
[21:04:39.780] [bmv2] [D] [thread 10298] [39.0] [cxt 0] Parser 'parser' entering state 'start'
[21:04:39.780] [bmv2] [D] [thread 10298] [39.0] [cxt 0] Extracting header 'ethernet'
[21:04:39.780] [bmv2] [D] [thread 10298] [39.0] [cxt 0] Parser state 'start': key is 86dd
[21:04:39.780] [bmv2] [T] [thread 10298] [39.0] [cxt 0] Bytes parsed: 14
[21:04:39.780] [bmv2] [D] [thread 10298] [39.0] [cxt 0] Parser 'parser': end
[21:04:39.780] [bmv2] [D] [thread 10298] [39.0] [cxt 0] Pipeline 'ingress': start
[21:04:39.780] [bmv2] [T] [thread 10298] [39.0] [cxt 0] streaming.p4(181) Condition "hdr.ipv4.isValid()" (node_2) is false
[21:04:39.780] [bmv2] [D] [thread 10298] [39.0] [cxt 0] Pipeline 'ingress': end
[21:04:39.780] [bmv2] [D] [thread 10298] [39.0] [cxt 0] Egress port is 0
[21:04:39.780] [bmv2] [D] [thread 10299] [39.0] [cxt 0] Pipeline 'egress': start
[21:04:39.780] [bmv2] [T] [thread 10299] [39.0] [cxt 0] streaming.p4(241) Condition "hdr.udp.isValid()" (node_6) is false
[21:04:39.780] [bmv2] [D] [thread 10299] [39.0] [cxt 0] Pipeline 'egress': end
[21:04:39.780] [bmv2] [D] [thread 10299] [39.0] [cxt 0] Deparser 'deparser': start
[21:04:39.780] [bmv2] [T] [thread 10299] [39.0] [cxt 0] Skipping checksum 'cksum' update because condition not met
[21:04:39.780] [bmv2] [T] [thread 10299] [39.0] [cxt 0] Skipping checksum 'cksum_0' update because condition not met
[21:04:39.780] [bmv2] [D] [thread 10299] [39.0] [cxt 0] Deparsing header 'ethernet'
[21:04:39.780] [bmv2] [D] [thread 10299] [39.0] [cxt 0] Deparser 'deparser': end
[21:04:39.781] [bmv2] [D] [thread 10303] [39.0] [cxt 0] Transmitting packet of size 207 out of port 0
[21:04:39.813] [bmv2] [D] [thread 10298] [40.0] [cxt 0] Processing packet received on port 1
[21:04:39.813] [bmv2] [D] [thread 10298] [40.0] [cxt 0] Parser 'parser': start
[21:04:39.813] [bmv2] [D] [thread 10298] [40.0] [cxt 0] Parser 'parser' entering state 'start'
[21:04:39.813] [bmv2] [D] [thread 10298] [40.0] [cxt 0] Extracting header 'ethernet'
[21:04:39.813] [bmv2] [D] [thread 10298] [40.0] [cxt 0] Parser state 'start': key is 86dd
[21:04:39.814] [bmv2] [T] [thread 10298] [40.0] [cxt 0] Bytes parsed: 14
[21:04:39.814] [bmv2] [D] [thread 10298] [40.0] [cxt 0] Parser 'parser': end
[21:04:39.815] [bmv2] [D] [thread 10298] [40.0] [cxt 0] Pipeline 'ingress': start
[21:04:39.815] [bmv2] [T] [thread 10298] [40.0] [cxt 0] streaming.p4(181) Condition "hdr.ipv4.isValid()" (node_2) is false
[21:04:39.815] [bmv2] [D] [thread 10298] [40.0] [cxt 0] Pipeline 'ingress': end
[21:04:39.815] [bmv2] [D] [thread 10298] [40.0] [cxt 0] Egress port is 0
[21:04:39.815] [bmv2] [D] [thread 10298] [41.0] [cxt 0] Processing packet received on port 1
[21:04:39.815] [bmv2] [D] [thread 10298] [41.0] [cxt 0] Parser 'parser': start
[21:04:39.815] [bmv2] [D] [thread 10298] [41.0] [cxt 0] Parser 'parser' entering state 'start'
[21:04:39.815] [bmv2] [D] [thread 10298] [41.0] [cxt 0] Extracting header 'ethernet'
[21:04:39.815] [bmv2] [D] [thread 10298] [41.0] [cxt 0] Parser state 'start': key is 86dd
[21:04:39.815] [bmv2] [T] [thread 10298] [41.0] [cxt 0] Bytes parsed: 14
[21:04:39.815] [bmv2] [D] [thread 10298] [41.0] [cxt 0] Parser 'parser': end
[21:04:39.815] [bmv2] [D] [thread 10298] [41.0] [cxt 0] Pipeline 'ingress': start
[21:04:39.815] [bmv2] [T] [thread 10298] [41.0] [cxt 0] streaming.p4(181) Condition "hdr.ipv4.isValid()" (node_2) is false
[21:04:39.815] [bmv2] [D] [thread 10298] [41.0] [cxt 0] Pipeline 'ingress': end
[21:04:39.815] [bmv2] [D] [thread 10298] [41.0] [cxt 0] Egress port is 0
[21:04:39.815] [bmv2] [D] [thread 10299] [40.0] [cxt 0] Pipeline 'egress': start
[21:04:39.815] [bmv2] [T] [thread 10299] [40.0] [cxt 0] streaming.p4(241) Condition "hdr.udp.isValid()" (node_6) is false
[21:04:39.815] [bmv2] [D] [thread 10299] [40.0] [cxt 0] Pipeline 'egress': end
[21:04:39.815] [bmv2] [D] [thread 10299] [40.0] [cxt 0] Deparser 'deparser': start
[21:04:39.815] [bmv2] [T] [thread 10299] [40.0] [cxt 0] Skipping checksum 'cksum' update because condition not met
[21:04:39.815] [bmv2] [T] [thread 10299] [40.0] [cxt 0] Skipping checksum 'cksum_0' update because condition not met
[21:04:39.815] [bmv2] [D] [thread 10299] [40.0] [cxt 0] Deparsing header 'ethernet'
[21:04:39.815] [bmv2] [D] [thread 10299] [40.0] [cxt 0] Deparser 'deparser': end
[21:04:39.815] [bmv2] [D] [thread 10299] [41.0] [cxt 0] Pipeline 'egress': start
[21:04:39.815] [bmv2] [T] [thread 10299] [41.0] [cxt 0] streaming.p4(241) Condition "hdr.udp.isValid()" (node_6) is false
[21:04:39.815] [bmv2] [D] [thread 10299] [41.0] [cxt 0] Pipeline 'egress': end
[21:04:39.815] [bmv2] [D] [thread 10299] [41.0] [cxt 0] Deparser 'deparser': start
[21:04:39.815] [bmv2] [T] [thread 10299] [41.0] [cxt 0] Skipping checksum 'cksum' update because condition not met
[21:04:39.815] [bmv2] [T] [thread 10299] [41.0] [cxt 0] Skipping checksum 'cksum_0' update because condition not met
[21:04:39.816] [bmv2] [D] [thread 10299] [41.0] [cxt 0] Deparsing header 'ethernet'
[21:04:39.816] [bmv2] [D] [thread 10299] [41.0] [cxt 0] Deparser 'deparser': end
[21:04:39.815] [bmv2] [D] [thread 10303] [40.0] [cxt 0] Transmitting packet of size 70 out of port 0
[21:04:39.816] [bmv2] [D] [thread 10303] [41.0] [cxt 0] Transmitting packet of size 70 out of port 0
[21:04:39.926] [bmv2] [D] [thread 10298] [42.0] [cxt 0] Processing packet received on port 1
[21:04:39.926] [bmv2] [D] [thread 10298] [42.0] [cxt 0] Parser 'parser': start
[21:04:39.926] [bmv2] [D] [thread 10298] [42.0] [cxt 0] Parser 'parser' entering state 'start'
[21:04:39.926] [bmv2] [D] [thread 10298] [42.0] [cxt 0] Extracting header 'ethernet'
[21:04:39.926] [bmv2] [D] [thread 10298] [42.0] [cxt 0] Parser state 'start': key is 86dd
[21:04:39.926] [bmv2] [T] [thread 10298] [42.0] [cxt 0] Bytes parsed: 14
[21:04:39.927] [bmv2] [D] [thread 10298] [42.0] [cxt 0] Parser 'parser': end
[21:04:39.927] [bmv2] [D] [thread 10298] [42.0] [cxt 0] Pipeline 'ingress': start
[21:04:39.927] [bmv2] [T] [thread 10298] [42.0] [cxt 0] streaming.p4(181) Condition "hdr.ipv4.isValid()" (node_2) is false
[21:04:39.927] [bmv2] [D] [thread 10298] [42.0] [cxt 0] Pipeline 'ingress': end
[21:04:39.927] [bmv2] [D] [thread 10298] [42.0] [cxt 0] Egress port is 0
[21:04:39.927] [bmv2] [D] [thread 10298] [43.0] [cxt 0] Processing packet received on port 2
[21:04:39.927] [bmv2] [D] [thread 10298] [43.0] [cxt 0] Parser 'parser': start
[21:04:39.927] [bmv2] [D] [thread 10298] [43.0] [cxt 0] Parser 'parser' entering state 'start'
[21:04:39.927] [bmv2] [D] [thread 10298] [43.0] [cxt 0] Extracting header 'ethernet'
[21:04:39.927] [bmv2] [D] [thread 10298] [43.0] [cxt 0] Parser state 'start': key is 86dd
[21:04:39.927] [bmv2] [T] [thread 10298] [43.0] [cxt 0] Bytes parsed: 14
[21:04:39.927] [bmv2] [D] [thread 10298] [43.0] [cxt 0] Parser 'parser': end
[21:04:39.927] [bmv2] [D] [thread 10298] [43.0] [cxt 0] Pipeline 'ingress': start
[21:04:39.927] [bmv2] [T] [thread 10298] [43.0] [cxt 0] streaming.p4(181) Condition "hdr.ipv4.isValid()" (node_2) is false
[21:04:39.927] [bmv2] [D] [thread 10298] [43.0] [cxt 0] Pipeline 'ingress': end
[21:04:39.927] [bmv2] [D] [thread 10298] [43.0] [cxt 0] Egress port is 0
[21:04:39.927] [bmv2] [D] [thread 10299] [42.0] [cxt 0] Pipeline 'egress': start
[21:04:39.927] [bmv2] [T] [thread 10299] [42.0] [cxt 0] streaming.p4(241) Condition "hdr.udp.isValid()" (node_6) is false
[21:04:39.927] [bmv2] [D] [thread 10299] [42.0] [cxt 0] Pipeline 'egress': end
[21:04:39.928] [bmv2] [D] [thread 10299] [42.0] [cxt 0] Deparser 'deparser': start
[21:04:39.928] [bmv2] [T] [thread 10299] [42.0] [cxt 0] Skipping checksum 'cksum' update because condition not met
[21:04:39.928] [bmv2] [T] [thread 10299] [42.0] [cxt 0] Skipping checksum 'cksum_0' update because condition not met
[21:04:39.928] [bmv2] [D] [thread 10299] [42.0] [cxt 0] Deparsing header 'ethernet'
[21:04:39.928] [bmv2] [D] [thread 10299] [42.0] [cxt 0] Deparser 'deparser': end
[21:04:39.928] [bmv2] [D] [thread 10299] [43.0] [cxt 0] Pipeline 'egress': start
[21:04:39.928] [bmv2] [T] [thread 10299] [43.0] [cxt 0] streaming.p4(241) Condition "hdr.udp.isValid()" (node_6) is false
[21:04:39.928] [bmv2] [D] [thread 10299] [43.0] [cxt 0] Pipeline 'egress': end
[21:04:39.928] [bmv2] [D] [thread 10299] [43.0] [cxt 0] Deparser 'deparser': start
[21:04:39.928] [bmv2] [D] [thread 10303] [42.0] [cxt 0] Transmitting packet of size 207 out of port 0
[21:04:39.928] [bmv2] [T] [thread 10299] [43.0] [cxt 0] Skipping checksum 'cksum' update because condition not met
[21:04:39.928] [bmv2] [T] [thread 10299] [43.0] [cxt 0] Skipping checksum 'cksum_0' update because condition not met
[21:04:39.928] [bmv2] [D] [thread 10299] [43.0] [cxt 0] Deparsing header 'ethernet'
[21:04:39.928] [bmv2] [D] [thread 10299] [43.0] [cxt 0] Deparser 'deparser': end
[21:04:39.928] [bmv2] [D] [thread 10303] [43.0] [cxt 0] Transmitting packet of size 207 out of port 0
[21:04:40.305] [bmv2] [D] [thread 10298] [44.0] [cxt 0] Processing packet received on port 2
[21:04:40.305] [bmv2] [D] [thread 10298] [44.0] [cxt 0] Parser 'parser': start
[21:04:40.305] [bmv2] [D] [thread 10298] [44.0] [cxt 0] Parser 'parser' entering state 'start'
[21:04:40.305] [bmv2] [D] [thread 10298] [44.0] [cxt 0] Extracting header 'ethernet'
[21:04:40.305] [bmv2] [D] [thread 10298] [44.0] [cxt 0] Parser state 'start': key is 86dd
[21:04:40.305] [bmv2] [T] [thread 10298] [44.0] [cxt 0] Bytes parsed: 14
[21:04:40.305] [bmv2] [D] [thread 10298] [44.0] [cxt 0] Parser 'parser': end
[21:04:40.305] [bmv2] [D] [thread 10298] [44.0] [cxt 0] Pipeline 'ingress': start
[21:04:40.305] [bmv2] [T] [thread 10298] [44.0] [cxt 0] streaming.p4(181) Condition "hdr.ipv4.isValid()" (node_2) is false
[21:04:40.305] [bmv2] [D] [thread 10298] [44.0] [cxt 0] Pipeline 'ingress': end
[21:04:40.305] [bmv2] [D] [thread 10298] [44.0] [cxt 0] Egress port is 0
[21:04:40.306] [bmv2] [D] [thread 10298] [45.0] [cxt 0] Processing packet received on port 3
[21:04:40.306] [bmv2] [D] [thread 10298] [45.0] [cxt 0] Parser 'parser': start
[21:04:40.306] [bmv2] [D] [thread 10299] [44.0] [cxt 0] Pipeline 'egress': start
[21:04:40.306] [bmv2] [T] [thread 10299] [44.0] [cxt 0] streaming.p4(241) Condition "hdr.udp.isValid()" (node_6) is false
[21:04:40.306] [bmv2] [D] [thread 10299] [44.0] [cxt 0] Pipeline 'egress': end
[21:04:40.306] [bmv2] [D] [thread 10299] [44.0] [cxt 0] Deparser 'deparser': start
[21:04:40.307] [bmv2] [T] [thread 10299] [44.0] [cxt 0] Skipping checksum 'cksum' update because condition not met
[21:04:40.307] [bmv2] [T] [thread 10299] [44.0] [cxt 0] Skipping checksum 'cksum_0' update because condition not met
[21:04:40.307] [bmv2] [D] [thread 10299] [44.0] [cxt 0] Deparsing header 'ethernet'
[21:04:40.307] [bmv2] [D] [thread 10299] [44.0] [cxt 0] Deparser 'deparser': end
[21:04:40.307] [bmv2] [D] [thread 10303] [44.0] [cxt 0] Transmitting packet of size 207 out of port 0
[21:04:40.306] [bmv2] [D] [thread 10298] [45.0] [cxt 0] Parser 'parser' entering state 'start'
[21:04:40.307] [bmv2] [D] [thread 10298] [45.0] [cxt 0] Extracting header 'ethernet'
[21:04:40.307] [bmv2] [D] [thread 10298] [45.0] [cxt 0] Parser state 'start': key is 86dd
[21:04:40.307] [bmv2] [T] [thread 10298] [45.0] [cxt 0] Bytes parsed: 14
[21:04:40.307] [bmv2] [D] [thread 10298] [45.0] [cxt 0] Parser 'parser': end
[21:04:40.307] [bmv2] [D] [thread 10298] [45.0] [cxt 0] Pipeline 'ingress': start
[21:04:40.307] [bmv2] [T] [thread 10298] [45.0] [cxt 0] streaming.p4(181) Condition "hdr.ipv4.isValid()" (node_2) is false
[21:04:40.307] [bmv2] [D] [thread 10298] [45.0] [cxt 0] Pipeline 'ingress': end
[21:04:40.307] [bmv2] [D] [thread 10298] [45.0] [cxt 0] Egress port is 0
[21:04:40.307] [bmv2] [D] [thread 10299] [45.0] [cxt 0] Pipeline 'egress': start
[21:04:40.307] [bmv2] [T] [thread 10299] [45.0] [cxt 0] streaming.p4(241) Condition "hdr.udp.isValid()" (node_6) is false
[21:04:40.307] [bmv2] [D] [thread 10299] [45.0] [cxt 0] Pipeline 'egress': end
[21:04:40.307] [bmv2] [D] [thread 10299] [45.0] [cxt 0] Deparser 'deparser': start
[21:04:40.308] [bmv2] [T] [thread 10299] [45.0] [cxt 0] Skipping checksum 'cksum' update because condition not met
[21:04:40.308] [bmv2] [T] [thread 10299] [45.0] [cxt 0] Skipping checksum 'cksum_0' update because condition not met
[21:04:40.308] [bmv2] [D] [thread 10299] [45.0] [cxt 0] Deparsing header 'ethernet'
[21:04:40.308] [bmv2] [D] [thread 10299] [45.0] [cxt 0] Deparser 'deparser': end
[21:04:40.308] [bmv2] [D] [thread 10303] [45.0] [cxt 0] Transmitting packet of size 207 out of port 0
[21:04:40.324] [bmv2] [D] [thread 10298] [46.0] [cxt 0] Processing packet received on port 3
[21:04:40.324] [bmv2] [D] [thread 10298] [46.0] [cxt 0] Parser 'parser': start
[21:04:40.325] [bmv2] [D] [thread 10298] [46.0] [cxt 0] Parser 'parser' entering state 'start'
[21:04:40.325] [bmv2] [D] [thread 10298] [46.0] [cxt 0] Extracting header 'ethernet'
[21:04:40.325] [bmv2] [D] [thread 10298] [46.0] [cxt 0] Parser state 'start': key is 86dd
[21:04:40.325] [bmv2] [T] [thread 10298] [46.0] [cxt 0] Bytes parsed: 14
[21:04:40.325] [bmv2] [D] [thread 10298] [46.0] [cxt 0] Parser 'parser': end
[21:04:40.326] [bmv2] [D] [thread 10298] [46.0] [cxt 0] Pipeline 'ingress': start
[21:04:40.326] [bmv2] [T] [thread 10298] [46.0] [cxt 0] streaming.p4(181) Condition "hdr.ipv4.isValid()" (node_2) is false
[21:04:40.326] [bmv2] [D] [thread 10298] [46.0] [cxt 0] Pipeline 'ingress': end
[21:04:40.326] [bmv2] [D] [thread 10298] [46.0] [cxt 0] Egress port is 0
[21:04:40.327] [bmv2] [D] [thread 10299] [46.0] [cxt 0] Pipeline 'egress': start
[21:04:40.327] [bmv2] [T] [thread 10299] [46.0] [cxt 0] streaming.p4(241) Condition "hdr.udp.isValid()" (node_6) is false
[21:04:40.327] [bmv2] [D] [thread 10299] [46.0] [cxt 0] Pipeline 'egress': end
[21:04:40.329] [bmv2] [D] [thread 10299] [46.0] [cxt 0] Deparser 'deparser': start
[21:04:40.330] [bmv2] [T] [thread 10299] [46.0] [cxt 0] Skipping checksum 'cksum' update because condition not met
[21:04:40.330] [bmv2] [T] [thread 10299] [46.0] [cxt 0] Skipping checksum 'cksum_0' update because condition not met
[21:04:40.330] [bmv2] [D] [thread 10299] [46.0] [cxt 0] Deparsing header 'ethernet'
[21:04:40.330] [bmv2] [D] [thread 10299] [46.0] [cxt 0] Deparser 'deparser': end
[21:04:40.330] [bmv2] [D] [thread 10303] [46.0] [cxt 0] Transmitting packet of size 70 out of port 0
[21:04:40.580] [bmv2] [D] [thread 10298] [47.0] [cxt 0] Processing packet received on port 2
[21:04:40.580] [bmv2] [D] [thread 10298] [47.0] [cxt 0] Parser 'parser': start
[21:04:40.580] [bmv2] [D] [thread 10298] [47.0] [cxt 0] Parser 'parser' entering state 'start'
[21:04:40.580] [bmv2] [D] [thread 10298] [47.0] [cxt 0] Extracting header 'ethernet'
[21:04:40.580] [bmv2] [D] [thread 10298] [47.0] [cxt 0] Parser state 'start': key is 86dd
[21:04:40.580] [bmv2] [T] [thread 10298] [47.0] [cxt 0] Bytes parsed: 14
[21:04:40.580] [bmv2] [D] [thread 10298] [47.0] [cxt 0] Parser 'parser': end
[21:04:40.580] [bmv2] [D] [thread 10298] [47.0] [cxt 0] Pipeline 'ingress': start
[21:04:40.580] [bmv2] [T] [thread 10298] [47.0] [cxt 0] streaming.p4(181) Condition "hdr.ipv4.isValid()" (node_2) is false
[21:04:40.580] [bmv2] [D] [thread 10298] [47.0] [cxt 0] Pipeline 'ingress': end
[21:04:40.580] [bmv2] [D] [thread 10298] [47.0] [cxt 0] Egress port is 0
[21:04:40.580] [bmv2] [D] [thread 10299] [47.0] [cxt 0] Pipeline 'egress': start
[21:04:40.581] [bmv2] [T] [thread 10299] [47.0] [cxt 0] streaming.p4(241) Condition "hdr.udp.isValid()" (node_6) is false
[21:04:40.581] [bmv2] [D] [thread 10299] [47.0] [cxt 0] Pipeline 'egress': end
[21:04:40.581] [bmv2] [D] [thread 10299] [47.0] [cxt 0] Deparser 'deparser': start
[21:04:40.581] [bmv2] [T] [thread 10299] [47.0] [cxt 0] Skipping checksum 'cksum' update because condition not met
[21:04:40.581] [bmv2] [T] [thread 10299] [47.0] [cxt 0] Skipping checksum 'cksum_0' update because condition not met
[21:04:40.581] [bmv2] [D] [thread 10299] [47.0] [cxt 0] Deparsing header 'ethernet'
[21:04:40.581] [bmv2] [D] [thread 10299] [47.0] [cxt 0] Deparser 'deparser': end
[21:04:40.581] [bmv2] [D] [thread 10303] [47.0] [cxt 0] Transmitting packet of size 70 out of port 0
[21:04:46.474] [bmv2] [D] [thread 10298] [48.0] [cxt 0] Processing packet received on port 3
[21:04:46.474] [bmv2] [D] [thread 10298] [48.0] [cxt 0] Parser 'parser': start
[21:04:46.474] [bmv2] [D] [thread 10298] [48.0] [cxt 0] Parser 'parser' entering state 'start'
[21:04:46.474] [bmv2] [D] [thread 10298] [48.0] [cxt 0] Extracting header 'ethernet'
[21:04:46.474] [bmv2] [D] [thread 10298] [48.0] [cxt 0] Parser state 'start': key is 86dd
[21:04:46.475] [bmv2] [T] [thread 10298] [48.0] [cxt 0] Bytes parsed: 14
[21:04:46.475] [bmv2] [D] [thread 10298] [48.0] [cxt 0] Parser 'parser': end
[21:04:46.475] [bmv2] [D] [thread 10298] [48.0] [cxt 0] Pipeline 'ingress': start
[21:04:46.475] [bmv2] [T] [thread 10298] [48.0] [cxt 0] streaming.p4(181) Condition "hdr.ipv4.isValid()" (node_2) is false
[21:04:46.475] [bmv2] [D] [thread 10298] [48.0] [cxt 0] Pipeline 'ingress': end
[21:04:46.475] [bmv2] [D] [thread 10298] [48.0] [cxt 0] Egress port is 0
[21:04:46.475] [bmv2] [D] [thread 10299] [48.0] [cxt 0] Pipeline 'egress': start
[21:04:46.475] [bmv2] [T] [thread 10299] [48.0] [cxt 0] streaming.p4(241) Condition "hdr.udp.isValid()" (node_6) is false
[21:04:46.475] [bmv2] [D] [thread 10299] [48.0] [cxt 0] Pipeline 'egress': end
[21:04:46.475] [bmv2] [D] [thread 10299] [48.0] [cxt 0] Deparser 'deparser': start
[21:04:46.475] [bmv2] [T] [thread 10299] [48.0] [cxt 0] Skipping checksum 'cksum' update because condition not met
[21:04:46.475] [bmv2] [T] [thread 10299] [48.0] [cxt 0] Skipping checksum 'cksum_0' update because condition not met
[21:04:46.475] [bmv2] [D] [thread 10299] [48.0] [cxt 0] Deparsing header 'ethernet'
[21:04:46.475] [bmv2] [D] [thread 10299] [48.0] [cxt 0] Deparser 'deparser': end
[21:04:46.475] [bmv2] [D] [thread 10303] [48.0] [cxt 0] Transmitting packet of size 70 out of port 0
[21:04:47.236] [bmv2] [D] [thread 10298] [49.0] [cxt 0] Processing packet received on port 2
[21:04:47.236] [bmv2] [D] [thread 10298] [49.0] [cxt 0] Parser 'parser': start
[21:04:47.236] [bmv2] [D] [thread 10298] [49.0] [cxt 0] Parser 'parser' entering state 'start'
[21:04:47.236] [bmv2] [D] [thread 10298] [49.0] [cxt 0] Extracting header 'ethernet'
[21:04:47.236] [bmv2] [D] [thread 10298] [49.0] [cxt 0] Parser state 'start': key is 86dd
[21:04:47.236] [bmv2] [T] [thread 10298] [49.0] [cxt 0] Bytes parsed: 14
[21:04:47.236] [bmv2] [D] [thread 10298] [49.0] [cxt 0] Parser 'parser': end
[21:04:47.236] [bmv2] [D] [thread 10298] [49.0] [cxt 0] Pipeline 'ingress': start
[21:04:47.237] [bmv2] [T] [thread 10298] [49.0] [cxt 0] streaming.p4(181) Condition "hdr.ipv4.isValid()" (node_2) is false
[21:04:47.237] [bmv2] [D] [thread 10298] [49.0] [cxt 0] Pipeline 'ingress': end
[21:04:47.237] [bmv2] [D] [thread 10298] [49.0] [cxt 0] Egress port is 0
[21:04:47.237] [bmv2] [D] [thread 10299] [49.0] [cxt 0] Pipeline 'egress': start
[21:04:47.237] [bmv2] [T] [thread 10299] [49.0] [cxt 0] streaming.p4(241) Condition "hdr.udp.isValid()" (node_6) is false
[21:04:47.237] [bmv2] [D] [thread 10299] [49.0] [cxt 0] Pipeline 'egress': end
[21:04:47.237] [bmv2] [D] [thread 10299] [49.0] [cxt 0] Deparser 'deparser': start
[21:04:47.237] [bmv2] [T] [thread 10299] [49.0] [cxt 0] Skipping checksum 'cksum' update because condition not met
[21:04:47.237] [bmv2] [T] [thread 10299] [49.0] [cxt 0] Skipping checksum 'cksum_0' update because condition not met
[21:04:47.237] [bmv2] [D] [thread 10299] [49.0] [cxt 0] Deparsing header 'ethernet'
[21:04:47.238] [bmv2] [D] [thread 10299] [49.0] [cxt 0] Deparser 'deparser': end
[21:04:47.238] [bmv2] [D] [thread 10303] [49.0] [cxt 0] Transmitting packet of size 70 out of port 0
[21:04:47.748] [bmv2] [D] [thread 10298] [50.0] [cxt 0] Processing packet received on port 1
[21:04:47.748] [bmv2] [D] [thread 10298] [50.0] [cxt 0] Parser 'parser': start
[21:04:47.748] [bmv2] [D] [thread 10298] [50.0] [cxt 0] Parser 'parser' entering state 'start'
[21:04:47.749] [bmv2] [D] [thread 10298] [50.0] [cxt 0] Extracting header 'ethernet'
[21:04:47.749] [bmv2] [D] [thread 10298] [50.0] [cxt 0] Parser state 'start': key is 86dd
[21:04:47.749] [bmv2] [T] [thread 10298] [50.0] [cxt 0] Bytes parsed: 14
[21:04:47.749] [bmv2] [D] [thread 10298] [50.0] [cxt 0] Parser 'parser': end
[21:04:47.749] [bmv2] [D] [thread 10298] [50.0] [cxt 0] Pipeline 'ingress': start
[21:04:47.749] [bmv2] [T] [thread 10298] [50.0] [cxt 0] streaming.p4(181) Condition "hdr.ipv4.isValid()" (node_2) is false
[21:04:47.749] [bmv2] [D] [thread 10298] [50.0] [cxt 0] Pipeline 'ingress': end
[21:04:47.749] [bmv2] [D] [thread 10298] [50.0] [cxt 0] Egress port is 0
[21:04:47.749] [bmv2] [D] [thread 10299] [50.0] [cxt 0] Pipeline 'egress': start
[21:04:47.749] [bmv2] [T] [thread 10299] [50.0] [cxt 0] streaming.p4(241) Condition "hdr.udp.isValid()" (node_6) is false
[21:04:47.749] [bmv2] [D] [thread 10299] [50.0] [cxt 0] Pipeline 'egress': end
[21:04:47.749] [bmv2] [D] [thread 10299] [50.0] [cxt 0] Deparser 'deparser': start
[21:04:47.749] [bmv2] [T] [thread 10299] [50.0] [cxt 0] Skipping checksum 'cksum' update because condition not met
[21:04:47.749] [bmv2] [T] [thread 10299] [50.0] [cxt 0] Skipping checksum 'cksum_0' update because condition not met
[21:04:47.749] [bmv2] [D] [thread 10299] [50.0] [cxt 0] Deparsing header 'ethernet'
[21:04:47.749] [bmv2] [D] [thread 10299] [50.0] [cxt 0] Deparser 'deparser': end
[21:04:47.749] [bmv2] [D] [thread 10303] [50.0] [cxt 0] Transmitting packet of size 70 out of port 0
[21:04:48.261] [bmv2] [D] [thread 10298] [51.0] [cxt 0] Processing packet received on port 1
[21:04:48.261] [bmv2] [D] [thread 10298] [51.0] [cxt 0] Parser 'parser': start
[21:04:48.261] [bmv2] [D] [thread 10298] [51.0] [cxt 0] Parser 'parser' entering state 'start'
[21:04:48.261] [bmv2] [D] [thread 10298] [51.0] [cxt 0] Extracting header 'ethernet'
[21:04:48.261] [bmv2] [D] [thread 10298] [51.0] [cxt 0] Parser state 'start': key is 86dd
[21:04:48.261] [bmv2] [T] [thread 10298] [51.0] [cxt 0] Bytes parsed: 14
[21:04:48.261] [bmv2] [D] [thread 10298] [51.0] [cxt 0] Parser 'parser': end
[21:04:48.261] [bmv2] [D] [thread 10298] [51.0] [cxt 0] Pipeline 'ingress': start
[21:04:48.261] [bmv2] [T] [thread 10298] [51.0] [cxt 0] streaming.p4(181) Condition "hdr.ipv4.isValid()" (node_2) is false
[21:04:48.261] [bmv2] [D] [thread 10298] [51.0] [cxt 0] Pipeline 'ingress': end
[21:04:48.261] [bmv2] [D] [thread 10298] [51.0] [cxt 0] Egress port is 0
[21:04:48.261] [bmv2] [D] [thread 10299] [51.0] [cxt 0] Pipeline 'egress': start
[21:04:48.261] [bmv2] [T] [thread 10299] [51.0] [cxt 0] streaming.p4(241) Condition "hdr.udp.isValid()" (node_6) is false
[21:04:48.261] [bmv2] [D] [thread 10299] [51.0] [cxt 0] Pipeline 'egress': end
[21:04:48.262] [bmv2] [D] [thread 10299] [51.0] [cxt 0] Deparser 'deparser': start
[21:04:48.262] [bmv2] [T] [thread 10299] [51.0] [cxt 0] Skipping checksum 'cksum' update because condition not met
[21:04:48.262] [bmv2] [T] [thread 10299] [51.0] [cxt 0] Skipping checksum 'cksum_0' update because condition not met
[21:04:48.262] [bmv2] [D] [thread 10299] [51.0] [cxt 0] Deparsing header 'ethernet'
[21:04:48.262] [bmv2] [D] [thread 10299] [51.0] [cxt 0] Deparser 'deparser': end
[21:04:48.262] [bmv2] [D] [thread 10303] [51.0] [cxt 0] Transmitting packet of size 70 out of port 0
open: No such file or directory
open: No such file or directory
open: No such file or directory
open: No such file or directory
open: No such file or directory
open: No such file or directory
open: No such file or directory
open: No such file or directory
open: No such file or directory
open: No such file or directory
open: No such file or directory
