Calling target program-options parser
[21:04:36.401] [bmv2] [D] [thread 10305] Set default default entry for table 'MyIngress.ipv4_lpm': MyIngress.drop - 
[21:04:36.401] [bmv2] [D] [thread 10305] Set default default entry for table 'MyEgress.NAT_match_action_table': NoAction - 
Adding interface s5-eth1 as port 1
[21:04:36.402] [bmv2] [D] [thread 10305] Adding interface s5-eth1 as port 1
Adding interface s5-eth2 as port 2
[21:04:36.439] [bmv2] [D] [thread 10305] Adding interface s5-eth2 as port 2
Adding interface s5-eth3 as port 3
[21:04:36.485] [bmv2] [D] [thread 10305] Adding interface s5-eth3 as port 3
Server listening on 0.0.0.0:50055
[21:04:36.512] [bmv2] [I] [thread 10305] Starting Thrift server on port 9094
[21:04:36.512] [bmv2] [I] [thread 10305] Thrift server was started
[21:04:36.513] [bmv2] [D] [thread 10315] [0.0] [cxt 0] Processing packet received on port 1
[21:04:36.513] [bmv2] [D] [thread 10315] [0.0] [cxt 0] Parser 'parser': start
[21:04:36.513] [bmv2] [D] [thread 10315] [0.0] [cxt 0] Parser 'parser' entering state 'start'
[21:04:36.513] [bmv2] [D] [thread 10315] [0.0] [cxt 0] Extracting header 'ethernet'
[21:04:36.513] [bmv2] [D] [thread 10315] [0.0] [cxt 0] Parser state 'start': key is 86dd
[21:04:36.513] [bmv2] [T] [thread 10315] [0.0] [cxt 0] Bytes parsed: 14
[21:04:36.513] [bmv2] [D] [thread 10315] [0.0] [cxt 0] Parser 'parser': end
[21:04:36.513] [bmv2] [D] [thread 10315] [0.0] [cxt 0] Pipeline 'ingress': start
[21:04:36.513] [bmv2] [T] [thread 10315] [0.0] [cxt 0] streaming.p4(181) Condition "hdr.ipv4.isValid()" (node_2) is false
[21:04:36.513] [bmv2] [D] [thread 10315] [0.0] [cxt 0] Pipeline 'ingress': end
[21:04:36.513] [bmv2] [D] [thread 10315] [0.0] [cxt 0] Egress port is 0
[21:04:36.513] [bmv2] [D] [thread 10316] [0.0] [cxt 0] Pipeline 'egress': start
[21:04:36.513] [bmv2] [T] [thread 10316] [0.0] [cxt 0] streaming.p4(241) Condition "hdr.udp.isValid()" (node_6) is false
[21:04:36.513] [bmv2] [D] [thread 10316] [0.0] [cxt 0] Pipeline 'egress': end
[21:04:36.513] [bmv2] [D] [thread 10316] [0.0] [cxt 0] Deparser 'deparser': start
[21:04:36.514] [bmv2] [T] [thread 10316] [0.0] [cxt 0] Skipping checksum 'cksum' update because condition not met
[21:04:36.514] [bmv2] [T] [thread 10316] [0.0] [cxt 0] Skipping checksum 'cksum_0' update because condition not met
[21:04:36.514] [bmv2] [D] [thread 10316] [0.0] [cxt 0] Deparsing header 'ethernet'
[21:04:36.514] [bmv2] [D] [thread 10316] [0.0] [cxt 0] Deparser 'deparser': end
[21:04:36.514] [bmv2] [D] [thread 10320] [0.0] [cxt 0] Transmitting packet of size 90 out of port 0
[21:04:36.523] [bmv2] [D] [thread 10315] [1.0] [cxt 0] Processing packet received on port 1
[21:04:36.524] [bmv2] [D] [thread 10315] [1.0] [cxt 0] Parser 'parser': start
[21:04:36.524] [bmv2] [D] [thread 10315] [1.0] [cxt 0] Parser 'parser' entering state 'start'
[21:04:36.524] [bmv2] [D] [thread 10315] [1.0] [cxt 0] Extracting header 'ethernet'
[21:04:36.524] [bmv2] [D] [thread 10315] [1.0] [cxt 0] Parser state 'start': key is 86dd
[21:04:36.524] [bmv2] [T] [thread 10315] [1.0] [cxt 0] Bytes parsed: 14
[21:04:36.524] [bmv2] [D] [thread 10315] [1.0] [cxt 0] Parser 'parser': end
[21:04:36.524] [bmv2] [D] [thread 10315] [1.0] [cxt 0] Pipeline 'ingress': start
[21:04:36.524] [bmv2] [T] [thread 10315] [1.0] [cxt 0] streaming.p4(181) Condition "hdr.ipv4.isValid()" (node_2) is false
[21:04:36.524] [bmv2] [D] [thread 10315] [1.0] [cxt 0] Pipeline 'ingress': end
[21:04:36.524] [bmv2] [D] [thread 10315] [1.0] [cxt 0] Egress port is 0
[21:04:36.524] [bmv2] [D] [thread 10316] [1.0] [cxt 0] Pipeline 'egress': start
[21:04:36.524] [bmv2] [T] [thread 10316] [1.0] [cxt 0] streaming.p4(241) Condition "hdr.udp.isValid()" (node_6) is false
[21:04:36.524] [bmv2] [D] [thread 10316] [1.0] [cxt 0] Pipeline 'egress': end
[21:04:36.524] [bmv2] [D] [thread 10316] [1.0] [cxt 0] Deparser 'deparser': start
[21:04:36.524] [bmv2] [T] [thread 10316] [1.0] [cxt 0] Skipping checksum 'cksum' update because condition not met
[21:04:36.524] [bmv2] [T] [thread 10316] [1.0] [cxt 0] Skipping checksum 'cksum_0' update because condition not met
[21:04:36.524] [bmv2] [D] [thread 10316] [1.0] [cxt 0] Deparsing header 'ethernet'
[21:04:36.524] [bmv2] [D] [thread 10316] [1.0] [cxt 0] Deparser 'deparser': end
[21:04:36.525] [bmv2] [D] [thread 10320] [1.0] [cxt 0] Transmitting packet of size 207 out of port 0
[21:04:36.551] [bmv2] [D] [thread 10315] [2.0] [cxt 0] Processing packet received on port 2
[21:04:36.552] [bmv2] [D] [thread 10315] [2.0] [cxt 0] Parser 'parser': start
[21:04:36.552] [bmv2] [D] [thread 10315] [2.0] [cxt 0] Parser 'parser' entering state 'start'
[21:04:36.552] [bmv2] [D] [thread 10315] [2.0] [cxt 0] Extracting header 'ethernet'
[21:04:36.552] [bmv2] [D] [thread 10315] [2.0] [cxt 0] Parser state 'start': key is 86dd
[21:04:36.552] [bmv2] [T] [thread 10315] [2.0] [cxt 0] Bytes parsed: 14
[21:04:36.552] [bmv2] [D] [thread 10315] [2.0] [cxt 0] Parser 'parser': end
[21:04:36.552] [bmv2] [D] [thread 10315] [2.0] [cxt 0] Pipeline 'ingress': start
[21:04:36.552] [bmv2] [T] [thread 10315] [2.0] [cxt 0] streaming.p4(181) Condition "hdr.ipv4.isValid()" (node_2) is false
[21:04:36.552] [bmv2] [D] [thread 10315] [2.0] [cxt 0] Pipeline 'ingress': end
[21:04:36.552] [bmv2] [D] [thread 10315] [2.0] [cxt 0] Egress port is 0
[21:04:36.552] [bmv2] [D] [thread 10316] [2.0] [cxt 0] Pipeline 'egress': start
[21:04:36.552] [bmv2] [T] [thread 10316] [2.0] [cxt 0] streaming.p4(241) Condition "hdr.udp.isValid()" (node_6) is false
[21:04:36.552] [bmv2] [D] [thread 10316] [2.0] [cxt 0] Pipeline 'egress': end
[21:04:36.552] [bmv2] [D] [thread 10316] [2.0] [cxt 0] Deparser 'deparser': start
[21:04:36.552] [bmv2] [T] [thread 10316] [2.0] [cxt 0] Skipping checksum 'cksum' update because condition not met
[21:04:36.552] [bmv2] [T] [thread 10316] [2.0] [cxt 0] Skipping checksum 'cksum_0' update because condition not met
[21:04:36.553] [bmv2] [D] [thread 10316] [2.0] [cxt 0] Deparsing header 'ethernet'
[21:04:36.553] [bmv2] [D] [thread 10316] [2.0] [cxt 0] Deparser 'deparser': end
[21:04:36.553] [bmv2] [D] [thread 10320] [2.0] [cxt 0] Transmitting packet of size 219 out of port 0
[21:04:36.672] [bmv2] [D] [thread 10315] [3.0] [cxt 0] Processing packet received on port 3
[21:04:36.672] [bmv2] [D] [thread 10315] [3.0] [cxt 0] Parser 'parser': start
[21:04:36.672] [bmv2] [D] [thread 10315] [3.0] [cxt 0] Parser 'parser' entering state 'start'
[21:04:36.672] [bmv2] [D] [thread 10315] [3.0] [cxt 0] Extracting header 'ethernet'
[21:04:36.672] [bmv2] [D] [thread 10315] [3.0] [cxt 0] Parser state 'start': key is 86dd
[21:04:36.672] [bmv2] [T] [thread 10315] [3.0] [cxt 0] Bytes parsed: 14
[21:04:36.672] [bmv2] [D] [thread 10315] [3.0] [cxt 0] Parser 'parser': end
[21:04:36.672] [bmv2] [D] [thread 10315] [3.0] [cxt 0] Pipeline 'ingress': start
[21:04:36.672] [bmv2] [T] [thread 10315] [3.0] [cxt 0] streaming.p4(181) Condition "hdr.ipv4.isValid()" (node_2) is false
[21:04:36.672] [bmv2] [D] [thread 10315] [3.0] [cxt 0] Pipeline 'ingress': end
[21:04:36.672] [bmv2] [D] [thread 10315] [3.0] [cxt 0] Egress port is 0
[21:04:36.672] [bmv2] [D] [thread 10316] [3.0] [cxt 0] Pipeline 'egress': start
[21:04:36.672] [bmv2] [T] [thread 10316] [3.0] [cxt 0] streaming.p4(241) Condition "hdr.udp.isValid()" (node_6) is false
[21:04:36.672] [bmv2] [D] [thread 10316] [3.0] [cxt 0] Pipeline 'egress': end
[21:04:36.672] [bmv2] [D] [thread 10316] [3.0] [cxt 0] Deparser 'deparser': start
[21:04:36.673] [bmv2] [T] [thread 10316] [3.0] [cxt 0] Skipping checksum 'cksum' update because condition not met
[21:04:36.673] [bmv2] [T] [thread 10316] [3.0] [cxt 0] Skipping checksum 'cksum_0' update because condition not met
[21:04:36.673] [bmv2] [D] [thread 10316] [3.0] [cxt 0] Deparsing header 'ethernet'
[21:04:36.673] [bmv2] [D] [thread 10316] [3.0] [cxt 0] Deparser 'deparser': end
[21:04:36.673] [bmv2] [D] [thread 10320] [3.0] [cxt 0] Transmitting packet of size 219 out of port 0
[21:04:36.714] [bmv2] [D] [thread 10315] [4.0] [cxt 0] Processing packet received on port 3
[21:04:36.714] [bmv2] [D] [thread 10315] [4.0] [cxt 0] Parser 'parser': start
[21:04:36.714] [bmv2] [D] [thread 10315] [4.0] [cxt 0] Parser 'parser' entering state 'start'
[21:04:36.714] [bmv2] [D] [thread 10315] [4.0] [cxt 0] Extracting header 'ethernet'
[21:04:36.714] [bmv2] [D] [thread 10315] [4.0] [cxt 0] Parser state 'start': key is 86dd
[21:04:36.714] [bmv2] [T] [thread 10315] [4.0] [cxt 0] Bytes parsed: 14
[21:04:36.714] [bmv2] [D] [thread 10315] [4.0] [cxt 0] Parser 'parser': end
[21:04:36.714] [bmv2] [D] [thread 10315] [4.0] [cxt 0] Pipeline 'ingress': start
[21:04:36.714] [bmv2] [T] [thread 10315] [4.0] [cxt 0] streaming.p4(181) Condition "hdr.ipv4.isValid()" (node_2) is false
[21:04:36.714] [bmv2] [D] [thread 10315] [4.0] [cxt 0] Pipeline 'ingress': end
[21:04:36.714] [bmv2] [D] [thread 10315] [4.0] [cxt 0] Egress port is 0
[21:04:36.714] [bmv2] [D] [thread 10316] [4.0] [cxt 0] Pipeline 'egress': start
[21:04:36.714] [bmv2] [T] [thread 10316] [4.0] [cxt 0] streaming.p4(241) Condition "hdr.udp.isValid()" (node_6) is false
[21:04:36.714] [bmv2] [D] [thread 10316] [4.0] [cxt 0] Pipeline 'egress': end
[21:04:36.714] [bmv2] [D] [thread 10316] [4.0] [cxt 0] Deparser 'deparser': start
[21:04:36.714] [bmv2] [T] [thread 10316] [4.0] [cxt 0] Skipping checksum 'cksum' update because condition not met
[21:04:36.714] [bmv2] [T] [thread 10316] [4.0] [cxt 0] Skipping checksum 'cksum_0' update because condition not met
[21:04:36.714] [bmv2] [D] [thread 10316] [4.0] [cxt 0] Deparsing header 'ethernet'
[21:04:36.714] [bmv2] [D] [thread 10316] [4.0] [cxt 0] Deparser 'deparser': end
[21:04:36.715] [bmv2] [D] [thread 10320] [4.0] [cxt 0] Transmitting packet of size 90 out of port 0
[21:04:36.804] [bmv2] [D] [thread 10315] [5.0] [cxt 0] Processing packet received on port 2
[21:04:36.804] [bmv2] [D] [thread 10315] [5.0] [cxt 0] Parser 'parser': start
[21:04:36.804] [bmv2] [D] [thread 10315] [5.0] [cxt 0] Parser 'parser' entering state 'start'
[21:04:36.805] [bmv2] [D] [thread 10315] [5.0] [cxt 0] Extracting header 'ethernet'
[21:04:36.805] [bmv2] [D] [thread 10315] [5.0] [cxt 0] Parser state 'start': key is 86dd
[21:04:36.805] [bmv2] [T] [thread 10315] [5.0] [cxt 0] Bytes parsed: 14
[21:04:36.805] [bmv2] [D] [thread 10315] [5.0] [cxt 0] Parser 'parser': end
[21:04:36.805] [bmv2] [D] [thread 10315] [5.0] [cxt 0] Pipeline 'ingress': start
[21:04:36.805] [bmv2] [T] [thread 10315] [5.0] [cxt 0] streaming.p4(181) Condition "hdr.ipv4.isValid()" (node_2) is false
[21:04:36.805] [bmv2] [D] [thread 10315] [5.0] [cxt 0] Pipeline 'ingress': end
[21:04:36.805] [bmv2] [D] [thread 10315] [5.0] [cxt 0] Egress port is 0
[21:04:36.805] [bmv2] [D] [thread 10316] [5.0] [cxt 0] Pipeline 'egress': start
[21:04:36.805] [bmv2] [T] [thread 10316] [5.0] [cxt 0] streaming.p4(241) Condition "hdr.udp.isValid()" (node_6) is false
[21:04:36.805] [bmv2] [D] [thread 10316] [5.0] [cxt 0] Pipeline 'egress': end
[21:04:36.805] [bmv2] [D] [thread 10316] [5.0] [cxt 0] Deparser 'deparser': start
[21:04:36.805] [bmv2] [T] [thread 10316] [5.0] [cxt 0] Skipping checksum 'cksum' update because condition not met
[21:04:36.805] [bmv2] [T] [thread 10316] [5.0] [cxt 0] Skipping checksum 'cksum_0' update because condition not met
[21:04:36.805] [bmv2] [D] [thread 10316] [5.0] [cxt 0] Deparsing header 'ethernet'
[21:04:36.805] [bmv2] [D] [thread 10316] [5.0] [cxt 0] Deparser 'deparser': end
[21:04:36.805] [bmv2] [D] [thread 10320] [5.0] [cxt 0] Transmitting packet of size 219 out of port 0
[21:04:36.810] [bmv2] [D] [thread 10315] [6.0] [cxt 0] Processing packet received on port 2
[21:04:36.810] [bmv2] [D] [thread 10315] [6.0] [cxt 0] Parser 'parser': start
[21:04:36.810] [bmv2] [D] [thread 10315] [6.0] [cxt 0] Parser 'parser' entering state 'start'
[21:04:36.810] [bmv2] [D] [thread 10315] [6.0] [cxt 0] Extracting header 'ethernet'
[21:04:36.810] [bmv2] [D] [thread 10315] [6.0] [cxt 0] Parser state 'start': key is 86dd
[21:04:36.810] [bmv2] [T] [thread 10315] [6.0] [cxt 0] Bytes parsed: 14
[21:04:36.811] [bmv2] [D] [thread 10315] [6.0] [cxt 0] Parser 'parser': end
[21:04:36.811] [bmv2] [D] [thread 10315] [6.0] [cxt 0] Pipeline 'ingress': start
[21:04:36.811] [bmv2] [T] [thread 10315] [6.0] [cxt 0] streaming.p4(181) Condition "hdr.ipv4.isValid()" (node_2) is false
[21:04:36.811] [bmv2] [D] [thread 10315] [6.0] [cxt 0] Pipeline 'ingress': end
[21:04:36.811] [bmv2] [D] [thread 10315] [6.0] [cxt 0] Egress port is 0
[21:04:36.811] [bmv2] [D] [thread 10316] [6.0] [cxt 0] Pipeline 'egress': start
[21:04:36.811] [bmv2] [T] [thread 10316] [6.0] [cxt 0] streaming.p4(241) Condition "hdr.udp.isValid()" (node_6) is false
[21:04:36.811] [bmv2] [D] [thread 10316] [6.0] [cxt 0] Pipeline 'egress': end
[21:04:36.811] [bmv2] [D] [thread 10316] [6.0] [cxt 0] Deparser 'deparser': start
[21:04:36.811] [bmv2] [T] [thread 10316] [6.0] [cxt 0] Skipping checksum 'cksum' update because condition not met
[21:04:36.811] [bmv2] [T] [thread 10316] [6.0] [cxt 0] Skipping checksum 'cksum_0' update because condition not met
[21:04:36.811] [bmv2] [D] [thread 10316] [6.0] [cxt 0] Deparsing header 'ethernet'
[21:04:36.811] [bmv2] [D] [thread 10316] [6.0] [cxt 0] Deparser 'deparser': end
[21:04:36.811] [bmv2] [D] [thread 10320] [6.0] [cxt 0] Transmitting packet of size 121 out of port 0
[21:04:36.905] [bmv2] [D] [thread 10315] [7.0] [cxt 0] Processing packet received on port 3
[21:04:36.905] [bmv2] [D] [thread 10315] [7.0] [cxt 0] Parser 'parser': start
[21:04:36.905] [bmv2] [D] [thread 10315] [7.0] [cxt 0] Parser 'parser' entering state 'start'
[21:04:36.905] [bmv2] [D] [thread 10315] [7.0] [cxt 0] Extracting header 'ethernet'
[21:04:36.905] [bmv2] [D] [thread 10315] [7.0] [cxt 0] Parser state 'start': key is 86dd
[21:04:36.905] [bmv2] [T] [thread 10315] [7.0] [cxt 0] Bytes parsed: 14
[21:04:36.905] [bmv2] [D] [thread 10315] [7.0] [cxt 0] Parser 'parser': end
[21:04:36.905] [bmv2] [D] [thread 10315] [7.0] [cxt 0] Pipeline 'ingress': start
[21:04:36.905] [bmv2] [T] [thread 10315] [7.0] [cxt 0] streaming.p4(181) Condition "hdr.ipv4.isValid()" (node_2) is false
[21:04:36.905] [bmv2] [D] [thread 10315] [7.0] [cxt 0] Pipeline 'ingress': end
[21:04:36.905] [bmv2] [D] [thread 10315] [7.0] [cxt 0] Egress port is 0
[21:04:36.905] [bmv2] [D] [thread 10316] [7.0] [cxt 0] Pipeline 'egress': start
[21:04:36.905] [bmv2] [T] [thread 10316] [7.0] [cxt 0] streaming.p4(241) Condition "hdr.udp.isValid()" (node_6) is false
[21:04:36.905] [bmv2] [D] [thread 10316] [7.0] [cxt 0] Pipeline 'egress': end
[21:04:36.906] [bmv2] [D] [thread 10316] [7.0] [cxt 0] Deparser 'deparser': start
[21:04:36.906] [bmv2] [T] [thread 10316] [7.0] [cxt 0] Skipping checksum 'cksum' update because condition not met
[21:04:36.906] [bmv2] [T] [thread 10316] [7.0] [cxt 0] Skipping checksum 'cksum_0' update because condition not met
[21:04:36.906] [bmv2] [D] [thread 10316] [7.0] [cxt 0] Deparsing header 'ethernet'
[21:04:36.906] [bmv2] [D] [thread 10316] [7.0] [cxt 0] Deparser 'deparser': end
[21:04:36.906] [bmv2] [D] [thread 10320] [7.0] [cxt 0] Transmitting packet of size 110 out of port 0
[21:04:36.908] [bmv2] [D] [thread 10315] [8.0] [cxt 0] Processing packet received on port 2
[21:04:36.908] [bmv2] [D] [thread 10315] [8.0] [cxt 0] Parser 'parser': start
[21:04:36.908] [bmv2] [D] [thread 10315] [8.0] [cxt 0] Parser 'parser' entering state 'start'
[21:04:36.908] [bmv2] [D] [thread 10315] [8.0] [cxt 0] Extracting header 'ethernet'
[21:04:36.908] [bmv2] [D] [thread 10315] [8.0] [cxt 0] Parser state 'start': key is 86dd
[21:04:36.908] [bmv2] [T] [thread 10315] [8.0] [cxt 0] Bytes parsed: 14
[21:04:36.908] [bmv2] [D] [thread 10315] [8.0] [cxt 0] Parser 'parser': end
[21:04:36.909] [bmv2] [D] [thread 10315] [8.0] [cxt 0] Pipeline 'ingress': start
[21:04:36.909] [bmv2] [T] [thread 10315] [8.0] [cxt 0] streaming.p4(181) Condition "hdr.ipv4.isValid()" (node_2) is false
[21:04:36.909] [bmv2] [D] [thread 10315] [8.0] [cxt 0] Pipeline 'ingress': end
[21:04:36.909] [bmv2] [D] [thread 10315] [8.0] [cxt 0] Egress port is 0
[21:04:36.909] [bmv2] [D] [thread 10316] [8.0] [cxt 0] Pipeline 'egress': start
[21:04:36.909] [bmv2] [T] [thread 10316] [8.0] [cxt 0] streaming.p4(241) Condition "hdr.udp.isValid()" (node_6) is false
[21:04:36.909] [bmv2] [D] [thread 10316] [8.0] [cxt 0] Pipeline 'egress': end
[21:04:36.909] [bmv2] [D] [thread 10316] [8.0] [cxt 0] Deparser 'deparser': start
[21:04:36.909] [bmv2] [T] [thread 10316] [8.0] [cxt 0] Skipping checksum 'cksum' update because condition not met
[21:04:36.909] [bmv2] [T] [thread 10316] [8.0] [cxt 0] Skipping checksum 'cksum_0' update because condition not met
[21:04:36.909] [bmv2] [D] [thread 10316] [8.0] [cxt 0] Deparsing header 'ethernet'
[21:04:36.909] [bmv2] [D] [thread 10316] [8.0] [cxt 0] Deparser 'deparser': end
[21:04:36.909] [bmv2] [D] [thread 10320] [8.0] [cxt 0] Transmitting packet of size 90 out of port 0
[21:04:36.921] [bmv2] [D] [thread 10315] [9.0] [cxt 0] Processing packet received on port 3
[21:04:36.921] [bmv2] [D] [thread 10315] [9.0] [cxt 0] Parser 'parser': start
[21:04:36.921] [bmv2] [D] [thread 10315] [9.0] [cxt 0] Parser 'parser' entering state 'start'
[21:04:36.921] [bmv2] [D] [thread 10315] [9.0] [cxt 0] Extracting header 'ethernet'
[21:04:36.921] [bmv2] [D] [thread 10315] [9.0] [cxt 0] Parser state 'start': key is 86dd
[21:04:36.921] [bmv2] [T] [thread 10315] [9.0] [cxt 0] Bytes parsed: 14
[21:04:36.921] [bmv2] [D] [thread 10315] [9.0] [cxt 0] Parser 'parser': end
[21:04:36.921] [bmv2] [D] [thread 10315] [9.0] [cxt 0] Pipeline 'ingress': start
[21:04:36.921] [bmv2] [T] [thread 10315] [9.0] [cxt 0] streaming.p4(181) Condition "hdr.ipv4.isValid()" (node_2) is false
[21:04:36.921] [bmv2] [D] [thread 10315] [9.0] [cxt 0] Pipeline 'ingress': end
[21:04:36.921] [bmv2] [D] [thread 10315] [9.0] [cxt 0] Egress port is 0
[21:04:36.921] [bmv2] [D] [thread 10316] [9.0] [cxt 0] Pipeline 'egress': start
[21:04:36.921] [bmv2] [T] [thread 10316] [9.0] [cxt 0] streaming.p4(241) Condition "hdr.udp.isValid()" (node_6) is false
[21:04:36.921] [bmv2] [D] [thread 10316] [9.0] [cxt 0] Pipeline 'egress': end
[21:04:36.921] [bmv2] [D] [thread 10316] [9.0] [cxt 0] Deparser 'deparser': start
[21:04:36.921] [bmv2] [T] [thread 10316] [9.0] [cxt 0] Skipping checksum 'cksum' update because condition not met
[21:04:36.921] [bmv2] [T] [thread 10316] [9.0] [cxt 0] Skipping checksum 'cksum_0' update because condition not met
[21:04:36.921] [bmv2] [D] [thread 10316] [9.0] [cxt 0] Deparsing header 'ethernet'
[21:04:36.921] [bmv2] [D] [thread 10316] [9.0] [cxt 0] Deparser 'deparser': end
[21:04:36.922] [bmv2] [D] [thread 10320] [9.0] [cxt 0] Transmitting packet of size 219 out of port 0
[21:04:36.997] [bmv2] [D] [thread 10315] [10.0] [cxt 0] Processing packet received on port 2
[21:04:36.997] [bmv2] [D] [thread 10315] [10.0] [cxt 0] Parser 'parser': start
[21:04:36.997] [bmv2] [D] [thread 10315] [10.0] [cxt 0] Parser 'parser' entering state 'start'
[21:04:36.997] [bmv2] [D] [thread 10315] [10.0] [cxt 0] Extracting header 'ethernet'
[21:04:36.997] [bmv2] [D] [thread 10315] [10.0] [cxt 0] Parser state 'start': key is 86dd
[21:04:36.997] [bmv2] [T] [thread 10315] [10.0] [cxt 0] Bytes parsed: 14
[21:04:36.997] [bmv2] [D] [thread 10315] [10.0] [cxt 0] Parser 'parser': end
[21:04:36.997] [bmv2] [D] [thread 10315] [10.0] [cxt 0] Pipeline 'ingress': start
[21:04:36.997] [bmv2] [T] [thread 10315] [10.0] [cxt 0] streaming.p4(181) Condition "hdr.ipv4.isValid()" (node_2) is false
[21:04:36.997] [bmv2] [D] [thread 10315] [10.0] [cxt 0] Pipeline 'ingress': end
[21:04:36.997] [bmv2] [D] [thread 10315] [10.0] [cxt 0] Egress port is 0
[21:04:36.997] [bmv2] [D] [thread 10316] [10.0] [cxt 0] Pipeline 'egress': start
[21:04:36.998] [bmv2] [T] [thread 10316] [10.0] [cxt 0] streaming.p4(241) Condition "hdr.udp.isValid()" (node_6) is false
[21:04:36.998] [bmv2] [D] [thread 10316] [10.0] [cxt 0] Pipeline 'egress': end
[21:04:36.998] [bmv2] [D] [thread 10316] [10.0] [cxt 0] Deparser 'deparser': start
[21:04:36.998] [bmv2] [T] [thread 10316] [10.0] [cxt 0] Skipping checksum 'cksum' update because condition not met
[21:04:36.998] [bmv2] [T] [thread 10316] [10.0] [cxt 0] Skipping checksum 'cksum_0' update because condition not met
[21:04:36.998] [bmv2] [D] [thread 10316] [10.0] [cxt 0] Deparsing header 'ethernet'
[21:04:36.998] [bmv2] [D] [thread 10316] [10.0] [cxt 0] Deparser 'deparser': end
[21:04:36.998] [bmv2] [D] [thread 10320] [10.0] [cxt 0] Transmitting packet of size 207 out of port 0
[21:04:37.145] [bmv2] [D] [thread 10315] [11.0] [cxt 0] Processing packet received on port 3
[21:04:37.146] [bmv2] [D] [thread 10315] [11.0] [cxt 0] Parser 'parser': start
[21:04:37.146] [bmv2] [D] [thread 10315] [11.0] [cxt 0] Parser 'parser' entering state 'start'
[21:04:37.146] [bmv2] [D] [thread 10315] [11.0] [cxt 0] Extracting header 'ethernet'
[21:04:37.146] [bmv2] [D] [thread 10315] [11.0] [cxt 0] Parser state 'start': key is 86dd
[21:04:37.146] [bmv2] [T] [thread 10315] [11.0] [cxt 0] Bytes parsed: 14
[21:04:37.146] [bmv2] [D] [thread 10315] [11.0] [cxt 0] Parser 'parser': end
[21:04:37.146] [bmv2] [D] [thread 10315] [11.0] [cxt 0] Pipeline 'ingress': start
[21:04:37.146] [bmv2] [T] [thread 10315] [11.0] [cxt 0] streaming.p4(181) Condition "hdr.ipv4.isValid()" (node_2) is false
[21:04:37.146] [bmv2] [D] [thread 10315] [11.0] [cxt 0] Pipeline 'ingress': end
[21:04:37.146] [bmv2] [D] [thread 10315] [11.0] [cxt 0] Egress port is 0
[21:04:37.146] [bmv2] [D] [thread 10316] [11.0] [cxt 0] Pipeline 'egress': start
[21:04:37.146] [bmv2] [T] [thread 10316] [11.0] [cxt 0] streaming.p4(241) Condition "hdr.udp.isValid()" (node_6) is false
[21:04:37.146] [bmv2] [D] [thread 10316] [11.0] [cxt 0] Pipeline 'egress': end
[21:04:37.146] [bmv2] [D] [thread 10316] [11.0] [cxt 0] Deparser 'deparser': start
[21:04:37.146] [bmv2] [T] [thread 10316] [11.0] [cxt 0] Skipping checksum 'cksum' update because condition not met
[21:04:37.146] [bmv2] [T] [thread 10316] [11.0] [cxt 0] Skipping checksum 'cksum_0' update because condition not met
[21:04:37.146] [bmv2] [D] [thread 10316] [11.0] [cxt 0] Deparsing header 'ethernet'
[21:04:37.146] [bmv2] [D] [thread 10316] [11.0] [cxt 0] Deparser 'deparser': end
[21:04:37.146] [bmv2] [D] [thread 10320] [11.0] [cxt 0] Transmitting packet of size 207 out of port 0
[21:04:37.352] [bmv2] [D] [thread 10315] [12.0] [cxt 0] Processing packet received on port 1
[21:04:37.352] [bmv2] [D] [thread 10315] [12.0] [cxt 0] Parser 'parser': start
[21:04:37.352] [bmv2] [D] [thread 10315] [12.0] [cxt 0] Parser 'parser' entering state 'start'
[21:04:37.352] [bmv2] [D] [thread 10315] [12.0] [cxt 0] Extracting header 'ethernet'
[21:04:37.352] [bmv2] [D] [thread 10315] [12.0] [cxt 0] Parser state 'start': key is 86dd
[21:04:37.352] [bmv2] [T] [thread 10315] [12.0] [cxt 0] Bytes parsed: 14
[21:04:37.352] [bmv2] [D] [thread 10315] [12.0] [cxt 0] Parser 'parser': end
[21:04:37.352] [bmv2] [D] [thread 10315] [12.0] [cxt 0] Pipeline 'ingress': start
[21:04:37.353] [bmv2] [T] [thread 10315] [12.0] [cxt 0] streaming.p4(181) Condition "hdr.ipv4.isValid()" (node_2) is false
[21:04:37.353] [bmv2] [D] [thread 10315] [12.0] [cxt 0] Pipeline 'ingress': end
[21:04:37.353] [bmv2] [D] [thread 10315] [12.0] [cxt 0] Egress port is 0
[21:04:37.353] [bmv2] [D] [thread 10316] [12.0] [cxt 0] Pipeline 'egress': start
[21:04:37.353] [bmv2] [T] [thread 10316] [12.0] [cxt 0] streaming.p4(241) Condition "hdr.udp.isValid()" (node_6) is false
[21:04:37.353] [bmv2] [D] [thread 10316] [12.0] [cxt 0] Pipeline 'egress': end
[21:04:37.353] [bmv2] [D] [thread 10316] [12.0] [cxt 0] Deparser 'deparser': start
[21:04:37.353] [bmv2] [T] [thread 10316] [12.0] [cxt 0] Skipping checksum 'cksum' update because condition not met
[21:04:37.353] [bmv2] [T] [thread 10316] [12.0] [cxt 0] Skipping checksum 'cksum_0' update because condition not met
[21:04:37.353] [bmv2] [D] [thread 10316] [12.0] [cxt 0] Deparsing header 'ethernet'
[21:04:37.353] [bmv2] [D] [thread 10316] [12.0] [cxt 0] Deparser 'deparser': end
[21:04:37.354] [bmv2] [D] [thread 10320] [12.0] [cxt 0] Transmitting packet of size 207 out of port 0
[21:04:37.452] [bmv2] [D] [thread 10315] [13.0] [cxt 0] Processing packet received on port 2
[21:04:37.452] [bmv2] [D] [thread 10315] [13.0] [cxt 0] Parser 'parser': start
[21:04:37.452] [bmv2] [D] [thread 10315] [13.0] [cxt 0] Parser 'parser' entering state 'start'
[21:04:37.452] [bmv2] [D] [thread 10315] [13.0] [cxt 0] Extracting header 'ethernet'
[21:04:37.452] [bmv2] [D] [thread 10315] [13.0] [cxt 0] Parser state 'start': key is 86dd
[21:04:37.453] [bmv2] [T] [thread 10315] [13.0] [cxt 0] Bytes parsed: 14
[21:04:37.453] [bmv2] [D] [thread 10315] [13.0] [cxt 0] Parser 'parser': end
[21:04:37.453] [bmv2] [D] [thread 10315] [13.0] [cxt 0] Pipeline 'ingress': start
[21:04:37.453] [bmv2] [T] [thread 10315] [13.0] [cxt 0] streaming.p4(181) Condition "hdr.ipv4.isValid()" (node_2) is false
[21:04:37.453] [bmv2] [D] [thread 10315] [13.0] [cxt 0] Pipeline 'ingress': end
[21:04:37.453] [bmv2] [D] [thread 10315] [13.0] [cxt 0] Egress port is 0
[21:04:37.453] [bmv2] [D] [thread 10316] [13.0] [cxt 0] Pipeline 'egress': start
[21:04:37.453] [bmv2] [T] [thread 10316] [13.0] [cxt 0] streaming.p4(241) Condition "hdr.udp.isValid()" (node_6) is false
[21:04:37.453] [bmv2] [D] [thread 10316] [13.0] [cxt 0] Pipeline 'egress': end
[21:04:37.453] [bmv2] [D] [thread 10316] [13.0] [cxt 0] Deparser 'deparser': start
[21:04:37.453] [bmv2] [T] [thread 10316] [13.0] [cxt 0] Skipping checksum 'cksum' update because condition not met
[21:04:37.453] [bmv2] [T] [thread 10316] [13.0] [cxt 0] Skipping checksum 'cksum_0' update because condition not met
[21:04:37.453] [bmv2] [D] [thread 10316] [13.0] [cxt 0] Deparsing header 'ethernet'
[21:04:37.453] [bmv2] [D] [thread 10316] [13.0] [cxt 0] Deparser 'deparser': end
[21:04:37.453] [bmv2] [D] [thread 10320] [13.0] [cxt 0] Transmitting packet of size 207 out of port 0
[21:04:37.671] [bmv2] [D] [thread 10315] [14.0] [cxt 0] Processing packet received on port 3
[21:04:37.671] [bmv2] [D] [thread 10315] [14.0] [cxt 0] Parser 'parser': start
[21:04:37.671] [bmv2] [D] [thread 10315] [14.0] [cxt 0] Parser 'parser' entering state 'start'
[21:04:37.671] [bmv2] [D] [thread 10315] [14.0] [cxt 0] Extracting header 'ethernet'
[21:04:37.671] [bmv2] [D] [thread 10315] [14.0] [cxt 0] Parser state 'start': key is 86dd
[21:04:37.672] [bmv2] [T] [thread 10315] [14.0] [cxt 0] Bytes parsed: 14
[21:04:37.672] [bmv2] [D] [thread 10315] [14.0] [cxt 0] Parser 'parser': end
[21:04:37.672] [bmv2] [D] [thread 10315] [14.0] [cxt 0] Pipeline 'ingress': start
[21:04:37.672] [bmv2] [T] [thread 10315] [14.0] [cxt 0] streaming.p4(181) Condition "hdr.ipv4.isValid()" (node_2) is false
[21:04:37.672] [bmv2] [D] [thread 10315] [14.0] [cxt 0] Pipeline 'ingress': end
[21:04:37.672] [bmv2] [D] [thread 10315] [14.0] [cxt 0] Egress port is 0
[21:04:37.672] [bmv2] [D] [thread 10316] [14.0] [cxt 0] Pipeline 'egress': start
[21:04:37.672] [bmv2] [T] [thread 10316] [14.0] [cxt 0] streaming.p4(241) Condition "hdr.udp.isValid()" (node_6) is false
[21:04:37.672] [bmv2] [D] [thread 10316] [14.0] [cxt 0] Pipeline 'egress': end
[21:04:37.672] [bmv2] [D] [thread 10316] [14.0] [cxt 0] Deparser 'deparser': start
[21:04:37.672] [bmv2] [T] [thread 10316] [14.0] [cxt 0] Skipping checksum 'cksum' update because condition not met
[21:04:37.672] [bmv2] [T] [thread 10316] [14.0] [cxt 0] Skipping checksum 'cksum_0' update because condition not met
[21:04:37.672] [bmv2] [D] [thread 10316] [14.0] [cxt 0] Deparsing header 'ethernet'
[21:04:37.672] [bmv2] [D] [thread 10316] [14.0] [cxt 0] Deparser 'deparser': end
[21:04:37.672] [bmv2] [D] [thread 10320] [14.0] [cxt 0] Transmitting packet of size 207 out of port 0
[21:04:37.711] [bmv2] [D] [thread 10315] [15.0] [cxt 0] Processing packet received on port 1
[21:04:37.711] [bmv2] [D] [thread 10315] [15.0] [cxt 0] Parser 'parser': start
[21:04:37.711] [bmv2] [D] [thread 10315] [15.0] [cxt 0] Parser 'parser' entering state 'start'
[21:04:37.711] [bmv2] [D] [thread 10315] [15.0] [cxt 0] Extracting header 'ethernet'
[21:04:37.711] [bmv2] [D] [thread 10315] [15.0] [cxt 0] Parser state 'start': key is 86dd
[21:04:37.712] [bmv2] [T] [thread 10315] [15.0] [cxt 0] Bytes parsed: 14
[21:04:37.712] [bmv2] [D] [thread 10315] [15.0] [cxt 0] Parser 'parser': end
[21:04:37.712] [bmv2] [D] [thread 10315] [15.0] [cxt 0] Pipeline 'ingress': start
[21:04:37.712] [bmv2] [T] [thread 10315] [15.0] [cxt 0] streaming.p4(181) Condition "hdr.ipv4.isValid()" (node_2) is false
[21:04:37.712] [bmv2] [D] [thread 10315] [15.0] [cxt 0] Pipeline 'ingress': end
[21:04:37.712] [bmv2] [D] [thread 10315] [15.0] [cxt 0] Egress port is 0
[21:04:37.712] [bmv2] [D] [thread 10316] [15.0] [cxt 0] Pipeline 'egress': start
[21:04:37.712] [bmv2] [T] [thread 10316] [15.0] [cxt 0] streaming.p4(241) Condition "hdr.udp.isValid()" (node_6) is false
[21:04:37.712] [bmv2] [D] [thread 10316] [15.0] [cxt 0] Pipeline 'egress': end
[21:04:37.712] [bmv2] [D] [thread 10316] [15.0] [cxt 0] Deparser 'deparser': start
[21:04:37.712] [bmv2] [T] [thread 10316] [15.0] [cxt 0] Skipping checksum 'cksum' update because condition not met
[21:04:37.712] [bmv2] [T] [thread 10316] [15.0] [cxt 0] Skipping checksum 'cksum_0' update because condition not met
[21:04:37.712] [bmv2] [D] [thread 10316] [15.0] [cxt 0] Deparsing header 'ethernet'
[21:04:37.712] [bmv2] [D] [thread 10316] [15.0] [cxt 0] Deparser 'deparser': end
[21:04:37.712] [bmv2] [D] [thread 10320] [15.0] [cxt 0] Transmitting packet of size 207 out of port 0
[21:04:38.170] [bmv2] [D] [thread 10315] [16.0] [cxt 0] Processing packet received on port 2
[21:04:38.170] [bmv2] [D] [thread 10315] [16.0] [cxt 0] Parser 'parser': start
[21:04:38.170] [bmv2] [D] [thread 10315] [16.0] [cxt 0] Parser 'parser' entering state 'start'
[21:04:38.170] [bmv2] [D] [thread 10315] [16.0] [cxt 0] Extracting header 'ethernet'
[21:04:38.170] [bmv2] [D] [thread 10315] [16.0] [cxt 0] Parser state 'start': key is 86dd
[21:04:38.170] [bmv2] [T] [thread 10315] [16.0] [cxt 0] Bytes parsed: 14
[21:04:38.170] [bmv2] [D] [thread 10315] [16.0] [cxt 0] Parser 'parser': end
[21:04:38.170] [bmv2] [D] [thread 10315] [16.0] [cxt 0] Pipeline 'ingress': start
[21:04:38.170] [bmv2] [T] [thread 10315] [16.0] [cxt 0] streaming.p4(181) Condition "hdr.ipv4.isValid()" (node_2) is false
[21:04:38.170] [bmv2] [D] [thread 10315] [16.0] [cxt 0] Pipeline 'ingress': end
[21:04:38.170] [bmv2] [D] [thread 10315] [16.0] [cxt 0] Egress port is 0
[21:04:38.170] [bmv2] [D] [thread 10316] [16.0] [cxt 0] Pipeline 'egress': start
[21:04:38.170] [bmv2] [T] [thread 10316] [16.0] [cxt 0] streaming.p4(241) Condition "hdr.udp.isValid()" (node_6) is false
[21:04:38.170] [bmv2] [D] [thread 10316] [16.0] [cxt 0] Pipeline 'egress': end
[21:04:38.170] [bmv2] [D] [thread 10316] [16.0] [cxt 0] Deparser 'deparser': start
[21:04:38.170] [bmv2] [T] [thread 10316] [16.0] [cxt 0] Skipping checksum 'cksum' update because condition not met
[21:04:38.170] [bmv2] [T] [thread 10316] [16.0] [cxt 0] Skipping checksum 'cksum_0' update because condition not met
[21:04:38.170] [bmv2] [D] [thread 10316] [16.0] [cxt 0] Deparsing header 'ethernet'
[21:04:38.171] [bmv2] [D] [thread 10316] [16.0] [cxt 0] Deparser 'deparser': end
[21:04:38.171] [bmv2] [D] [thread 10320] [16.0] [cxt 0] Transmitting packet of size 207 out of port 0
[21:04:38.350] [bmv2] [D] [thread 10315] [17.0] [cxt 0] Processing packet received on port 3
[21:04:38.350] [bmv2] [D] [thread 10315] [17.0] [cxt 0] Parser 'parser': start
[21:04:38.350] [bmv2] [D] [thread 10315] [17.0] [cxt 0] Parser 'parser' entering state 'start'
[21:04:38.350] [bmv2] [D] [thread 10315] [17.0] [cxt 0] Extracting header 'ethernet'
[21:04:38.350] [bmv2] [D] [thread 10315] [17.0] [cxt 0] Parser state 'start': key is 86dd
[21:04:38.350] [bmv2] [T] [thread 10315] [17.0] [cxt 0] Bytes parsed: 14
[21:04:38.351] [bmv2] [D] [thread 10315] [17.0] [cxt 0] Parser 'parser': end
[21:04:38.351] [bmv2] [D] [thread 10315] [17.0] [cxt 0] Pipeline 'ingress': start
[21:04:38.351] [bmv2] [T] [thread 10315] [17.0] [cxt 0] streaming.p4(181) Condition "hdr.ipv4.isValid()" (node_2) is false
[21:04:38.351] [bmv2] [D] [thread 10315] [17.0] [cxt 0] Pipeline 'ingress': end
[21:04:38.351] [bmv2] [D] [thread 10315] [17.0] [cxt 0] Egress port is 0
[21:04:38.351] [bmv2] [D] [thread 10316] [17.0] [cxt 0] Pipeline 'egress': start
[21:04:38.351] [bmv2] [T] [thread 10316] [17.0] [cxt 0] streaming.p4(241) Condition "hdr.udp.isValid()" (node_6) is false
[21:04:38.351] [bmv2] [D] [thread 10316] [17.0] [cxt 0] Pipeline 'egress': end
[21:04:38.351] [bmv2] [D] [thread 10316] [17.0] [cxt 0] Deparser 'deparser': start
[21:04:38.351] [bmv2] [T] [thread 10316] [17.0] [cxt 0] Skipping checksum 'cksum' update because condition not met
[21:04:38.351] [bmv2] [T] [thread 10316] [17.0] [cxt 0] Skipping checksum 'cksum_0' update because condition not met
[21:04:38.351] [bmv2] [D] [thread 10316] [17.0] [cxt 0] Deparsing header 'ethernet'
[21:04:38.351] [bmv2] [D] [thread 10316] [17.0] [cxt 0] Deparser 'deparser': end
[21:04:38.351] [bmv2] [D] [thread 10320] [17.0] [cxt 0] Transmitting packet of size 207 out of port 0
New connection
P4Runtime SetForwardingPipelineConfig
[21:04:39.263] [bmv2] [W] [thread 10411] [P4Runtime] p4::tmp::P4DeviceConfig is deprecated
[21:04:39.264] [bmv2] [D] [thread 10411] Set default default entry for table 'MyIngress.ipv4_lpm': MyIngress.drop - 
[21:04:39.265] [bmv2] [D] [thread 10411] Set default default entry for table 'MyEgress.NAT_match_action_table': NoAction - 
[21:04:39.265] [bmv2] [D] [thread 10411] simple_switch target has been notified of a config swap
P4Runtime Write
device_id: 4
election_id {
  low: 1
}
updates {
  type: MODIFY
  entity {
    table_entry {
      table_id: 37375156
      action {
        action {
          action_id: 25652968
        }
      }
      is_default_action: true
    }
  }
}
[21:04:39.272] [bmv2] [D] [thread 10413] Set default entry for table 'MyIngress.ipv4_lpm': MyIngress.drop - 
P4Runtime Write
device_id: 4
election_id {
  low: 1
}
updates {
  type: INSERT
  entity {
    table_entry {
      table_id: 37375156
      match {
        field_id: 1
        lpm {
          value: "\n\000\001\001"
          prefix_len: 32
        }
      }
      action {
        action {
          action_id: 28792405
          params {
            param_id: 1
            value: "\010\000\000\000\002\000"
          }
          params {
            param_id: 2
            value: "\000\001"
          }
        }
      }
    }
  }
}
[21:04:39.278] [bmv2] [D] [thread 10411] Entry 0 added to table 'MyIngress.ipv4_lpm'
[21:04:39.278] [bmv2] [D] [thread 10411] Dumping entry 0
Match key:
* hdr.ipv4.dstAddr    : LPM       0a000101/32
Action entry: MyIngress.ipv4_forward - 80000000200,1,

P4Runtime Write
device_id: 4
election_id {
  low: 1
}
updates {
  type: INSERT
  entity {
    table_entry {
      table_id: 37375156
      match {
        field_id: 1
        lpm {
          value: "\n\000\007\007"
          prefix_len: 32
        }
      }
      action {
        action {
          action_id: 28792405
          params {
            param_id: 1
            value: "\010\000\000\000\007\000"
          }
          params {
            param_id: 2
            value: "\000\003"
          }
        }
      }
    }
  }
}
[21:04:39.284] [bmv2] [D] [thread 10413] Entry 1 added to table 'MyIngress.ipv4_lpm'
[21:04:39.284] [bmv2] [D] [thread 10413] Dumping entry 1
Match key:
* hdr.ipv4.dstAddr    : LPM       0a000707/32
Action entry: MyIngress.ipv4_forward - 80000000700,3,

P4Runtime Write
device_id: 4
election_id {
  low: 1
}
updates {
  type: INSERT
  entity {
    table_entry {
      table_id: 37375156
      match {
        field_id: 1
        lpm {
          value: "\n\000\003\003"
          prefix_len: 32
        }
      }
      action {
        action {
          action_id: 28792405
          params {
            param_id: 1
            value: "\010\000\000\000\003\000"
          }
          params {
            param_id: 2
            value: "\000\002"
          }
        }
      }
    }
  }
}
[21:04:39.291] [bmv2] [D] [thread 10411] Entry 2 added to table 'MyIngress.ipv4_lpm'
[21:04:39.291] [bmv2] [D] [thread 10411] Dumping entry 2
Match key:
* hdr.ipv4.dstAddr    : LPM       0a000303/32
Action entry: MyIngress.ipv4_forward - 80000000300,2,

Connection removed
[21:04:39.309] [bmv2] [D] [thread 10315] [18.0] [cxt 0] Processing packet received on port 2
[21:04:39.309] [bmv2] [D] [thread 10315] [18.0] [cxt 0] Parser 'parser': start
[21:04:39.309] [bmv2] [D] [thread 10315] [18.0] [cxt 0] Parser 'parser' entering state 'start'
[21:04:39.309] [bmv2] [D] [thread 10315] [18.0] [cxt 0] Extracting header 'ethernet'
[21:04:39.309] [bmv2] [D] [thread 10315] [18.0] [cxt 0] Parser state 'start': key is 86dd
[21:04:39.309] [bmv2] [T] [thread 10315] [18.0] [cxt 0] Bytes parsed: 14
[21:04:39.309] [bmv2] [D] [thread 10315] [18.0] [cxt 0] Parser 'parser': end
[21:04:39.309] [bmv2] [D] [thread 10315] [18.0] [cxt 0] Pipeline 'ingress': start
[21:04:39.309] [bmv2] [T] [thread 10315] [18.0] [cxt 0] streaming.p4(181) Condition "hdr.ipv4.isValid()" (node_2) is false
[21:04:39.309] [bmv2] [D] [thread 10315] [18.0] [cxt 0] Pipeline 'ingress': end
[21:04:39.309] [bmv2] [D] [thread 10315] [18.0] [cxt 0] Egress port is 0
[21:04:39.309] [bmv2] [D] [thread 10316] [18.0] [cxt 0] Pipeline 'egress': start
[21:04:39.309] [bmv2] [T] [thread 10316] [18.0] [cxt 0] streaming.p4(241) Condition "hdr.udp.isValid()" (node_6) is false
[21:04:39.309] [bmv2] [D] [thread 10316] [18.0] [cxt 0] Pipeline 'egress': end
[21:04:39.309] [bmv2] [D] [thread 10316] [18.0] [cxt 0] Deparser 'deparser': start
[21:04:39.309] [bmv2] [T] [thread 10316] [18.0] [cxt 0] Skipping checksum 'cksum' update because condition not met
[21:04:39.309] [bmv2] [T] [thread 10316] [18.0] [cxt 0] Skipping checksum 'cksum_0' update because condition not met
[21:04:39.310] [bmv2] [D] [thread 10316] [18.0] [cxt 0] Deparsing header 'ethernet'
[21:04:39.310] [bmv2] [D] [thread 10316] [18.0] [cxt 0] Deparser 'deparser': end
[21:04:39.310] [bmv2] [D] [thread 10320] [18.0] [cxt 0] Transmitting packet of size 70 out of port 0
[21:04:39.520] [bmv2] [D] [thread 10315] [19.0] [cxt 0] Processing packet received on port 1
[21:04:39.520] [bmv2] [D] [thread 10315] [19.0] [cxt 0] Parser 'parser': start
[21:04:39.520] [bmv2] [D] [thread 10315] [19.0] [cxt 0] Parser 'parser' entering state 'start'
[21:04:39.520] [bmv2] [D] [thread 10315] [19.0] [cxt 0] Extracting header 'ethernet'
[21:04:39.520] [bmv2] [D] [thread 10315] [19.0] [cxt 0] Parser state 'start': key is 86dd
[21:04:39.520] [bmv2] [T] [thread 10315] [19.0] [cxt 0] Bytes parsed: 14
[21:04:39.520] [bmv2] [D] [thread 10315] [19.0] [cxt 0] Parser 'parser': end
[21:04:39.520] [bmv2] [D] [thread 10315] [19.0] [cxt 0] Pipeline 'ingress': start
[21:04:39.520] [bmv2] [T] [thread 10315] [19.0] [cxt 0] streaming.p4(181) Condition "hdr.ipv4.isValid()" (node_2) is false
[21:04:39.520] [bmv2] [D] [thread 10315] [19.0] [cxt 0] Pipeline 'ingress': end
[21:04:39.520] [bmv2] [D] [thread 10315] [19.0] [cxt 0] Egress port is 0
[21:04:39.521] [bmv2] [D] [thread 10316] [19.0] [cxt 0] Pipeline 'egress': start
[21:04:39.521] [bmv2] [T] [thread 10316] [19.0] [cxt 0] streaming.p4(241) Condition "hdr.udp.isValid()" (node_6) is false
[21:04:39.521] [bmv2] [D] [thread 10316] [19.0] [cxt 0] Pipeline 'egress': end
[21:04:39.521] [bmv2] [D] [thread 10316] [19.0] [cxt 0] Deparser 'deparser': start
[21:04:39.521] [bmv2] [T] [thread 10316] [19.0] [cxt 0] Skipping checksum 'cksum' update because condition not met
[21:04:39.521] [bmv2] [T] [thread 10316] [19.0] [cxt 0] Skipping checksum 'cksum_0' update because condition not met
[21:04:39.521] [bmv2] [D] [thread 10316] [19.0] [cxt 0] Deparsing header 'ethernet'
[21:04:39.521] [bmv2] [D] [thread 10316] [19.0] [cxt 0] Deparser 'deparser': end
[21:04:39.521] [bmv2] [D] [thread 10320] [19.0] [cxt 0] Transmitting packet of size 207 out of port 0
[21:04:39.556] [bmv2] [D] [thread 10315] [20.0] [cxt 0] Processing packet received on port 1
[21:04:39.556] [bmv2] [D] [thread 10315] [20.0] [cxt 0] Parser 'parser': start
[21:04:39.556] [bmv2] [D] [thread 10315] [20.0] [cxt 0] Parser 'parser' entering state 'start'
[21:04:39.556] [bmv2] [D] [thread 10315] [20.0] [cxt 0] Extracting header 'ethernet'
[21:04:39.556] [bmv2] [D] [thread 10315] [20.0] [cxt 0] Parser state 'start': key is 86dd
[21:04:39.556] [bmv2] [T] [thread 10315] [20.0] [cxt 0] Bytes parsed: 14
[21:04:39.556] [bmv2] [D] [thread 10315] [20.0] [cxt 0] Parser 'parser': end
[21:04:39.556] [bmv2] [D] [thread 10315] [20.0] [cxt 0] Pipeline 'ingress': start
[21:04:39.556] [bmv2] [T] [thread 10315] [20.0] [cxt 0] streaming.p4(181) Condition "hdr.ipv4.isValid()" (node_2) is false
[21:04:39.557] [bmv2] [D] [thread 10315] [20.0] [cxt 0] Pipeline 'ingress': end
[21:04:39.557] [bmv2] [D] [thread 10315] [20.0] [cxt 0] Egress port is 0
[21:04:39.557] [bmv2] [D] [thread 10315] [21.0] [cxt 0] Processing packet received on port 3
[21:04:39.557] [bmv2] [D] [thread 10315] [21.0] [cxt 0] Parser 'parser': start
[21:04:39.557] [bmv2] [D] [thread 10315] [21.0] [cxt 0] Parser 'parser' entering state 'start'
[21:04:39.557] [bmv2] [D] [thread 10315] [21.0] [cxt 0] Extracting header 'ethernet'
[21:04:39.557] [bmv2] [D] [thread 10315] [21.0] [cxt 0] Parser state 'start': key is 86dd
[21:04:39.558] [bmv2] [T] [thread 10315] [21.0] [cxt 0] Bytes parsed: 14
[21:04:39.558] [bmv2] [D] [thread 10315] [21.0] [cxt 0] Parser 'parser': end
[21:04:39.558] [bmv2] [D] [thread 10315] [21.0] [cxt 0] Pipeline 'ingress': start
[21:04:39.558] [bmv2] [T] [thread 10315] [21.0] [cxt 0] streaming.p4(181) Condition "hdr.ipv4.isValid()" (node_2) is false
[21:04:39.558] [bmv2] [D] [thread 10315] [21.0] [cxt 0] Pipeline 'ingress': end
[21:04:39.558] [bmv2] [D] [thread 10315] [21.0] [cxt 0] Egress port is 0
[21:04:39.559] [bmv2] [D] [thread 10315] [22.0] [cxt 0] Processing packet received on port 1
[21:04:39.559] [bmv2] [D] [thread 10315] [22.0] [cxt 0] Parser 'parser': start
[21:04:39.559] [bmv2] [D] [thread 10315] [22.0] [cxt 0] Parser 'parser' entering state 'start'
[21:04:39.560] [bmv2] [D] [thread 10315] [22.0] [cxt 0] Extracting header 'ethernet'
[21:04:39.560] [bmv2] [D] [thread 10315] [22.0] [cxt 0] Parser state 'start': key is 86dd
[21:04:39.560] [bmv2] [T] [thread 10315] [22.0] [cxt 0] Bytes parsed: 14
[21:04:39.560] [bmv2] [D] [thread 10315] [22.0] [cxt 0] Parser 'parser': end
[21:04:39.557] [bmv2] [D] [thread 10316] [20.0] [cxt 0] Pipeline 'egress': start
[21:04:39.561] [bmv2] [T] [thread 10316] [20.0] [cxt 0] streaming.p4(241) Condition "hdr.udp.isValid()" (node_6) is false
[21:04:39.561] [bmv2] [D] [thread 10315] [22.0] [cxt 0] Pipeline 'ingress': start
[21:04:39.561] [bmv2] [T] [thread 10315] [22.0] [cxt 0] streaming.p4(181) Condition "hdr.ipv4.isValid()" (node_2) is false
[21:04:39.561] [bmv2] [D] [thread 10315] [22.0] [cxt 0] Pipeline 'ingress': end
[21:04:39.562] [bmv2] [D] [thread 10315] [22.0] [cxt 0] Egress port is 0
[21:04:39.561] [bmv2] [D] [thread 10316] [20.0] [cxt 0] Pipeline 'egress': end
[21:04:39.562] [bmv2] [D] [thread 10316] [20.0] [cxt 0] Deparser 'deparser': start
[21:04:39.562] [bmv2] [T] [thread 10316] [20.0] [cxt 0] Skipping checksum 'cksum' update because condition not met
[21:04:39.562] [bmv2] [T] [thread 10316] [20.0] [cxt 0] Skipping checksum 'cksum_0' update because condition not met
[21:04:39.563] [bmv2] [D] [thread 10316] [20.0] [cxt 0] Deparsing header 'ethernet'
[21:04:39.563] [bmv2] [D] [thread 10316] [20.0] [cxt 0] Deparser 'deparser': end
[21:04:39.563] [bmv2] [D] [thread 10316] [21.0] [cxt 0] Pipeline 'egress': start
[21:04:39.563] [bmv2] [T] [thread 10316] [21.0] [cxt 0] streaming.p4(241) Condition "hdr.udp.isValid()" (node_6) is false
[21:04:39.563] [bmv2] [D] [thread 10316] [21.0] [cxt 0] Pipeline 'egress': end
[21:04:39.563] [bmv2] [D] [thread 10316] [21.0] [cxt 0] Deparser 'deparser': start
[21:04:39.563] [bmv2] [T] [thread 10316] [21.0] [cxt 0] Skipping checksum 'cksum' update because condition not met
[21:04:39.563] [bmv2] [T] [thread 10316] [21.0] [cxt 0] Skipping checksum 'cksum_0' update because condition not met
[21:04:39.563] [bmv2] [D] [thread 10316] [21.0] [cxt 0] Deparsing header 'ethernet'
[21:04:39.563] [bmv2] [D] [thread 10316] [21.0] [cxt 0] Deparser 'deparser': end
[21:04:39.563] [bmv2] [D] [thread 10316] [22.0] [cxt 0] Pipeline 'egress': start
[21:04:39.564] [bmv2] [T] [thread 10316] [22.0] [cxt 0] streaming.p4(241) Condition "hdr.udp.isValid()" (node_6) is false
[21:04:39.564] [bmv2] [D] [thread 10316] [22.0] [cxt 0] Pipeline 'egress': end
[21:04:39.564] [bmv2] [D] [thread 10316] [22.0] [cxt 0] Deparser 'deparser': start
[21:04:39.564] [bmv2] [T] [thread 10316] [22.0] [cxt 0] Skipping checksum 'cksum' update because condition not met
[21:04:39.564] [bmv2] [T] [thread 10316] [22.0] [cxt 0] Skipping checksum 'cksum_0' update because condition not met
[21:04:39.564] [bmv2] [D] [thread 10316] [22.0] [cxt 0] Deparsing header 'ethernet'
[21:04:39.564] [bmv2] [D] [thread 10316] [22.0] [cxt 0] Deparser 'deparser': end
[21:04:39.563] [bmv2] [D] [thread 10320] [20.0] [cxt 0] Transmitting packet of size 70 out of port 0
[21:04:39.564] [bmv2] [D] [thread 10320] [21.0] [cxt 0] Transmitting packet of size 70 out of port 0
[21:04:39.564] [bmv2] [D] [thread 10320] [22.0] [cxt 0] Transmitting packet of size 70 out of port 0
[21:04:39.622] [bmv2] [D] [thread 10315] [23.0] [cxt 0] Processing packet received on port 2
[21:04:39.622] [bmv2] [D] [thread 10315] [23.0] [cxt 0] Parser 'parser': start
[21:04:39.622] [bmv2] [D] [thread 10315] [23.0] [cxt 0] Parser 'parser' entering state 'start'
[21:04:39.622] [bmv2] [D] [thread 10315] [23.0] [cxt 0] Extracting header 'ethernet'
[21:04:39.622] [bmv2] [D] [thread 10315] [23.0] [cxt 0] Parser state 'start': key is 86dd
[21:04:39.622] [bmv2] [T] [thread 10315] [23.0] [cxt 0] Bytes parsed: 14
[21:04:39.622] [bmv2] [D] [thread 10315] [23.0] [cxt 0] Parser 'parser': end
[21:04:39.623] [bmv2] [D] [thread 10315] [23.0] [cxt 0] Pipeline 'ingress': start
[21:04:39.623] [bmv2] [T] [thread 10315] [23.0] [cxt 0] streaming.p4(181) Condition "hdr.ipv4.isValid()" (node_2) is false
[21:04:39.623] [bmv2] [D] [thread 10315] [23.0] [cxt 0] Pipeline 'ingress': end
[21:04:39.623] [bmv2] [D] [thread 10315] [23.0] [cxt 0] Egress port is 0
[21:04:39.623] [bmv2] [D] [thread 10316] [23.0] [cxt 0] Pipeline 'egress': start
[21:04:39.623] [bmv2] [T] [thread 10316] [23.0] [cxt 0] streaming.p4(241) Condition "hdr.udp.isValid()" (node_6) is false
[21:04:39.623] [bmv2] [D] [thread 10316] [23.0] [cxt 0] Pipeline 'egress': end
[21:04:39.623] [bmv2] [D] [thread 10316] [23.0] [cxt 0] Deparser 'deparser': start
[21:04:39.623] [bmv2] [T] [thread 10316] [23.0] [cxt 0] Skipping checksum 'cksum' update because condition not met
[21:04:39.623] [bmv2] [T] [thread 10316] [23.0] [cxt 0] Skipping checksum 'cksum_0' update because condition not met
[21:04:39.623] [bmv2] [D] [thread 10316] [23.0] [cxt 0] Deparsing header 'ethernet'
[21:04:39.623] [bmv2] [D] [thread 10316] [23.0] [cxt 0] Deparser 'deparser': end
[21:04:39.623] [bmv2] [D] [thread 10320] [23.0] [cxt 0] Transmitting packet of size 207 out of port 0
[21:04:39.846] [bmv2] [D] [thread 10315] [24.0] [cxt 0] Processing packet received on port 3
[21:04:39.846] [bmv2] [D] [thread 10315] [24.0] [cxt 0] Parser 'parser': start
[21:04:39.846] [bmv2] [D] [thread 10315] [24.0] [cxt 0] Parser 'parser' entering state 'start'
[21:04:39.846] [bmv2] [D] [thread 10315] [24.0] [cxt 0] Extracting header 'ethernet'
[21:04:39.846] [bmv2] [D] [thread 10315] [24.0] [cxt 0] Parser state 'start': key is 86dd
[21:04:39.846] [bmv2] [T] [thread 10315] [24.0] [cxt 0] Bytes parsed: 14
[21:04:39.846] [bmv2] [D] [thread 10315] [24.0] [cxt 0] Parser 'parser': end
[21:04:39.846] [bmv2] [D] [thread 10315] [24.0] [cxt 0] Pipeline 'ingress': start
[21:04:39.847] [bmv2] [T] [thread 10315] [24.0] [cxt 0] streaming.p4(181) Condition "hdr.ipv4.isValid()" (node_2) is false
[21:04:39.847] [bmv2] [D] [thread 10315] [24.0] [cxt 0] Pipeline 'ingress': end
[21:04:39.847] [bmv2] [D] [thread 10315] [24.0] [cxt 0] Egress port is 0
[21:04:39.847] [bmv2] [D] [thread 10316] [24.0] [cxt 0] Pipeline 'egress': start
[21:04:39.847] [bmv2] [T] [thread 10316] [24.0] [cxt 0] streaming.p4(241) Condition "hdr.udp.isValid()" (node_6) is false
[21:04:39.847] [bmv2] [D] [thread 10316] [24.0] [cxt 0] Pipeline 'egress': end
[21:04:39.847] [bmv2] [D] [thread 10316] [24.0] [cxt 0] Deparser 'deparser': start
[21:04:39.847] [bmv2] [T] [thread 10316] [24.0] [cxt 0] Skipping checksum 'cksum' update because condition not met
[21:04:39.847] [bmv2] [T] [thread 10316] [24.0] [cxt 0] Skipping checksum 'cksum_0' update because condition not met
[21:04:39.847] [bmv2] [D] [thread 10316] [24.0] [cxt 0] Deparsing header 'ethernet'
[21:04:39.847] [bmv2] [D] [thread 10316] [24.0] [cxt 0] Deparser 'deparser': end
[21:04:39.847] [bmv2] [D] [thread 10320] [24.0] [cxt 0] Transmitting packet of size 207 out of port 0
[21:04:39.861] [bmv2] [D] [thread 10315] [25.0] [cxt 0] Processing packet received on port 1
[21:04:39.861] [bmv2] [D] [thread 10315] [25.0] [cxt 0] Parser 'parser': start
[21:04:39.861] [bmv2] [D] [thread 10315] [25.0] [cxt 0] Parser 'parser' entering state 'start'
[21:04:39.861] [bmv2] [D] [thread 10315] [25.0] [cxt 0] Extracting header 'ethernet'
[21:04:39.861] [bmv2] [D] [thread 10315] [25.0] [cxt 0] Parser state 'start': key is 86dd
[21:04:39.861] [bmv2] [T] [thread 10315] [25.0] [cxt 0] Bytes parsed: 14
[21:04:39.861] [bmv2] [D] [thread 10315] [25.0] [cxt 0] Parser 'parser': end
[21:04:39.861] [bmv2] [D] [thread 10315] [25.0] [cxt 0] Pipeline 'ingress': start
[21:04:39.861] [bmv2] [T] [thread 10315] [25.0] [cxt 0] streaming.p4(181) Condition "hdr.ipv4.isValid()" (node_2) is false
[21:04:39.861] [bmv2] [D] [thread 10315] [25.0] [cxt 0] Pipeline 'ingress': end
[21:04:39.861] [bmv2] [D] [thread 10315] [25.0] [cxt 0] Egress port is 0
[21:04:39.861] [bmv2] [D] [thread 10316] [25.0] [cxt 0] Pipeline 'egress': start
[21:04:39.861] [bmv2] [T] [thread 10316] [25.0] [cxt 0] streaming.p4(241) Condition "hdr.udp.isValid()" (node_6) is false
[21:04:39.861] [bmv2] [D] [thread 10316] [25.0] [cxt 0] Pipeline 'egress': end
[21:04:39.861] [bmv2] [D] [thread 10316] [25.0] [cxt 0] Deparser 'deparser': start
[21:04:39.861] [bmv2] [T] [thread 10316] [25.0] [cxt 0] Skipping checksum 'cksum' update because condition not met
[21:04:39.861] [bmv2] [T] [thread 10316] [25.0] [cxt 0] Skipping checksum 'cksum_0' update because condition not met
[21:04:39.861] [bmv2] [D] [thread 10316] [25.0] [cxt 0] Deparsing header 'ethernet'
[21:04:39.861] [bmv2] [D] [thread 10316] [25.0] [cxt 0] Deparser 'deparser': end
[21:04:39.861] [bmv2] [D] [thread 10320] [25.0] [cxt 0] Transmitting packet of size 207 out of port 0
[21:04:40.325] [bmv2] [D] [thread 10315] [26.0] [cxt 0] Processing packet received on port 3
[21:04:40.326] [bmv2] [D] [thread 10315] [26.0] [cxt 0] Parser 'parser': start
[21:04:40.326] [bmv2] [D] [thread 10315] [26.0] [cxt 0] Parser 'parser' entering state 'start'
[21:04:40.326] [bmv2] [D] [thread 10315] [26.0] [cxt 0] Extracting header 'ethernet'
[21:04:40.326] [bmv2] [D] [thread 10315] [26.0] [cxt 0] Parser state 'start': key is 86dd
[21:04:40.326] [bmv2] [T] [thread 10315] [26.0] [cxt 0] Bytes parsed: 14
[21:04:40.327] [bmv2] [D] [thread 10315] [26.0] [cxt 0] Parser 'parser': end
[21:04:40.327] [bmv2] [D] [thread 10315] [26.0] [cxt 0] Pipeline 'ingress': start
[21:04:40.327] [bmv2] [T] [thread 10315] [26.0] [cxt 0] streaming.p4(181) Condition "hdr.ipv4.isValid()" (node_2) is false
[21:04:40.329] [bmv2] [D] [thread 10315] [26.0] [cxt 0] Pipeline 'ingress': end
[21:04:40.330] [bmv2] [D] [thread 10315] [26.0] [cxt 0] Egress port is 0
[21:04:40.330] [bmv2] [D] [thread 10315] [27.0] [cxt 0] Processing packet received on port 2
[21:04:40.330] [bmv2] [D] [thread 10315] [27.0] [cxt 0] Parser 'parser': start
[21:04:40.330] [bmv2] [D] [thread 10315] [27.0] [cxt 0] Parser 'parser' entering state 'start'
[21:04:40.330] [bmv2] [D] [thread 10315] [27.0] [cxt 0] Extracting header 'ethernet'
[21:04:40.330] [bmv2] [D] [thread 10316] [26.0] [cxt 0] Pipeline 'egress': start
[21:04:40.330] [bmv2] [T] [thread 10316] [26.0] [cxt 0] streaming.p4(241) Condition "hdr.udp.isValid()" (node_6) is false
[21:04:40.331] [bmv2] [D] [thread 10316] [26.0] [cxt 0] Pipeline 'egress': end
[21:04:40.331] [bmv2] [D] [thread 10316] [26.0] [cxt 0] Deparser 'deparser': start
[21:04:40.331] [bmv2] [T] [thread 10316] [26.0] [cxt 0] Skipping checksum 'cksum' update because condition not met
[21:04:40.331] [bmv2] [T] [thread 10316] [26.0] [cxt 0] Skipping checksum 'cksum_0' update because condition not met
[21:04:40.331] [bmv2] [D] [thread 10316] [26.0] [cxt 0] Deparsing header 'ethernet'
[21:04:40.331] [bmv2] [D] [thread 10316] [26.0] [cxt 0] Deparser 'deparser': end
[21:04:40.331] [bmv2] [D] [thread 10320] [26.0] [cxt 0] Transmitting packet of size 70 out of port 0
[21:04:40.330] [bmv2] [D] [thread 10315] [27.0] [cxt 0] Parser state 'start': key is 86dd
[21:04:40.331] [bmv2] [T] [thread 10315] [27.0] [cxt 0] Bytes parsed: 14
[21:04:40.331] [bmv2] [D] [thread 10315] [27.0] [cxt 0] Parser 'parser': end
[21:04:40.331] [bmv2] [D] [thread 10315] [27.0] [cxt 0] Pipeline 'ingress': start
[21:04:40.331] [bmv2] [T] [thread 10315] [27.0] [cxt 0] streaming.p4(181) Condition "hdr.ipv4.isValid()" (node_2) is false
[21:04:40.331] [bmv2] [D] [thread 10315] [27.0] [cxt 0] Pipeline 'ingress': end
[21:04:40.331] [bmv2] [D] [thread 10315] [27.0] [cxt 0] Egress port is 0
[21:04:40.332] [bmv2] [D] [thread 10316] [27.0] [cxt 0] Pipeline 'egress': start
[21:04:40.332] [bmv2] [T] [thread 10316] [27.0] [cxt 0] streaming.p4(241) Condition "hdr.udp.isValid()" (node_6) is false
[21:04:40.332] [bmv2] [D] [thread 10316] [27.0] [cxt 0] Pipeline 'egress': end
[21:04:40.332] [bmv2] [D] [thread 10316] [27.0] [cxt 0] Deparser 'deparser': start
[21:04:40.332] [bmv2] [T] [thread 10316] [27.0] [cxt 0] Skipping checksum 'cksum' update because condition not met
[21:04:40.332] [bmv2] [T] [thread 10316] [27.0] [cxt 0] Skipping checksum 'cksum_0' update because condition not met
[21:04:40.332] [bmv2] [D] [thread 10316] [27.0] [cxt 0] Deparsing header 'ethernet'
[21:04:40.332] [bmv2] [D] [thread 10316] [27.0] [cxt 0] Deparser 'deparser': end
[21:04:40.332] [bmv2] [D] [thread 10320] [27.0] [cxt 0] Transmitting packet of size 70 out of port 0
[21:04:40.338] [bmv2] [D] [thread 10315] [28.0] [cxt 0] Processing packet received on port 2
[21:04:40.338] [bmv2] [D] [thread 10315] [28.0] [cxt 0] Parser 'parser': start
[21:04:40.338] [bmv2] [D] [thread 10315] [28.0] [cxt 0] Parser 'parser' entering state 'start'
[21:04:40.338] [bmv2] [D] [thread 10315] [28.0] [cxt 0] Extracting header 'ethernet'
[21:04:40.338] [bmv2] [D] [thread 10315] [28.0] [cxt 0] Parser state 'start': key is 86dd
[21:04:40.338] [bmv2] [T] [thread 10315] [28.0] [cxt 0] Bytes parsed: 14
[21:04:40.338] [bmv2] [D] [thread 10315] [28.0] [cxt 0] Parser 'parser': end
[21:04:40.338] [bmv2] [D] [thread 10315] [28.0] [cxt 0] Pipeline 'ingress': start
[21:04:40.338] [bmv2] [T] [thread 10315] [28.0] [cxt 0] streaming.p4(181) Condition "hdr.ipv4.isValid()" (node_2) is false
[21:04:40.338] [bmv2] [D] [thread 10315] [28.0] [cxt 0] Pipeline 'ingress': end
[21:04:40.339] [bmv2] [D] [thread 10315] [28.0] [cxt 0] Egress port is 0
[21:04:40.339] [bmv2] [D] [thread 10316] [28.0] [cxt 0] Pipeline 'egress': start
[21:04:40.339] [bmv2] [T] [thread 10316] [28.0] [cxt 0] streaming.p4(241) Condition "hdr.udp.isValid()" (node_6) is false
[21:04:40.339] [bmv2] [D] [thread 10316] [28.0] [cxt 0] Pipeline 'egress': end
[21:04:40.339] [bmv2] [D] [thread 10316] [28.0] [cxt 0] Deparser 'deparser': start
[21:04:40.339] [bmv2] [T] [thread 10316] [28.0] [cxt 0] Skipping checksum 'cksum' update because condition not met
[21:04:40.339] [bmv2] [T] [thread 10316] [28.0] [cxt 0] Skipping checksum 'cksum_0' update because condition not met
[21:04:40.339] [bmv2] [D] [thread 10316] [28.0] [cxt 0] Deparsing header 'ethernet'
[21:04:40.339] [bmv2] [D] [thread 10316] [28.0] [cxt 0] Deparser 'deparser': end
[21:04:40.339] [bmv2] [D] [thread 10320] [28.0] [cxt 0] Transmitting packet of size 207 out of port 0
[21:04:40.495] [bmv2] [D] [thread 10315] [29.0] [cxt 0] Processing packet received on port 3
[21:04:40.495] [bmv2] [D] [thread 10315] [29.0] [cxt 0] Parser 'parser': start
[21:04:40.495] [bmv2] [D] [thread 10315] [29.0] [cxt 0] Parser 'parser' entering state 'start'
[21:04:40.495] [bmv2] [D] [thread 10315] [29.0] [cxt 0] Extracting header 'ethernet'
[21:04:40.496] [bmv2] [D] [thread 10315] [29.0] [cxt 0] Parser state 'start': key is 86dd
[21:04:40.496] [bmv2] [T] [thread 10315] [29.0] [cxt 0] Bytes parsed: 14
[21:04:40.496] [bmv2] [D] [thread 10315] [29.0] [cxt 0] Parser 'parser': end
[21:04:40.496] [bmv2] [D] [thread 10315] [29.0] [cxt 0] Pipeline 'ingress': start
[21:04:40.496] [bmv2] [T] [thread 10315] [29.0] [cxt 0] streaming.p4(181) Condition "hdr.ipv4.isValid()" (node_2) is false
[21:04:40.496] [bmv2] [D] [thread 10315] [29.0] [cxt 0] Pipeline 'ingress': end
[21:04:40.496] [bmv2] [D] [thread 10315] [29.0] [cxt 0] Egress port is 0
[21:04:40.496] [bmv2] [D] [thread 10316] [29.0] [cxt 0] Pipeline 'egress': start
[21:04:40.496] [bmv2] [T] [thread 10316] [29.0] [cxt 0] streaming.p4(241) Condition "hdr.udp.isValid()" (node_6) is false
[21:04:40.496] [bmv2] [D] [thread 10316] [29.0] [cxt 0] Pipeline 'egress': end
[21:04:40.496] [bmv2] [D] [thread 10316] [29.0] [cxt 0] Deparser 'deparser': start
[21:04:40.496] [bmv2] [T] [thread 10316] [29.0] [cxt 0] Skipping checksum 'cksum' update because condition not met
[21:04:40.496] [bmv2] [T] [thread 10316] [29.0] [cxt 0] Skipping checksum 'cksum_0' update because condition not met
[21:04:40.496] [bmv2] [D] [thread 10316] [29.0] [cxt 0] Deparsing header 'ethernet'
[21:04:40.496] [bmv2] [D] [thread 10316] [29.0] [cxt 0] Deparser 'deparser': end
[21:04:40.496] [bmv2] [D] [thread 10320] [29.0] [cxt 0] Transmitting packet of size 207 out of port 0
[21:04:44.579] [bmv2] [D] [thread 10315] [30.0] [cxt 0] Processing packet received on port 1
[21:04:44.579] [bmv2] [D] [thread 10315] [30.0] [cxt 0] Parser 'parser': start
[21:04:44.579] [bmv2] [D] [thread 10315] [30.0] [cxt 0] Parser 'parser' entering state 'start'
[21:04:44.579] [bmv2] [D] [thread 10315] [30.0] [cxt 0] Extracting header 'ethernet'
[21:04:44.579] [bmv2] [D] [thread 10315] [30.0] [cxt 0] Parser state 'start': key is 0800
[21:04:44.579] [bmv2] [T] [thread 10315] [30.0] [cxt 0] Bytes parsed: 14
[21:04:44.579] [bmv2] [D] [thread 10315] [30.0] [cxt 0] Parser 'parser' entering state 'parse_ipv4'
[21:04:44.579] [bmv2] [D] [thread 10315] [30.0] [cxt 0] Extracting header 'ipv4'
[21:04:44.579] [bmv2] [D] [thread 10315] [30.0] [cxt 0] Parser set: setting field 'scalars.tmp' from expression, new value is 1
[21:04:44.579] [bmv2] [D] [thread 10315] [30.0] [cxt 0] Parser state 'parse_ipv4': key is 0001
[21:04:44.579] [bmv2] [T] [thread 10315] [30.0] [cxt 0] Bytes parsed: 34
[21:04:44.579] [bmv2] [D] [thread 10315] [30.0] [cxt 0] Parser 'parser': end
[21:04:44.579] [bmv2] [D] [thread 10315] [30.0] [cxt 0] Pipeline 'ingress': start
[21:04:44.579] [bmv2] [T] [thread 10315] [30.0] [cxt 0] streaming.p4(181) Condition "hdr.ipv4.isValid()" (node_2) is true
[21:04:44.579] [bmv2] [T] [thread 10315] [30.0] [cxt 0] Applying table 'MyIngress.ipv4_lpm'
[21:04:44.579] [bmv2] [D] [thread 10315] [30.0] [cxt 0] Looking up key:
* hdr.ipv4.dstAddr    : 0a000707

[21:04:44.579] [bmv2] [D] [thread 10315] [30.0] [cxt 0] Table 'MyIngress.ipv4_lpm': hit with handle 1
[21:04:44.579] [bmv2] [D] [thread 10315] [30.0] [cxt 0] Dumping entry 1
Match key:
* hdr.ipv4.dstAddr    : LPM       0a000707/32
Action entry: MyIngress.ipv4_forward - 80000000700,3,

[21:04:44.579] [bmv2] [D] [thread 10315] [30.0] [cxt 0] Action entry is MyIngress.ipv4_forward - 80000000700,3,
[21:04:44.579] [bmv2] [T] [thread 10315] [30.0] [cxt 0] Action MyIngress.ipv4_forward
[21:04:44.579] [bmv2] [T] [thread 10315] [30.0] [cxt 0] streaming.p4(148) Primitive standard_metadata.egress_spec = port
[21:04:44.580] [bmv2] [T] [thread 10315] [30.0] [cxt 0] streaming.p4(149) Primitive hdr.ethernet.srcAddr = hdr.ethernet.dstAddr
[21:04:44.580] [bmv2] [T] [thread 10315] [30.0] [cxt 0] streaming.p4(150) Primitive hdr.ethernet.dstAddr = dstAddr
[21:04:44.580] [bmv2] [T] [thread 10315] [30.0] [cxt 0] streaming.p4(153) Primitive hdr.ipv4.ttl = hdr.ipv4.ttl - 1
[21:04:44.580] [bmv2] [D] [thread 10315] [30.0] [cxt 0] Pipeline 'ingress': end
[21:04:44.580] [bmv2] [D] [thread 10315] [30.0] [cxt 0] Egress port is 3
[21:04:44.580] [bmv2] [D] [thread 10319] [30.0] [cxt 0] Pipeline 'egress': start
[21:04:44.580] [bmv2] [T] [thread 10319] [30.0] [cxt 0] streaming.p4(241) Condition "hdr.udp.isValid()" (node_6) is false
[21:04:44.580] [bmv2] [D] [thread 10319] [30.0] [cxt 0] Pipeline 'egress': end
[21:04:44.580] [bmv2] [D] [thread 10319] [30.0] [cxt 0] Deparser 'deparser': start
[21:04:44.580] [bmv2] [D] [thread 10319] [30.0] [cxt 0] Updating checksum 'cksum'
[21:04:44.580] [bmv2] [T] [thread 10319] [30.0] [cxt 0] Skipping checksum 'cksum_0' update because condition not met
[21:04:44.580] [bmv2] [D] [thread 10319] [30.0] [cxt 0] Deparsing header 'ethernet'
[21:04:44.580] [bmv2] [D] [thread 10319] [30.0] [cxt 0] Deparsing header 'ipv4'
[21:04:44.580] [bmv2] [D] [thread 10319] [30.0] [cxt 0] Deparser 'deparser': end
[21:04:44.580] [bmv2] [D] [thread 10320] [30.0] [cxt 0] Transmitting packet of size 98 out of port 3
[21:04:44.591] [bmv2] [D] [thread 10315] [31.0] [cxt 0] Processing packet received on port 3
[21:04:44.591] [bmv2] [D] [thread 10315] [31.0] [cxt 0] Parser 'parser': start
[21:04:44.591] [bmv2] [D] [thread 10315] [31.0] [cxt 0] Parser 'parser' entering state 'start'
[21:04:44.591] [bmv2] [D] [thread 10315] [31.0] [cxt 0] Extracting header 'ethernet'
[21:04:44.591] [bmv2] [D] [thread 10315] [31.0] [cxt 0] Parser state 'start': key is 0800
[21:04:44.591] [bmv2] [T] [thread 10315] [31.0] [cxt 0] Bytes parsed: 14
[21:04:44.591] [bmv2] [D] [thread 10315] [31.0] [cxt 0] Parser 'parser' entering state 'parse_ipv4'
[21:04:44.591] [bmv2] [D] [thread 10315] [31.0] [cxt 0] Extracting header 'ipv4'
[21:04:44.591] [bmv2] [D] [thread 10315] [31.0] [cxt 0] Parser set: setting field 'scalars.tmp' from expression, new value is 1
[21:04:44.591] [bmv2] [D] [thread 10315] [31.0] [cxt 0] Parser state 'parse_ipv4': key is 0001
[21:04:44.591] [bmv2] [T] [thread 10315] [31.0] [cxt 0] Bytes parsed: 34
[21:04:44.591] [bmv2] [D] [thread 10315] [31.0] [cxt 0] Parser 'parser': end
[21:04:44.591] [bmv2] [D] [thread 10315] [31.0] [cxt 0] Pipeline 'ingress': start
[21:04:44.591] [bmv2] [T] [thread 10315] [31.0] [cxt 0] streaming.p4(181) Condition "hdr.ipv4.isValid()" (node_2) is true
[21:04:44.591] [bmv2] [T] [thread 10315] [31.0] [cxt 0] Applying table 'MyIngress.ipv4_lpm'
[21:04:44.591] [bmv2] [D] [thread 10315] [31.0] [cxt 0] Looking up key:
* hdr.ipv4.dstAddr    : 0a000101

[21:04:44.591] [bmv2] [D] [thread 10315] [31.0] [cxt 0] Table 'MyIngress.ipv4_lpm': hit with handle 0
[21:04:44.591] [bmv2] [D] [thread 10315] [31.0] [cxt 0] Dumping entry 0
Match key:
* hdr.ipv4.dstAddr    : LPM       0a000101/32
Action entry: MyIngress.ipv4_forward - 80000000200,1,

[21:04:44.591] [bmv2] [D] [thread 10315] [31.0] [cxt 0] Action entry is MyIngress.ipv4_forward - 80000000200,1,
[21:04:44.591] [bmv2] [T] [thread 10315] [31.0] [cxt 0] Action MyIngress.ipv4_forward
[21:04:44.591] [bmv2] [T] [thread 10315] [31.0] [cxt 0] streaming.p4(148) Primitive standard_metadata.egress_spec = port
[21:04:44.591] [bmv2] [T] [thread 10315] [31.0] [cxt 0] streaming.p4(149) Primitive hdr.ethernet.srcAddr = hdr.ethernet.dstAddr
[21:04:44.592] [bmv2] [T] [thread 10315] [31.0] [cxt 0] streaming.p4(150) Primitive hdr.ethernet.dstAddr = dstAddr
[21:04:44.592] [bmv2] [T] [thread 10315] [31.0] [cxt 0] streaming.p4(153) Primitive hdr.ipv4.ttl = hdr.ipv4.ttl - 1
[21:04:44.592] [bmv2] [D] [thread 10315] [31.0] [cxt 0] Pipeline 'ingress': end
[21:04:44.592] [bmv2] [D] [thread 10315] [31.0] [cxt 0] Egress port is 1
[21:04:44.592] [bmv2] [D] [thread 10317] [31.0] [cxt 0] Pipeline 'egress': start
[21:04:44.592] [bmv2] [T] [thread 10317] [31.0] [cxt 0] streaming.p4(241) Condition "hdr.udp.isValid()" (node_6) is false
[21:04:44.593] [bmv2] [D] [thread 10317] [31.0] [cxt 0] Pipeline 'egress': end
[21:04:44.593] [bmv2] [D] [thread 10317] [31.0] [cxt 0] Deparser 'deparser': start
[21:04:44.593] [bmv2] [D] [thread 10317] [31.0] [cxt 0] Updating checksum 'cksum'
[21:04:44.593] [bmv2] [T] [thread 10317] [31.0] [cxt 0] Skipping checksum 'cksum_0' update because condition not met
[21:04:44.593] [bmv2] [D] [thread 10317] [31.0] [cxt 0] Deparsing header 'ethernet'
[21:04:44.593] [bmv2] [D] [thread 10317] [31.0] [cxt 0] Deparsing header 'ipv4'
[21:04:44.593] [bmv2] [D] [thread 10317] [31.0] [cxt 0] Deparser 'deparser': end
[21:04:44.593] [bmv2] [D] [thread 10320] [31.0] [cxt 0] Transmitting packet of size 98 out of port 1
[21:04:44.650] [bmv2] [D] [thread 10315] [32.0] [cxt 0] Processing packet received on port 2
[21:04:44.650] [bmv2] [D] [thread 10315] [32.0] [cxt 0] Parser 'parser': start
[21:04:44.650] [bmv2] [D] [thread 10315] [32.0] [cxt 0] Parser 'parser' entering state 'start'
[21:04:44.650] [bmv2] [D] [thread 10315] [32.0] [cxt 0] Extracting header 'ethernet'
[21:04:44.650] [bmv2] [D] [thread 10315] [32.0] [cxt 0] Parser state 'start': key is 0800
[21:04:44.650] [bmv2] [T] [thread 10315] [32.0] [cxt 0] Bytes parsed: 14
[21:04:44.650] [bmv2] [D] [thread 10315] [32.0] [cxt 0] Parser 'parser' entering state 'parse_ipv4'
[21:04:44.650] [bmv2] [D] [thread 10315] [32.0] [cxt 0] Extracting header 'ipv4'
[21:04:44.650] [bmv2] [D] [thread 10315] [32.0] [cxt 0] Parser set: setting field 'scalars.tmp' from expression, new value is 1
[21:04:44.650] [bmv2] [D] [thread 10315] [32.0] [cxt 0] Parser state 'parse_ipv4': key is 0001
[21:04:44.650] [bmv2] [T] [thread 10315] [32.0] [cxt 0] Bytes parsed: 34
[21:04:44.650] [bmv2] [D] [thread 10315] [32.0] [cxt 0] Parser 'parser': end
[21:04:44.650] [bmv2] [D] [thread 10315] [32.0] [cxt 0] Pipeline 'ingress': start
[21:04:44.650] [bmv2] [T] [thread 10315] [32.0] [cxt 0] streaming.p4(181) Condition "hdr.ipv4.isValid()" (node_2) is true
[21:04:44.650] [bmv2] [T] [thread 10315] [32.0] [cxt 0] Applying table 'MyIngress.ipv4_lpm'
[21:04:44.650] [bmv2] [D] [thread 10315] [32.0] [cxt 0] Looking up key:
* hdr.ipv4.dstAddr    : 0a000707

[21:04:44.650] [bmv2] [D] [thread 10315] [32.0] [cxt 0] Table 'MyIngress.ipv4_lpm': hit with handle 1
[21:04:44.651] [bmv2] [D] [thread 10315] [32.0] [cxt 0] Dumping entry 1
Match key:
* hdr.ipv4.dstAddr    : LPM       0a000707/32
Action entry: MyIngress.ipv4_forward - 80000000700,3,

[21:04:44.651] [bmv2] [D] [thread 10315] [32.0] [cxt 0] Action entry is MyIngress.ipv4_forward - 80000000700,3,
[21:04:44.651] [bmv2] [T] [thread 10315] [32.0] [cxt 0] Action MyIngress.ipv4_forward
[21:04:44.651] [bmv2] [T] [thread 10315] [32.0] [cxt 0] streaming.p4(148) Primitive standard_metadata.egress_spec = port
[21:04:44.651] [bmv2] [T] [thread 10315] [32.0] [cxt 0] streaming.p4(149) Primitive hdr.ethernet.srcAddr = hdr.ethernet.dstAddr
[21:04:44.651] [bmv2] [T] [thread 10315] [32.0] [cxt 0] streaming.p4(150) Primitive hdr.ethernet.dstAddr = dstAddr
[21:04:44.651] [bmv2] [T] [thread 10315] [32.0] [cxt 0] streaming.p4(153) Primitive hdr.ipv4.ttl = hdr.ipv4.ttl - 1
[21:04:44.651] [bmv2] [D] [thread 10315] [32.0] [cxt 0] Pipeline 'ingress': end
[21:04:44.651] [bmv2] [D] [thread 10315] [32.0] [cxt 0] Egress port is 3
[21:04:44.651] [bmv2] [D] [thread 10319] [32.0] [cxt 0] Pipeline 'egress': start
[21:04:44.651] [bmv2] [T] [thread 10319] [32.0] [cxt 0] streaming.p4(241) Condition "hdr.udp.isValid()" (node_6) is false
[21:04:44.651] [bmv2] [D] [thread 10319] [32.0] [cxt 0] Pipeline 'egress': end
[21:04:44.651] [bmv2] [D] [thread 10319] [32.0] [cxt 0] Deparser 'deparser': start
[21:04:44.651] [bmv2] [D] [thread 10319] [32.0] [cxt 0] Updating checksum 'cksum'
[21:04:44.651] [bmv2] [T] [thread 10319] [32.0] [cxt 0] Skipping checksum 'cksum_0' update because condition not met
[21:04:44.651] [bmv2] [D] [thread 10319] [32.0] [cxt 0] Deparsing header 'ethernet'
[21:04:44.651] [bmv2] [D] [thread 10319] [32.0] [cxt 0] Deparsing header 'ipv4'
[21:04:44.651] [bmv2] [D] [thread 10319] [32.0] [cxt 0] Deparser 'deparser': end
[21:04:44.652] [bmv2] [D] [thread 10320] [32.0] [cxt 0] Transmitting packet of size 98 out of port 3
[21:04:44.662] [bmv2] [D] [thread 10315] [33.0] [cxt 0] Processing packet received on port 3
[21:04:44.662] [bmv2] [D] [thread 10315] [33.0] [cxt 0] Parser 'parser': start
[21:04:44.662] [bmv2] [D] [thread 10315] [33.0] [cxt 0] Parser 'parser' entering state 'start'
[21:04:44.662] [bmv2] [D] [thread 10315] [33.0] [cxt 0] Extracting header 'ethernet'
[21:04:44.662] [bmv2] [D] [thread 10315] [33.0] [cxt 0] Parser state 'start': key is 0800
[21:04:44.662] [bmv2] [T] [thread 10315] [33.0] [cxt 0] Bytes parsed: 14
[21:04:44.662] [bmv2] [D] [thread 10315] [33.0] [cxt 0] Parser 'parser' entering state 'parse_ipv4'
[21:04:44.662] [bmv2] [D] [thread 10315] [33.0] [cxt 0] Extracting header 'ipv4'
[21:04:44.662] [bmv2] [D] [thread 10315] [33.0] [cxt 0] Parser set: setting field 'scalars.tmp' from expression, new value is 1
[21:04:44.662] [bmv2] [D] [thread 10315] [33.0] [cxt 0] Parser state 'parse_ipv4': key is 0001
[21:04:44.662] [bmv2] [T] [thread 10315] [33.0] [cxt 0] Bytes parsed: 34
[21:04:44.663] [bmv2] [D] [thread 10315] [33.0] [cxt 0] Parser 'parser': end
[21:04:44.663] [bmv2] [D] [thread 10315] [33.0] [cxt 0] Pipeline 'ingress': start
[21:04:44.663] [bmv2] [T] [thread 10315] [33.0] [cxt 0] streaming.p4(181) Condition "hdr.ipv4.isValid()" (node_2) is true
[21:04:44.663] [bmv2] [T] [thread 10315] [33.0] [cxt 0] Applying table 'MyIngress.ipv4_lpm'
[21:04:44.663] [bmv2] [D] [thread 10315] [33.0] [cxt 0] Looking up key:
* hdr.ipv4.dstAddr    : 0a000303

[21:04:44.663] [bmv2] [D] [thread 10315] [33.0] [cxt 0] Table 'MyIngress.ipv4_lpm': hit with handle 2
[21:04:44.663] [bmv2] [D] [thread 10315] [33.0] [cxt 0] Dumping entry 2
Match key:
* hdr.ipv4.dstAddr    : LPM       0a000303/32
Action entry: MyIngress.ipv4_forward - 80000000300,2,

[21:04:44.663] [bmv2] [D] [thread 10315] [33.0] [cxt 0] Action entry is MyIngress.ipv4_forward - 80000000300,2,
[21:04:44.663] [bmv2] [T] [thread 10315] [33.0] [cxt 0] Action MyIngress.ipv4_forward
[21:04:44.663] [bmv2] [T] [thread 10315] [33.0] [cxt 0] streaming.p4(148) Primitive standard_metadata.egress_spec = port
[21:04:44.663] [bmv2] [T] [thread 10315] [33.0] [cxt 0] streaming.p4(149) Primitive hdr.ethernet.srcAddr = hdr.ethernet.dstAddr
[21:04:44.663] [bmv2] [T] [thread 10315] [33.0] [cxt 0] streaming.p4(150) Primitive hdr.ethernet.dstAddr = dstAddr
[21:04:44.663] [bmv2] [T] [thread 10315] [33.0] [cxt 0] streaming.p4(153) Primitive hdr.ipv4.ttl = hdr.ipv4.ttl - 1
[21:04:44.663] [bmv2] [D] [thread 10315] [33.0] [cxt 0] Pipeline 'ingress': end
[21:04:44.663] [bmv2] [D] [thread 10315] [33.0] [cxt 0] Egress port is 2
[21:04:44.663] [bmv2] [D] [thread 10318] [33.0] [cxt 0] Pipeline 'egress': start
[21:04:44.663] [bmv2] [T] [thread 10318] [33.0] [cxt 0] streaming.p4(241) Condition "hdr.udp.isValid()" (node_6) is false
[21:04:44.663] [bmv2] [D] [thread 10318] [33.0] [cxt 0] Pipeline 'egress': end
[21:04:44.663] [bmv2] [D] [thread 10318] [33.0] [cxt 0] Deparser 'deparser': start
[21:04:44.663] [bmv2] [D] [thread 10318] [33.0] [cxt 0] Updating checksum 'cksum'
[21:04:44.663] [bmv2] [T] [thread 10318] [33.0] [cxt 0] Skipping checksum 'cksum_0' update because condition not met
[21:04:44.663] [bmv2] [D] [thread 10318] [33.0] [cxt 0] Deparsing header 'ethernet'
[21:04:44.663] [bmv2] [D] [thread 10318] [33.0] [cxt 0] Deparsing header 'ipv4'
[21:04:44.664] [bmv2] [D] [thread 10318] [33.0] [cxt 0] Deparser 'deparser': end
[21:04:44.664] [bmv2] [D] [thread 10320] [33.0] [cxt 0] Transmitting packet of size 98 out of port 2
[21:04:44.678] [bmv2] [D] [thread 10315] [34.0] [cxt 0] Processing packet received on port 3
[21:04:44.678] [bmv2] [D] [thread 10315] [34.0] [cxt 0] Parser 'parser': start
[21:04:44.678] [bmv2] [D] [thread 10315] [34.0] [cxt 0] Parser 'parser' entering state 'start'
[21:04:44.678] [bmv2] [D] [thread 10315] [34.0] [cxt 0] Extracting header 'ethernet'
[21:04:44.678] [bmv2] [D] [thread 10315] [34.0] [cxt 0] Parser state 'start': key is 0800
[21:04:44.678] [bmv2] [T] [thread 10315] [34.0] [cxt 0] Bytes parsed: 14
[21:04:44.678] [bmv2] [D] [thread 10315] [34.0] [cxt 0] Parser 'parser' entering state 'parse_ipv4'
[21:04:44.678] [bmv2] [D] [thread 10315] [34.0] [cxt 0] Extracting header 'ipv4'
[21:04:44.678] [bmv2] [D] [thread 10315] [34.0] [cxt 0] Parser set: setting field 'scalars.tmp' from expression, new value is 1
[21:04:44.678] [bmv2] [D] [thread 10315] [34.0] [cxt 0] Parser state 'parse_ipv4': key is 0001
[21:04:44.678] [bmv2] [T] [thread 10315] [34.0] [cxt 0] Bytes parsed: 34
[21:04:44.678] [bmv2] [D] [thread 10315] [34.0] [cxt 0] Parser 'parser': end
[21:04:44.678] [bmv2] [D] [thread 10315] [34.0] [cxt 0] Pipeline 'ingress': start
[21:04:44.678] [bmv2] [T] [thread 10315] [34.0] [cxt 0] streaming.p4(181) Condition "hdr.ipv4.isValid()" (node_2) is true
[21:04:44.678] [bmv2] [T] [thread 10315] [34.0] [cxt 0] Applying table 'MyIngress.ipv4_lpm'
[21:04:44.678] [bmv2] [D] [thread 10315] [34.0] [cxt 0] Looking up key:
* hdr.ipv4.dstAddr    : 0a000101

[21:04:44.679] [bmv2] [D] [thread 10315] [34.0] [cxt 0] Table 'MyIngress.ipv4_lpm': hit with handle 0
[21:04:44.679] [bmv2] [D] [thread 10315] [34.0] [cxt 0] Dumping entry 0
Match key:
* hdr.ipv4.dstAddr    : LPM       0a000101/32
Action entry: MyIngress.ipv4_forward - 80000000200,1,

[21:04:44.679] [bmv2] [D] [thread 10315] [34.0] [cxt 0] Action entry is MyIngress.ipv4_forward - 80000000200,1,
[21:04:44.679] [bmv2] [T] [thread 10315] [34.0] [cxt 0] Action MyIngress.ipv4_forward
[21:04:44.679] [bmv2] [T] [thread 10315] [34.0] [cxt 0] streaming.p4(148) Primitive standard_metadata.egress_spec = port
[21:04:44.679] [bmv2] [T] [thread 10315] [34.0] [cxt 0] streaming.p4(149) Primitive hdr.ethernet.srcAddr = hdr.ethernet.dstAddr
[21:04:44.679] [bmv2] [T] [thread 10315] [34.0] [cxt 0] streaming.p4(150) Primitive hdr.ethernet.dstAddr = dstAddr
[21:04:44.679] [bmv2] [T] [thread 10315] [34.0] [cxt 0] streaming.p4(153) Primitive hdr.ipv4.ttl = hdr.ipv4.ttl - 1
[21:04:44.679] [bmv2] [D] [thread 10315] [34.0] [cxt 0] Pipeline 'ingress': end
[21:04:44.679] [bmv2] [D] [thread 10315] [34.0] [cxt 0] Egress port is 1
[21:04:44.679] [bmv2] [D] [thread 10317] [34.0] [cxt 0] Pipeline 'egress': start
[21:04:44.679] [bmv2] [T] [thread 10317] [34.0] [cxt 0] streaming.p4(241) Condition "hdr.udp.isValid()" (node_6) is false
[21:04:44.679] [bmv2] [D] [thread 10317] [34.0] [cxt 0] Pipeline 'egress': end
[21:04:44.679] [bmv2] [D] [thread 10317] [34.0] [cxt 0] Deparser 'deparser': start
[21:04:44.679] [bmv2] [D] [thread 10317] [34.0] [cxt 0] Updating checksum 'cksum'
[21:04:44.679] [bmv2] [T] [thread 10317] [34.0] [cxt 0] Skipping checksum 'cksum_0' update because condition not met
[21:04:44.679] [bmv2] [D] [thread 10317] [34.0] [cxt 0] Deparsing header 'ethernet'
[21:04:44.679] [bmv2] [D] [thread 10317] [34.0] [cxt 0] Deparsing header 'ipv4'
[21:04:44.679] [bmv2] [D] [thread 10317] [34.0] [cxt 0] Deparser 'deparser': end
[21:04:44.679] [bmv2] [D] [thread 10320] [34.0] [cxt 0] Transmitting packet of size 98 out of port 1
[21:04:44.703] [bmv2] [D] [thread 10315] [35.0] [cxt 0] Processing packet received on port 1
[21:04:44.703] [bmv2] [D] [thread 10315] [35.0] [cxt 0] Parser 'parser': start
[21:04:44.703] [bmv2] [D] [thread 10315] [35.0] [cxt 0] Parser 'parser' entering state 'start'
[21:04:44.703] [bmv2] [D] [thread 10315] [35.0] [cxt 0] Extracting header 'ethernet'
[21:04:44.703] [bmv2] [D] [thread 10315] [35.0] [cxt 0] Parser state 'start': key is 0800
[21:04:44.703] [bmv2] [T] [thread 10315] [35.0] [cxt 0] Bytes parsed: 14
[21:04:44.704] [bmv2] [D] [thread 10315] [35.0] [cxt 0] Parser 'parser' entering state 'parse_ipv4'
[21:04:44.704] [bmv2] [D] [thread 10315] [35.0] [cxt 0] Extracting header 'ipv4'
[21:04:44.704] [bmv2] [D] [thread 10315] [35.0] [cxt 0] Parser set: setting field 'scalars.tmp' from expression, new value is 1
[21:04:44.704] [bmv2] [D] [thread 10315] [35.0] [cxt 0] Parser state 'parse_ipv4': key is 0001
[21:04:44.704] [bmv2] [T] [thread 10315] [35.0] [cxt 0] Bytes parsed: 34
[21:04:44.704] [bmv2] [D] [thread 10315] [35.0] [cxt 0] Parser 'parser': end
[21:04:44.704] [bmv2] [D] [thread 10315] [35.0] [cxt 0] Pipeline 'ingress': start
[21:04:44.704] [bmv2] [T] [thread 10315] [35.0] [cxt 0] streaming.p4(181) Condition "hdr.ipv4.isValid()" (node_2) is true
[21:04:44.704] [bmv2] [T] [thread 10315] [35.0] [cxt 0] Applying table 'MyIngress.ipv4_lpm'
[21:04:44.704] [bmv2] [D] [thread 10315] [35.0] [cxt 0] Looking up key:
* hdr.ipv4.dstAddr    : 0a000707

[21:04:44.704] [bmv2] [D] [thread 10315] [35.0] [cxt 0] Table 'MyIngress.ipv4_lpm': hit with handle 1
[21:04:44.704] [bmv2] [D] [thread 10315] [35.0] [cxt 0] Dumping entry 1
Match key:
* hdr.ipv4.dstAddr    : LPM       0a000707/32
Action entry: MyIngress.ipv4_forward - 80000000700,3,

[21:04:44.704] [bmv2] [D] [thread 10315] [35.0] [cxt 0] Action entry is MyIngress.ipv4_forward - 80000000700,3,
[21:04:44.704] [bmv2] [T] [thread 10315] [35.0] [cxt 0] Action MyIngress.ipv4_forward
[21:04:44.704] [bmv2] [T] [thread 10315] [35.0] [cxt 0] streaming.p4(148) Primitive standard_metadata.egress_spec = port
[21:04:44.704] [bmv2] [T] [thread 10315] [35.0] [cxt 0] streaming.p4(149) Primitive hdr.ethernet.srcAddr = hdr.ethernet.dstAddr
[21:04:44.704] [bmv2] [T] [thread 10315] [35.0] [cxt 0] streaming.p4(150) Primitive hdr.ethernet.dstAddr = dstAddr
[21:04:44.704] [bmv2] [T] [thread 10315] [35.0] [cxt 0] streaming.p4(153) Primitive hdr.ipv4.ttl = hdr.ipv4.ttl - 1
[21:04:44.704] [bmv2] [D] [thread 10315] [35.0] [cxt 0] Pipeline 'ingress': end
[21:04:44.704] [bmv2] [D] [thread 10315] [35.0] [cxt 0] Egress port is 3
[21:04:44.704] [bmv2] [D] [thread 10319] [35.0] [cxt 0] Pipeline 'egress': start
[21:04:44.704] [bmv2] [T] [thread 10319] [35.0] [cxt 0] streaming.p4(241) Condition "hdr.udp.isValid()" (node_6) is false
[21:04:44.705] [bmv2] [D] [thread 10319] [35.0] [cxt 0] Pipeline 'egress': end
[21:04:44.705] [bmv2] [D] [thread 10319] [35.0] [cxt 0] Deparser 'deparser': start
[21:04:44.705] [bmv2] [D] [thread 10319] [35.0] [cxt 0] Updating checksum 'cksum'
[21:04:44.705] [bmv2] [T] [thread 10319] [35.0] [cxt 0] Skipping checksum 'cksum_0' update because condition not met
[21:04:44.705] [bmv2] [D] [thread 10319] [35.0] [cxt 0] Deparsing header 'ethernet'
[21:04:44.705] [bmv2] [D] [thread 10319] [35.0] [cxt 0] Deparsing header 'ipv4'
[21:04:44.705] [bmv2] [D] [thread 10319] [35.0] [cxt 0] Deparser 'deparser': end
[21:04:44.705] [bmv2] [D] [thread 10320] [35.0] [cxt 0] Transmitting packet of size 98 out of port 3
[21:04:44.718] [bmv2] [D] [thread 10315] [36.0] [cxt 0] Processing packet received on port 3
[21:04:44.718] [bmv2] [D] [thread 10315] [36.0] [cxt 0] Parser 'parser': start
[21:04:44.718] [bmv2] [D] [thread 10315] [36.0] [cxt 0] Parser 'parser' entering state 'start'
[21:04:44.718] [bmv2] [D] [thread 10315] [36.0] [cxt 0] Extracting header 'ethernet'
[21:04:44.718] [bmv2] [D] [thread 10315] [36.0] [cxt 0] Parser state 'start': key is 0800
[21:04:44.719] [bmv2] [T] [thread 10315] [36.0] [cxt 0] Bytes parsed: 14
[21:04:44.719] [bmv2] [D] [thread 10315] [36.0] [cxt 0] Parser 'parser' entering state 'parse_ipv4'
[21:04:44.719] [bmv2] [D] [thread 10315] [36.0] [cxt 0] Extracting header 'ipv4'
[21:04:44.719] [bmv2] [D] [thread 10315] [36.0] [cxt 0] Parser set: setting field 'scalars.tmp' from expression, new value is 1
[21:04:44.719] [bmv2] [D] [thread 10315] [36.0] [cxt 0] Parser state 'parse_ipv4': key is 0001
[21:04:44.719] [bmv2] [T] [thread 10315] [36.0] [cxt 0] Bytes parsed: 34
[21:04:44.719] [bmv2] [D] [thread 10315] [36.0] [cxt 0] Parser 'parser': end
[21:04:44.719] [bmv2] [D] [thread 10315] [36.0] [cxt 0] Pipeline 'ingress': start
[21:04:44.719] [bmv2] [T] [thread 10315] [36.0] [cxt 0] streaming.p4(181) Condition "hdr.ipv4.isValid()" (node_2) is true
[21:04:44.719] [bmv2] [T] [thread 10315] [36.0] [cxt 0] Applying table 'MyIngress.ipv4_lpm'
[21:04:44.719] [bmv2] [D] [thread 10315] [36.0] [cxt 0] Looking up key:
* hdr.ipv4.dstAddr    : 0a000303

[21:04:44.719] [bmv2] [D] [thread 10315] [36.0] [cxt 0] Table 'MyIngress.ipv4_lpm': hit with handle 2
[21:04:44.719] [bmv2] [D] [thread 10315] [36.0] [cxt 0] Dumping entry 2
Match key:
* hdr.ipv4.dstAddr    : LPM       0a000303/32
Action entry: MyIngress.ipv4_forward - 80000000300,2,

[21:04:44.719] [bmv2] [D] [thread 10315] [36.0] [cxt 0] Action entry is MyIngress.ipv4_forward - 80000000300,2,
[21:04:44.719] [bmv2] [T] [thread 10315] [36.0] [cxt 0] Action MyIngress.ipv4_forward
[21:04:44.719] [bmv2] [T] [thread 10315] [36.0] [cxt 0] streaming.p4(148) Primitive standard_metadata.egress_spec = port
[21:04:44.719] [bmv2] [T] [thread 10315] [36.0] [cxt 0] streaming.p4(149) Primitive hdr.ethernet.srcAddr = hdr.ethernet.dstAddr
[21:04:44.719] [bmv2] [T] [thread 10315] [36.0] [cxt 0] streaming.p4(150) Primitive hdr.ethernet.dstAddr = dstAddr
[21:04:44.719] [bmv2] [T] [thread 10315] [36.0] [cxt 0] streaming.p4(153) Primitive hdr.ipv4.ttl = hdr.ipv4.ttl - 1
[21:04:44.719] [bmv2] [D] [thread 10315] [36.0] [cxt 0] Pipeline 'ingress': end
[21:04:44.719] [bmv2] [D] [thread 10315] [36.0] [cxt 0] Egress port is 2
[21:04:44.719] [bmv2] [D] [thread 10318] [36.0] [cxt 0] Pipeline 'egress': start
[21:04:44.720] [bmv2] [T] [thread 10318] [36.0] [cxt 0] streaming.p4(241) Condition "hdr.udp.isValid()" (node_6) is false
[21:04:44.720] [bmv2] [D] [thread 10318] [36.0] [cxt 0] Pipeline 'egress': end
[21:04:44.720] [bmv2] [D] [thread 10318] [36.0] [cxt 0] Deparser 'deparser': start
[21:04:44.720] [bmv2] [D] [thread 10318] [36.0] [cxt 0] Updating checksum 'cksum'
[21:04:44.720] [bmv2] [T] [thread 10318] [36.0] [cxt 0] Skipping checksum 'cksum_0' update because condition not met
[21:04:44.720] [bmv2] [D] [thread 10318] [36.0] [cxt 0] Deparsing header 'ethernet'
[21:04:44.720] [bmv2] [D] [thread 10318] [36.0] [cxt 0] Deparsing header 'ipv4'
[21:04:44.720] [bmv2] [D] [thread 10318] [36.0] [cxt 0] Deparser 'deparser': end
[21:04:44.720] [bmv2] [D] [thread 10320] [36.0] [cxt 0] Transmitting packet of size 98 out of port 2
[21:04:44.737] [bmv2] [D] [thread 10315] [37.0] [cxt 0] Processing packet received on port 2
[21:04:44.737] [bmv2] [D] [thread 10315] [37.0] [cxt 0] Parser 'parser': start
[21:04:44.737] [bmv2] [D] [thread 10315] [37.0] [cxt 0] Parser 'parser' entering state 'start'
[21:04:44.737] [bmv2] [D] [thread 10315] [37.0] [cxt 0] Extracting header 'ethernet'
[21:04:44.737] [bmv2] [D] [thread 10315] [37.0] [cxt 0] Parser state 'start': key is 0800
[21:04:44.737] [bmv2] [T] [thread 10315] [37.0] [cxt 0] Bytes parsed: 14
[21:04:44.737] [bmv2] [D] [thread 10315] [37.0] [cxt 0] Parser 'parser' entering state 'parse_ipv4'
[21:04:44.737] [bmv2] [D] [thread 10315] [37.0] [cxt 0] Extracting header 'ipv4'
[21:04:44.737] [bmv2] [D] [thread 10315] [37.0] [cxt 0] Parser set: setting field 'scalars.tmp' from expression, new value is 1
[21:04:44.737] [bmv2] [D] [thread 10315] [37.0] [cxt 0] Parser state 'parse_ipv4': key is 0001
[21:04:44.737] [bmv2] [T] [thread 10315] [37.0] [cxt 0] Bytes parsed: 34
[21:04:44.738] [bmv2] [D] [thread 10315] [37.0] [cxt 0] Parser 'parser': end
[21:04:44.738] [bmv2] [D] [thread 10315] [37.0] [cxt 0] Pipeline 'ingress': start
[21:04:44.738] [bmv2] [T] [thread 10315] [37.0] [cxt 0] streaming.p4(181) Condition "hdr.ipv4.isValid()" (node_2) is true
[21:04:44.738] [bmv2] [T] [thread 10315] [37.0] [cxt 0] Applying table 'MyIngress.ipv4_lpm'
[21:04:44.738] [bmv2] [D] [thread 10315] [37.0] [cxt 0] Looking up key:
* hdr.ipv4.dstAddr    : 0a000707

[21:04:44.738] [bmv2] [D] [thread 10315] [37.0] [cxt 0] Table 'MyIngress.ipv4_lpm': hit with handle 1
[21:04:44.738] [bmv2] [D] [thread 10315] [37.0] [cxt 0] Dumping entry 1
Match key:
* hdr.ipv4.dstAddr    : LPM       0a000707/32
Action entry: MyIngress.ipv4_forward - 80000000700,3,

[21:04:44.738] [bmv2] [D] [thread 10315] [37.0] [cxt 0] Action entry is MyIngress.ipv4_forward - 80000000700,3,
[21:04:44.738] [bmv2] [T] [thread 10315] [37.0] [cxt 0] Action MyIngress.ipv4_forward
[21:04:44.738] [bmv2] [T] [thread 10315] [37.0] [cxt 0] streaming.p4(148) Primitive standard_metadata.egress_spec = port
[21:04:44.738] [bmv2] [T] [thread 10315] [37.0] [cxt 0] streaming.p4(149) Primitive hdr.ethernet.srcAddr = hdr.ethernet.dstAddr
[21:04:44.738] [bmv2] [T] [thread 10315] [37.0] [cxt 0] streaming.p4(150) Primitive hdr.ethernet.dstAddr = dstAddr
[21:04:44.738] [bmv2] [T] [thread 10315] [37.0] [cxt 0] streaming.p4(153) Primitive hdr.ipv4.ttl = hdr.ipv4.ttl - 1
[21:04:44.738] [bmv2] [D] [thread 10315] [37.0] [cxt 0] Pipeline 'ingress': end
[21:04:44.738] [bmv2] [D] [thread 10315] [37.0] [cxt 0] Egress port is 3
[21:04:44.738] [bmv2] [D] [thread 10319] [37.0] [cxt 0] Pipeline 'egress': start
[21:04:44.738] [bmv2] [T] [thread 10319] [37.0] [cxt 0] streaming.p4(241) Condition "hdr.udp.isValid()" (node_6) is false
[21:04:44.738] [bmv2] [D] [thread 10319] [37.0] [cxt 0] Pipeline 'egress': end
[21:04:44.738] [bmv2] [D] [thread 10319] [37.0] [cxt 0] Deparser 'deparser': start
[21:04:44.738] [bmv2] [D] [thread 10319] [37.0] [cxt 0] Updating checksum 'cksum'
[21:04:44.738] [bmv2] [T] [thread 10319] [37.0] [cxt 0] Skipping checksum 'cksum_0' update because condition not met
[21:04:44.738] [bmv2] [D] [thread 10319] [37.0] [cxt 0] Deparsing header 'ethernet'
[21:04:44.739] [bmv2] [D] [thread 10319] [37.0] [cxt 0] Deparsing header 'ipv4'
[21:04:44.739] [bmv2] [D] [thread 10319] [37.0] [cxt 0] Deparser 'deparser': end
[21:04:44.739] [bmv2] [D] [thread 10320] [37.0] [cxt 0] Transmitting packet of size 98 out of port 3
[21:04:46.986] [bmv2] [D] [thread 10315] [38.0] [cxt 0] Processing packet received on port 2
[21:04:46.986] [bmv2] [D] [thread 10315] [38.0] [cxt 0] Parser 'parser': start
[21:04:46.986] [bmv2] [D] [thread 10315] [38.0] [cxt 0] Parser 'parser' entering state 'start'
[21:04:46.986] [bmv2] [D] [thread 10315] [38.0] [cxt 0] Extracting header 'ethernet'
[21:04:46.986] [bmv2] [D] [thread 10315] [38.0] [cxt 0] Parser state 'start': key is 86dd
[21:04:46.986] [bmv2] [T] [thread 10315] [38.0] [cxt 0] Bytes parsed: 14
[21:04:46.986] [bmv2] [D] [thread 10315] [38.0] [cxt 0] Parser 'parser': end
[21:04:46.986] [bmv2] [D] [thread 10315] [38.0] [cxt 0] Pipeline 'ingress': start
[21:04:46.986] [bmv2] [T] [thread 10315] [38.0] [cxt 0] streaming.p4(181) Condition "hdr.ipv4.isValid()" (node_2) is false
[21:04:46.986] [bmv2] [D] [thread 10315] [38.0] [cxt 0] Pipeline 'ingress': end
[21:04:46.987] [bmv2] [D] [thread 10315] [38.0] [cxt 0] Egress port is 0
[21:04:46.987] [bmv2] [D] [thread 10316] [38.0] [cxt 0] Pipeline 'egress': start
[21:04:46.987] [bmv2] [T] [thread 10316] [38.0] [cxt 0] streaming.p4(241) Condition "hdr.udp.isValid()" (node_6) is false
[21:04:46.987] [bmv2] [D] [thread 10316] [38.0] [cxt 0] Pipeline 'egress': end
[21:04:46.987] [bmv2] [D] [thread 10316] [38.0] [cxt 0] Deparser 'deparser': start
[21:04:46.987] [bmv2] [T] [thread 10316] [38.0] [cxt 0] Skipping checksum 'cksum' update because condition not met
[21:04:46.987] [bmv2] [T] [thread 10316] [38.0] [cxt 0] Skipping checksum 'cksum_0' update because condition not met
[21:04:46.987] [bmv2] [D] [thread 10316] [38.0] [cxt 0] Deparsing header 'ethernet'
[21:04:46.987] [bmv2] [D] [thread 10316] [38.0] [cxt 0] Deparser 'deparser': end
[21:04:46.987] [bmv2] [D] [thread 10320] [38.0] [cxt 0] Transmitting packet of size 70 out of port 0
[21:04:47.236] [bmv2] [D] [thread 10315] [39.0] [cxt 0] Processing packet received on port 1
[21:04:47.237] [bmv2] [D] [thread 10315] [39.0] [cxt 0] Parser 'parser': start
[21:04:47.237] [bmv2] [D] [thread 10315] [39.0] [cxt 0] Parser 'parser' entering state 'start'
[21:04:47.237] [bmv2] [D] [thread 10315] [39.0] [cxt 0] Extracting header 'ethernet'
[21:04:47.237] [bmv2] [D] [thread 10315] [39.0] [cxt 0] Parser state 'start': key is 86dd
[21:04:47.237] [bmv2] [T] [thread 10315] [39.0] [cxt 0] Bytes parsed: 14
[21:04:47.237] [bmv2] [D] [thread 10315] [39.0] [cxt 0] Parser 'parser': end
[21:04:47.237] [bmv2] [D] [thread 10315] [39.0] [cxt 0] Pipeline 'ingress': start
[21:04:47.237] [bmv2] [T] [thread 10315] [39.0] [cxt 0] streaming.p4(181) Condition "hdr.ipv4.isValid()" (node_2) is false
[21:04:47.237] [bmv2] [D] [thread 10315] [39.0] [cxt 0] Pipeline 'ingress': end
[21:04:47.238] [bmv2] [D] [thread 10315] [39.0] [cxt 0] Egress port is 0
[21:04:47.238] [bmv2] [D] [thread 10316] [39.0] [cxt 0] Pipeline 'egress': start
[21:04:47.238] [bmv2] [T] [thread 10316] [39.0] [cxt 0] streaming.p4(241) Condition "hdr.udp.isValid()" (node_6) is false
[21:04:47.238] [bmv2] [D] [thread 10316] [39.0] [cxt 0] Pipeline 'egress': end
[21:04:47.238] [bmv2] [D] [thread 10316] [39.0] [cxt 0] Deparser 'deparser': start
[21:04:47.238] [bmv2] [T] [thread 10316] [39.0] [cxt 0] Skipping checksum 'cksum' update because condition not met
[21:04:47.238] [bmv2] [T] [thread 10316] [39.0] [cxt 0] Skipping checksum 'cksum_0' update because condition not met
[21:04:47.238] [bmv2] [D] [thread 10316] [39.0] [cxt 0] Deparsing header 'ethernet'
[21:04:47.238] [bmv2] [D] [thread 10316] [39.0] [cxt 0] Deparser 'deparser': end
[21:04:47.238] [bmv2] [D] [thread 10320] [39.0] [cxt 0] Transmitting packet of size 70 out of port 0
[21:04:47.238] [bmv2] [D] [thread 10315] [40.0] [cxt 0] Processing packet received on port 3
[21:04:47.238] [bmv2] [D] [thread 10315] [40.0] [cxt 0] Parser 'parser': start
[21:04:47.238] [bmv2] [D] [thread 10315] [40.0] [cxt 0] Parser 'parser' entering state 'start'
[21:04:47.238] [bmv2] [D] [thread 10315] [40.0] [cxt 0] Extracting header 'ethernet'
[21:04:47.239] [bmv2] [D] [thread 10315] [40.0] [cxt 0] Parser state 'start': key is 86dd
[21:04:47.239] [bmv2] [T] [thread 10315] [40.0] [cxt 0] Bytes parsed: 14
[21:04:47.239] [bmv2] [D] [thread 10315] [40.0] [cxt 0] Parser 'parser': end
[21:04:47.239] [bmv2] [D] [thread 10315] [40.0] [cxt 0] Pipeline 'ingress': start
[21:04:47.239] [bmv2] [T] [thread 10315] [40.0] [cxt 0] streaming.p4(181) Condition "hdr.ipv4.isValid()" (node_2) is false
[21:04:47.239] [bmv2] [D] [thread 10315] [40.0] [cxt 0] Pipeline 'ingress': end
[21:04:47.239] [bmv2] [D] [thread 10315] [40.0] [cxt 0] Egress port is 0
[21:04:47.239] [bmv2] [D] [thread 10316] [40.0] [cxt 0] Pipeline 'egress': start
[21:04:47.239] [bmv2] [T] [thread 10316] [40.0] [cxt 0] streaming.p4(241) Condition "hdr.udp.isValid()" (node_6) is false
[21:04:47.239] [bmv2] [D] [thread 10316] [40.0] [cxt 0] Pipeline 'egress': end
[21:04:47.239] [bmv2] [D] [thread 10316] [40.0] [cxt 0] Deparser 'deparser': start
[21:04:47.239] [bmv2] [T] [thread 10316] [40.0] [cxt 0] Skipping checksum 'cksum' update because condition not met
[21:04:47.239] [bmv2] [T] [thread 10316] [40.0] [cxt 0] Skipping checksum 'cksum_0' update because condition not met
[21:04:47.239] [bmv2] [D] [thread 10316] [40.0] [cxt 0] Deparsing header 'ethernet'
[21:04:47.239] [bmv2] [D] [thread 10316] [40.0] [cxt 0] Deparser 'deparser': end
[21:04:47.239] [bmv2] [D] [thread 10320] [40.0] [cxt 0] Transmitting packet of size 70 out of port 0
[21:04:48.004] [bmv2] [D] [thread 10315] [41.0] [cxt 0] Processing packet received on port 3
[21:04:48.005] [bmv2] [D] [thread 10315] [41.0] [cxt 0] Parser 'parser': start
[21:04:48.005] [bmv2] [D] [thread 10315] [41.0] [cxt 0] Parser 'parser' entering state 'start'
[21:04:48.005] [bmv2] [D] [thread 10315] [41.0] [cxt 0] Extracting header 'ethernet'
[21:04:48.005] [bmv2] [D] [thread 10315] [41.0] [cxt 0] Parser state 'start': key is 86dd
[21:04:48.005] [bmv2] [T] [thread 10315] [41.0] [cxt 0] Bytes parsed: 14
[21:04:48.005] [bmv2] [D] [thread 10315] [41.0] [cxt 0] Parser 'parser': end
[21:04:48.005] [bmv2] [D] [thread 10315] [41.0] [cxt 0] Pipeline 'ingress': start
[21:04:48.005] [bmv2] [T] [thread 10315] [41.0] [cxt 0] streaming.p4(181) Condition "hdr.ipv4.isValid()" (node_2) is false
[21:04:48.005] [bmv2] [D] [thread 10315] [41.0] [cxt 0] Pipeline 'ingress': end
[21:04:48.005] [bmv2] [D] [thread 10315] [41.0] [cxt 0] Egress port is 0
[21:04:48.005] [bmv2] [D] [thread 10316] [41.0] [cxt 0] Pipeline 'egress': start
[21:04:48.005] [bmv2] [T] [thread 10316] [41.0] [cxt 0] streaming.p4(241) Condition "hdr.udp.isValid()" (node_6) is false
[21:04:48.005] [bmv2] [D] [thread 10316] [41.0] [cxt 0] Pipeline 'egress': end
[21:04:48.005] [bmv2] [D] [thread 10316] [41.0] [cxt 0] Deparser 'deparser': start
[21:04:48.006] [bmv2] [T] [thread 10316] [41.0] [cxt 0] Skipping checksum 'cksum' update because condition not met
[21:04:48.006] [bmv2] [T] [thread 10316] [41.0] [cxt 0] Skipping checksum 'cksum_0' update because condition not met
[21:04:48.006] [bmv2] [D] [thread 10316] [41.0] [cxt 0] Deparsing header 'ethernet'
[21:04:48.006] [bmv2] [D] [thread 10316] [41.0] [cxt 0] Deparser 'deparser': end
[21:04:48.006] [bmv2] [D] [thread 10320] [41.0] [cxt 0] Transmitting packet of size 70 out of port 0
[21:04:48.261] [bmv2] [D] [thread 10315] [42.0] [cxt 0] Processing packet received on port 1
[21:04:48.261] [bmv2] [D] [thread 10315] [42.0] [cxt 0] Parser 'parser': start
[21:04:48.261] [bmv2] [D] [thread 10315] [42.0] [cxt 0] Parser 'parser' entering state 'start'
[21:04:48.261] [bmv2] [D] [thread 10315] [42.0] [cxt 0] Extracting header 'ethernet'
[21:04:48.261] [bmv2] [D] [thread 10315] [42.0] [cxt 0] Parser state 'start': key is 86dd
[21:04:48.261] [bmv2] [T] [thread 10315] [42.0] [cxt 0] Bytes parsed: 14
[21:04:48.261] [bmv2] [D] [thread 10315] [42.0] [cxt 0] Parser 'parser': end
[21:04:48.261] [bmv2] [D] [thread 10315] [42.0] [cxt 0] Pipeline 'ingress': start
[21:04:48.261] [bmv2] [T] [thread 10315] [42.0] [cxt 0] streaming.p4(181) Condition "hdr.ipv4.isValid()" (node_2) is false
[21:04:48.261] [bmv2] [D] [thread 10315] [42.0] [cxt 0] Pipeline 'ingress': end
[21:04:48.261] [bmv2] [D] [thread 10315] [42.0] [cxt 0] Egress port is 0
[21:04:48.262] [bmv2] [D] [thread 10316] [42.0] [cxt 0] Pipeline 'egress': start
[21:04:48.262] [bmv2] [T] [thread 10316] [42.0] [cxt 0] streaming.p4(241) Condition "hdr.udp.isValid()" (node_6) is false
[21:04:48.262] [bmv2] [D] [thread 10316] [42.0] [cxt 0] Pipeline 'egress': end
[21:04:48.262] [bmv2] [D] [thread 10316] [42.0] [cxt 0] Deparser 'deparser': start
[21:04:48.262] [bmv2] [T] [thread 10316] [42.0] [cxt 0] Skipping checksum 'cksum' update because condition not met
[21:04:48.262] [bmv2] [T] [thread 10316] [42.0] [cxt 0] Skipping checksum 'cksum_0' update because condition not met
[21:04:48.263] [bmv2] [D] [thread 10316] [42.0] [cxt 0] Deparsing header 'ethernet'
[21:04:48.263] [bmv2] [D] [thread 10316] [42.0] [cxt 0] Deparser 'deparser': end
[21:04:48.263] [bmv2] [D] [thread 10320] [42.0] [cxt 0] Transmitting packet of size 70 out of port 0
open: No such file or directory
open: No such file or directory
open: No such file or directory
open: No such file or directory
open: No such file or directory
open: No such file or directory
open: No such file or directory
open: No such file or directory
open: No such file or directory
open: No such file or directory
open: No such file or directory
open: No such file or directory
