Calling target program-options parser
[21:04:37.431] [bmv2] [D] [thread 10339] Set default default entry for table 'MyIngress.ipv4_lpm': MyIngress.drop - 
[21:04:37.431] [bmv2] [D] [thread 10339] Set default default entry for table 'MyEgress.NAT_match_action_table': NoAction - 
Adding interface s7-eth1 as port 1
[21:04:37.432] [bmv2] [D] [thread 10339] Adding interface s7-eth1 as port 1
Adding interface s7-eth2 as port 2
[21:04:37.468] [bmv2] [D] [thread 10339] Adding interface s7-eth2 as port 2
Adding interface s7-eth3 as port 3
[21:04:37.499] [bmv2] [D] [thread 10339] Adding interface s7-eth3 as port 3
Server listening on 0.0.0.0:50057
[21:04:37.540] [bmv2] [I] [thread 10339] Starting Thrift server on port 9096
[21:04:37.540] [bmv2] [I] [thread 10339] Thrift server was started
[21:04:37.671] [bmv2] [D] [thread 10349] [0.0] [cxt 0] Processing packet received on port 2
[21:04:37.671] [bmv2] [D] [thread 10349] [0.0] [cxt 0] Parser 'parser': start
[21:04:37.671] [bmv2] [D] [thread 10349] [0.0] [cxt 0] Parser 'parser' entering state 'start'
[21:04:37.671] [bmv2] [D] [thread 10349] [0.0] [cxt 0] Extracting header 'ethernet'
[21:04:37.671] [bmv2] [D] [thread 10349] [0.0] [cxt 0] Parser state 'start': key is 86dd
[21:04:37.671] [bmv2] [T] [thread 10349] [0.0] [cxt 0] Bytes parsed: 14
[21:04:37.671] [bmv2] [D] [thread 10349] [0.0] [cxt 0] Parser 'parser': end
[21:04:37.671] [bmv2] [D] [thread 10349] [0.0] [cxt 0] Pipeline 'ingress': start
[21:04:37.672] [bmv2] [T] [thread 10349] [0.0] [cxt 0] streaming.p4(181) Condition "hdr.ipv4.isValid()" (node_2) is false
[21:04:37.672] [bmv2] [D] [thread 10349] [0.0] [cxt 0] Pipeline 'ingress': end
[21:04:37.672] [bmv2] [D] [thread 10349] [0.0] [cxt 0] Egress port is 0
[21:04:37.672] [bmv2] [D] [thread 10350] [0.0] [cxt 0] Pipeline 'egress': start
[21:04:37.672] [bmv2] [T] [thread 10350] [0.0] [cxt 0] streaming.p4(241) Condition "hdr.udp.isValid()" (node_6) is false
[21:04:37.672] [bmv2] [D] [thread 10350] [0.0] [cxt 0] Pipeline 'egress': end
[21:04:37.672] [bmv2] [D] [thread 10350] [0.0] [cxt 0] Deparser 'deparser': start
[21:04:37.672] [bmv2] [T] [thread 10350] [0.0] [cxt 0] Skipping checksum 'cksum' update because condition not met
[21:04:37.672] [bmv2] [T] [thread 10350] [0.0] [cxt 0] Skipping checksum 'cksum_0' update because condition not met
[21:04:37.672] [bmv2] [D] [thread 10350] [0.0] [cxt 0] Deparsing header 'ethernet'
[21:04:37.672] [bmv2] [D] [thread 10350] [0.0] [cxt 0] Deparser 'deparser': end
[21:04:37.672] [bmv2] [D] [thread 10354] [0.0] [cxt 0] Transmitting packet of size 207 out of port 0
[21:04:38.049] [bmv2] [D] [thread 10349] [1.0] [cxt 0] Processing packet received on port 1
[21:04:38.049] [bmv2] [D] [thread 10349] [1.0] [cxt 0] Parser 'parser': start
[21:04:38.049] [bmv2] [D] [thread 10349] [1.0] [cxt 0] Parser 'parser' entering state 'start'
[21:04:38.049] [bmv2] [D] [thread 10349] [1.0] [cxt 0] Extracting header 'ethernet'
[21:04:38.049] [bmv2] [D] [thread 10349] [1.0] [cxt 0] Parser state 'start': key is 86dd
[21:04:38.049] [bmv2] [T] [thread 10349] [1.0] [cxt 0] Bytes parsed: 14
[21:04:38.049] [bmv2] [D] [thread 10349] [1.0] [cxt 0] Parser 'parser': end
[21:04:38.049] [bmv2] [D] [thread 10349] [1.0] [cxt 0] Pipeline 'ingress': start
[21:04:38.049] [bmv2] [T] [thread 10349] [1.0] [cxt 0] streaming.p4(181) Condition "hdr.ipv4.isValid()" (node_2) is false
[21:04:38.049] [bmv2] [D] [thread 10349] [1.0] [cxt 0] Pipeline 'ingress': end
[21:04:38.049] [bmv2] [D] [thread 10349] [1.0] [cxt 0] Egress port is 0
[21:04:38.049] [bmv2] [D] [thread 10350] [1.0] [cxt 0] Pipeline 'egress': start
[21:04:38.049] [bmv2] [T] [thread 10350] [1.0] [cxt 0] streaming.p4(241) Condition "hdr.udp.isValid()" (node_6) is false
[21:04:38.049] [bmv2] [D] [thread 10350] [1.0] [cxt 0] Pipeline 'egress': end
[21:04:38.049] [bmv2] [D] [thread 10350] [1.0] [cxt 0] Deparser 'deparser': start
[21:04:38.050] [bmv2] [T] [thread 10350] [1.0] [cxt 0] Skipping checksum 'cksum' update because condition not met
[21:04:38.050] [bmv2] [T] [thread 10350] [1.0] [cxt 0] Skipping checksum 'cksum_0' update because condition not met
[21:04:38.050] [bmv2] [D] [thread 10350] [1.0] [cxt 0] Deparsing header 'ethernet'
[21:04:38.050] [bmv2] [D] [thread 10350] [1.0] [cxt 0] Deparser 'deparser': end
[21:04:38.050] [bmv2] [D] [thread 10354] [1.0] [cxt 0] Transmitting packet of size 207 out of port 0
[21:04:38.228] [bmv2] [D] [thread 10349] [2.0] [cxt 0] Processing packet received on port 3
[21:04:38.228] [bmv2] [D] [thread 10349] [2.0] [cxt 0] Parser 'parser': start
[21:04:38.228] [bmv2] [D] [thread 10349] [2.0] [cxt 0] Parser 'parser' entering state 'start'
[21:04:38.228] [bmv2] [D] [thread 10349] [2.0] [cxt 0] Extracting header 'ethernet'
[21:04:38.228] [bmv2] [D] [thread 10349] [2.0] [cxt 0] Parser state 'start': key is 86dd
[21:04:38.228] [bmv2] [T] [thread 10349] [2.0] [cxt 0] Bytes parsed: 14
[21:04:38.228] [bmv2] [D] [thread 10349] [2.0] [cxt 0] Parser 'parser': end
[21:04:38.228] [bmv2] [D] [thread 10349] [2.0] [cxt 0] Pipeline 'ingress': start
[21:04:38.228] [bmv2] [T] [thread 10349] [2.0] [cxt 0] streaming.p4(181) Condition "hdr.ipv4.isValid()" (node_2) is false
[21:04:38.228] [bmv2] [D] [thread 10349] [2.0] [cxt 0] Pipeline 'ingress': end
[21:04:38.228] [bmv2] [D] [thread 10349] [2.0] [cxt 0] Egress port is 0
[21:04:38.228] [bmv2] [D] [thread 10350] [2.0] [cxt 0] Pipeline 'egress': start
[21:04:38.228] [bmv2] [T] [thread 10350] [2.0] [cxt 0] streaming.p4(241) Condition "hdr.udp.isValid()" (node_6) is false
[21:04:38.228] [bmv2] [D] [thread 10350] [2.0] [cxt 0] Pipeline 'egress': end
[21:04:38.228] [bmv2] [D] [thread 10350] [2.0] [cxt 0] Deparser 'deparser': start
[21:04:38.228] [bmv2] [T] [thread 10350] [2.0] [cxt 0] Skipping checksum 'cksum' update because condition not met
[21:04:38.228] [bmv2] [T] [thread 10350] [2.0] [cxt 0] Skipping checksum 'cksum_0' update because condition not met
[21:04:38.228] [bmv2] [D] [thread 10350] [2.0] [cxt 0] Deparsing header 'ethernet'
[21:04:38.228] [bmv2] [D] [thread 10350] [2.0] [cxt 0] Deparser 'deparser': end
[21:04:38.228] [bmv2] [D] [thread 10354] [2.0] [cxt 0] Transmitting packet of size 207 out of port 0
[21:04:38.350] [bmv2] [D] [thread 10349] [3.0] [cxt 0] Processing packet received on port 2
[21:04:38.350] [bmv2] [D] [thread 10349] [3.0] [cxt 0] Parser 'parser': start
[21:04:38.350] [bmv2] [D] [thread 10349] [3.0] [cxt 0] Parser 'parser' entering state 'start'
[21:04:38.350] [bmv2] [D] [thread 10349] [3.0] [cxt 0] Extracting header 'ethernet'
[21:04:38.351] [bmv2] [D] [thread 10349] [3.0] [cxt 0] Parser state 'start': key is 86dd
[21:04:38.351] [bmv2] [T] [thread 10349] [3.0] [cxt 0] Bytes parsed: 14
[21:04:38.351] [bmv2] [D] [thread 10349] [3.0] [cxt 0] Parser 'parser': end
[21:04:38.351] [bmv2] [D] [thread 10349] [3.0] [cxt 0] Pipeline 'ingress': start
[21:04:38.351] [bmv2] [T] [thread 10349] [3.0] [cxt 0] streaming.p4(181) Condition "hdr.ipv4.isValid()" (node_2) is false
[21:04:38.351] [bmv2] [D] [thread 10349] [3.0] [cxt 0] Pipeline 'ingress': end
[21:04:38.351] [bmv2] [D] [thread 10349] [3.0] [cxt 0] Egress port is 0
[21:04:38.351] [bmv2] [D] [thread 10350] [3.0] [cxt 0] Pipeline 'egress': start
[21:04:38.351] [bmv2] [T] [thread 10350] [3.0] [cxt 0] streaming.p4(241) Condition "hdr.udp.isValid()" (node_6) is false
[21:04:38.351] [bmv2] [D] [thread 10350] [3.0] [cxt 0] Pipeline 'egress': end
[21:04:38.351] [bmv2] [D] [thread 10350] [3.0] [cxt 0] Deparser 'deparser': start
[21:04:38.351] [bmv2] [T] [thread 10350] [3.0] [cxt 0] Skipping checksum 'cksum' update because condition not met
[21:04:38.351] [bmv2] [T] [thread 10350] [3.0] [cxt 0] Skipping checksum 'cksum_0' update because condition not met
[21:04:38.351] [bmv2] [D] [thread 10350] [3.0] [cxt 0] Deparsing header 'ethernet'
[21:04:38.351] [bmv2] [D] [thread 10350] [3.0] [cxt 0] Deparser 'deparser': end
[21:04:38.351] [bmv2] [D] [thread 10354] [3.0] [cxt 0] Transmitting packet of size 207 out of port 0
New connection
P4Runtime SetForwardingPipelineConfig
[21:04:39.165] [bmv2] [W] [thread 10394] [P4Runtime] p4::tmp::P4DeviceConfig is deprecated
[21:04:39.165] [bmv2] [D] [thread 10394] Set default default entry for table 'MyIngress.ipv4_lpm': MyIngress.drop - 
[21:04:39.166] [bmv2] [D] [thread 10394] Set default default entry for table 'MyEgress.NAT_match_action_table': NoAction - 
[21:04:39.167] [bmv2] [D] [thread 10394] simple_switch target has been notified of a config swap
P4Runtime Write
device_id: 6
election_id {
  low: 1
}
updates {
  type: MODIFY
  entity {
    table_entry {
      table_id: 37375156
      action {
        action {
          action_id: 25652968
        }
      }
      is_default_action: true
    }
  }
}
[21:04:39.176] [bmv2] [D] [thread 10395] Set default entry for table 'MyIngress.ipv4_lpm': MyIngress.drop - 
P4Runtime Write
device_id: 6
election_id {
  low: 1
}
updates {
  type: INSERT
  entity {
    table_entry {
      table_id: 37375156
      match {
        field_id: 1
        lpm {
          value: "\n\000\001\001"
          prefix_len: 32
        }
      }
      action {
        action {
          action_id: 28792405
          params {
            param_id: 1
            value: "\010\000\000\000\005\000"
          }
          params {
            param_id: 2
            value: "\000\002"
          }
        }
      }
    }
  }
}
[21:04:39.184] [bmv2] [D] [thread 10394] Entry 0 added to table 'MyIngress.ipv4_lpm'
[21:04:39.184] [bmv2] [D] [thread 10394] Dumping entry 0
Match key:
* hdr.ipv4.dstAddr    : LPM       0a000101/32
Action entry: MyIngress.ipv4_forward - 80000000500,2,

P4Runtime Write
device_id: 6
election_id {
  low: 1
}
updates {
  type: INSERT
  entity {
    table_entry {
      table_id: 37375156
      match {
        field_id: 1
        lpm {
          value: "\n\000\007\007"
          prefix_len: 32
        }
      }
      action {
        action {
          action_id: 28792405
          params {
            param_id: 1
            value: "\010\000\000\000\007w"
          }
          params {
            param_id: 2
            value: "\000\001"
          }
        }
      }
    }
  }
}
[21:04:39.191] [bmv2] [D] [thread 10395] Entry 1 added to table 'MyIngress.ipv4_lpm'
[21:04:39.191] [bmv2] [D] [thread 10395] Dumping entry 1
Match key:
* hdr.ipv4.dstAddr    : LPM       0a000707/32
Action entry: MyIngress.ipv4_forward - 80000000777,1,

P4Runtime Write
device_id: 6
election_id {
  low: 1
}
updates {
  type: INSERT
  entity {
    table_entry {
      table_id: 37375156
      match {
        field_id: 1
        lpm {
          value: "\n\000\003\003"
          prefix_len: 32
        }
      }
      action {
        action {
          action_id: 28792405
          params {
            param_id: 1
            value: "\010\000\000\000\005\000"
          }
          params {
            param_id: 2
            value: "\000\002"
          }
        }
      }
    }
  }
}
[21:04:39.197] [bmv2] [D] [thread 10394] Entry 2 added to table 'MyIngress.ipv4_lpm'
[21:04:39.197] [bmv2] [D] [thread 10394] Dumping entry 2
Match key:
* hdr.ipv4.dstAddr    : LPM       0a000303/32
Action entry: MyIngress.ipv4_forward - 80000000500,2,

Connection removed
[21:04:39.556] [bmv2] [D] [thread 10349] [4.0] [cxt 0] Processing packet received on port 2
[21:04:39.556] [bmv2] [D] [thread 10349] [4.0] [cxt 0] Parser 'parser': start
[21:04:39.556] [bmv2] [D] [thread 10349] [4.0] [cxt 0] Parser 'parser' entering state 'start'
[21:04:39.556] [bmv2] [D] [thread 10349] [4.0] [cxt 0] Extracting header 'ethernet'
[21:04:39.556] [bmv2] [D] [thread 10349] [4.0] [cxt 0] Parser state 'start': key is 86dd
[21:04:39.556] [bmv2] [T] [thread 10349] [4.0] [cxt 0] Bytes parsed: 14
[21:04:39.556] [bmv2] [D] [thread 10349] [4.0] [cxt 0] Parser 'parser': end
[21:04:39.557] [bmv2] [D] [thread 10349] [4.0] [cxt 0] Pipeline 'ingress': start
[21:04:39.557] [bmv2] [T] [thread 10349] [4.0] [cxt 0] streaming.p4(181) Condition "hdr.ipv4.isValid()" (node_2) is false
[21:04:39.557] [bmv2] [D] [thread 10349] [4.0] [cxt 0] Pipeline 'ingress': end
[21:04:39.558] [bmv2] [D] [thread 10349] [4.0] [cxt 0] Egress port is 0
[21:04:39.558] [bmv2] [D] [thread 10349] [5.0] [cxt 0] Processing packet received on port 3
[21:04:39.558] [bmv2] [D] [thread 10349] [5.0] [cxt 0] Parser 'parser': start
[21:04:39.558] [bmv2] [D] [thread 10349] [5.0] [cxt 0] Parser 'parser' entering state 'start'
[21:04:39.558] [bmv2] [D] [thread 10349] [5.0] [cxt 0] Extracting header 'ethernet'
[21:04:39.558] [bmv2] [D] [thread 10349] [5.0] [cxt 0] Parser state 'start': key is 86dd
[21:04:39.558] [bmv2] [D] [thread 10350] [4.0] [cxt 0] Pipeline 'egress': start
[21:04:39.558] [bmv2] [T] [thread 10350] [4.0] [cxt 0] streaming.p4(241) Condition "hdr.udp.isValid()" (node_6) is false
[21:04:39.559] [bmv2] [D] [thread 10350] [4.0] [cxt 0] Pipeline 'egress': end
[21:04:39.559] [bmv2] [D] [thread 10350] [4.0] [cxt 0] Deparser 'deparser': start
[21:04:39.559] [bmv2] [T] [thread 10350] [4.0] [cxt 0] Skipping checksum 'cksum' update because condition not met
[21:04:39.559] [bmv2] [T] [thread 10350] [4.0] [cxt 0] Skipping checksum 'cksum_0' update because condition not met
[21:04:39.559] [bmv2] [D] [thread 10350] [4.0] [cxt 0] Deparsing header 'ethernet'
[21:04:39.560] [bmv2] [D] [thread 10350] [4.0] [cxt 0] Deparser 'deparser': end
[21:04:39.560] [bmv2] [D] [thread 10354] [4.0] [cxt 0] Transmitting packet of size 70 out of port 0
[21:04:39.558] [bmv2] [T] [thread 10349] [5.0] [cxt 0] Bytes parsed: 14
[21:04:39.560] [bmv2] [D] [thread 10349] [5.0] [cxt 0] Parser 'parser': end
[21:04:39.561] [bmv2] [D] [thread 10349] [5.0] [cxt 0] Pipeline 'ingress': start
[21:04:39.561] [bmv2] [T] [thread 10349] [5.0] [cxt 0] streaming.p4(181) Condition "hdr.ipv4.isValid()" (node_2) is false
[21:04:39.561] [bmv2] [D] [thread 10349] [5.0] [cxt 0] Pipeline 'ingress': end
[21:04:39.561] [bmv2] [D] [thread 10349] [5.0] [cxt 0] Egress port is 0
[21:04:39.562] [bmv2] [D] [thread 10350] [5.0] [cxt 0] Pipeline 'egress': start
[21:04:39.562] [bmv2] [T] [thread 10350] [5.0] [cxt 0] streaming.p4(241) Condition "hdr.udp.isValid()" (node_6) is false
[21:04:39.562] [bmv2] [D] [thread 10350] [5.0] [cxt 0] Pipeline 'egress': end
[21:04:39.562] [bmv2] [D] [thread 10350] [5.0] [cxt 0] Deparser 'deparser': start
[21:04:39.562] [bmv2] [T] [thread 10350] [5.0] [cxt 0] Skipping checksum 'cksum' update because condition not met
[21:04:39.562] [bmv2] [T] [thread 10350] [5.0] [cxt 0] Skipping checksum 'cksum_0' update because condition not met
[21:04:39.563] [bmv2] [D] [thread 10350] [5.0] [cxt 0] Deparsing header 'ethernet'
[21:04:39.563] [bmv2] [D] [thread 10350] [5.0] [cxt 0] Deparser 'deparser': end
[21:04:39.563] [bmv2] [D] [thread 10354] [5.0] [cxt 0] Transmitting packet of size 70 out of port 0
[21:04:39.625] [bmv2] [D] [thread 10349] [6.0] [cxt 0] Processing packet received on port 3
[21:04:39.625] [bmv2] [D] [thread 10349] [6.0] [cxt 0] Parser 'parser': start
[21:04:39.625] [bmv2] [D] [thread 10349] [6.0] [cxt 0] Parser 'parser' entering state 'start'
[21:04:39.625] [bmv2] [D] [thread 10349] [6.0] [cxt 0] Extracting header 'ethernet'
[21:04:39.625] [bmv2] [D] [thread 10349] [6.0] [cxt 0] Parser state 'start': key is 86dd
[21:04:39.625] [bmv2] [T] [thread 10349] [6.0] [cxt 0] Bytes parsed: 14
[21:04:39.625] [bmv2] [D] [thread 10349] [6.0] [cxt 0] Parser 'parser': end
[21:04:39.625] [bmv2] [D] [thread 10349] [6.0] [cxt 0] Pipeline 'ingress': start
[21:04:39.625] [bmv2] [T] [thread 10349] [6.0] [cxt 0] streaming.p4(181) Condition "hdr.ipv4.isValid()" (node_2) is false
[21:04:39.625] [bmv2] [D] [thread 10349] [6.0] [cxt 0] Pipeline 'ingress': end
[21:04:39.625] [bmv2] [D] [thread 10349] [6.0] [cxt 0] Egress port is 0
[21:04:39.625] [bmv2] [D] [thread 10350] [6.0] [cxt 0] Pipeline 'egress': start
[21:04:39.626] [bmv2] [T] [thread 10350] [6.0] [cxt 0] streaming.p4(241) Condition "hdr.udp.isValid()" (node_6) is false
[21:04:39.626] [bmv2] [D] [thread 10350] [6.0] [cxt 0] Pipeline 'egress': end
[21:04:39.626] [bmv2] [D] [thread 10350] [6.0] [cxt 0] Deparser 'deparser': start
[21:04:39.626] [bmv2] [T] [thread 10350] [6.0] [cxt 0] Skipping checksum 'cksum' update because condition not met
[21:04:39.626] [bmv2] [T] [thread 10350] [6.0] [cxt 0] Skipping checksum 'cksum_0' update because condition not met
[21:04:39.626] [bmv2] [D] [thread 10350] [6.0] [cxt 0] Deparsing header 'ethernet'
[21:04:39.626] [bmv2] [D] [thread 10350] [6.0] [cxt 0] Deparser 'deparser': end
[21:04:39.626] [bmv2] [D] [thread 10354] [6.0] [cxt 0] Transmitting packet of size 207 out of port 0
[21:04:39.813] [bmv2] [D] [thread 10349] [7.0] [cxt 0] Processing packet received on port 1
[21:04:39.813] [bmv2] [D] [thread 10349] [7.0] [cxt 0] Parser 'parser': start
[21:04:39.813] [bmv2] [D] [thread 10349] [7.0] [cxt 0] Parser 'parser' entering state 'start'
[21:04:39.813] [bmv2] [D] [thread 10349] [7.0] [cxt 0] Extracting header 'ethernet'
[21:04:39.813] [bmv2] [D] [thread 10349] [7.0] [cxt 0] Parser state 'start': key is 86dd
[21:04:39.813] [bmv2] [T] [thread 10349] [7.0] [cxt 0] Bytes parsed: 14
[21:04:39.813] [bmv2] [D] [thread 10349] [7.0] [cxt 0] Parser 'parser': end
[21:04:39.814] [bmv2] [D] [thread 10349] [7.0] [cxt 0] Pipeline 'ingress': start
[21:04:39.814] [bmv2] [T] [thread 10349] [7.0] [cxt 0] streaming.p4(181) Condition "hdr.ipv4.isValid()" (node_2) is false
[21:04:39.814] [bmv2] [D] [thread 10349] [7.0] [cxt 0] Pipeline 'ingress': end
[21:04:39.814] [bmv2] [D] [thread 10349] [7.0] [cxt 0] Egress port is 0
[21:04:39.814] [bmv2] [D] [thread 10349] [8.0] [cxt 0] Processing packet received on port 3
[21:04:39.814] [bmv2] [D] [thread 10349] [8.0] [cxt 0] Parser 'parser': start
[21:04:39.814] [bmv2] [D] [thread 10349] [8.0] [cxt 0] Parser 'parser' entering state 'start'
[21:04:39.814] [bmv2] [D] [thread 10349] [8.0] [cxt 0] Extracting header 'ethernet'
[21:04:39.814] [bmv2] [D] [thread 10349] [8.0] [cxt 0] Parser state 'start': key is 86dd
[21:04:39.814] [bmv2] [T] [thread 10349] [8.0] [cxt 0] Bytes parsed: 14
[21:04:39.814] [bmv2] [D] [thread 10349] [8.0] [cxt 0] Parser 'parser': end
[21:04:39.814] [bmv2] [D] [thread 10349] [8.0] [cxt 0] Pipeline 'ingress': start
[21:04:39.814] [bmv2] [T] [thread 10349] [8.0] [cxt 0] streaming.p4(181) Condition "hdr.ipv4.isValid()" (node_2) is false
[21:04:39.814] [bmv2] [D] [thread 10349] [8.0] [cxt 0] Pipeline 'ingress': end
[21:04:39.814] [bmv2] [D] [thread 10349] [8.0] [cxt 0] Egress port is 0
[21:04:39.814] [bmv2] [D] [thread 10350] [7.0] [cxt 0] Pipeline 'egress': start
[21:04:39.814] [bmv2] [T] [thread 10350] [7.0] [cxt 0] streaming.p4(241) Condition "hdr.udp.isValid()" (node_6) is false
[21:04:39.814] [bmv2] [D] [thread 10350] [7.0] [cxt 0] Pipeline 'egress': end
[21:04:39.814] [bmv2] [D] [thread 10350] [7.0] [cxt 0] Deparser 'deparser': start
[21:04:39.815] [bmv2] [T] [thread 10350] [7.0] [cxt 0] Skipping checksum 'cksum' update because condition not met
[21:04:39.815] [bmv2] [T] [thread 10350] [7.0] [cxt 0] Skipping checksum 'cksum_0' update because condition not met
[21:04:39.815] [bmv2] [D] [thread 10350] [7.0] [cxt 0] Deparsing header 'ethernet'
[21:04:39.815] [bmv2] [D] [thread 10350] [7.0] [cxt 0] Deparser 'deparser': end
[21:04:39.815] [bmv2] [D] [thread 10354] [7.0] [cxt 0] Transmitting packet of size 70 out of port 0
[21:04:39.815] [bmv2] [D] [thread 10350] [8.0] [cxt 0] Pipeline 'egress': start
[21:04:39.816] [bmv2] [T] [thread 10350] [8.0] [cxt 0] streaming.p4(241) Condition "hdr.udp.isValid()" (node_6) is false
[21:04:39.816] [bmv2] [D] [thread 10350] [8.0] [cxt 0] Pipeline 'egress': end
[21:04:39.816] [bmv2] [D] [thread 10350] [8.0] [cxt 0] Deparser 'deparser': start
[21:04:39.816] [bmv2] [T] [thread 10350] [8.0] [cxt 0] Skipping checksum 'cksum' update because condition not met
[21:04:39.816] [bmv2] [T] [thread 10350] [8.0] [cxt 0] Skipping checksum 'cksum_0' update because condition not met
[21:04:39.816] [bmv2] [D] [thread 10350] [8.0] [cxt 0] Deparsing header 'ethernet'
[21:04:39.816] [bmv2] [D] [thread 10350] [8.0] [cxt 0] Deparser 'deparser': end
[21:04:39.816] [bmv2] [D] [thread 10354] [8.0] [cxt 0] Transmitting packet of size 70 out of port 0
[21:04:39.846] [bmv2] [D] [thread 10349] [9.0] [cxt 0] Processing packet received on port 2
[21:04:39.846] [bmv2] [D] [thread 10349] [9.0] [cxt 0] Parser 'parser': start
[21:04:39.846] [bmv2] [D] [thread 10349] [9.0] [cxt 0] Parser 'parser' entering state 'start'
[21:04:39.846] [bmv2] [D] [thread 10349] [9.0] [cxt 0] Extracting header 'ethernet'
[21:04:39.846] [bmv2] [D] [thread 10349] [9.0] [cxt 0] Parser state 'start': key is 86dd
[21:04:39.847] [bmv2] [T] [thread 10349] [9.0] [cxt 0] Bytes parsed: 14
[21:04:39.847] [bmv2] [D] [thread 10349] [9.0] [cxt 0] Parser 'parser': end
[21:04:39.847] [bmv2] [D] [thread 10349] [9.0] [cxt 0] Pipeline 'ingress': start
[21:04:39.847] [bmv2] [T] [thread 10349] [9.0] [cxt 0] streaming.p4(181) Condition "hdr.ipv4.isValid()" (node_2) is false
[21:04:39.847] [bmv2] [D] [thread 10349] [9.0] [cxt 0] Pipeline 'ingress': end
[21:04:39.847] [bmv2] [D] [thread 10349] [9.0] [cxt 0] Egress port is 0
[21:04:39.847] [bmv2] [D] [thread 10350] [9.0] [cxt 0] Pipeline 'egress': start
[21:04:39.847] [bmv2] [T] [thread 10350] [9.0] [cxt 0] streaming.p4(241) Condition "hdr.udp.isValid()" (node_6) is false
[21:04:39.847] [bmv2] [D] [thread 10350] [9.0] [cxt 0] Pipeline 'egress': end
[21:04:39.847] [bmv2] [D] [thread 10350] [9.0] [cxt 0] Deparser 'deparser': start
[21:04:39.847] [bmv2] [T] [thread 10350] [9.0] [cxt 0] Skipping checksum 'cksum' update because condition not met
[21:04:39.847] [bmv2] [T] [thread 10350] [9.0] [cxt 0] Skipping checksum 'cksum_0' update because condition not met
[21:04:39.847] [bmv2] [D] [thread 10350] [9.0] [cxt 0] Deparsing header 'ethernet'
[21:04:39.847] [bmv2] [D] [thread 10350] [9.0] [cxt 0] Deparser 'deparser': end
[21:04:39.847] [bmv2] [D] [thread 10354] [9.0] [cxt 0] Transmitting packet of size 207 out of port 0
[21:04:40.216] [bmv2] [D] [thread 10349] [10.0] [cxt 0] Processing packet received on port 1
[21:04:40.216] [bmv2] [D] [thread 10349] [10.0] [cxt 0] Parser 'parser': start
[21:04:40.216] [bmv2] [D] [thread 10349] [10.0] [cxt 0] Parser 'parser' entering state 'start'
[21:04:40.216] [bmv2] [D] [thread 10349] [10.0] [cxt 0] Extracting header 'ethernet'
[21:04:40.216] [bmv2] [D] [thread 10349] [10.0] [cxt 0] Parser state 'start': key is 86dd
[21:04:40.216] [bmv2] [T] [thread 10349] [10.0] [cxt 0] Bytes parsed: 14
[21:04:40.216] [bmv2] [D] [thread 10349] [10.0] [cxt 0] Parser 'parser': end
[21:04:40.216] [bmv2] [D] [thread 10349] [10.0] [cxt 0] Pipeline 'ingress': start
[21:04:40.216] [bmv2] [T] [thread 10349] [10.0] [cxt 0] streaming.p4(181) Condition "hdr.ipv4.isValid()" (node_2) is false
[21:04:40.216] [bmv2] [D] [thread 10349] [10.0] [cxt 0] Pipeline 'ingress': end
[21:04:40.216] [bmv2] [D] [thread 10349] [10.0] [cxt 0] Egress port is 0
[21:04:40.216] [bmv2] [D] [thread 10350] [10.0] [cxt 0] Pipeline 'egress': start
[21:04:40.216] [bmv2] [T] [thread 10350] [10.0] [cxt 0] streaming.p4(241) Condition "hdr.udp.isValid()" (node_6) is false
[21:04:40.217] [bmv2] [D] [thread 10350] [10.0] [cxt 0] Pipeline 'egress': end
[21:04:40.217] [bmv2] [D] [thread 10350] [10.0] [cxt 0] Deparser 'deparser': start
[21:04:40.217] [bmv2] [T] [thread 10350] [10.0] [cxt 0] Skipping checksum 'cksum' update because condition not met
[21:04:40.217] [bmv2] [T] [thread 10350] [10.0] [cxt 0] Skipping checksum 'cksum_0' update because condition not met
[21:04:40.217] [bmv2] [D] [thread 10350] [10.0] [cxt 0] Deparsing header 'ethernet'
[21:04:40.217] [bmv2] [D] [thread 10350] [10.0] [cxt 0] Deparser 'deparser': end
[21:04:40.217] [bmv2] [D] [thread 10354] [10.0] [cxt 0] Transmitting packet of size 207 out of port 0
[21:04:40.324] [bmv2] [D] [thread 10349] [11.0] [cxt 0] Processing packet received on port 2
[21:04:40.324] [bmv2] [D] [thread 10349] [11.0] [cxt 0] Parser 'parser': start
[21:04:40.324] [bmv2] [D] [thread 10349] [11.0] [cxt 0] Parser 'parser' entering state 'start'
[21:04:40.324] [bmv2] [D] [thread 10349] [11.0] [cxt 0] Extracting header 'ethernet'
[21:04:40.324] [bmv2] [D] [thread 10349] [11.0] [cxt 0] Parser state 'start': key is 86dd
[21:04:40.325] [bmv2] [T] [thread 10349] [11.0] [cxt 0] Bytes parsed: 14
[21:04:40.325] [bmv2] [D] [thread 10349] [11.0] [cxt 0] Parser 'parser': end
[21:04:40.325] [bmv2] [D] [thread 10349] [11.0] [cxt 0] Pipeline 'ingress': start
[21:04:40.325] [bmv2] [T] [thread 10349] [11.0] [cxt 0] streaming.p4(181) Condition "hdr.ipv4.isValid()" (node_2) is false
[21:04:40.325] [bmv2] [D] [thread 10349] [11.0] [cxt 0] Pipeline 'ingress': end
[21:04:40.326] [bmv2] [D] [thread 10349] [11.0] [cxt 0] Egress port is 0
[21:04:40.326] [bmv2] [D] [thread 10350] [11.0] [cxt 0] Pipeline 'egress': start
[21:04:40.326] [bmv2] [T] [thread 10350] [11.0] [cxt 0] streaming.p4(241) Condition "hdr.udp.isValid()" (node_6) is false
[21:04:40.326] [bmv2] [D] [thread 10350] [11.0] [cxt 0] Pipeline 'egress': end
[21:04:40.326] [bmv2] [D] [thread 10350] [11.0] [cxt 0] Deparser 'deparser': start
[21:04:40.327] [bmv2] [T] [thread 10350] [11.0] [cxt 0] Skipping checksum 'cksum' update because condition not met
[21:04:40.327] [bmv2] [T] [thread 10350] [11.0] [cxt 0] Skipping checksum 'cksum_0' update because condition not met
[21:04:40.327] [bmv2] [D] [thread 10350] [11.0] [cxt 0] Deparsing header 'ethernet'
[21:04:40.327] [bmv2] [D] [thread 10350] [11.0] [cxt 0] Deparser 'deparser': end
[21:04:40.329] [bmv2] [D] [thread 10354] [11.0] [cxt 0] Transmitting packet of size 70 out of port 0
[21:04:40.397] [bmv2] [D] [thread 10349] [12.0] [cxt 0] Processing packet received on port 3
[21:04:40.397] [bmv2] [D] [thread 10349] [12.0] [cxt 0] Parser 'parser': start
[21:04:40.397] [bmv2] [D] [thread 10349] [12.0] [cxt 0] Parser 'parser' entering state 'start'
[21:04:40.397] [bmv2] [D] [thread 10349] [12.0] [cxt 0] Extracting header 'ethernet'
[21:04:40.397] [bmv2] [D] [thread 10349] [12.0] [cxt 0] Parser state 'start': key is 86dd
[21:04:40.397] [bmv2] [T] [thread 10349] [12.0] [cxt 0] Bytes parsed: 14
[21:04:40.397] [bmv2] [D] [thread 10349] [12.0] [cxt 0] Parser 'parser': end
[21:04:40.397] [bmv2] [D] [thread 10349] [12.0] [cxt 0] Pipeline 'ingress': start
[21:04:40.397] [bmv2] [T] [thread 10349] [12.0] [cxt 0] streaming.p4(181) Condition "hdr.ipv4.isValid()" (node_2) is false
[21:04:40.397] [bmv2] [D] [thread 10349] [12.0] [cxt 0] Pipeline 'ingress': end
[21:04:40.397] [bmv2] [D] [thread 10349] [12.0] [cxt 0] Egress port is 0
[21:04:40.398] [bmv2] [D] [thread 10350] [12.0] [cxt 0] Pipeline 'egress': start
[21:04:40.398] [bmv2] [T] [thread 10350] [12.0] [cxt 0] streaming.p4(241) Condition "hdr.udp.isValid()" (node_6) is false
[21:04:40.398] [bmv2] [D] [thread 10350] [12.0] [cxt 0] Pipeline 'egress': end
[21:04:40.398] [bmv2] [D] [thread 10350] [12.0] [cxt 0] Deparser 'deparser': start
[21:04:40.398] [bmv2] [T] [thread 10350] [12.0] [cxt 0] Skipping checksum 'cksum' update because condition not met
[21:04:40.398] [bmv2] [T] [thread 10350] [12.0] [cxt 0] Skipping checksum 'cksum_0' update because condition not met
[21:04:40.398] [bmv2] [D] [thread 10350] [12.0] [cxt 0] Deparsing header 'ethernet'
[21:04:40.398] [bmv2] [D] [thread 10350] [12.0] [cxt 0] Deparser 'deparser': end
[21:04:40.398] [bmv2] [D] [thread 10354] [12.0] [cxt 0] Transmitting packet of size 207 out of port 0
[21:04:40.495] [bmv2] [D] [thread 10349] [13.0] [cxt 0] Processing packet received on port 2
[21:04:40.495] [bmv2] [D] [thread 10349] [13.0] [cxt 0] Parser 'parser': start
[21:04:40.495] [bmv2] [D] [thread 10349] [13.0] [cxt 0] Parser 'parser' entering state 'start'
[21:04:40.495] [bmv2] [D] [thread 10349] [13.0] [cxt 0] Extracting header 'ethernet'
[21:04:40.496] [bmv2] [D] [thread 10349] [13.0] [cxt 0] Parser state 'start': key is 86dd
[21:04:40.496] [bmv2] [T] [thread 10349] [13.0] [cxt 0] Bytes parsed: 14
[21:04:40.496] [bmv2] [D] [thread 10349] [13.0] [cxt 0] Parser 'parser': end
[21:04:40.496] [bmv2] [D] [thread 10349] [13.0] [cxt 0] Pipeline 'ingress': start
[21:04:40.496] [bmv2] [T] [thread 10349] [13.0] [cxt 0] streaming.p4(181) Condition "hdr.ipv4.isValid()" (node_2) is false
[21:04:40.496] [bmv2] [D] [thread 10349] [13.0] [cxt 0] Pipeline 'ingress': end
[21:04:40.496] [bmv2] [D] [thread 10349] [13.0] [cxt 0] Egress port is 0
[21:04:40.496] [bmv2] [D] [thread 10350] [13.0] [cxt 0] Pipeline 'egress': start
[21:04:40.496] [bmv2] [T] [thread 10350] [13.0] [cxt 0] streaming.p4(241) Condition "hdr.udp.isValid()" (node_6) is false
[21:04:40.496] [bmv2] [D] [thread 10350] [13.0] [cxt 0] Pipeline 'egress': end
[21:04:40.496] [bmv2] [D] [thread 10350] [13.0] [cxt 0] Deparser 'deparser': start
[21:04:40.496] [bmv2] [T] [thread 10350] [13.0] [cxt 0] Skipping checksum 'cksum' update because condition not met
[21:04:40.496] [bmv2] [T] [thread 10350] [13.0] [cxt 0] Skipping checksum 'cksum_0' update because condition not met
[21:04:40.496] [bmv2] [D] [thread 10350] [13.0] [cxt 0] Deparsing header 'ethernet'
[21:04:40.496] [bmv2] [D] [thread 10350] [13.0] [cxt 0] Deparser 'deparser': end
[21:04:40.496] [bmv2] [D] [thread 10354] [13.0] [cxt 0] Transmitting packet of size 207 out of port 0
[21:04:44.582] [bmv2] [D] [thread 10349] [14.0] [cxt 0] Processing packet received on port 2
[21:04:44.582] [bmv2] [D] [thread 10349] [14.0] [cxt 0] Parser 'parser': start
[21:04:44.582] [bmv2] [D] [thread 10349] [14.0] [cxt 0] Parser 'parser' entering state 'start'
[21:04:44.582] [bmv2] [D] [thread 10349] [14.0] [cxt 0] Extracting header 'ethernet'
[21:04:44.582] [bmv2] [D] [thread 10349] [14.0] [cxt 0] Parser state 'start': key is 0800
[21:04:44.582] [bmv2] [T] [thread 10349] [14.0] [cxt 0] Bytes parsed: 14
[21:04:44.582] [bmv2] [D] [thread 10349] [14.0] [cxt 0] Parser 'parser' entering state 'parse_ipv4'
[21:04:44.582] [bmv2] [D] [thread 10349] [14.0] [cxt 0] Extracting header 'ipv4'
[21:04:44.582] [bmv2] [D] [thread 10349] [14.0] [cxt 0] Parser set: setting field 'scalars.tmp' from expression, new value is 1
[21:04:44.582] [bmv2] [D] [thread 10349] [14.0] [cxt 0] Parser state 'parse_ipv4': key is 0001
[21:04:44.582] [bmv2] [T] [thread 10349] [14.0] [cxt 0] Bytes parsed: 34
[21:04:44.582] [bmv2] [D] [thread 10349] [14.0] [cxt 0] Parser 'parser': end
[21:04:44.582] [bmv2] [D] [thread 10349] [14.0] [cxt 0] Pipeline 'ingress': start
[21:04:44.582] [bmv2] [T] [thread 10349] [14.0] [cxt 0] streaming.p4(181) Condition "hdr.ipv4.isValid()" (node_2) is true
[21:04:44.582] [bmv2] [T] [thread 10349] [14.0] [cxt 0] Applying table 'MyIngress.ipv4_lpm'
[21:04:44.582] [bmv2] [D] [thread 10349] [14.0] [cxt 0] Looking up key:
* hdr.ipv4.dstAddr    : 0a000707

[21:04:44.582] [bmv2] [D] [thread 10349] [14.0] [cxt 0] Table 'MyIngress.ipv4_lpm': hit with handle 1
[21:04:44.582] [bmv2] [D] [thread 10349] [14.0] [cxt 0] Dumping entry 1
Match key:
* hdr.ipv4.dstAddr    : LPM       0a000707/32
Action entry: MyIngress.ipv4_forward - 80000000777,1,

[21:04:44.582] [bmv2] [D] [thread 10349] [14.0] [cxt 0] Action entry is MyIngress.ipv4_forward - 80000000777,1,
[21:04:44.582] [bmv2] [T] [thread 10349] [14.0] [cxt 0] Action MyIngress.ipv4_forward
[21:04:44.583] [bmv2] [T] [thread 10349] [14.0] [cxt 0] streaming.p4(148) Primitive standard_metadata.egress_spec = port
[21:04:44.583] [bmv2] [T] [thread 10349] [14.0] [cxt 0] streaming.p4(149) Primitive hdr.ethernet.srcAddr = hdr.ethernet.dstAddr
[21:04:44.583] [bmv2] [T] [thread 10349] [14.0] [cxt 0] streaming.p4(150) Primitive hdr.ethernet.dstAddr = dstAddr
[21:04:44.583] [bmv2] [T] [thread 10349] [14.0] [cxt 0] streaming.p4(153) Primitive hdr.ipv4.ttl = hdr.ipv4.ttl - 1
[21:04:44.583] [bmv2] [D] [thread 10349] [14.0] [cxt 0] Pipeline 'ingress': end
[21:04:44.583] [bmv2] [D] [thread 10349] [14.0] [cxt 0] Egress port is 1
[21:04:44.583] [bmv2] [D] [thread 10351] [14.0] [cxt 0] Pipeline 'egress': start
[21:04:44.583] [bmv2] [T] [thread 10351] [14.0] [cxt 0] streaming.p4(241) Condition "hdr.udp.isValid()" (node_6) is false
[21:04:44.583] [bmv2] [D] [thread 10351] [14.0] [cxt 0] Pipeline 'egress': end
[21:04:44.583] [bmv2] [D] [thread 10351] [14.0] [cxt 0] Deparser 'deparser': start
[21:04:44.583] [bmv2] [D] [thread 10351] [14.0] [cxt 0] Updating checksum 'cksum'
[21:04:44.583] [bmv2] [T] [thread 10351] [14.0] [cxt 0] Skipping checksum 'cksum_0' update because condition not met
[21:04:44.583] [bmv2] [D] [thread 10351] [14.0] [cxt 0] Deparsing header 'ethernet'
[21:04:44.583] [bmv2] [D] [thread 10351] [14.0] [cxt 0] Deparsing header 'ipv4'
[21:04:44.583] [bmv2] [D] [thread 10351] [14.0] [cxt 0] Deparser 'deparser': end
[21:04:44.583] [bmv2] [D] [thread 10354] [14.0] [cxt 0] Transmitting packet of size 98 out of port 1
[21:04:44.587] [bmv2] [D] [thread 10349] [15.0] [cxt 0] Processing packet received on port 1
[21:04:44.587] [bmv2] [D] [thread 10349] [15.0] [cxt 0] Parser 'parser': start
[21:04:44.588] [bmv2] [D] [thread 10349] [15.0] [cxt 0] Parser 'parser' entering state 'start'
[21:04:44.588] [bmv2] [D] [thread 10349] [15.0] [cxt 0] Extracting header 'ethernet'
[21:04:44.588] [bmv2] [D] [thread 10349] [15.0] [cxt 0] Parser state 'start': key is 0800
[21:04:44.588] [bmv2] [T] [thread 10349] [15.0] [cxt 0] Bytes parsed: 14
[21:04:44.588] [bmv2] [D] [thread 10349] [15.0] [cxt 0] Parser 'parser' entering state 'parse_ipv4'
[21:04:44.588] [bmv2] [D] [thread 10349] [15.0] [cxt 0] Extracting header 'ipv4'
[21:04:44.588] [bmv2] [D] [thread 10349] [15.0] [cxt 0] Parser set: setting field 'scalars.tmp' from expression, new value is 1
[21:04:44.588] [bmv2] [D] [thread 10349] [15.0] [cxt 0] Parser state 'parse_ipv4': key is 0001
[21:04:44.588] [bmv2] [T] [thread 10349] [15.0] [cxt 0] Bytes parsed: 34
[21:04:44.588] [bmv2] [D] [thread 10349] [15.0] [cxt 0] Parser 'parser': end
[21:04:44.588] [bmv2] [D] [thread 10349] [15.0] [cxt 0] Pipeline 'ingress': start
[21:04:44.588] [bmv2] [T] [thread 10349] [15.0] [cxt 0] streaming.p4(181) Condition "hdr.ipv4.isValid()" (node_2) is true
[21:04:44.588] [bmv2] [T] [thread 10349] [15.0] [cxt 0] Applying table 'MyIngress.ipv4_lpm'
[21:04:44.588] [bmv2] [D] [thread 10349] [15.0] [cxt 0] Looking up key:
* hdr.ipv4.dstAddr    : 0a000101

[21:04:44.588] [bmv2] [D] [thread 10349] [15.0] [cxt 0] Table 'MyIngress.ipv4_lpm': hit with handle 0
[21:04:44.588] [bmv2] [D] [thread 10349] [15.0] [cxt 0] Dumping entry 0
Match key:
* hdr.ipv4.dstAddr    : LPM       0a000101/32
Action entry: MyIngress.ipv4_forward - 80000000500,2,

[21:04:44.588] [bmv2] [D] [thread 10349] [15.0] [cxt 0] Action entry is MyIngress.ipv4_forward - 80000000500,2,
[21:04:44.588] [bmv2] [T] [thread 10349] [15.0] [cxt 0] Action MyIngress.ipv4_forward
[21:04:44.588] [bmv2] [T] [thread 10349] [15.0] [cxt 0] streaming.p4(148) Primitive standard_metadata.egress_spec = port
[21:04:44.588] [bmv2] [T] [thread 10349] [15.0] [cxt 0] streaming.p4(149) Primitive hdr.ethernet.srcAddr = hdr.ethernet.dstAddr
[21:04:44.588] [bmv2] [T] [thread 10349] [15.0] [cxt 0] streaming.p4(150) Primitive hdr.ethernet.dstAddr = dstAddr
[21:04:44.588] [bmv2] [T] [thread 10349] [15.0] [cxt 0] streaming.p4(153) Primitive hdr.ipv4.ttl = hdr.ipv4.ttl - 1
[21:04:44.588] [bmv2] [D] [thread 10349] [15.0] [cxt 0] Pipeline 'ingress': end
[21:04:44.588] [bmv2] [D] [thread 10349] [15.0] [cxt 0] Egress port is 2
[21:04:44.588] [bmv2] [D] [thread 10352] [15.0] [cxt 0] Pipeline 'egress': start
[21:04:44.589] [bmv2] [T] [thread 10352] [15.0] [cxt 0] streaming.p4(241) Condition "hdr.udp.isValid()" (node_6) is false
[21:04:44.589] [bmv2] [D] [thread 10352] [15.0] [cxt 0] Pipeline 'egress': end
[21:04:44.589] [bmv2] [D] [thread 10352] [15.0] [cxt 0] Deparser 'deparser': start
[21:04:44.589] [bmv2] [D] [thread 10352] [15.0] [cxt 0] Updating checksum 'cksum'
[21:04:44.589] [bmv2] [T] [thread 10352] [15.0] [cxt 0] Skipping checksum 'cksum_0' update because condition not met
[21:04:44.589] [bmv2] [D] [thread 10352] [15.0] [cxt 0] Deparsing header 'ethernet'
[21:04:44.589] [bmv2] [D] [thread 10352] [15.0] [cxt 0] Deparsing header 'ipv4'
[21:04:44.589] [bmv2] [D] [thread 10352] [15.0] [cxt 0] Deparser 'deparser': end
[21:04:44.589] [bmv2] [D] [thread 10354] [15.0] [cxt 0] Transmitting packet of size 98 out of port 2
[21:04:44.653] [bmv2] [D] [thread 10349] [16.0] [cxt 0] Processing packet received on port 2
[21:04:44.653] [bmv2] [D] [thread 10349] [16.0] [cxt 0] Parser 'parser': start
[21:04:44.653] [bmv2] [D] [thread 10349] [16.0] [cxt 0] Parser 'parser' entering state 'start'
[21:04:44.654] [bmv2] [D] [thread 10349] [16.0] [cxt 0] Extracting header 'ethernet'
[21:04:44.654] [bmv2] [D] [thread 10349] [16.0] [cxt 0] Parser state 'start': key is 0800
[21:04:44.654] [bmv2] [T] [thread 10349] [16.0] [cxt 0] Bytes parsed: 14
[21:04:44.654] [bmv2] [D] [thread 10349] [16.0] [cxt 0] Parser 'parser' entering state 'parse_ipv4'
[21:04:44.654] [bmv2] [D] [thread 10349] [16.0] [cxt 0] Extracting header 'ipv4'
[21:04:44.654] [bmv2] [D] [thread 10349] [16.0] [cxt 0] Parser set: setting field 'scalars.tmp' from expression, new value is 1
[21:04:44.654] [bmv2] [D] [thread 10349] [16.0] [cxt 0] Parser state 'parse_ipv4': key is 0001
[21:04:44.654] [bmv2] [T] [thread 10349] [16.0] [cxt 0] Bytes parsed: 34
[21:04:44.654] [bmv2] [D] [thread 10349] [16.0] [cxt 0] Parser 'parser': end
[21:04:44.654] [bmv2] [D] [thread 10349] [16.0] [cxt 0] Pipeline 'ingress': start
[21:04:44.654] [bmv2] [T] [thread 10349] [16.0] [cxt 0] streaming.p4(181) Condition "hdr.ipv4.isValid()" (node_2) is true
[21:04:44.654] [bmv2] [T] [thread 10349] [16.0] [cxt 0] Applying table 'MyIngress.ipv4_lpm'
[21:04:44.654] [bmv2] [D] [thread 10349] [16.0] [cxt 0] Looking up key:
* hdr.ipv4.dstAddr    : 0a000707

[21:04:44.654] [bmv2] [D] [thread 10349] [16.0] [cxt 0] Table 'MyIngress.ipv4_lpm': hit with handle 1
[21:04:44.654] [bmv2] [D] [thread 10349] [16.0] [cxt 0] Dumping entry 1
Match key:
* hdr.ipv4.dstAddr    : LPM       0a000707/32
Action entry: MyIngress.ipv4_forward - 80000000777,1,

[21:04:44.654] [bmv2] [D] [thread 10349] [16.0] [cxt 0] Action entry is MyIngress.ipv4_forward - 80000000777,1,
[21:04:44.654] [bmv2] [T] [thread 10349] [16.0] [cxt 0] Action MyIngress.ipv4_forward
[21:04:44.654] [bmv2] [T] [thread 10349] [16.0] [cxt 0] streaming.p4(148) Primitive standard_metadata.egress_spec = port
[21:04:44.654] [bmv2] [T] [thread 10349] [16.0] [cxt 0] streaming.p4(149) Primitive hdr.ethernet.srcAddr = hdr.ethernet.dstAddr
[21:04:44.654] [bmv2] [T] [thread 10349] [16.0] [cxt 0] streaming.p4(150) Primitive hdr.ethernet.dstAddr = dstAddr
[21:04:44.654] [bmv2] [T] [thread 10349] [16.0] [cxt 0] streaming.p4(153) Primitive hdr.ipv4.ttl = hdr.ipv4.ttl - 1
[21:04:44.654] [bmv2] [D] [thread 10349] [16.0] [cxt 0] Pipeline 'ingress': end
[21:04:44.654] [bmv2] [D] [thread 10349] [16.0] [cxt 0] Egress port is 1
[21:04:44.655] [bmv2] [D] [thread 10351] [16.0] [cxt 0] Pipeline 'egress': start
[21:04:44.655] [bmv2] [T] [thread 10351] [16.0] [cxt 0] streaming.p4(241) Condition "hdr.udp.isValid()" (node_6) is false
[21:04:44.655] [bmv2] [D] [thread 10351] [16.0] [cxt 0] Pipeline 'egress': end
[21:04:44.655] [bmv2] [D] [thread 10351] [16.0] [cxt 0] Deparser 'deparser': start
[21:04:44.655] [bmv2] [D] [thread 10351] [16.0] [cxt 0] Updating checksum 'cksum'
[21:04:44.655] [bmv2] [T] [thread 10351] [16.0] [cxt 0] Skipping checksum 'cksum_0' update because condition not met
[21:04:44.655] [bmv2] [D] [thread 10351] [16.0] [cxt 0] Deparsing header 'ethernet'
[21:04:44.655] [bmv2] [D] [thread 10351] [16.0] [cxt 0] Deparsing header 'ipv4'
[21:04:44.655] [bmv2] [D] [thread 10351] [16.0] [cxt 0] Deparser 'deparser': end
[21:04:44.655] [bmv2] [D] [thread 10354] [16.0] [cxt 0] Transmitting packet of size 98 out of port 1
[21:04:44.658] [bmv2] [D] [thread 10349] [17.0] [cxt 0] Processing packet received on port 1
[21:04:44.658] [bmv2] [D] [thread 10349] [17.0] [cxt 0] Parser 'parser': start
[21:04:44.658] [bmv2] [D] [thread 10349] [17.0] [cxt 0] Parser 'parser' entering state 'start'
[21:04:44.658] [bmv2] [D] [thread 10349] [17.0] [cxt 0] Extracting header 'ethernet'
[21:04:44.658] [bmv2] [D] [thread 10349] [17.0] [cxt 0] Parser state 'start': key is 0800
[21:04:44.658] [bmv2] [T] [thread 10349] [17.0] [cxt 0] Bytes parsed: 14
[21:04:44.658] [bmv2] [D] [thread 10349] [17.0] [cxt 0] Parser 'parser' entering state 'parse_ipv4'
[21:04:44.658] [bmv2] [D] [thread 10349] [17.0] [cxt 0] Extracting header 'ipv4'
[21:04:44.658] [bmv2] [D] [thread 10349] [17.0] [cxt 0] Parser set: setting field 'scalars.tmp' from expression, new value is 1
[21:04:44.658] [bmv2] [D] [thread 10349] [17.0] [cxt 0] Parser state 'parse_ipv4': key is 0001
[21:04:44.658] [bmv2] [T] [thread 10349] [17.0] [cxt 0] Bytes parsed: 34
[21:04:44.658] [bmv2] [D] [thread 10349] [17.0] [cxt 0] Parser 'parser': end
[21:04:44.658] [bmv2] [D] [thread 10349] [17.0] [cxt 0] Pipeline 'ingress': start
[21:04:44.658] [bmv2] [T] [thread 10349] [17.0] [cxt 0] streaming.p4(181) Condition "hdr.ipv4.isValid()" (node_2) is true
[21:04:44.658] [bmv2] [T] [thread 10349] [17.0] [cxt 0] Applying table 'MyIngress.ipv4_lpm'
[21:04:44.658] [bmv2] [D] [thread 10349] [17.0] [cxt 0] Looking up key:
* hdr.ipv4.dstAddr    : 0a000303

[21:04:44.658] [bmv2] [D] [thread 10349] [17.0] [cxt 0] Table 'MyIngress.ipv4_lpm': hit with handle 2
[21:04:44.658] [bmv2] [D] [thread 10349] [17.0] [cxt 0] Dumping entry 2
Match key:
* hdr.ipv4.dstAddr    : LPM       0a000303/32
Action entry: MyIngress.ipv4_forward - 80000000500,2,

[21:04:44.658] [bmv2] [D] [thread 10349] [17.0] [cxt 0] Action entry is MyIngress.ipv4_forward - 80000000500,2,
[21:04:44.658] [bmv2] [T] [thread 10349] [17.0] [cxt 0] Action MyIngress.ipv4_forward
[21:04:44.658] [bmv2] [T] [thread 10349] [17.0] [cxt 0] streaming.p4(148) Primitive standard_metadata.egress_spec = port
[21:04:44.659] [bmv2] [T] [thread 10349] [17.0] [cxt 0] streaming.p4(149) Primitive hdr.ethernet.srcAddr = hdr.ethernet.dstAddr
[21:04:44.659] [bmv2] [T] [thread 10349] [17.0] [cxt 0] streaming.p4(150) Primitive hdr.ethernet.dstAddr = dstAddr
[21:04:44.659] [bmv2] [T] [thread 10349] [17.0] [cxt 0] streaming.p4(153) Primitive hdr.ipv4.ttl = hdr.ipv4.ttl - 1
[21:04:44.659] [bmv2] [D] [thread 10349] [17.0] [cxt 0] Pipeline 'ingress': end
[21:04:44.659] [bmv2] [D] [thread 10349] [17.0] [cxt 0] Egress port is 2
[21:04:44.659] [bmv2] [D] [thread 10352] [17.0] [cxt 0] Pipeline 'egress': start
[21:04:44.659] [bmv2] [T] [thread 10352] [17.0] [cxt 0] streaming.p4(241) Condition "hdr.udp.isValid()" (node_6) is false
[21:04:44.659] [bmv2] [D] [thread 10352] [17.0] [cxt 0] Pipeline 'egress': end
[21:04:44.659] [bmv2] [D] [thread 10352] [17.0] [cxt 0] Deparser 'deparser': start
[21:04:44.659] [bmv2] [D] [thread 10352] [17.0] [cxt 0] Updating checksum 'cksum'
[21:04:44.659] [bmv2] [T] [thread 10352] [17.0] [cxt 0] Skipping checksum 'cksum_0' update because condition not met
[21:04:44.659] [bmv2] [D] [thread 10352] [17.0] [cxt 0] Deparsing header 'ethernet'
[21:04:44.659] [bmv2] [D] [thread 10352] [17.0] [cxt 0] Deparsing header 'ipv4'
[21:04:44.659] [bmv2] [D] [thread 10352] [17.0] [cxt 0] Deparser 'deparser': end
[21:04:44.659] [bmv2] [D] [thread 10354] [17.0] [cxt 0] Transmitting packet of size 98 out of port 2
[21:04:44.675] [bmv2] [D] [thread 10349] [18.0] [cxt 0] Processing packet received on port 1
[21:04:44.675] [bmv2] [D] [thread 10349] [18.0] [cxt 0] Parser 'parser': start
[21:04:44.675] [bmv2] [D] [thread 10349] [18.0] [cxt 0] Parser 'parser' entering state 'start'
[21:04:44.675] [bmv2] [D] [thread 10349] [18.0] [cxt 0] Extracting header 'ethernet'
[21:04:44.675] [bmv2] [D] [thread 10349] [18.0] [cxt 0] Parser state 'start': key is 0800
[21:04:44.675] [bmv2] [T] [thread 10349] [18.0] [cxt 0] Bytes parsed: 14
[21:04:44.675] [bmv2] [D] [thread 10349] [18.0] [cxt 0] Parser 'parser' entering state 'parse_ipv4'
[21:04:44.675] [bmv2] [D] [thread 10349] [18.0] [cxt 0] Extracting header 'ipv4'
[21:04:44.675] [bmv2] [D] [thread 10349] [18.0] [cxt 0] Parser set: setting field 'scalars.tmp' from expression, new value is 1
[21:04:44.675] [bmv2] [D] [thread 10349] [18.0] [cxt 0] Parser state 'parse_ipv4': key is 0001
[21:04:44.675] [bmv2] [T] [thread 10349] [18.0] [cxt 0] Bytes parsed: 34
[21:04:44.675] [bmv2] [D] [thread 10349] [18.0] [cxt 0] Parser 'parser': end
[21:04:44.675] [bmv2] [D] [thread 10349] [18.0] [cxt 0] Pipeline 'ingress': start
[21:04:44.675] [bmv2] [T] [thread 10349] [18.0] [cxt 0] streaming.p4(181) Condition "hdr.ipv4.isValid()" (node_2) is true
[21:04:44.675] [bmv2] [T] [thread 10349] [18.0] [cxt 0] Applying table 'MyIngress.ipv4_lpm'
[21:04:44.675] [bmv2] [D] [thread 10349] [18.0] [cxt 0] Looking up key:
* hdr.ipv4.dstAddr    : 0a000101

[21:04:44.676] [bmv2] [D] [thread 10349] [18.0] [cxt 0] Table 'MyIngress.ipv4_lpm': hit with handle 0
[21:04:44.676] [bmv2] [D] [thread 10349] [18.0] [cxt 0] Dumping entry 0
Match key:
* hdr.ipv4.dstAddr    : LPM       0a000101/32
Action entry: MyIngress.ipv4_forward - 80000000500,2,

[21:04:44.676] [bmv2] [D] [thread 10349] [18.0] [cxt 0] Action entry is MyIngress.ipv4_forward - 80000000500,2,
[21:04:44.676] [bmv2] [T] [thread 10349] [18.0] [cxt 0] Action MyIngress.ipv4_forward
[21:04:44.676] [bmv2] [T] [thread 10349] [18.0] [cxt 0] streaming.p4(148) Primitive standard_metadata.egress_spec = port
[21:04:44.676] [bmv2] [T] [thread 10349] [18.0] [cxt 0] streaming.p4(149) Primitive hdr.ethernet.srcAddr = hdr.ethernet.dstAddr
[21:04:44.676] [bmv2] [T] [thread 10349] [18.0] [cxt 0] streaming.p4(150) Primitive hdr.ethernet.dstAddr = dstAddr
[21:04:44.676] [bmv2] [T] [thread 10349] [18.0] [cxt 0] streaming.p4(153) Primitive hdr.ipv4.ttl = hdr.ipv4.ttl - 1
[21:04:44.676] [bmv2] [D] [thread 10349] [18.0] [cxt 0] Pipeline 'ingress': end
[21:04:44.676] [bmv2] [D] [thread 10349] [18.0] [cxt 0] Egress port is 2
[21:04:44.676] [bmv2] [D] [thread 10352] [18.0] [cxt 0] Pipeline 'egress': start
[21:04:44.676] [bmv2] [T] [thread 10352] [18.0] [cxt 0] streaming.p4(241) Condition "hdr.udp.isValid()" (node_6) is false
[21:04:44.676] [bmv2] [D] [thread 10352] [18.0] [cxt 0] Pipeline 'egress': end
[21:04:44.676] [bmv2] [D] [thread 10352] [18.0] [cxt 0] Deparser 'deparser': start
[21:04:44.676] [bmv2] [D] [thread 10352] [18.0] [cxt 0] Updating checksum 'cksum'
[21:04:44.676] [bmv2] [T] [thread 10352] [18.0] [cxt 0] Skipping checksum 'cksum_0' update because condition not met
[21:04:44.676] [bmv2] [D] [thread 10352] [18.0] [cxt 0] Deparsing header 'ethernet'
[21:04:44.676] [bmv2] [D] [thread 10352] [18.0] [cxt 0] Deparsing header 'ipv4'
[21:04:44.676] [bmv2] [D] [thread 10352] [18.0] [cxt 0] Deparser 'deparser': end
[21:04:44.676] [bmv2] [D] [thread 10354] [18.0] [cxt 0] Transmitting packet of size 98 out of port 2
[21:04:44.707] [bmv2] [D] [thread 10349] [19.0] [cxt 0] Processing packet received on port 2
[21:04:44.707] [bmv2] [D] [thread 10349] [19.0] [cxt 0] Parser 'parser': start
[21:04:44.707] [bmv2] [D] [thread 10349] [19.0] [cxt 0] Parser 'parser' entering state 'start'
[21:04:44.707] [bmv2] [D] [thread 10349] [19.0] [cxt 0] Extracting header 'ethernet'
[21:04:44.707] [bmv2] [D] [thread 10349] [19.0] [cxt 0] Parser state 'start': key is 0800
[21:04:44.707] [bmv2] [T] [thread 10349] [19.0] [cxt 0] Bytes parsed: 14
[21:04:44.707] [bmv2] [D] [thread 10349] [19.0] [cxt 0] Parser 'parser' entering state 'parse_ipv4'
[21:04:44.707] [bmv2] [D] [thread 10349] [19.0] [cxt 0] Extracting header 'ipv4'
[21:04:44.708] [bmv2] [D] [thread 10349] [19.0] [cxt 0] Parser set: setting field 'scalars.tmp' from expression, new value is 1
[21:04:44.708] [bmv2] [D] [thread 10349] [19.0] [cxt 0] Parser state 'parse_ipv4': key is 0001
[21:04:44.708] [bmv2] [T] [thread 10349] [19.0] [cxt 0] Bytes parsed: 34
[21:04:44.708] [bmv2] [D] [thread 10349] [19.0] [cxt 0] Parser 'parser': end
[21:04:44.708] [bmv2] [D] [thread 10349] [19.0] [cxt 0] Pipeline 'ingress': start
[21:04:44.708] [bmv2] [T] [thread 10349] [19.0] [cxt 0] streaming.p4(181) Condition "hdr.ipv4.isValid()" (node_2) is true
[21:04:44.708] [bmv2] [T] [thread 10349] [19.0] [cxt 0] Applying table 'MyIngress.ipv4_lpm'
[21:04:44.708] [bmv2] [D] [thread 10349] [19.0] [cxt 0] Looking up key:
* hdr.ipv4.dstAddr    : 0a000707

[21:04:44.708] [bmv2] [D] [thread 10349] [19.0] [cxt 0] Table 'MyIngress.ipv4_lpm': hit with handle 1
[21:04:44.708] [bmv2] [D] [thread 10349] [19.0] [cxt 0] Dumping entry 1
Match key:
* hdr.ipv4.dstAddr    : LPM       0a000707/32
Action entry: MyIngress.ipv4_forward - 80000000777,1,

[21:04:44.708] [bmv2] [D] [thread 10349] [19.0] [cxt 0] Action entry is MyIngress.ipv4_forward - 80000000777,1,
[21:04:44.708] [bmv2] [T] [thread 10349] [19.0] [cxt 0] Action MyIngress.ipv4_forward
[21:04:44.708] [bmv2] [T] [thread 10349] [19.0] [cxt 0] streaming.p4(148) Primitive standard_metadata.egress_spec = port
[21:04:44.708] [bmv2] [T] [thread 10349] [19.0] [cxt 0] streaming.p4(149) Primitive hdr.ethernet.srcAddr = hdr.ethernet.dstAddr
[21:04:44.708] [bmv2] [T] [thread 10349] [19.0] [cxt 0] streaming.p4(150) Primitive hdr.ethernet.dstAddr = dstAddr
[21:04:44.708] [bmv2] [T] [thread 10349] [19.0] [cxt 0] streaming.p4(153) Primitive hdr.ipv4.ttl = hdr.ipv4.ttl - 1
[21:04:44.708] [bmv2] [D] [thread 10349] [19.0] [cxt 0] Pipeline 'ingress': end
[21:04:44.708] [bmv2] [D] [thread 10349] [19.0] [cxt 0] Egress port is 1
[21:04:44.708] [bmv2] [D] [thread 10351] [19.0] [cxt 0] Pipeline 'egress': start
[21:04:44.708] [bmv2] [T] [thread 10351] [19.0] [cxt 0] streaming.p4(241) Condition "hdr.udp.isValid()" (node_6) is false
[21:04:44.708] [bmv2] [D] [thread 10351] [19.0] [cxt 0] Pipeline 'egress': end
[21:04:44.709] [bmv2] [D] [thread 10351] [19.0] [cxt 0] Deparser 'deparser': start
[21:04:44.709] [bmv2] [D] [thread 10351] [19.0] [cxt 0] Updating checksum 'cksum'
[21:04:44.709] [bmv2] [T] [thread 10351] [19.0] [cxt 0] Skipping checksum 'cksum_0' update because condition not met
[21:04:44.709] [bmv2] [D] [thread 10351] [19.0] [cxt 0] Deparsing header 'ethernet'
[21:04:44.709] [bmv2] [D] [thread 10351] [19.0] [cxt 0] Deparsing header 'ipv4'
[21:04:44.709] [bmv2] [D] [thread 10351] [19.0] [cxt 0] Deparser 'deparser': end
[21:04:44.709] [bmv2] [D] [thread 10354] [19.0] [cxt 0] Transmitting packet of size 98 out of port 1
[21:04:44.714] [bmv2] [D] [thread 10349] [20.0] [cxt 0] Processing packet received on port 1
[21:04:44.714] [bmv2] [D] [thread 10349] [20.0] [cxt 0] Parser 'parser': start
[21:04:44.714] [bmv2] [D] [thread 10349] [20.0] [cxt 0] Parser 'parser' entering state 'start'
[21:04:44.714] [bmv2] [D] [thread 10349] [20.0] [cxt 0] Extracting header 'ethernet'
[21:04:44.714] [bmv2] [D] [thread 10349] [20.0] [cxt 0] Parser state 'start': key is 0800
[21:04:44.714] [bmv2] [T] [thread 10349] [20.0] [cxt 0] Bytes parsed: 14
[21:04:44.714] [bmv2] [D] [thread 10349] [20.0] [cxt 0] Parser 'parser' entering state 'parse_ipv4'
[21:04:44.714] [bmv2] [D] [thread 10349] [20.0] [cxt 0] Extracting header 'ipv4'
[21:04:44.714] [bmv2] [D] [thread 10349] [20.0] [cxt 0] Parser set: setting field 'scalars.tmp' from expression, new value is 1
[21:04:44.715] [bmv2] [D] [thread 10349] [20.0] [cxt 0] Parser state 'parse_ipv4': key is 0001
[21:04:44.715] [bmv2] [T] [thread 10349] [20.0] [cxt 0] Bytes parsed: 34
[21:04:44.715] [bmv2] [D] [thread 10349] [20.0] [cxt 0] Parser 'parser': end
[21:04:44.715] [bmv2] [D] [thread 10349] [20.0] [cxt 0] Pipeline 'ingress': start
[21:04:44.715] [bmv2] [T] [thread 10349] [20.0] [cxt 0] streaming.p4(181) Condition "hdr.ipv4.isValid()" (node_2) is true
[21:04:44.715] [bmv2] [T] [thread 10349] [20.0] [cxt 0] Applying table 'MyIngress.ipv4_lpm'
[21:04:44.715] [bmv2] [D] [thread 10349] [20.0] [cxt 0] Looking up key:
* hdr.ipv4.dstAddr    : 0a000303

[21:04:44.715] [bmv2] [D] [thread 10349] [20.0] [cxt 0] Table 'MyIngress.ipv4_lpm': hit with handle 2
[21:04:44.715] [bmv2] [D] [thread 10349] [20.0] [cxt 0] Dumping entry 2
Match key:
* hdr.ipv4.dstAddr    : LPM       0a000303/32
Action entry: MyIngress.ipv4_forward - 80000000500,2,

[21:04:44.715] [bmv2] [D] [thread 10349] [20.0] [cxt 0] Action entry is MyIngress.ipv4_forward - 80000000500,2,
[21:04:44.715] [bmv2] [T] [thread 10349] [20.0] [cxt 0] Action MyIngress.ipv4_forward
[21:04:44.715] [bmv2] [T] [thread 10349] [20.0] [cxt 0] streaming.p4(148) Primitive standard_metadata.egress_spec = port
[21:04:44.715] [bmv2] [T] [thread 10349] [20.0] [cxt 0] streaming.p4(149) Primitive hdr.ethernet.srcAddr = hdr.ethernet.dstAddr
[21:04:44.715] [bmv2] [T] [thread 10349] [20.0] [cxt 0] streaming.p4(150) Primitive hdr.ethernet.dstAddr = dstAddr
[21:04:44.715] [bmv2] [T] [thread 10349] [20.0] [cxt 0] streaming.p4(153) Primitive hdr.ipv4.ttl = hdr.ipv4.ttl - 1
[21:04:44.715] [bmv2] [D] [thread 10349] [20.0] [cxt 0] Pipeline 'ingress': end
[21:04:44.715] [bmv2] [D] [thread 10349] [20.0] [cxt 0] Egress port is 2
[21:04:44.715] [bmv2] [D] [thread 10352] [20.0] [cxt 0] Pipeline 'egress': start
[21:04:44.715] [bmv2] [T] [thread 10352] [20.0] [cxt 0] streaming.p4(241) Condition "hdr.udp.isValid()" (node_6) is false
[21:04:44.716] [bmv2] [D] [thread 10352] [20.0] [cxt 0] Pipeline 'egress': end
[21:04:44.716] [bmv2] [D] [thread 10352] [20.0] [cxt 0] Deparser 'deparser': start
[21:04:44.716] [bmv2] [D] [thread 10352] [20.0] [cxt 0] Updating checksum 'cksum'
[21:04:44.716] [bmv2] [T] [thread 10352] [20.0] [cxt 0] Skipping checksum 'cksum_0' update because condition not met
[21:04:44.716] [bmv2] [D] [thread 10352] [20.0] [cxt 0] Deparsing header 'ethernet'
[21:04:44.716] [bmv2] [D] [thread 10352] [20.0] [cxt 0] Deparsing header 'ipv4'
[21:04:44.716] [bmv2] [D] [thread 10352] [20.0] [cxt 0] Deparser 'deparser': end
[21:04:44.716] [bmv2] [D] [thread 10354] [20.0] [cxt 0] Transmitting packet of size 98 out of port 2
[21:04:44.741] [bmv2] [D] [thread 10349] [21.0] [cxt 0] Processing packet received on port 2
[21:04:44.741] [bmv2] [D] [thread 10349] [21.0] [cxt 0] Parser 'parser': start
[21:04:44.741] [bmv2] [D] [thread 10349] [21.0] [cxt 0] Parser 'parser' entering state 'start'
[21:04:44.741] [bmv2] [D] [thread 10349] [21.0] [cxt 0] Extracting header 'ethernet'
[21:04:44.741] [bmv2] [D] [thread 10349] [21.0] [cxt 0] Parser state 'start': key is 0800
[21:04:44.741] [bmv2] [T] [thread 10349] [21.0] [cxt 0] Bytes parsed: 14
[21:04:44.741] [bmv2] [D] [thread 10349] [21.0] [cxt 0] Parser 'parser' entering state 'parse_ipv4'
[21:04:44.741] [bmv2] [D] [thread 10349] [21.0] [cxt 0] Extracting header 'ipv4'
[21:04:44.741] [bmv2] [D] [thread 10349] [21.0] [cxt 0] Parser set: setting field 'scalars.tmp' from expression, new value is 1
[21:04:44.741] [bmv2] [D] [thread 10349] [21.0] [cxt 0] Parser state 'parse_ipv4': key is 0001
[21:04:44.742] [bmv2] [T] [thread 10349] [21.0] [cxt 0] Bytes parsed: 34
[21:04:44.742] [bmv2] [D] [thread 10349] [21.0] [cxt 0] Parser 'parser': end
[21:04:44.742] [bmv2] [D] [thread 10349] [21.0] [cxt 0] Pipeline 'ingress': start
[21:04:44.742] [bmv2] [T] [thread 10349] [21.0] [cxt 0] streaming.p4(181) Condition "hdr.ipv4.isValid()" (node_2) is true
[21:04:44.742] [bmv2] [T] [thread 10349] [21.0] [cxt 0] Applying table 'MyIngress.ipv4_lpm'
[21:04:44.742] [bmv2] [D] [thread 10349] [21.0] [cxt 0] Looking up key:
* hdr.ipv4.dstAddr    : 0a000707

[21:04:44.742] [bmv2] [D] [thread 10349] [21.0] [cxt 0] Table 'MyIngress.ipv4_lpm': hit with handle 1
[21:04:44.742] [bmv2] [D] [thread 10349] [21.0] [cxt 0] Dumping entry 1
Match key:
* hdr.ipv4.dstAddr    : LPM       0a000707/32
Action entry: MyIngress.ipv4_forward - 80000000777,1,

[21:04:44.742] [bmv2] [D] [thread 10349] [21.0] [cxt 0] Action entry is MyIngress.ipv4_forward - 80000000777,1,
[21:04:44.742] [bmv2] [T] [thread 10349] [21.0] [cxt 0] Action MyIngress.ipv4_forward
[21:04:44.742] [bmv2] [T] [thread 10349] [21.0] [cxt 0] streaming.p4(148) Primitive standard_metadata.egress_spec = port
[21:04:44.742] [bmv2] [T] [thread 10349] [21.0] [cxt 0] streaming.p4(149) Primitive hdr.ethernet.srcAddr = hdr.ethernet.dstAddr
[21:04:44.742] [bmv2] [T] [thread 10349] [21.0] [cxt 0] streaming.p4(150) Primitive hdr.ethernet.dstAddr = dstAddr
[21:04:44.742] [bmv2] [T] [thread 10349] [21.0] [cxt 0] streaming.p4(153) Primitive hdr.ipv4.ttl = hdr.ipv4.ttl - 1
[21:04:44.742] [bmv2] [D] [thread 10349] [21.0] [cxt 0] Pipeline 'ingress': end
[21:04:44.742] [bmv2] [D] [thread 10349] [21.0] [cxt 0] Egress port is 1
[21:04:44.742] [bmv2] [D] [thread 10351] [21.0] [cxt 0] Pipeline 'egress': start
[21:04:44.742] [bmv2] [T] [thread 10351] [21.0] [cxt 0] streaming.p4(241) Condition "hdr.udp.isValid()" (node_6) is false
[21:04:44.742] [bmv2] [D] [thread 10351] [21.0] [cxt 0] Pipeline 'egress': end
[21:04:44.742] [bmv2] [D] [thread 10351] [21.0] [cxt 0] Deparser 'deparser': start
[21:04:44.743] [bmv2] [D] [thread 10351] [21.0] [cxt 0] Updating checksum 'cksum'
[21:04:44.743] [bmv2] [T] [thread 10351] [21.0] [cxt 0] Skipping checksum 'cksum_0' update because condition not met
[21:04:44.743] [bmv2] [D] [thread 10351] [21.0] [cxt 0] Deparsing header 'ethernet'
[21:04:44.743] [bmv2] [D] [thread 10351] [21.0] [cxt 0] Deparsing header 'ipv4'
[21:04:44.743] [bmv2] [D] [thread 10351] [21.0] [cxt 0] Deparser 'deparser': end
[21:04:44.743] [bmv2] [D] [thread 10354] [21.0] [cxt 0] Transmitting packet of size 98 out of port 1
[21:04:47.237] [bmv2] [D] [thread 10349] [22.0] [cxt 0] Processing packet received on port 2
[21:04:47.237] [bmv2] [D] [thread 10349] [22.0] [cxt 0] Parser 'parser': start
[21:04:47.237] [bmv2] [D] [thread 10349] [22.0] [cxt 0] Parser 'parser' entering state 'start'
[21:04:47.237] [bmv2] [D] [thread 10349] [22.0] [cxt 0] Extracting header 'ethernet'
[21:04:47.237] [bmv2] [D] [thread 10349] [22.0] [cxt 0] Parser state 'start': key is 86dd
[21:04:47.237] [bmv2] [T] [thread 10349] [22.0] [cxt 0] Bytes parsed: 14
[21:04:47.237] [bmv2] [D] [thread 10349] [22.0] [cxt 0] Parser 'parser': end
[21:04:47.237] [bmv2] [D] [thread 10349] [22.0] [cxt 0] Pipeline 'ingress': start
[21:04:47.237] [bmv2] [T] [thread 10349] [22.0] [cxt 0] streaming.p4(181) Condition "hdr.ipv4.isValid()" (node_2) is false
[21:04:47.237] [bmv2] [D] [thread 10349] [22.0] [cxt 0] Pipeline 'ingress': end
[21:04:47.237] [bmv2] [D] [thread 10349] [22.0] [cxt 0] Egress port is 0
[21:04:47.237] [bmv2] [D] [thread 10349] [23.0] [cxt 0] Processing packet received on port 1
[21:04:47.237] [bmv2] [D] [thread 10349] [23.0] [cxt 0] Parser 'parser': start
[21:04:47.237] [bmv2] [D] [thread 10349] [23.0] [cxt 0] Parser 'parser' entering state 'start'
[21:04:47.237] [bmv2] [D] [thread 10349] [23.0] [cxt 0] Extracting header 'ethernet'
[21:04:47.237] [bmv2] [D] [thread 10349] [23.0] [cxt 0] Parser state 'start': key is 86dd
[21:04:47.237] [bmv2] [T] [thread 10349] [23.0] [cxt 0] Bytes parsed: 14
[21:04:47.237] [bmv2] [D] [thread 10349] [23.0] [cxt 0] Parser 'parser': end
[21:04:47.237] [bmv2] [D] [thread 10349] [23.0] [cxt 0] Pipeline 'ingress': start
[21:04:47.237] [bmv2] [T] [thread 10349] [23.0] [cxt 0] streaming.p4(181) Condition "hdr.ipv4.isValid()" (node_2) is false
[21:04:47.238] [bmv2] [D] [thread 10349] [23.0] [cxt 0] Pipeline 'ingress': end
[21:04:47.238] [bmv2] [D] [thread 10349] [23.0] [cxt 0] Egress port is 0
[21:04:47.237] [bmv2] [D] [thread 10350] [22.0] [cxt 0] Pipeline 'egress': start
[21:04:47.238] [bmv2] [T] [thread 10350] [22.0] [cxt 0] streaming.p4(241) Condition "hdr.udp.isValid()" (node_6) is false
[21:04:47.238] [bmv2] [D] [thread 10350] [22.0] [cxt 0] Pipeline 'egress': end
[21:04:47.238] [bmv2] [D] [thread 10350] [22.0] [cxt 0] Deparser 'deparser': start
[21:04:47.238] [bmv2] [T] [thread 10350] [22.0] [cxt 0] Skipping checksum 'cksum' update because condition not met
[21:04:47.238] [bmv2] [T] [thread 10350] [22.0] [cxt 0] Skipping checksum 'cksum_0' update because condition not met
[21:04:47.238] [bmv2] [D] [thread 10350] [22.0] [cxt 0] Deparsing header 'ethernet'
[21:04:47.238] [bmv2] [D] [thread 10350] [22.0] [cxt 0] Deparser 'deparser': end
[21:04:47.238] [bmv2] [D] [thread 10350] [23.0] [cxt 0] Pipeline 'egress': start
[21:04:47.238] [bmv2] [T] [thread 10350] [23.0] [cxt 0] streaming.p4(241) Condition "hdr.udp.isValid()" (node_6) is false
[21:04:47.238] [bmv2] [D] [thread 10350] [23.0] [cxt 0] Pipeline 'egress': end
[21:04:47.238] [bmv2] [D] [thread 10350] [23.0] [cxt 0] Deparser 'deparser': start
[21:04:47.238] [bmv2] [T] [thread 10350] [23.0] [cxt 0] Skipping checksum 'cksum' update because condition not met
[21:04:47.238] [bmv2] [D] [thread 10354] [22.0] [cxt 0] Transmitting packet of size 70 out of port 0
[21:04:47.238] [bmv2] [T] [thread 10350] [23.0] [cxt 0] Skipping checksum 'cksum_0' update because condition not met
[21:04:47.238] [bmv2] [D] [thread 10350] [23.0] [cxt 0] Deparsing header 'ethernet'
[21:04:47.239] [bmv2] [D] [thread 10350] [23.0] [cxt 0] Deparser 'deparser': end
[21:04:47.239] [bmv2] [D] [thread 10354] [23.0] [cxt 0] Transmitting packet of size 70 out of port 0
[21:04:47.497] [bmv2] [D] [thread 10349] [24.0] [cxt 0] Processing packet received on port 3
[21:04:47.497] [bmv2] [D] [thread 10349] [24.0] [cxt 0] Parser 'parser': start
[21:04:47.497] [bmv2] [D] [thread 10349] [24.0] [cxt 0] Parser 'parser' entering state 'start'
[21:04:47.497] [bmv2] [D] [thread 10349] [24.0] [cxt 0] Extracting header 'ethernet'
[21:04:47.497] [bmv2] [D] [thread 10349] [24.0] [cxt 0] Parser state 'start': key is 86dd
[21:04:47.497] [bmv2] [T] [thread 10349] [24.0] [cxt 0] Bytes parsed: 14
[21:04:47.497] [bmv2] [D] [thread 10349] [24.0] [cxt 0] Parser 'parser': end
[21:04:47.497] [bmv2] [D] [thread 10349] [24.0] [cxt 0] Pipeline 'ingress': start
[21:04:47.497] [bmv2] [T] [thread 10349] [24.0] [cxt 0] streaming.p4(181) Condition "hdr.ipv4.isValid()" (node_2) is false
[21:04:47.497] [bmv2] [D] [thread 10349] [24.0] [cxt 0] Pipeline 'ingress': end
[21:04:47.497] [bmv2] [D] [thread 10349] [24.0] [cxt 0] Egress port is 0
[21:04:47.497] [bmv2] [D] [thread 10350] [24.0] [cxt 0] Pipeline 'egress': start
[21:04:47.497] [bmv2] [T] [thread 10350] [24.0] [cxt 0] streaming.p4(241) Condition "hdr.udp.isValid()" (node_6) is false
[21:04:47.497] [bmv2] [D] [thread 10350] [24.0] [cxt 0] Pipeline 'egress': end
[21:04:47.497] [bmv2] [D] [thread 10350] [24.0] [cxt 0] Deparser 'deparser': start
[21:04:47.497] [bmv2] [T] [thread 10350] [24.0] [cxt 0] Skipping checksum 'cksum' update because condition not met
[21:04:47.497] [bmv2] [T] [thread 10350] [24.0] [cxt 0] Skipping checksum 'cksum_0' update because condition not met
[21:04:47.497] [bmv2] [D] [thread 10350] [24.0] [cxt 0] Deparsing header 'ethernet'
[21:04:47.498] [bmv2] [D] [thread 10350] [24.0] [cxt 0] Deparser 'deparser': end
[21:04:47.498] [bmv2] [D] [thread 10354] [24.0] [cxt 0] Transmitting packet of size 70 out of port 0
[21:04:47.748] [bmv2] [D] [thread 10349] [25.0] [cxt 0] Processing packet received on port 3
[21:04:47.748] [bmv2] [D] [thread 10349] [25.0] [cxt 0] Parser 'parser': start
[21:04:47.749] [bmv2] [D] [thread 10349] [25.0] [cxt 0] Parser 'parser' entering state 'start'
[21:04:47.749] [bmv2] [D] [thread 10349] [25.0] [cxt 0] Extracting header 'ethernet'
[21:04:47.749] [bmv2] [D] [thread 10349] [25.0] [cxt 0] Parser state 'start': key is 86dd
[21:04:47.749] [bmv2] [T] [thread 10349] [25.0] [cxt 0] Bytes parsed: 14
[21:04:47.749] [bmv2] [D] [thread 10349] [25.0] [cxt 0] Parser 'parser': end
[21:04:47.749] [bmv2] [D] [thread 10349] [25.0] [cxt 0] Pipeline 'ingress': start
[21:04:47.749] [bmv2] [T] [thread 10349] [25.0] [cxt 0] streaming.p4(181) Condition "hdr.ipv4.isValid()" (node_2) is false
[21:04:47.749] [bmv2] [D] [thread 10349] [25.0] [cxt 0] Pipeline 'ingress': end
[21:04:47.749] [bmv2] [D] [thread 10349] [25.0] [cxt 0] Egress port is 0
[21:04:47.749] [bmv2] [D] [thread 10350] [25.0] [cxt 0] Pipeline 'egress': start
[21:04:47.749] [bmv2] [T] [thread 10350] [25.0] [cxt 0] streaming.p4(241) Condition "hdr.udp.isValid()" (node_6) is false
[21:04:47.749] [bmv2] [D] [thread 10350] [25.0] [cxt 0] Pipeline 'egress': end
[21:04:47.749] [bmv2] [D] [thread 10350] [25.0] [cxt 0] Deparser 'deparser': start
[21:04:47.749] [bmv2] [T] [thread 10350] [25.0] [cxt 0] Skipping checksum 'cksum' update because condition not met
[21:04:47.749] [bmv2] [T] [thread 10350] [25.0] [cxt 0] Skipping checksum 'cksum_0' update because condition not met
[21:04:47.749] [bmv2] [D] [thread 10350] [25.0] [cxt 0] Deparsing header 'ethernet'
[21:04:47.749] [bmv2] [D] [thread 10350] [25.0] [cxt 0] Deparser 'deparser': end
[21:04:47.749] [bmv2] [D] [thread 10354] [25.0] [cxt 0] Transmitting packet of size 70 out of port 0
[21:04:48.005] [bmv2] [D] [thread 10349] [26.0] [cxt 0] Processing packet received on port 2
[21:04:48.005] [bmv2] [D] [thread 10349] [26.0] [cxt 0] Parser 'parser': start
[21:04:48.005] [bmv2] [D] [thread 10349] [26.0] [cxt 0] Parser 'parser' entering state 'start'
[21:04:48.005] [bmv2] [D] [thread 10349] [26.0] [cxt 0] Extracting header 'ethernet'
[21:04:48.005] [bmv2] [D] [thread 10349] [26.0] [cxt 0] Parser state 'start': key is 86dd
[21:04:48.005] [bmv2] [T] [thread 10349] [26.0] [cxt 0] Bytes parsed: 14
[21:04:48.005] [bmv2] [D] [thread 10349] [26.0] [cxt 0] Parser 'parser': end
[21:04:48.005] [bmv2] [D] [thread 10349] [26.0] [cxt 0] Pipeline 'ingress': start
[21:04:48.005] [bmv2] [T] [thread 10349] [26.0] [cxt 0] streaming.p4(181) Condition "hdr.ipv4.isValid()" (node_2) is false
[21:04:48.006] [bmv2] [D] [thread 10349] [26.0] [cxt 0] Pipeline 'ingress': end
[21:04:48.006] [bmv2] [D] [thread 10349] [26.0] [cxt 0] Egress port is 0
[21:04:48.006] [bmv2] [D] [thread 10350] [26.0] [cxt 0] Pipeline 'egress': start
[21:04:48.006] [bmv2] [T] [thread 10350] [26.0] [cxt 0] streaming.p4(241) Condition "hdr.udp.isValid()" (node_6) is false
[21:04:48.006] [bmv2] [D] [thread 10350] [26.0] [cxt 0] Pipeline 'egress': end
[21:04:48.006] [bmv2] [D] [thread 10350] [26.0] [cxt 0] Deparser 'deparser': start
[21:04:48.006] [bmv2] [T] [thread 10350] [26.0] [cxt 0] Skipping checksum 'cksum' update because condition not met
[21:04:48.006] [bmv2] [T] [thread 10350] [26.0] [cxt 0] Skipping checksum 'cksum_0' update because condition not met
[21:04:48.006] [bmv2] [D] [thread 10350] [26.0] [cxt 0] Deparsing header 'ethernet'
[21:04:48.006] [bmv2] [D] [thread 10350] [26.0] [cxt 0] Deparser 'deparser': end
[21:04:48.006] [bmv2] [D] [thread 10354] [26.0] [cxt 0] Transmitting packet of size 70 out of port 0
open: No such file or directory
open: No such file or directory
open: No such file or directory
open: No such file or directory
open: No such file or directory
open: No such file or directory
open: No such file or directory
open: No such file or directory
open: No such file or directory
open: No such file or directory
open: No such file or directory
open: No such file or directory
open: No such file or directory
open: No such file or directory
