[    0.000000] Linux version 4.15.0-121-generic (buildd@lgw01-amd64-034) (gcc version 7.5.0 (Ubuntu 7.5.0-3ubuntu1~18.04)) #123-Ubuntu SMP Mon Oct 5 16:16:40 UTC 2020 (Ubuntu 4.15.0-121.123-generic 4.15.18)
[    0.000000] Command line: BOOT_IMAGE=/boot/vmlinuz-4.15.0-121-generic root=LABEL=cloudimg-rootfs ro console=tty1 console=ttyS0
[    0.000000] KERNEL supported cpus:
[    0.000000]   Intel GenuineIntel
[    0.000000]   AMD AuthenticAMD
[    0.000000]   Centaur CentaurHauls
[    0.000000] x86/fpu: Supporting XSAVE feature 0x001: 'x87 floating point registers'
[    0.000000] x86/fpu: Supporting XSAVE feature 0x002: 'SSE registers'
[    0.000000] x86/fpu: Supporting XSAVE feature 0x004: 'AVX registers'
[    0.000000] x86/fpu: xstate_offset[2]:  576, xstate_sizes[2]:  256
[    0.000000] x86/fpu: Enabled xstate features 0x7, context size is 832 bytes, using 'standard' format.
[    0.000000] e820: BIOS-provided physical RAM map:
[    0.000000] BIOS-e820: [mem 0x0000000000000000-0x000000000009fbff] usable
[    0.000000] BIOS-e820: [mem 0x000000000009fc00-0x000000000009ffff] reserved
[    0.000000] BIOS-e820: [mem 0x00000000000f0000-0x00000000000fffff] reserved
[    0.000000] BIOS-e820: [mem 0x0000000000100000-0x00000000dffeffff] usable
[    0.000000] BIOS-e820: [mem 0x00000000dfff0000-0x00000000dfffffff] ACPI data
[    0.000000] BIOS-e820: [mem 0x00000000fec00000-0x00000000fec00fff] reserved
[    0.000000] BIOS-e820: [mem 0x00000000fee00000-0x00000000fee00fff] reserved
[    0.000000] BIOS-e820: [mem 0x00000000fffc0000-0x00000000ffffffff] reserved
[    0.000000] BIOS-e820: [mem 0x0000000100000000-0x000000011fffffff] usable
[    0.000000] NX (Execute Disable) protection: active
[    0.000000] SMBIOS 2.5 present.
[    0.000000] DMI: innotek GmbH VirtualBox/VirtualBox, BIOS VirtualBox 12/01/2006
[    0.000000] Hypervisor detected: KVM
[    0.000000] e820: last_pfn = 0x120000 max_arch_pfn = 0x400000000
[    0.000000] MTRR: Disabled
[    0.000000] x86/PAT: MTRRs disabled, skipping PAT initialization too.
[    0.000000] CPU MTRRs all blank - virtualized system.
[    0.000000] x86/PAT: Configuration [0-7]: WB  WT  UC- UC  WB  WT  UC- UC  
[    0.000000] e820: last_pfn = 0xdfff0 max_arch_pfn = 0x400000000
[    0.000000] found SMP MP-table at [mem 0x0009fff0-0x0009ffff]
[    0.000000] Scanning 1 areas for low memory corruption
[    0.000000] RAMDISK: [mem 0x35a63000-0x36d28fff]
[    0.000000] ACPI: Early table checksum verification disabled
[    0.000000] ACPI: RSDP 0x00000000000E0000 000024 (v02 VBOX  )
[    0.000000] ACPI: XSDT 0x00000000DFFF0030 00003C (v01 VBOX   VBOXXSDT 00000001 ASL  00000061)
[    0.000000] ACPI: FACP 0x00000000DFFF00F0 0000F4 (v04 VBOX   VBOXFACP 00000001 ASL  00000061)
[    0.000000] ACPI: DSDT 0x00000000DFFF0470 002325 (v02 VBOX   VBOXBIOS 00000002 INTL 20100528)
[    0.000000] ACPI: FACS 0x00000000DFFF0200 000040
[    0.000000] ACPI: FACS 0x00000000DFFF0200 000040
[    0.000000] ACPI: APIC 0x00000000DFFF0240 00005C (v02 VBOX   VBOXAPIC 00000001 ASL  00000061)
[    0.000000] ACPI: SSDT 0x00000000DFFF02A0 0001CC (v01 VBOX   VBOXCPUT 00000002 INTL 20100528)
[    0.000000] No NUMA configuration found
[    0.000000] Faking a node at [mem 0x0000000000000000-0x000000011fffffff]
[    0.000000] NODE_DATA(0) allocated [mem 0x11ffd1000-0x11fffbfff]
[    0.000000] kvm-clock: cpu 0, msr 1:1ff50001, primary cpu clock
[    0.000000] kvm-clock: Using msrs 4b564d01 and 4b564d00
[    0.000000] kvm-clock: using sched offset of 3325829268 cycles
[    0.000000] clocksource: kvm-clock: mask: 0xffffffffffffffff max_cycles: 0x1cd42e4dffb, max_idle_ns: 881590591483 ns
[    0.000000] Zone ranges:
[    0.000000]   DMA      [mem 0x0000000000001000-0x0000000000ffffff]
[    0.000000]   DMA32    [mem 0x0000000001000000-0x00000000ffffffff]
[    0.000000]   Normal   [mem 0x0000000100000000-0x000000011fffffff]
[    0.000000]   Device   empty
[    0.000000] Movable zone start for each node
[    0.000000] Early memory node ranges
[    0.000000]   node   0: [mem 0x0000000000001000-0x000000000009efff]
[    0.000000]   node   0: [mem 0x0000000000100000-0x00000000dffeffff]
[    0.000000]   node   0: [mem 0x0000000100000000-0x000000011fffffff]
[    0.000000] Reserved but unavailable: 98 pages
[    0.000000] Initmem setup node 0 [mem 0x0000000000001000-0x000000011fffffff]
[    0.000000] ACPI: PM-Timer IO Port: 0x4008
[    0.000000] IOAPIC[0]: apic_id 2, version 32, address 0xfec00000, GSI 0-23
[    0.000000] ACPI: INT_SRC_OVR (bus 0 bus_irq 0 global_irq 2 dfl dfl)
[    0.000000] ACPI: INT_SRC_OVR (bus 0 bus_irq 9 global_irq 9 low level)
[    0.000000] Using ACPI (MADT) for SMP configuration information
[    0.000000] smpboot: Allowing 2 CPUs, 0 hotplug CPUs
[    0.000000] PM: Registered nosave memory: [mem 0x00000000-0x00000fff]
[    0.000000] PM: Registered nosave memory: [mem 0x0009f000-0x0009ffff]
[    0.000000] PM: Registered nosave memory: [mem 0x000a0000-0x000effff]
[    0.000000] PM: Registered nosave memory: [mem 0x000f0000-0x000fffff]
[    0.000000] PM: Registered nosave memory: [mem 0xdfff0000-0xdfffffff]
[    0.000000] PM: Registered nosave memory: [mem 0xe0000000-0xfebfffff]
[    0.000000] PM: Registered nosave memory: [mem 0xfec00000-0xfec00fff]
[    0.000000] PM: Registered nosave memory: [mem 0xfec01000-0xfedfffff]
[    0.000000] PM: Registered nosave memory: [mem 0xfee00000-0xfee00fff]
[    0.000000] PM: Registered nosave memory: [mem 0xfee01000-0xfffbffff]
[    0.000000] PM: Registered nosave memory: [mem 0xfffc0000-0xffffffff]
[    0.000000] e820: [mem 0xe0000000-0xfebfffff] available for PCI devices
[    0.000000] Booting paravirtualized kernel on KVM
[    0.000000] clocksource: refined-jiffies: mask: 0xffffffff max_cycles: 0xffffffff, max_idle_ns: 7645519600211568 ns
[    0.000000] random: get_random_bytes called from start_kernel+0x99/0x500 with crng_init=0
[    0.000000] setup_percpu: NR_CPUS:8192 nr_cpumask_bits:2 nr_cpu_ids:2 nr_node_ids:1
[    0.000000] percpu: Embedded 45 pages/cpu s147456 r8192 d28672 u1048576
[    0.000000] PV qspinlock hash table entries: 256 (order: 0, 4096 bytes)
[    0.000000] Built 1 zonelists, mobility grouping on.  Total pages: 1032057
[    0.000000] Policy zone: Normal
[    0.000000] Kernel command line: BOOT_IMAGE=/boot/vmlinuz-4.15.0-121-generic root=LABEL=cloudimg-rootfs ro console=tty1 console=ttyS0
[    0.000000] Memory: 4013632K/4193848K available (12300K kernel code, 2482K rwdata, 4272K rodata, 2436K init, 2724K bss, 180216K reserved, 0K cma-reserved)
[    0.000000] SLUB: HWalign=64, Order=0-3, MinObjects=0, CPUs=2, Nodes=1
[    0.000000] ftrace: allocating 39402 entries in 154 pages
[    0.004000] Hierarchical RCU implementation.
[    0.004000] 	RCU restricting CPUs from NR_CPUS=8192 to nr_cpu_ids=2.
[    0.004000] 	Tasks RCU enabled.
[    0.004000] RCU: Adjusting geometry for rcu_fanout_leaf=16, nr_cpu_ids=2
[    0.004000] NR_IRQS: 524544, nr_irqs: 440, preallocated irqs: 16
[    0.004000] Console: colour VGA+ 80x25
[    0.004000] console [tty1] enabled
[    0.004000] console [ttyS0] enabled
[    0.004000] ACPI: Core revision 20170831
[    0.004000] ACPI: 2 ACPI AML tables successfully acquired and loaded
[    0.004000] APIC: Switch to symmetric I/O mode setup
[    0.004000] x2apic enabled
[    0.004000] Switched APIC routing to physical x2apic.
[    0.004000] ..TIMER: vector=0x30 apic1=0 pin1=2 apic2=-1 pin2=-1
[    0.004000] tsc: Detected 2803.202 MHz processor
[    0.004000] Calibrating delay loop (skipped) preset value.. 5606.40 BogoMIPS (lpj=11212808)
[    0.004004] pid_max: default: 32768 minimum: 301
[    0.004532] Security Framework initialized
[    0.004988] Yama: becoming mindful.
[    0.005396] AppArmor: AppArmor initialized
[    0.008088] Dentry cache hash table entries: 524288 (order: 10, 4194304 bytes)
[    0.014477] Inode-cache hash table entries: 262144 (order: 9, 2097152 bytes)
[    0.015277] Mount-cache hash table entries: 8192 (order: 4, 65536 bytes)
[    0.016006] Mountpoint-cache hash table entries: 8192 (order: 4, 65536 bytes)
[    0.016957] Last level iTLB entries: 4KB 0, 2MB 0, 4MB 0
[    0.017564] Last level dTLB entries: 4KB 0, 2MB 0, 4MB 0, 1GB 0
[    0.018190] Spectre V1 : Mitigation: usercopy/swapgs barriers and __user pointer sanitization
[    0.019079] Spectre V2 : Mitigation: Full generic retpoline
[    0.020002] Spectre V2 : Spectre v2 / SpectreRSB mitigation: Filling RSB on context switch
[    0.020877] Speculative Store Bypass: Vulnerable
[    0.021546] Freeing SMP alternatives memory: 36K
[    0.132000] smpboot: CPU0: 11th Gen Intel(R) Core(TM) i7-1165G7 @ 2.80GHz (family: 0x6, model: 0x8c, stepping: 0x1)
[    0.132000] Performance Events: unsupported p6 CPU model 140 no PMU driver, software events only.
[    0.132000] Hierarchical SRCU implementation.
[    0.132000] NMI watchdog: Perf event create on CPU 0 failed with -2
[    0.132000] NMI watchdog: Perf NMI watchdog permanently disabled
[    0.132031] smp: Bringing up secondary CPUs ...
[    0.135601] x86: Booting SMP configuration:
[    0.136002] .... node  #0, CPUs:      #1
[    0.004000] kvm-clock: cpu 1, msr 1:1ff50041, secondary cpu clock
[    0.140017] smp: Brought up 1 node, 2 CPUs
[    0.140456] smpboot: Max logical packages: 1
[    0.140986] smpboot: Total of 2 processors activated (11212.80 BogoMIPS)
[    0.141987] devtmpfs: initialized
[    0.141987] x86/mm: Memory block size: 128MB
[    0.141987] evm: security.selinux
[    0.141987] evm: security.SMACK64
[    0.144004] evm: security.SMACK64EXEC
[    0.144430] evm: security.SMACK64TRANSMUTE
[    0.144877] evm: security.SMACK64MMAP
[    0.145288] evm: security.apparmor
[    0.145674] evm: security.ima
[    0.146021] evm: security.capability
[    0.146451] clocksource: jiffies: mask: 0xffffffff max_cycles: 0xffffffff, max_idle_ns: 7645041785100000 ns
[    0.148009] futex hash table entries: 512 (order: 3, 32768 bytes)
[    0.149162] pinctrl core: initialized pinctrl subsystem
[    0.150051] RTC time: 12:59:02, date: 12/04/20
[    0.150837] NET: Registered protocol family 16
[    0.151574] audit: initializing netlink subsys (disabled)
[    0.152021] audit: type=2000 audit(1607086747.626:1): state=initialized audit_enabled=0 res=1
[    0.152921] cpuidle: using governor ladder
[    0.152921] cpuidle: using governor menu
[    0.152967] ACPI: bus type PCI registered
[    0.153985] acpiphp: ACPI Hot Plug PCI Controller Driver version: 0.5
[    0.156075] PCI: Using configuration type 1 for base access
[    0.156706] HugeTLB registered 2.00 MiB page size, pre-allocated 0 pages
[    0.156733] ACPI: Added _OSI(Module Device)
[    0.156733] ACPI: Added _OSI(Processor Device)
[    0.160005] ACPI: Added _OSI(3.0 _SCP Extensions)
[    0.160506] ACPI: Added _OSI(Processor Aggregator Device)
[    0.161068] ACPI: Added _OSI(Linux-Dell-Video)
[    0.161554] ACPI: Added _OSI(Linux-Lenovo-NV-HDMI-Audio)
[    0.162111] ACPI: Added _OSI(Linux-HPI-Hybrid-Graphics)
[    0.162890] ACPI: Executed 1 blocks of module-level executable AML code
[    0.166160] ACPI: Interpreter enabled
[    0.166598] ACPI: (supports S0 S5)
[    0.167001] ACPI: Using IOAPIC for interrupt routing
[    0.167728] PCI: Using host bridge windows from ACPI; if necessary, use "pci=nocrs" and report a bug
[    0.168081] ACPI: Enabled 2 GPEs in block 00 to 07
[    0.173339] ACPI: PCI Root Bridge [PCI0] (domain 0000 [bus 00-ff])
[    0.174008] acpi PNP0A03:00: _OSC: OS supports [ASPM ClockPM Segments MSI]
[    0.175026] acpi PNP0A03:00: _OSC: not requesting OS control; OS requires [ExtendedConfig ASPM ClockPM MSI]
[    0.176000] acpi PNP0A03:00: fail to add MMCONFIG information, can't access extended PCI configuration space under this bridge.
[    0.176236] PCI host bridge to bus 0000:00
[    0.176871] pci_bus 0000:00: root bus resource [io  0x0000-0x0cf7 window]
[    0.177606] pci_bus 0000:00: root bus resource [io  0x0d00-0xffff window]
[    0.178711] pci_bus 0000:00: root bus resource [mem 0x000a0000-0x000bffff window]
[    0.180002] pci_bus 0000:00: root bus resource [mem 0xe0000000-0xfdffffff window]
[    0.180875] pci_bus 0000:00: root bus resource [bus 00-ff]
[    0.182711] pci 0000:00:01.1: legacy IDE quirk: reg 0x10: [io  0x01f0-0x01f7]
[    0.183472] pci 0000:00:01.1: legacy IDE quirk: reg 0x14: [io  0x03f6]
[    0.184003] pci 0000:00:01.1: legacy IDE quirk: reg 0x18: [io  0x0170-0x0177]
[    0.184835] pci 0000:00:01.1: legacy IDE quirk: reg 0x1c: [io  0x0376]
[    0.220184] pci 0000:00:07.0: quirk: [io  0x4000-0x403f] claimed by PIIX4 ACPI
[    0.221114] pci 0000:00:07.0: quirk: [io  0x4100-0x410f] claimed by PIIX4 SMB
[    0.232801] ACPI: PCI Interrupt Link [LNKA] (IRQs 5 9 10 *11)
[    0.233734] ACPI: PCI Interrupt Link [LNKB] (IRQs 5 9 *10 11)
[    0.234521] ACPI: PCI Interrupt Link [LNKC] (IRQs 5 *9 10 11)
[    0.235276] ACPI: PCI Interrupt Link [LNKD] (IRQs 5 9 10 *11)
[    0.236152] SCSI subsystem initialized
[    0.236750] pci 0000:00:02.0: vgaarb: setting as boot VGA device
[    0.236750] pci 0000:00:02.0: vgaarb: VGA device added: decodes=io+mem,owns=io+mem,locks=none
[    0.237645] pci 0000:00:02.0: vgaarb: bridge control possible
[    0.238280] vgaarb: loaded
[    0.238623] ACPI: bus type USB registered
[    0.240031] usbcore: registered new interface driver usbfs
[    0.240645] usbcore: registered new interface driver hub
[    0.241261] usbcore: registered new device driver usb
[    0.241844] EDAC MC: Ver: 3.0.0
[    0.241844] PCI: Using ACPI for IRQ routing
[    0.241844] NetLabel: Initializing
[    0.241844] NetLabel:  domain hash size = 128
[    0.244005] NetLabel:  protocols = UNLABELED CIPSOv4 CALIPSO
[    0.244670] NetLabel:  unlabeled traffic allowed by default
[    0.245302] clocksource: Switched to clocksource kvm-clock
[    0.267137] VFS: Disk quotas dquot_6.6.0
[    0.267653] VFS: Dquot-cache hash table entries: 512 (order 0, 4096 bytes)
[    0.268467] AppArmor: AppArmor Filesystem Enabled
[    0.269049] pnp: PnP ACPI init
[    0.270116] pnp: PnP ACPI: found 3 devices
[    0.282446] clocksource: acpi_pm: mask: 0xffffff max_cycles: 0xffffff, max_idle_ns: 2085701024 ns
[    0.283570] NET: Registered protocol family 2
[    0.284207] TCP established hash table entries: 32768 (order: 6, 262144 bytes)
[    0.285083] TCP bind hash table entries: 32768 (order: 7, 524288 bytes)
[    0.285860] TCP: Hash tables configured (established 32768 bind 32768)
[    0.286574] UDP hash table entries: 2048 (order: 4, 65536 bytes)
[    0.287255] UDP-Lite hash table entries: 2048 (order: 4, 65536 bytes)
[    0.288054] NET: Registered protocol family 1
[    0.288567] pci 0000:00:00.0: Limiting direct PCI/PCI transfers
[    0.289254] pci 0000:00:01.0: Activating ISA DMA hang workarounds
[    0.289942] pci 0000:00:02.0: Video device with shadowed ROM at [mem 0x000c0000-0x000dffff]
[    0.290917] Unpacking initramfs...
[    0.564762] Freeing initrd memory: 19224K
[    0.565501] PCI-DMA: Using software bounce buffering for IO (SWIOTLB)
[    0.566385] software IO TLB: mapped [mem 0xdbff0000-0xdfff0000] (64MB)
[    0.567422] clocksource: tsc: mask: 0xffffffffffffffff max_cycles: 0x2868113ab3c, max_idle_ns: 440795215545 ns
[    0.569016] platform rtc_cmos: registered platform RTC device (no PNP device found)
[    0.570124] Scanning for low memory corruption every 60 seconds
[    0.571398] Initialise system trusted keyrings
[    0.572095] Key type blacklist registered
[    0.572577] workingset: timestamp_bits=36 max_order=20 bucket_order=0
[    0.576431] zbud: loaded
[    0.577268] squashfs: version 4.0 (2009/01/31) Phillip Lougher
[    0.578044] fuse init (API version 7.26)
[    0.581693] Key type asymmetric registered
[    0.582178] Asymmetric key parser 'x509' registered
[    0.582809] Block layer SCSI generic (bsg) driver version 0.4 loaded (major 246)
[    0.583762] io scheduler noop registered
[    0.584222] io scheduler deadline registered
[    0.584727] io scheduler cfq registered (default)
[    0.585481] ACPI: AC Adapter [AC] (on-line)
[    0.586046] input: Power Button as /devices/LNXSYSTM:00/LNXPWRBN:00/input/input0
[    0.586866] ACPI: Power Button [PWRF]
[    0.587327] input: Sleep Button as /devices/LNXSYSTM:00/LNXSLPBN:00/input/input1
[    0.588215] ACPI: Sleep Button [SLPF]
[    0.589691] ACPI: Battery Slot [BAT0] (battery present)
[    0.590618] Serial: 8250/16550 driver, 32 ports, IRQ sharing enabled
[    0.612350] 00:02: ttyS0 at I/O 0x3f8 (irq = 4, base_baud = 115200) is a 16550A
[    0.615738] Linux agpgart interface v0.103
[    0.622896] loop: module loaded
[    0.623927] scsi host0: ata_piix
[    0.624555] scsi host1: ata_piix
[    0.625091] ata1: PATA max UDMA/33 cmd 0x1f0 ctl 0x3f6 bmdma 0xd000 irq 14
[    0.626063] ata2: PATA max UDMA/33 cmd 0x170 ctl 0x376 bmdma 0xd008 irq 15
[    0.627471] libphy: Fixed MDIO Bus: probed
[    0.628069] tun: Universal TUN/TAP device driver, 1.6
[    0.628784] PPP generic driver version 2.4.2
[    0.629317] ehci_hcd: USB 2.0 'Enhanced' Host Controller (EHCI) Driver
[    0.630006] ehci-pci: EHCI PCI platform driver
[    0.630514] ehci-platform: EHCI generic platform driver
[    0.631070] ohci_hcd: USB 1.1 'Open' Host Controller (OHCI) Driver
[    0.631719] ohci-pci: OHCI PCI platform driver
[    0.632234] ohci-platform: OHCI generic platform driver
[    0.632818] uhci_hcd: USB Universal Host Controller Interface driver
[    0.633511] i8042: PNP: PS/2 Controller [PNP0303:PS2K,PNP0f03:PS2M] at 0x60,0x64 irq 1,12
[    0.634967] serio: i8042 KBD port at 0x60,0x64 irq 1
[    0.635670] serio: i8042 AUX port at 0x60,0x64 irq 12
[    0.636488] mousedev: PS/2 mouse device common for all mice
[    0.637962] input: AT Translated Set 2 keyboard as /devices/platform/i8042/serio0/input/input2
[    0.639360] rtc_cmos rtc_cmos: rtc core: registered rtc_cmos as rtc0
[    0.640092] rtc_cmos rtc_cmos: alarms up to one day, 114 bytes nvram
[    0.640769] i2c /dev entries driver
[    0.641214] device-mapper: uevent: version 1.0.3
[    0.641764] device-mapper: ioctl: 4.37.0-ioctl (2017-09-20) initialised: dm-devel@redhat.com
[    0.642710] ledtrig-cpu: registered to indicate activity on CPUs
[    0.643780] NET: Registered protocol family 10
[    0.646862] Segment Routing with IPv6
[    0.647405] NET: Registered protocol family 17
[    0.648109] Key type dns_resolver registered
[    0.648835] mce: Using 0 MCE banks
[    0.649358] RAS: Correctable Errors collector initialized.
[    0.650127] sched_clock: Marking stable (648804464, 0)->(919202576, -270398112)
[    0.651541] registered taskstats version 1
[    0.652145] Loading compiled-in X.509 certificates
[    0.654439] Loaded X.509 cert 'Build time autogenerated kernel key: 517b2180bafe62ad6f81db3336688475b28504c0'
[    0.655722] zswap: loaded using pool lzo/zbud
[    0.658768] Key type big_key registered
[    0.659216] Key type trusted registered
[    0.660964] Key type encrypted registered
[    0.661540] AppArmor: AppArmor sha1 policy hashing enabled
[    0.662211] ima: No TPM chip found, activating TPM-bypass! (rc=-19)
[    0.662906] ima: Allocated hash algorithm: sha1
[    0.663423] evm: HMAC attrs: 0x1
[    0.663931]   Magic number: 0:53:986
[    0.664583] rtc_cmos rtc_cmos: setting system clock to 2020-12-04 12:59:03 UTC (1607086743)
[    0.665951] BIOS EDD facility v0.16 2004-Jun-25, 0 devices found
[    0.666806] EDD information not available.
[    1.160189] Freeing unused kernel image memory: 2436K
[    1.622464] Write protecting the kernel read-only data: 20480k
[    1.623743] Freeing unused kernel image memory: 2008K
[    1.624599] Freeing unused kernel image memory: 1872K
[    1.628565] x86/mm: Checked W+X mappings: passed, no W+X pages found.
Loading, please wait...
starting version 237
[    1.677643] Fusion MPT base driver 3.04.20
[    1.678196] Copyright (c) 1999-2008 LSI Corporation
[    1.681728] e1000: Intel(R) PRO/1000 Network Driver - version 7.3.21-k8-NAPI
[    1.682607] e1000: Copyright (c) 1999-2006 Intel Corporation.
[    1.688821] Fusion MPT SPI Host driver 3.04.20
[    1.691463] mptbase: ioc0: Initiating bringup
[    1.700949] AVX2 version of gcm_enc/dec engaged.
[    1.701629] AES CTR mode by8 optimization enabled
[    1.796549] ioc0: LSI53C1030 A0: Capabilities={Initiator}
[    1.905402] input: ImExPS/2 Generic Explorer Mouse as /devices/platform/i8042/serio1/input/input4
[    2.040259] scsi host2: ioc0: LSI53C1030 A0, FwRev=00000000h, Ports=1, MaxQ=256, IRQ=20
[    2.208491] scsi 2:0:0:0: Direct-Access     VBOX     HARDDISK         1.0  PQ: 0 ANSI: 5
[    2.256056] scsi target2:0:0: Beginning Domain Validation
[    2.258986] scsi target2:0:0: Domain Validation skipping write tests
[    2.259713] scsi target2:0:0: Ending Domain Validation
[    2.260323] scsi target2:0:0: asynchronous
[    2.261035] scsi 2:0:1:0: Direct-Access     VBOX     HARDDISK         1.0  PQ: 0 ANSI: 5
[    2.538027] scsi target2:0:1: Beginning Domain Validation
[    2.540800] random: fast init done
[    2.541388] scsi target2:0:1: Domain Validation skipping write tests
[    2.542322] scsi target2:0:1: Ending Domain Validation
[    2.542886] scsi target2:0:1: asynchronous
[    2.546688] random: systemd-udevd: uninitialized urandom read (16 bytes read)
[    2.547479] random: systemd-udevd: uninitialized urandom read (16 bytes read)
[    2.548230] random: systemd-udevd: uninitialized urandom read (16 bytes read)
[    2.549188] sd 2:0:0:0: [sda] 62914560 512-byte logical blocks: (32.2 GB/30.0 GiB)
[    2.549216] sd 2:0:0:0: Attached scsi generic sg0 type 0
[    2.550799] sd 2:0:0:0: [sda] Write Protect is off
[    2.551658] sd 2:0:0:0: [sda] Incomplete mode parameter data
[    2.552408] sd 2:0:0:0: [sda] Assuming drive cache: write through
[    2.553522] sd 2:0:1:0: Attached scsi generic sg1 type 0
[    2.556372] sd 2:0:1:0: [sdb] 20480 512-byte logical blocks: (10.5 MB/10.0 MiB)
[    2.557447] sd 2:0:1:0: [sdb] Write Protect is off
[    2.558408] sd 2:0:1:0: [sdb] Incomplete mode parameter data
[    2.559197] sd 2:0:1:0: [sdb] Assuming drive cache: write through
[    2.562731]  sda: sda1
[    2.563575] sd 2:0:0:0: [sda] Attached SCSI disk
[    2.564905] e1000 0000:00:03.0 eth0: (PCI:33MHz:32-bit) 02:c6:b0:25:69:cb
[    2.565668] e1000 0000:00:03.0 eth0: Intel(R) PRO/1000 Network Connection
[    2.566886] e1000 0000:00:03.0 enp0s3: renamed from eth0
[    2.581948] sd 2:0:1:0: [sdb] Attached SCSI disk
Begin: Loading essential drivers ... [    3.904148] raid6: sse2x1   gen() 19337 MB/s
[    3.952315] raid6: sse2x1   xor() 12098 MB/s
[    4.000109] raid6: sse2x2   gen() 25395 MB/s
[    4.048053] raid6: sse2x2   xor() 16336 MB/s
[    4.096392] raid6: sse2x4   gen() 26752 MB/s
[    4.144023] raid6: sse2x4   xor() 14622 MB/s
[    4.192452] raid6: avx2x1   gen() 36957 MB/s
[    4.240415] raid6: avx2x1   xor() 20952 MB/s
[    4.288951] raid6: avx2x2   gen() 45344 MB/s
[    4.336164] raid6: avx2x2   xor() 29753 MB/s
[    4.384332] raid6: avx2x4   gen() 44496 MB/s
[    4.432038] raid6: avx2x4   xor() 25306 MB/s
[    4.432660] raid6: using algorithm avx2x2 gen() 45344 MB/s
[    4.433332] raid6: .... xor() 29753 MB/s, rmw enabled
[    4.433927] raid6: using avx2x2 recovery algorithm
[    4.435367] xor: automatically using best checksumming function   avx       
[    4.436989] async_tx: api initialized (async)
done.
Begin: Running /scripts/init-premount ... done.
Begin: Mounting root file system ... Begin: Running /scripts/local-top ... done.
Begin: Running /scripts/local-premount ... [    4.465911] Btrfs loaded, crc32c=crc32c-intel
Scanning for Btrfs filesystems
done.
Warning: fsck not present, so skipping root file system
[    4.485786] EXT4-fs (sda1): mounted filesystem with ordered data mode. Opts: (null)
done.
Begin: Running /scripts/local-bottom ... done.
Begin: Running /scripts/init-bottom ... done.
[    4.602854] ip_tables: (C) 2000-2006 Netfilter Core Team
[    4.608478] systemd[1]: systemd 237 running in system mode. (+PAM +AUDIT +SELINUX +IMA +APPARMOR +SMACK +SYSVINIT +UTMP +LIBCRYPTSETUP +GCRYPT +GNUTLS +ACL +XZ +LZ4 +SECCOMP +BLKID +ELFUTILS +KMOD -IDN2 +IDN -PCRE2 default-hierarchy=hybrid)
[    4.610676] systemd[1]: Detected virtualization oracle.
[    4.611227] systemd[1]: Detected architecture x86-64.

Welcome to [1mUbuntu 18.04.5 LTS[0m!

[    4.614594] systemd[1]: Set hostname to <ubuntu>.
[    4.617437] systemd[1]: Initializing machine ID from random generator.
[    4.618164] systemd[1]: Installed transient /etc/machine-id file.
[    4.807211] systemd[1]: Reached target User and Group Name Lookups.
[[0;32m  OK  [0m] Reached target User and Group Name Lookups.
[    4.809465] systemd[1]: Created slice System Slice.
[[0;32m  OK  [0m] Created slice System Slice.
[    4.810423] systemd[1]: Listening on Device-mapper event daemon FIFOs.
[[0;32m  OK  [0m] Listening on Device-mapper event daemon FIFOs.
[    4.811661] systemd[1]: Listening on Network Service Netlink Socket.
[[0;32m  OK  [0m] Listening on Network Service Netlink Socket.
[[0;32m  OK  [0m] Listening on Syslog Socket.
[[0;32m  OK  [0m] Listening on LVM2 poll daemon socket.
[[0;32m  OK  [0m] Listening on udev Kernel Socket.
[[0;32m  OK  [0m] Set up automount Arbitrary Executab…rmats File System Automount Point.
[[0;32m  OK  [0m] Created slice system-serial\x2dgetty.slice.
[[0;32m  OK  [0m] Reached target System Time Synchronized.
[[0;32m  OK  [0m] Listening on udev Control Socket.
[[0;32m  OK  [0m] Listening on Journal Audit Socket.
[[0;32m  OK  [0m] Listening on LVM2 metadata daemon socket.
[[0;32m  OK  [0m] Started Forward Password Requests to Wall Directory Watch.
[[0;32m  OK  [0m] Listening on /dev/initctl Compatibility Named Pipe.
[[0;32m  OK  [0m] Listening on Journal Socket (/dev/log).
[[0;32m  OK  [0m] Reached target Swap.
[[0;32m  OK  [0m] Listening on Journal Socket.
         Mounting Huge Pages File System...
         Starting Uncomplicated firewall...
         Starting Set the console keyboard layout...
         Starting Load Kernel Modules...
         Starting Journal Service...
         Starting udev Coldplug all Devices...
         Starting Remount Root and Kernel File Systems...
         Mounting Kernel Debug File System...
         Starting Create list of required st…ce nodes for the current kernel...
         Mounting POSIX Message Queue File System...
         Starting Monitoring of LVM2 mirrors…ng dmeventd or progress polling...
[[0;32m  OK  [0m] Created slice User and Session Slice.
[[0;32m  OK  [0m] Reached target Slices.
[[0;32m  OK  [0m] Mounted Huge Pages File System.
[[0;32m  OK  [0m] Mounted Kernel Debug File System.
[[0;32m  OK  [0m] Mounted POSIX Message Queue File System.
[[0;32m  OK  [0m] Started Uncomplicated firewall.
[    4.864755] Loading iSCSI transport class v2.0-870.
[    4.869350] iscsi: registered transport (tcp)
[    4.884169] iscsi: registered transport (iser)
[[0;32m  OK  [0m] Started Load Kernel Modules.
         Starting Apply Kernel Variables...
         Mounting FUSE Control File System...
         Mounting Kernel Configuration File System...
[[0;32m  OK  [0m] Mounted FUSE Control File System.
[[0;32m  OK  [0m] Mounted Kernel Configuration File System.
[[0;32m  OK  [0m] Started Create list of required sta…vice nodes for the current kernel.
[[0;32m  OK  [0m] Started Journal Service.
[[0;32m  OK  [0m] Started Remount Root and Kernel File Systems.
[[0;32m  OK  [0m] Started udev Coldplug all Devices.
[[0;32m  OK  [0m] Started LVM2 metadata daemon.
         Starting Load/Save Random Seed...
         Starting Flush Journal to Persistent Storage...
         Starting Create Static Device Nodes in /dev...
[[0;32m  OK  [0m] Started Apply Kernel Variables.
[[0;32m  OK  [0m] Started Monitoring of LVM2 mirrors,…sing dmeventd or progress polling.
[[0;32m  OK  [0m] Started Load/Save Random Seed.
[[0;32m  OK  [0m] Started Set the console keyboard layout.
[[0;32m  OK  [0m] Started Create Static Device Nodes in /dev.
         Starting udev Kernel Device Manager...
[[0;32m  OK  [0m] Reached target Local File Systems (Pre).
[[0;32m  OK  [0m] Reached target Local File Systems.
         Starting Set console font and keymap...
         Starting ebtables ruleset management...
         Starting Tell Plymouth To Write Out Runtime Data...
         Starting AppArmor initialization...
         Starting Commit a transient machine-id on disk...
[[0;32m  OK  [0m] Started Flush Journal to Persistent Storage.
         Starting Create Volatile Files and Directories...
[[0;32m  OK  [0m] Started udev Kernel Device Manager.
[[0;32m  OK  [0m] Started Dispatch Password Requests to Console Directory Watch.
[[0;32m  OK  [0m] Reached target Local Encrypted Volumes.
[[0;32m  OK  [0m] Started Set console font and keymap.
[[0;32m  OK  [0m] Started Tell Plymouth To Write Out Runtime Data.
[[0;32m  OK  [0m] Started Create Volatile Files and Directories.
         Starting Update UTMP about System Boot/Shutdown...
[[0;32m  OK  [0m] Started Update UTMP about System Boot/Shutdown.
[[0;32m  OK  [0m] Started Commit a transient machine-id on disk.
[[0;32m  OK  [0m] Started ebtables ruleset management.
[[0;32m  OK  [0m] Found device /dev/ttyS0.
[[0;32m  OK  [0m] Listening on Load/Save RF Kill Switch Status /dev/rfkill Watch.
[[0;32m  OK  [0m] Started AppArmor initialization.
         Starting Initial cloud-init job (pre-networking)...
         Starting Load AppArmor profiles managed internally by snapd...
[[0;32m  OK  [0m] Started Load AppArmor profiles managed internally by snapd.
[    6.472322] cloud-init[564]: Cloud-init v. 20.3-2-g371b392c-0ubuntu1~18.04.1 running 'init-local' at Fri, 04 Dec 2020 12:59:09 +0000. Up 6.26 seconds.
[[0;32m  OK  [0m] Started Initial cloud-init job (pre-networking).
[[0;32m  OK  [0m] Reached target Network (Pre).
         Starting Network Service...
[[0;32m  OK  [0m] Started Network Service.
         Starting Wait for Network to be Configured...
         Starting Network Name Resolution...
[[0;32m  OK  [0m] Started Network Name Resolution.
[[0;32m  OK  [0m] Reached target Network.
[[0;32m  OK  [0m] Reached target Host and Network Name Lookups.
[[0;32m  OK  [0m] Started Wait for Network to be Configured.
         Starting Initial cloud-init job (metadata service crawler)...
[    8.384640] cloud-init[710]: Cloud-init v. 20.3-2-g371b392c-0ubuntu1~18.04.1 running 'init' at Fri, 04 Dec 2020 12:59:11 +0000. Up 8.30 seconds.
[    8.385355] cloud-init[710]: ci-info: ++++++++++++++++++++++++++++++++++++++Net device info++++++++++++++++++++++++++++++++++++++
[    8.400300] cloud-init[710]: ci-info: +--------+------+----------------------------+---------------+--------+-------------------+
[    8.416248] cloud-init[710]: ci-info: | Device |  Up  |          Address           |      Mask     | Scope  |     Hw-Address    |
[    8.428235] cloud-init[710]: ci-info: +--------+------+----------------------------+---------------+--------+-------------------+
[    8.428979] cloud-init[710]: ci-info: | enp0s3 | True |         10.0.2.15          | 255.255.255.0 | global | 02:c6:b0:25:69:cb |
[    8.429797] cloud-init[710]: ci-info: | enp0s3 | True | fe80::c6:b0ff:fe25:69cb/64 |       .       |  link  | 02:c6:b0:25:69:cb |
[    8.430701] cloud-init[710]: ci-info: |   lo   | True |         127.0.0.1          |   255.0.0.0   |  host  |         .         |
[    8.431434] cloud-init[710]: ci-info: |   lo   | True |          ::1/128           |       .       |  host  |         .         |
[    8.432272] cloud-init[710]: ci-info: +--------+------+----------------------------+---------------+--------+-------------------+
[    8.433128] cloud-init[710]: ci-info: ++++++++++++++++++++++++++++Route IPv4 info+++++++++++++++++++++++++++++
[    8.433855] cloud-init[710]: ci-info: +-------+-------------+----------+-----------------+-----------+-------+
[    8.434582] cloud-init[710]: ci-info: | Route | Destination | Gateway  |     Genmask     | Interface | Flags |
[    8.435310] cloud-init[710]: ci-info: +-------+-------------+----------+-----------------+-----------+-------+
[    8.436107] cloud-init[710]: ci-info: |   0   |   0.0.0.0   | 10.0.2.2 |     0.0.0.0     |   enp0s3  |   UG  |
[    8.436900] cloud-init[710]: ci-info: |   1   |   10.0.2.0  | 0.0.0.0  |  255.255.255.0  |   enp0s3  |   U   |
[    8.437675] cloud-init[710]: ci-info: |   2   |   10.0.2.2  | 0.0.0.0  | 255.255.255.255 |   enp0s3  |   UH  |
[    8.438374] cloud-init[710]: ci-info: +-------+-------------+----------+-----------------+-----------+-------+
[    8.439033] cloud-init[710]: ci-info: +++++++++++++++++++Route IPv6 info+++++++++++++++++++
[    8.439573] cloud-init[710]: ci-info: +-------+-------------+---------+-----------+-------+
[    8.440181] cloud-init[710]: ci-info: | Route | Destination | Gateway | Interface | Flags |
[    8.440790] cloud-init[710]: ci-info: +-------+-------------+---------+-----------+-------+
[    8.441398] cloud-init[710]: ci-info: |   1   |  fe80::/64  |    ::   |   enp0s3  |   U   |
[    8.442016] cloud-init[710]: ci-info: |   3   |    local    |    ::   |   enp0s3  |   U   |
[    8.442626] cloud-init[710]: ci-info: |   4   |   ff00::/8  |    ::   |   enp0s3  |   U   |
[    8.443224] cloud-init[710]: ci-info: +-------+-------------+---------+-----------+-------+
[    8.896089] cloud-init[710]: Generating public/private rsa key pair.
[    8.896571] cloud-init[710]: Your identification has been saved in /etc/ssh/ssh_host_rsa_key.
[    8.897037] cloud-init[710]: Your public key has been saved in /etc/ssh/ssh_host_rsa_key.pub.
[    8.908435] cloud-init[710]: The key fingerprint is:
[[0;32m  OK  [0m] Started Initial cloud-init job (metadata service crawler).
[[0;32m  OK  [0m] Reached target Network is Online.
[    8.920828] cloud-init[710]: SHA256:4Naz3/gUDOFjz3QLJvGHo81z0i6sClsdFoqx1fG0Xvc root@ubuntu-bionic
[[0;32m  OK  [0m] Reached target Remote File Systems (Pre).
[[0;32m  OK  [0m] Reached target Remote File Systems.
[    8.925319] cloud-init[710]: The key's randomart image is:
[    8.925845]          Starting Availability of block devices...
[[0;32m  OK  [0m] Reached target Cloud-config availability.
[[0;32m  OK  [0m] Reached target System Initialization.
[[0;32m  OK  [0m] Listening on UUID daemon activation socket.
[[0;32m  OK  [0m] Listening on ACPID Listen Socket.
cloud-init[710]: +---[RSA 2048]----+[[0;32m  OK  [0m] Started ACPI Events Check.

[[0;32m  OK  [0m] Started Daily apt download activities.
[[0;32m  OK  [0m] Started Daily Cleanup of Temporary Directories.
[[0;32m  OK  [0m] Started Message of the Day.
[    8.931796] [[0;32m  OK  [0m] Listening on Open-iSCSI iscsid Socket.
[cloud-init[0;32m  OK  [0m] [710]: Reached target Paths.|          + .    |

         Starting Socket activation for snappy daemon.
[    8.933342] [[0;32m  OK  [0m] Started Daily apt upgrade and clean activities.
cloud-init[710]: |         o B o   |
[    8.934475] cloud-init         Starting LXD - unix socket.
[[0;32m  OK  [0m] Listening on D-Bus System Message Bus Socket.
[[0;32m  OK  [0m] Started Discard unused blocks once a week.
[[0;32m  OK  [0m] Reached target Timers.
[[0;32m  OK  [0m] Listening on Socket activation for snappy daemon.
[710]: |      o . O X + .|[[0;32m  OK  [0m] Listening on LXD - unix socket.
[[0;32m  OK  [0m] Reached target Sockets.
[[0;32m  OK  [0m] Reached target Basic System.

[    8.937727] cloud-init[710]: |     . B o / B o.|         Starting Pollinate to seed the pseudo random number generator...
[[0;32m  OK  [0m] Started Regular background program processing daemon.
[[0;32m  OK  [0m] Started D-Bus System Message Bus.

[    8.940134] cloud-init[710]: |      = S + @ + E|
[    8.940480] cloud-init[710]: |     .   = o *   |
[    8.940817] cloud-init[710]: |      . o . + .  |
[    8.941121] cloud-init[710]: |       + . = .   |
[    8.941421] cloud-init[710]: |      . ..+.o    |
[    8.941748] cloud-init[710]: +----[SHA256]-----+
[    8.942050] cloud-init[710]: Generating public/private dsa key pair.
[    8.952276] cloud-init[710]: Your identification has been saved in /etc/ssh/ssh_host_dsa_key.
[    8.952873] cloud-init[710]: Your public key has been saved in /etc/ssh/ssh_host_dsa_key.pub.
[    8.953436] cloud-init[710]: The key fingerprint is:
[    8.953895] cloud-init[710]: SHA256:Y5+TNjLMvNWqR3a5Qfb1VQXZvc2xF6fRWlUGQBG364g root@ubuntu-bionic
[    8.954531] cloud-init[710]: The key's randomart image is:
[    8.954897] cloud-init[710]: +---[DSA 1024]----+
[    8.955194] cloud-init[710]: |           .=++*X|
[    8.955553] cloud-init[710]: |             .o=B|
[    8.955851] cloud-init[710]: |              .*O|
[    8.968455] cloud-init[710]: |            o o+*|
[    8.968860] cloud-init[710]: |        S  o o..+|
[    8.980126] cloud-init[710]: |       = oo=+o. .|
[    8.980483] cloud-init[710]: |        *oE.oo.  |
[    8.980919] cloud-init[710]: |         *.+.    |
[    8.981389] cloud-init[710]: |        oo.      |
[    8.981825] cloud-init[710]: +----[SHA256]-----+
         Starting Virtualbox guest utils...
[    8.996421] cloud-init[710]: Generating public/private ecdsa key pair.[[0;32m  OK  [0m] Started FUSE filesystem for LXC.

[    9.008518]          cloud-initStarting Login Service...
[710]: Your identification has been saved in /etc/ssh/ssh_host_ecdsa_key.         Starting Accounts Service...

[    9.009638] [[0;32m  OK  [0m] Started Deferred execution scheduler.
cloud-init[710]: Your public key has been saved in /etc/ssh/ssh_host_ecdsa_key.pub.
[    9.010646] cloud-init[710]: The key fingerprint is:
[    9.011005] cloud-init[710]: SHA256:Y3UqQuBmE+oQoaTcsv+VGwGvNy7ru6lDe0/xMQZoeBc root@ubuntu-bionic
[    9.011712] cloud-init[710]: The key's randomart image is:
[    9.020824] cloud-init[710]: +---[ECDSA 256]---+
[    9.021131] cloud-init[710]: |oo  o  E         |
[    9.032746] cloud-init[710]: |=..o.o. .        |
         Starting Dispatcher daemon for systemd-networkd...
[    9.044352] cloud-init[710]: |+o.o==.o  . .    |
         Starting Permit User Sessions...
         Starting LSB: Record successful boot for GRUB...
[    9.058942] cloud-init[710]: | ooooo+ .. o     |
[    9.059473] cloud-init[710]: | ..   .+S+.      |
[    9.063351] cloud-init[710]: |  ..  .o*oo      |
[    9.063960] cloud-init[710]: |  .... B .       |
[    9.064502] cloud-init[710]: |   o.o* +        |
[    9.065029] cloud-init[710]: |   .=B*+         |
[    9.065532] cloud-init[710]: +----[SHA256]-----+
[    9.065998] cloud-init[710]: Generating public/private ed25519 key pair.
[    9.066548] cloud-init[710]: Your identification has been saved in /etc/ssh/ssh_host_ed25519_key.
[    9.067394] cloud-init[710]: Your public key has been saved in /etc/ssh/ssh_host_ed25519_key.pub.
[    9.069475] cloud-init[710]: The key fingerprint is:
[    9.070098] cloud-init[710]: SHA256:JD9wtQaMYNrJqjPhCRHuumkaqWUmJ6yjyrejTcMRX78 root@ubuntu-bionic
[    9.071362] cloud-init[710]: The key's randomart image is:
[    9.071845] cloud-init[710]: +--[ED25519 256]--+
[    9.072224] cloud-init[710]: |.   o. o. .      |
[    9.072747] cloud-init[710]: |.. = .. .o .     |
[    9.073258] cloud-init[710]: |....+ o.o o      |
[    9.073621] cloud-init[710]: |.. .o .*..       |
[    9.073975] cloud-init[710]: |o... .  S.       |
[    9.074512] cloud-init[710]: |=+o .    ..      |
[    9.075096] cloud-init[710]: |X+=+     E       |
[    9.076258] cloud-init[710]: |=#oo.            |
[    9.078330] cloud-init[710]: |&+ooo            |
[    9.088543]          Starting Snap Daemon...
cloud-init[710]: +----[SHA256]-----+
         Starting LSB: automatic crash report generation...
         Starting System Logging Service...
[[0;32m  OK  [0m] Started irqbalance daemon.
         Starting LXD - container startup/shutdown...
[[0;32m  OK  [0m] Started Availability of block devices.
[[0;32m  OK  [0m] Started Login Service.
[[0;32m  OK  [0m] Started Unattended Upgrades Shutdown.
[[0;32m  OK  [0m] Started Permit User Sessions.
         Starting Terminate Plymouth Boot Screen...
         Starting Hold until boot process finishes up...
[[0;32m  OK  [0m] Started Hold until boot process finishes up.
         Starting Set console scheme...
[[0;32m  OK  [0m] Started Serial Getty on ttyS0.
[[0;32m  OK  [0m] Started Terminate Plymouth Boot Screen.
[[0;32m  OK  [0m] Started System Logging Service.
[[0;32m  OK  [0m] Started Set console scheme.
[[0;32m  OK  [0m] Created slice system-getty.slice.
[[0;32m  OK  [0m] Started Getty on tty1.
[[0;32m  OK  [0m] Reached target Login Prompts.
         Starting Authorization Manager...
[[0;32m  OK  [0m] Started Authorization Manager.
[[0;32m  OK  [0m] Started Accounts Service.
[[0;32m  OK  [0m] Started Virtualbox guest utils.
[[0;32m  OK  [0m] Started LSB: Record successful boot for GRUB.
[[0;32m  OK  [0m] Started LSB: automatic crash report generation.
[[0;32m  OK  [0m] Started LXD - container startup/shutdown.
[[0;32m  OK  [0m] Started Dispatcher daemon for systemd-networkd.
[[0;32m  OK  [0m] Started Snap Daemon.
         Starting Wait until snapd is fully seeded...
[[0;32m  OK  [0m] Started Pollinate to seed the pseudo random number generator.
         Starting OpenBSD Secure Shell server...
[[0;32m  OK  [0m] Started OpenBSD Secure Shell server.
[[0;32m  OK  [0m] Started Wait until snapd is fully seeded.
[[0;32m  OK  [0m] Reached target Multi-User System.
[[0;32m  OK  [0m] Reached target Graphical Interface.
         Starting Update UTMP about System Runlevel Changes...
         Starting Apply the settings specified in cloud-config...
[[0;32m  OK  [0m] Started Update UTMP about System Runlevel Changes.
[   11.792258] cloud-init[1281]: Cloud-init v. 20.3-2-g371b392c-0ubuntu1~18.04.1 running 'modules:config' at Fri, 04 Dec 2020 12:59:14 +0000. Up 11.51 seconds.
[[0;32m  OK  [0m] Started Apply the settings specified in cloud-config.
         Starting Execute cloud user/final scripts...
ci-info: no authorized SSH keys fingerprints found for user ubuntu.
<14>Dec  4 12:59:14 ec2: 
<14>Dec  4 12:59:14 ec2: #############################################################
<14>Dec  4 12:59:14 ec2: -----BEGIN SSH HOST KEY FINGERPRINTS-----
<14>Dec  4 12:59:14 ec2: 1024 SHA256:Y5+TNjLMvNWqR3a5Qfb1VQXZvc2xF6fRWlUGQBG364g root@ubuntu-bionic (DSA)
<14>Dec  4 12:59:14 ec2: 256 SHA256:Y3UqQuBmE+oQoaTcsv+VGwGvNy7ru6lDe0/xMQZoeBc root@ubuntu-bionic (ECDSA)
<14>Dec  4 12:59:14 ec2: 256 SHA256:JD9wtQaMYNrJqjPhCRHuumkaqWUmJ6yjyrejTcMRX78 root@ubuntu-bionic (ED25519)
<14>Dec  4 12:59:14 ec2: 2048 SHA256:4Naz3/gUDOFjz3QLJvGHo81z0i6sClsdFoqx1fG0Xvc root@ubuntu-bionic (RSA)
<14>Dec  4 12:59:14 ec2: -----END SSH HOST KEY FINGERPRINTS-----
<14>Dec  4 12:59:14 ec2: #############################################################
-----BEGIN SSH HOST KEY KEYS-----
ecdsa-sha2-nistp256 AAAAE2VjZHNhLXNoYTItbmlzdHAyNTYAAAAIbmlzdHAyNTYAAABBBAMSviYlyUxXD4zg+UvJXaLCTwRsrm0P0j3v2ei/tEdHP3QkKrSje0zu6DBw/sSZogQbAxHDgbixnQHIbGavgKs= root@ubuntu-bionic
ssh-ed25519 AAAAC3NzaC1lZDI1NTE5AAAAIIakND5ZEvgPp1iHBmTGWbva1ZQAYrDCyu2DwcwTg1ED root@ubuntu-bionic
ssh-rsa AAAAB3NzaC1yc2EAAAADAQABAAABAQDXCgImeQxWhGVrjL/KLchJ3zWA7/qvQuPIYk2YCjsUG/F+jPtmvWcsM+gu1SoqMVV4+tyKjd6CGFfW3/4kkDYx39uIO1+okAbYFrdusKVdBCFtcrDTFhR3slQ2RyZv2UIcQY/rNhC9OI8BfC6u7n1LfO49EnxxY6Uk6gm7qD8vAGux9lBUqBzKkAqgZ7oA/XkiTNDmIB/kgEKITpQpGFlpvqD9XaqTL93Qe1oYDOawtEp7ABT/NmQ7yqyHoeYWTJdY0LnqlOAWGuqEOUYJO5SndeM64beYBEpzPLsECPh9K3RNaalIQDSHdu//5J7W2FBegkam9a7bLmoUnxRQ+1Af root@ubuntu-bionic
-----END SSH HOST KEY KEYS-----
[   12.091061] cloud-init[1334]: Cloud-init v. 20.3-2-g371b392c-0ubuntu1~18.04.1 running 'modules:final' at Fri, 04 Dec 2020 12:59:14 +0000. Up 11.98 seconds.
[   12.092118] cloud-init[1334]: ci-info: no authorized SSH keys fingerprints found for user ubuntu.
[   12.092844] cloud-init[1334]: Cloud-init v. 20.3-2-g371b392c-0ubuntu1~18.04.1 finished at Fri, 04 Dec 2020 12:59:14 +0000. Datasource DataSourceNoCloud [seed=/dev/sdb][dsmode=net].  Up 12.08 seconds
[[0;32m  OK  [0m] Started Execute cloud user/final scripts.
[[0;32m  OK  [0m] Reached target Cloud-init target.

Ubuntu 18.04.5 LTS ubuntu-bionic ttyS0

ubuntu-bionic login: ATQ0 V1 E1ATQ0 V1 E1ATQ0 V1 E1